#
# A fatal error has been detected by the Java Runtime Environment:
#
#  SIGSEGV (0xb) at pc=0x00007fbd0226ca2b, pid=4458, tid=0x00007fbd02bff700
#
# JRE version: OpenJDK Runtime Environment (8.0_161-b14) (build 1.8.0_161-b14)
# Java VM: OpenJDK 64-Bit Server VM (25.161-b14 mixed mode linux-amd64 compressed oops)
# Problematic frame:
# C  [sqlite-3.21.0.1-dc0a28be-3892-4c88-9a6b-107a94fa5955-libsqlitejdbc.so+0x24a2b]
#
# Core dump written. Default location: /home/rgarcia/Documents/Carrera/Heuristicas-de-Optimizacion-Combinatoria/proyecto1/recocido-simulado/core or core.4458
#
# If you would like to submit a bug report, please visit:
#   http://bugreport.java.com/bugreport/crash.jsp
# The crash happened outside the Java Virtual Machine in native code.
# See problematic frame for where to report the bug.
#

---------------  T H R E A D  ---------------

Current thread (0x00007fbcf80ed5b0):  JavaThread "scala-execution-context-global-128" daemon [_thread_in_native, id=5465, stack(0x00007fbd02aff000,0x00007fbd02c00000)]

siginfo: si_signo: 11 (SIGSEGV), si_code: 1 (SEGV_MAPERR), si_addr: 0x0000000000000018

Registers:
RAX=0x0000000000000000, RBX=0x00007fbcf002ca58, RCX=0x0000000000000002, RDX=0x00007fbcf002ca58
RSP=0x00007fbd02bfde60, RBP=0x0000000000000002, RSI=0x0000000000000002, RDI=0x00007fbcf002ca58
R8 =0x00007fbd02dd7628, R9 =0x0000000000000006, R10=0x00007fbd6c01786b, R11=0x00007fbd7bd90e80
R12=0x00007fbcf002ca58, R13=0x00007fbd02dd7628, R14=0x00007fbd02bfdf50, R15=0x00007fbcf80ed5b0
RIP=0x00007fbd0226ca2b, EFLAGS=0x0000000000010202, CSGSFS=0x002b000000000033, ERR=0x0000000000000004
  TRAPNO=0x000000000000000e

Top of Stack: (sp=0x00007fbd02bfde60)
0x00007fbd02bfde60:   00007fbd7c3f8dcc 00007fbd02dd7628
0x00007fbd02bfde70:   00007fbd02bfdf18 00007fbd0226cb36
0x00007fbd02bfde80:   00007fbd02bfdf18 00007fbd02dd7628
0x00007fbd02bfde90:   0000000000000000 00007fbd6c017897
0x00007fbd02bfdea0:   00007fbd02dd7628 00007fbd02bfdf50
0x00007fbd02bfdeb0:   00007fbd02bfdf18 00007fbd6c01765b
0x00007fbd02bfdec0:   00007fbd6c017619 0000000000000003
0x00007fbd02bfded0:   00000000ef40f428 00007fbd02bfdec8
0x00007fbd02bfdee0:   00007fbd02dd7628 00007fbd02bfdf50
0x00007fbd02bfdef0:   00007fbd0256c550 0000000000000000
0x00007fbd02bfdf00:   00007fbd02dd7628 0000000000000000
0x00007fbd02bfdf10:   00007fbd02bfdf38 00007fbd02bfdf98
0x00007fbd02bfdf20:   00007fbd6c007a40 0000000000000000
0x00007fbd02bfdf30:   00007fbd6c011116 0000000000000002
0x00007fbd02bfdf40:   00007fbcf002ca58 00000000ef411e28
0x00007fbd02bfdf50:   00000000ef40f428 00007fbd02bfdf58
0x00007fbd02bfdf60:   00007fbd02585790 00007fbd02bfdfb0
0x00007fbd02bfdf70:   00007fbd02589db8 0000000000000000
0x00007fbd02bfdf80:   00007fbd025857d8 00007fbd02bfdf38
0x00007fbd02bfdf90:   00007fbd02bfdfa8 00007fbd02bfe000
0x00007fbd02bfdfa0:   00007fbd6c007cf5 0000000000000003
0x00007fbd02bfdfb0:   00000000ef411e88 00000000ef3c8cf0
0x00007fbd02bfdfc0:   00007fbd02bfdfc0 00007fbd02d542e7
0x00007fbd02bfdfd0:   00007fbd02bfe040 00007fbd02d54450
0x00007fbd02bfdfe0:   0000000000000000 00007fbd02d54380
0x00007fbd02bfdff0:   00007fbd02bfdfa8 00007fbd02bfe030
0x00007fbd02bfe000:   00007fbd02bfe0a0 00007fbd6c007ffd
0x00007fbd02bfe010:   00000000000001f9 0000000000000347
0x00007fbd02bfe020:   0000000000000347 00000000000001f9
0x00007fbd02bfe030:   0000000000000347 00000000000001f9
0x00007fbd02bfe040:   00000000ef3c8cf0 00000000ef3c8cf0
0x00007fbd02bfe050:   0000000000000000 00000000ef3c17c8 

Instructions: (pc=0x00007fbd0226ca2b)
0x00007fbd0226ca0b:   0f 1f 44 00 00 48 89 5c 24 f0 48 89 6c 24 f8 48
0x00007fbd0226ca1b:   83 ec 18 48 85 ff 48 89 fb 89 f5 74 6c 48 8b 07
0x00007fbd0226ca2b:   48 8b 78 18 e8 bc 8f fe ff 48 8b 8b 88 00 00 00
0x00007fbd0226ca3b:   48 85 c9 74 34 0f b7 83 bc 00 00 00 39 e8 7e 29 

Register to memory mapping:

RAX=0x0000000000000000 is an unknown value
RBX=0x00007fbcf002ca58 is an unknown value
RCX=0x0000000000000002 is an unknown value
RDX=0x00007fbcf002ca58 is an unknown value
RSP=0x00007fbd02bfde60 is pointing into the stack for thread: 0x00007fbcf80ed5b0
RBP=0x0000000000000002 is an unknown value
RSI=0x0000000000000002 is an unknown value
RDI=0x00007fbcf002ca58 is an unknown value
R8 ={method} {0x00007fbd02dd7628} 'column_type' '(JI)I' in 'org/sqlite/core/NativeDB'
R9 =0x0000000000000006 is an unknown value
R10=0x00007fbd6c01786b is at code_begin+1035 in an Interpreter codelet
method entry point (kind = native_synchronized)  [0x00007fbd6c017460, 0x00007fbd6c017e40]  2528 bytes
R11=0x00007fbd7bd90e80: <offset 0x9d0e80> in /usr/lib/jvm/java-1.8.0-openjdk-1.8.0.161-5.b14.fc27.x86_64/jre/lib/amd64/server/libjvm.so at 0x00007fbd7b3c0000
R12=0x00007fbcf002ca58 is an unknown value
R13={method} {0x00007fbd02dd7628} 'column_type' '(JI)I' in 'org/sqlite/core/NativeDB'
R14=0x00007fbd02bfdf50 is pointing into the stack for thread: 0x00007fbcf80ed5b0
R15=0x00007fbcf80ed5b0 is a thread


Stack: [0x00007fbd02aff000,0x00007fbd02c00000],  sp=0x00007fbd02bfde60,  free space=1019k
Native frames: (J=compiled Java code, j=interpreted, Vv=VM code, C=native code)
C  [sqlite-3.21.0.1-dc0a28be-3892-4c88-9a6b-107a94fa5955-libsqlitejdbc.so+0x24a2b]

Java frames: (J=compiled Java code, j=interpreted, Vv=VM code)
j  org.sqlite.core.NativeDB.column_type(JI)I+0
j  org.sqlite.jdbc3.JDBC3ResultSet.getDouble(I)D+16
j  Edge.<init>(II)V+167
j  Solution.$anonfun$edgeList$1(LSolution;Lscala/runtime/ObjectRef;I)V+28
j  Solution$$Lambda$4365.apply$mcVI$sp(I)V+9
j  scala.collection.immutable.Range.foreach$mVc$sp(Lscala/Function1;)V+14
j  Solution.<init>([IDDLscala/util/Random;)V+73
j  Solution.<init>([ILscala/util/Random;)V+9
j  Main$.$anonfun$new$2(J)LSolution;+76
j  Main$$$Lambda$4351.apply()Ljava/lang/Object;+4
j  scala.concurrent.Future$.$anonfun$apply$1(Lscala/Function0;Lscala/runtime/BoxedUnit;)Ljava/lang/Object;+1
j  scala.concurrent.Future$$$Lambda$4353.apply(Ljava/lang/Object;)Ljava/lang/Object;+8
j  scala.util.Success.$anonfun$map$1(Lscala/util/Success;Lscala/Function1;)Ljava/lang/Object;+5
j  scala.util.Success.map(Lscala/Function1;)Lscala/util/Try;+14
j  scala.concurrent.Future.$anonfun$map$1(Lscala/Function1;Lscala/util/Try;)Lscala/util/Try;+2
j  scala.concurrent.Future$$Lambda$4354.apply(Ljava/lang/Object;)Ljava/lang/Object;+8
j  scala.concurrent.impl.Promise.liftedTree1$1(Lscala/Function1;Lscala/util/Try;)Lscala/util/Try;+2
j  scala.concurrent.impl.Promise.$anonfun$transform$1(Lscala/Function1;Lscala/concurrent/impl/Promise$DefaultPromise;Lscala/util/Try;)Lscala/concurrent/impl/Promise$DefaultPromise;+3
j  scala.concurrent.impl.Promise$$Lambda$4355.apply(Ljava/lang/Object;)Ljava/lang/Object;+12
j  scala.concurrent.impl.CallbackRunnable.run()V+26
j  scala.concurrent.impl.ExecutionContextImpl$AdaptedForkJoinTask.exec()Z+4
j  java.util.concurrent.ForkJoinTask.doExec()I+10
j  java.util.concurrent.ForkJoinPool$WorkQueue.runTask(Ljava/util/concurrent/ForkJoinTask;)V+21
j  java.util.concurrent.ForkJoinPool.runWorker(Ljava/util/concurrent/ForkJoinPool$WorkQueue;)V+35
j  java.util.concurrent.ForkJoinWorkerThread.run()V+24
v  ~StubRoutines::call_stub

---------------  P R O C E S S  ---------------

Java Threads: ( => current thread )
  0x00007fbd75036870 JavaThread "ask-user-thread" [_thread_blocked, id=5478, stack(0x00007fbd233fe000,0x00007fbd234ff000)]
  0x00007fbd18035fc0 JavaThread "scala-execution-context-global-132" daemon [_thread_blocked, id=5469, stack(0x00007fbd20041000,0x00007fbd20142000)]
  0x00007fbcf0000dd0 JavaThread "scala-execution-context-global-131" daemon [_thread_in_Java, id=5468, stack(0x00007fbd027fc000,0x00007fbd028fd000)]
  0x00007fbcf8022020 JavaThread "scala-execution-context-global-130" daemon [_thread_in_vm, id=5467, stack(0x00007fbd028fd000,0x00007fbd029fe000)]
  0x00007fbcf80f6fe0 JavaThread "scala-execution-context-global-129" daemon [_thread_blocked, id=5466, stack(0x00007fbd029fe000,0x00007fbd02aff000)]
=>0x00007fbcf80ed5b0 JavaThread "scala-execution-context-global-128" daemon [_thread_in_native, id=5465, stack(0x00007fbd02aff000,0x00007fbd02c00000)]
  0x00007fbd14021450 JavaThread "sbt-bg-threads-1" [_thread_blocked, id=5463, stack(0x00007fbd232fd000,0x00007fbd233fe000)]
  0x00007fbd18014b70 JavaThread "process reaper" daemon [_thread_blocked, id=5212, stack(0x00007fbd68075000,0x00007fbd680ae000)]
  0x00007fbd750482c0 JavaThread "sbt-socket-server" [_thread_in_native, id=4512, stack(0x00007fbd234ff000,0x00007fbd23600000)]
  0x00007fbd74733310 JavaThread "Log4j2-TF-1-AsyncLogger[AsyncContext@5f2108b5]-1" daemon [_thread_blocked, id=4474, stack(0x00007fbd48f2f000,0x00007fbd49030000)]
  0x00007fbd741affc0 JavaThread "Service Thread" daemon [_thread_blocked, id=4471, stack(0x00007fbd690f1000,0x00007fbd691f2000)]
  0x00007fbd74191210 JavaThread "C1 CompilerThread2" daemon [_thread_blocked, id=4470, stack(0x00007fbd691f3000,0x00007fbd692f3000)]
  0x00007fbd7401c3f0 JavaThread "C2 CompilerThread1" daemon [_thread_blocked, id=4469, stack(0x00007fbd692f4000,0x00007fbd693f4000)]
  0x00007fbd74183130 JavaThread "C2 CompilerThread0" daemon [_thread_blocked, id=4468, stack(0x00007fbd693f5000,0x00007fbd694f5000)]
  0x00007fbd74181770 JavaThread "Signal Dispatcher" daemon [_thread_blocked, id=4467, stack(0x00007fbd694f5000,0x00007fbd695f6000)]
  0x00007fbd741580e0 JavaThread "Finalizer" daemon [_thread_blocked, id=4466, stack(0x00007fbd695f6000,0x00007fbd696f7000)]
  0x00007fbd74154070 JavaThread "Reference Handler" daemon [_thread_blocked, id=4465, stack(0x00007fbd696f7000,0x00007fbd697f8000)]
  0x00007fbd7400a6f0 JavaThread "main" [_thread_blocked, id=4459, stack(0x00007fbd7d17f000,0x00007fbd7d27f000)]

Other Threads:
  0x00007fbd7414ab80 VMThread [stack: 0x00007fbd697f9000,0x00007fbd698f9000] [id=4464]
  0x00007fbd741ba210 WatcherThread [stack: 0x00007fbd68ff1000,0x00007fbd690f1000] [id=4472]

VM state:not at safepoint (normal execution)

VM Mutex/Monitor currently owned by a thread: None

Heap:
 PSYoungGen      total 308224K, used 84510K [0x00000000eab00000, 0x0000000100000000, 0x0000000100000000)
  eden space 269824K, 31% used [0x00000000eab00000,0x00000000efd87910,0x00000000fb280000)
  from space 38400K, 0% used [0x00000000fb280000,0x00000000fb280000,0x00000000fd800000)
  to   space 37376K, 0% used [0x00000000fdb80000,0x00000000fdb80000,0x0000000100000000)
 ParOldGen       total 699392K, used 62598K [0x00000000c0000000, 0x00000000eab00000, 0x00000000eab00000)
  object space 699392K, 8% used [0x00000000c0000000,0x00000000c3d21b70,0x00000000eab00000)
 Metaspace       used 110434K, capacity 124333K, committed 124544K, reserved 1159168K
  class space    used 14692K, capacity 15460K, committed 15488K, reserved 1048576K

Card table byte_map: [0x00007fbd79a3f000,0x00007fbd79c40000] byte_map_base: 0x00007fbd7943f000

Marking Bits: (ParMarkBitMap*) 0x00007fbd7c3fcb20
 Begin Bits: [0x00007fbd6a000000, 0x00007fbd6b000000)
 End Bits:   [0x00007fbd6b000000, 0x00007fbd6c000000)

Polling page: 0x00007fbd7d17d000

CodeCache: size=131072Kb used=42004Kb max_used=42179Kb free=89067Kb
 bounds [0x00007fbd6c000000, 0x00007fbd6e970000, 0x00007fbd74000000]
 total_blobs=14105 nmethods=13468 adapters=543
 compilation: enabled

Compilation events (10 events):
Event: 1112.583 Thread 0x00007fbd74191210 16384       3       org.sqlite.SQLiteJDBCLoader::contentsEquals (78 bytes)
Event: 1112.584 Thread 0x00007fbd74191210 nmethod 16384 0x00007fbd6c49d4d0 code [0x00007fbd6c49d6e0, 0x00007fbd6c49e0f8]
Event: 1112.585 Thread 0x00007fbd74191210 16385       3       java.io.FilterInputStream::read (11 bytes)
Event: 1112.586 Thread 0x00007fbd74191210 nmethod 16385 0x00007fbd6e46a710 code [0x00007fbd6e46a880, 0x00007fbd6e46aaa8]
Event: 1112.588 Thread 0x00007fbd7401c3f0 16386 %     4       org.sqlite.SQLiteJDBCLoader::contentsEquals @ 37 (78 bytes)
Event: 1112.601 Thread 0x00007fbd7401c3f0 nmethod 16386% 0x00007fbd6d9aa6d0 code [0x00007fbd6d9aa860, 0x00007fbd6d9ab098]
Event: 1112.715 Thread 0x00007fbd74191210 16387   !   3       java.lang.ClassLoader::checkCerts (195 bytes)
Event: 1112.718 Thread 0x00007fbd74191210 nmethod 16387 0x00007fbd6d9b1b90 code [0x00007fbd6d9b1e60, 0x00007fbd6d9b33f8]
Event: 1112.724 Thread 0x00007fbd74183130 16388       4       java.lang.ClassLoader::compareCerts (149 bytes)
Event: 1112.726 Thread 0x00007fbd74183130 nmethod 16388 0x00007fbd6e4f8590 code [0x00007fbd6e4f86e0, 0x00007fbd6e4f8798]

GC Heap History (10 events):
Event: 1105.652 GC heap before
{Heap before GC invocations=32 (full 15):
 PSYoungGen      total 305664K, used 262144K [0x00000000eab00000, 0x0000000100000000, 0x0000000100000000)
  eden space 262144K, 100% used [0x00000000eab00000,0x00000000fab00000,0x00000000fab00000)
  from space 43520K, 0% used [0x00000000fd580000,0x00000000fd580000,0x0000000100000000)
  to   space 43520K, 0% used [0x00000000fab00000,0x00000000fab00000,0x00000000fd580000)
 ParOldGen       total 699392K, used 64135K [0x00000000c0000000, 0x00000000eab00000, 0x00000000eab00000)
  object space 699392K, 9% used [0x00000000c0000000,0x00000000c3ea1fb0,0x00000000eab00000)
 Metaspace       used 107962K, capacity 121477K, committed 121600K, reserved 1155072K
  class space    used 14392K, capacity 15065K, committed 15104K, reserved 1048576K
Event: 1105.676 GC heap after
Heap after GC invocations=32 (full 15):
 PSYoungGen      total 305664K, used 14996K [0x00000000eab00000, 0x0000000100000000, 0x0000000100000000)
  eden space 262144K, 0% used [0x00000000eab00000,0x00000000eab00000,0x00000000fab00000)
  from space 43520K, 34% used [0x00000000fab00000,0x00000000fb9a5098,0x00000000fd580000)
  to   space 40960K, 0% used [0x00000000fd800000,0x00000000fd800000,0x0000000100000000)
 ParOldGen       total 699392K, used 64143K [0x00000000c0000000, 0x00000000eab00000, 0x00000000eab00000)
  object space 699392K, 9% used [0x00000000c0000000,0x00000000c3ea3fb0,0x00000000eab00000)
 Metaspace       used 107962K, capacity 121477K, committed 121600K, reserved 1155072K
  class space    used 14392K, capacity 15065K, committed 15104K, reserved 1048576K
}
Event: 1108.075 GC heap before
{Heap before GC invocations=33 (full 15):
 PSYoungGen      total 305664K, used 102626K [0x00000000eab00000, 0x0000000100000000, 0x0000000100000000)
  eden space 262144K, 33% used [0x00000000eab00000,0x00000000f0093a78,0x00000000fab00000)
  from space 43520K, 34% used [0x00000000fab00000,0x00000000fb9a5098,0x00000000fd580000)
  to   space 40960K, 0% used [0x00000000fd800000,0x00000000fd800000,0x0000000100000000)
 ParOldGen       total 699392K, used 64143K [0x00000000c0000000, 0x00000000eab00000, 0x00000000eab00000)
  object space 699392K, 9% used [0x00000000c0000000,0x00000000c3ea3fb0,0x00000000eab00000)
 Metaspace       used 108648K, capacity 122121K, committed 122368K, reserved 1157120K
  class space    used 14392K, capacity 15065K, committed 15104K, reserved 1048576K
Event: 1108.093 GC heap after
Heap after GC invocations=33 (full 15):
 PSYoungGen      total 310784K, used 6439K [0x00000000eab00000, 0x0000000100000000, 0x0000000100000000)
  eden space 269824K, 0% used [0x00000000eab00000,0x00000000eab00000,0x00000000fb280000)
  from space 40960K, 15% used [0x00000000fd800000,0x00000000fde49f90,0x0000000100000000)
  to   space 38400K, 0% used [0x00000000fb280000,0x00000000fb280000,0x00000000fd800000)
 ParOldGen       total 699392K, used 64151K [0x00000000c0000000, 0x00000000eab00000, 0x00000000eab00000)
  object space 699392K, 9% used [0x00000000c0000000,0x00000000c3ea5fb0,0x00000000eab00000)
 Metaspace       used 108648K, capacity 122121K, committed 122368K, reserved 1157120K
  class space    used 14392K, capacity 15065K, committed 15104K, reserved 1048576K
}
Event: 1108.093 GC heap before
{Heap before GC invocations=34 (full 16):
 PSYoungGen      total 310784K, used 6439K [0x00000000eab00000, 0x0000000100000000, 0x0000000100000000)
  eden space 269824K, 0% used [0x00000000eab00000,0x00000000eab00000,0x00000000fb280000)
  from space 40960K, 15% used [0x00000000fd800000,0x00000000fde49f90,0x0000000100000000)
  to   space 38400K, 0% used [0x00000000fb280000,0x00000000fb280000,0x00000000fd800000)
 ParOldGen       total 699392K, used 64151K [0x00000000c0000000, 0x00000000eab00000, 0x00000000eab00000)
  object space 699392K, 9% used [0x00000000c0000000,0x00000000c3ea5fb0,0x00000000eab00000)
 Metaspace       used 108648K, capacity 122121K, committed 122368K, reserved 1157120K
  class space    used 14392K, capacity 15065K, committed 15104K, reserved 1048576K
Event: 1108.790 GC heap after
Heap after GC invocations=34 (full 16):
 PSYoungGen      total 310784K, used 0K [0x00000000eab00000, 0x0000000100000000, 0x0000000100000000)
  eden space 269824K, 0% used [0x00000000eab00000,0x00000000eab00000,0x00000000fb280000)
  from space 40960K, 0% used [0x00000000fd800000,0x00000000fd800000,0x0000000100000000)
  to   space 38400K, 0% used [0x00000000fb280000,0x00000000fb280000,0x00000000fd800000)
 ParOldGen       total 699392K, used 65170K [0x00000000c0000000, 0x00000000eab00000, 0x00000000eab00000)
  object space 699392K, 9% used [0x00000000c0000000,0x00000000c3fa4ad0,0x00000000eab00000)
 Metaspace       used 108648K, capacity 122121K, committed 122368K, reserved 1157120K
  class space    used 14392K, capacity 15065K, committed 15104K, reserved 1048576K
}
Event: 1108.792 GC heap before
{Heap before GC invocations=35 (full 16):
 PSYoungGen      total 310784K, used 4498K [0x00000000eab00000, 0x0000000100000000, 0x0000000100000000)
  eden space 269824K, 1% used [0x00000000eab00000,0x00000000eaf64a98,0x00000000fb280000)
  from space 40960K, 0% used [0x00000000fd800000,0x00000000fd800000,0x0000000100000000)
  to   space 38400K, 0% used [0x00000000fb280000,0x00000000fb280000,0x00000000fd800000)
 ParOldGen       total 699392K, used 65170K [0x00000000c0000000, 0x00000000eab00000, 0x00000000eab00000)
  object space 699392K, 9% used [0x00000000c0000000,0x00000000c3fa4ad0,0x00000000eab00000)
 Metaspace       used 108648K, capacity 122121K, committed 122368K, reserved 1157120K
  class space    used 14392K, capacity 15065K, committed 15104K, reserved 1048576K
Event: 1108.797 GC heap after
Heap after GC invocations=35 (full 16):
 PSYoungGen      total 308224K, used 32K [0x00000000eab00000, 0x0000000100000000, 0x0000000100000000)
  eden space 269824K, 0% used [0x00000000eab00000,0x00000000eab00000,0x00000000fb280000)
  from space 38400K, 0% used [0x00000000fb280000,0x00000000fb288000,0x00000000fd800000)
  to   space 37376K, 0% used [0x00000000fdb80000,0x00000000fdb80000,0x0000000100000000)
 ParOldGen       total 699392K, used 65170K [0x00000000c0000000, 0x00000000eab00000, 0x00000000eab00000)
  object space 699392K, 9% used [0x00000000c0000000,0x00000000c3fa4ad0,0x00000000eab00000)
 Metaspace       used 108648K, capacity 122121K, committed 122368K, reserved 1157120K
  class space    used 14392K, capacity 15065K, committed 15104K, reserved 1048576K
}
Event: 1108.797 GC heap before
{Heap before GC invocations=36 (full 17):
 PSYoungGen      total 308224K, used 32K [0x00000000eab00000, 0x0000000100000000, 0x0000000100000000)
  eden space 269824K, 0% used [0x00000000eab00000,0x00000000eab00000,0x00000000fb280000)
  from space 38400K, 0% used [0x00000000fb280000,0x00000000fb288000,0x00000000fd800000)
  to   space 37376K, 0% used [0x00000000fdb80000,0x00000000fdb80000,0x0000000100000000)
 ParOldGen       total 699392K, used 65170K [0x00000000c0000000, 0x00000000eab00000, 0x00000000eab00000)
  object space 699392K, 9% used [0x00000000c0000000,0x00000000c3fa4ad0,0x00000000eab00000)
 Metaspace       used 108648K, capacity 122121K, committed 122368K, reserved 1157120K
  class space    used 14392K, capacity 15065K, committed 15104K, reserved 1048576K
Event: 1109.226 GC heap after
Heap after GC invocations=36 (full 17):
 PSYoungGen      total 308224K, used 0K [0x00000000eab00000, 0x0000000100000000, 0x0000000100000000)
  eden space 269824K, 0% used [0x00000000eab00000,0x00000000eab00000,0x00000000fb280000)
  from space 38400K, 0% used [0x00000000fb280000,0x00000000fb280000,0x00000000fd800000)
  to   space 37376K, 0% used [0x00000000fdb80000,0x00000000fdb80000,0x0000000100000000)
 ParOldGen       total 699392K, used 62598K [0x00000000c0000000, 0x00000000eab00000, 0x00000000eab00000)
  object space 699392K, 8% used [0x00000000c0000000,0x00000000c3d21b70,0x00000000eab00000)
 Metaspace       used 108648K, capacity 122121K, committed 122368K, reserved 1157120K
  class space    used 14392K, capacity 15065K, committed 15104K, reserved 1048576K
}

Deoptimization events (10 events):
Event: 1112.528 Thread 0x00007fbcf80f6fe0 Uncommon trap: reason=bimorphic action=maybe_recompile pc=0x00007fbd6dbf4470 method=java.util.regex.Matcher.match(II)Z @ 86
Event: 1112.528 Thread 0x00007fbcf80f6fe0 Uncommon trap: reason=bimorphic action=maybe_recompile pc=0x00007fbd6dbf4470 method=java.util.regex.Matcher.match(II)Z @ 86
Event: 1112.528 Thread 0x00007fbcf80f6fe0 Uncommon trap: reason=bimorphic action=maybe_recompile pc=0x00007fbd6dbf4470 method=java.util.regex.Matcher.match(II)Z @ 86
Event: 1112.528 Thread 0x00007fbcf80f6fe0 Uncommon trap: reason=bimorphic action=maybe_recompile pc=0x00007fbd6dbf4470 method=java.util.regex.Matcher.match(II)Z @ 86
Event: 1112.529 Thread 0x00007fbcf80f6fe0 Uncommon trap: reason=unstable_if action=reinterpret pc=0x00007fbd6dd7889c method=java.util.regex.Pattern.sequence(Ljava/util/regex/Pattern$Node;)Ljava/util/regex/Pattern$Node; @ 194
Event: 1112.544 Thread 0x00007fbcf0000dd0 Uncommon trap: reason=bimorphic action=maybe_recompile pc=0x00007fbd6d02a080 method=java.util.regex.Pattern$CharProperty$1.isSatisfiedBy(I)Z @ 5
Event: 1112.544 Thread 0x00007fbcf0000dd0 Uncommon trap: reason=bimorphic action=maybe_recompile pc=0x00007fbd6d02a080 method=java.util.regex.Pattern$CharProperty$1.isSatisfiedBy(I)Z @ 5
Event: 1112.544 Thread 0x00007fbcf0000dd0 Uncommon trap: reason=bimorphic action=maybe_recompile pc=0x00007fbd6d02a080 method=java.util.regex.Pattern$CharProperty$1.isSatisfiedBy(I)Z @ 5
Event: 1112.544 Thread 0x00007fbcf0000dd0 Uncommon trap: reason=bimorphic action=maybe_recompile pc=0x00007fbd6d02a080 method=java.util.regex.Pattern$CharProperty$1.isSatisfiedBy(I)Z @ 5
Event: 1112.712 Thread 0x00007fbcf0000dd0 Uncommon trap: reason=unstable_if action=reinterpret pc=0x00007fbd6d9aae20 method=org.sqlite.SQLiteJDBCLoader.contentsEquals(Ljava/io/InputStream;Ljava/io/InputStream;)Z @ 39

Classes redefined (0 events):
No events

Internal exceptions (10 events):
Event: 1111.557 Thread 0x00007fbd76312b00 Exception <a 'java/lang/NoSuchMethodError': java.lang.Object.$anonfun$apply$1(Lsbt/util/FileInfo$Style;Ljava/io/File;)Lsbt/util/FileInfo;> (0x00000000eea63ca0) thrown at [/builddir/build/BUILD/java-1.8.0-openjdk-1.8.0.161-5.b14.fc27.x86_64/openjdk/hotspot
Event: 1112.283 Thread 0x00007fbd180236c0 Exception <a 'java/lang/NoSuchMethodError': java.lang.Object.$anonfun$resourceURL$1(Ljava/lang/String;Ljava/lang/String;)Ljava/net/URL;> (0x00000000ef0a3028) thrown at [/builddir/build/BUILD/java-1.8.0-openjdk-1.8.0.161-5.b14.fc27.x86_64/openjdk/hotspot/s
Event: 1112.285 Thread 0x00007fbd180236c0 Exception <a 'java/lang/NoSuchMethodError': java.lang.Object.$anonfun$transform$1$adapted(Lscala/Tuple2;)Ljava/lang/Object;> (0x00000000ef0a85c0) thrown at [/builddir/build/BUILD/java-1.8.0-openjdk-1.8.0.161-5.b14.fc27.x86_64/openjdk/hotspot/src/share/vm/
Event: 1112.286 Thread 0x00007fbd180236c0 Exception <a 'java/lang/NoSuchMethodError': java.lang.Object.$anonfun$transform$2(Lscala/Function2;Lscala/collection/mutable/Builder;Lscala/Tuple2;)Lscala/collection/mutable/Builder;> (0x00000000ef0ac1b0) thrown at [/builddir/build/BUILD/java-1.8.0-openjd
Event: 1112.304 Thread 0x00007fbd180236c0 Exception <a 'java/lang/NoSuchMethodError': java.lang.Object.$anonfun$main$1$adapted(Lscala/Function0;)Ljava/lang/Object;> (0x00000000ef115af0) thrown at [/builddir/build/BUILD/java-1.8.0-openjdk-1.8.0.161-5.b14.fc27.x86_64/openjdk/hotspot/src/share/vm/in
Event: 1112.357 Thread 0x00007fbd180236c0 Exception <a 'java/lang/NoSuchMethodError': java.lang.Object.$anonfun$map$1(Lscala/Function1;Lscala/util/Try;)Lscala/util/Try;> (0x00000000ef329670) thrown at [/builddir/build/BUILD/java-1.8.0-openjdk-1.8.0.161-5.b14.fc27.x86_64/openjdk/hotspot/src/share/
Event: 1112.361 Thread 0x00007fbd180236c0 Exception <a 'java/lang/NoSuchMethodError': java.lang.Object.$anonfun$transform$1(Lscala/Function1;Lscala/concurrent/impl/Promise$DefaultPromise;Lscala/util/Try;)Lscala/concurrent/impl/Promise$DefaultPromise;> (0x00000000ef343a68) thrown at [/builddir/bui
Event: 1112.458 Thread 0x00007fbcf8022020 Implicit null exception at 0x00007fbd6c31c873 to 0x00007fbd6c31cc09
Event: 1112.542 Thread 0x00007fbcf0000dd0 Exception <a 'java/lang/NoSuchMethodError': java.lang.Object.$anonfun$findResource$1(Lsbt/internal/inc/classpath/FixedResources;Ljava/lang/String;)Ljava/net/URL;> (0x00000000ef720680) thrown at [/builddir/build/BUILD/java-1.8.0-openjdk-1.8.0.161-5.b14.fc2
Event: 1112.548 Thread 0x00007fbd750482c0 Exception <a 'java/net/SocketTimeoutException': Accept timed out> (0x00000000efc519c0) thrown at [/builddir/build/BUILD/java-1.8.0-openjdk-1.8.0.161-5.b14.fc27.x86_64/openjdk/hotspot/src/share/vm/prims/jni.cpp, line 736]

Events (10 events):
Event: 1112.722 loading class java/sql/ResultSetMetaData
Event: 1112.723 loading class java/sql/ResultSetMetaData done
Event: 1112.723 loading class org/sqlite/jdbc3/JDBC3ResultSet
Event: 1112.723 loading class org/sqlite/jdbc3/JDBC3ResultSet done
Event: 1112.727 loading class java/io/StringReader
Event: 1112.727 loading class java/io/StringReader done
Event: 1112.729 loading class java/sql/Clob
Event: 1112.729 loading class java/sql/Clob done
Event: 1112.736 loading class java/sql/SQLWarning
Event: 1112.736 loading class java/sql/SQLWarning done


Dynamic libraries:
c0000000-100f20000 rw-p 00000000 00:00 0 
100f20000-140000000 ---p 00000000 00:00 0 
5557fa76e000-5557fa76f000 r-xp 00000000 fd:00 2129437                    /usr/lib/jvm/java-1.8.0-openjdk-1.8.0.161-5.b14.fc27.x86_64/jre/bin/java
5557fa96e000-5557fa96f000 r--p 00000000 fd:00 2129437                    /usr/lib/jvm/java-1.8.0-openjdk-1.8.0.161-5.b14.fc27.x86_64/jre/bin/java
5557fa96f000-5557fa970000 rw-p 00001000 fd:00 2129437                    /usr/lib/jvm/java-1.8.0-openjdk-1.8.0.161-5.b14.fc27.x86_64/jre/bin/java
5557fbeb0000-5557fbed1000 rw-p 00000000 00:00 0                          [heap]
7fbce8000000-7fbce8154000 rw-p 00000000 00:00 0 
7fbce8154000-7fbcec000000 ---p 00000000 00:00 0 
7fbcec000000-7fbcec080000 rw-p 00000000 00:00 0 
7fbcec080000-7fbcf0000000 ---p 00000000 00:00 0 
7fbcf0000000-7fbcf002f000 rw-p 00000000 00:00 0 
7fbcf002f000-7fbcf4000000 ---p 00000000 00:00 0 
7fbcf4000000-7fbcf4049000 rw-p 00000000 00:00 0 
7fbcf4049000-7fbcf8000000 ---p 00000000 00:00 0 
7fbcf8000000-7fbcf8100000 rw-p 00000000 00:00 0 
7fbcf8100000-7fbcfc000000 ---p 00000000 00:00 0 
7fbcfc000000-7fbcfc3a0000 rw-p 00000000 00:00 0 
7fbcfc3a0000-7fbd00000000 ---p 00000000 00:00 0 
7fbd02248000-7fbd0232d000 r-xp 00000000 00:2c 834651                     /tmp/sqlite-3.21.0.1-dc0a28be-3892-4c88-9a6b-107a94fa5955-libsqlitejdbc.so
7fbd0232d000-7fbd0252c000 ---p 000e5000 00:2c 834651                     /tmp/sqlite-3.21.0.1-dc0a28be-3892-4c88-9a6b-107a94fa5955-libsqlitejdbc.so
7fbd0252c000-7fbd02531000 rw-p 000e4000 00:2c 834651                     /tmp/sqlite-3.21.0.1-dc0a28be-3892-4c88-9a6b-107a94fa5955-libsqlitejdbc.so
7fbd02531000-7fbd025b2000 rw-p 00000000 00:00 0 
7fbd025b2000-7fbd02732000 ---p 00000000 00:00 0 
7fbd02732000-7fbd02736000 r--s 0065a000 00:2c 831231                     /tmp/sbt_b4f6ac4f/target/81a0bcda/sqlite-jdbc-3.21.0.1.jar
7fbd0273d000-7fbd02745000 r--s 000a5000 00:2c 831229                     /tmp/sbt_b4f6ac4f/target/e75f0f9c/scalactic_2.12-3.0.4.jar
7fbd02748000-7fbd02749000 r--s 00000000 00:2c 831227                     /tmp/sbt_b4f6ac4f/target/6cd39de8/cats-jvm_2.12-0.9.0.jar
7fbd02749000-7fbd0274c000 r--s 00031000 00:2c 831225                     /tmp/sbt_b4f6ac4f/target/7f16e2ab/cats-free_2.12-0.9.0.jar
7fbd0274d000-7fbd02753000 r--s 00085000 00:2c 831223                     /tmp/sbt_b4f6ac4f/target/5fdc758e/cats-laws_2.12-0.9.0.jar
7fbd0275a000-7fbd02773000 r--s 0027a000 00:2c 831221                     /tmp/sbt_b4f6ac4f/target/267cebe0/cats-core_2.12-0.9.0.jar
7fbd0277a000-7fbd0277b000 r--s 00002000 00:2c 831219                     /tmp/sbt_b4f6ac4f/target/fff255a5/catalysts-macros_2.12-0.0.5.jar
7fbd02780000-7fbd02781000 r--s 00000000 00:2c 831217                     /tmp/sbt_b4f6ac4f/target/725a079a/catalysts-platform_2.12-0.0.5.jar
7fbd02785000-7fbd02787000 r--s 00005000 00:2c 831215                     /tmp/sbt_b4f6ac4f/target/9368ffe6/discipline_2.12-0.7.2.jar
7fbd0278a000-7fbd0278c000 r--s 00002000 00:2c 831213                     /tmp/sbt_b4f6ac4f/target/0a3f14d0/test-interface-1.0.jar
7fbd0278f000-7fbd02795000 r--s 000a7000 00:2c 831211                     /tmp/sbt_b4f6ac4f/target/1982eef1/scalacheck_2.12-1.13.4.jar
7fbd0279b000-7fbd0279d000 r--s 0000b000 00:2c 831209                     /tmp/sbt_b4f6ac4f/target/7d706787/cats-kernel-laws_2.12-0.9.0.jar
7fbd027a2000-7fbd027b4000 r--s 003fa000 00:2c 831207                     /tmp/sbt_b4f6ac4f/target/24eae5d3/cats-kernel_2.12-0.9.0.jar
7fbd027b5000-7fbd027d8000 r--s 00345000 00:2c 831205                     /tmp/sbt_b4f6ac4f/target/a017f8f6/scala-reflect-2.12.3.jar
7fbd027df000-7fbd027e1000 r--s 00007000 00:2c 831203                     /tmp/sbt_b4f6ac4f/target/13f7388c/machinist_2.12-0.6.1.jar
7fbd027e8000-7fbd027e9000 r--s 00000000 00:2c 831201                     /tmp/sbt_b4f6ac4f/target/ed809d26/macro-compat_2.12-1.1.1.jar
7fbd027eb000-7fbd027ec000 r--s 00013000 00:2c 831199                     /tmp/sbt_b4f6ac4f/target/043c9efa/simulacrum_2.12-0.10.0.jar
7fbd027f1000-7fbd027f2000 r--s 00001000 00:2c 831197                     /tmp/sbt_b4f6ac4f/target/4733f822/cats-macros_2.12-0.9.0.jar
7fbd027f8000-7fbd027f9000 r--s 00000000 00:2c 831195                     /tmp/sbt_b4f6ac4f/target/cde2cf83/cats_2.12-0.9.0.jar
7fbd027fc000-7fbd027ff000 ---p 00000000 00:00 0 
7fbd027ff000-7fbd028fd000 rw-p 00000000 00:00 0 
7fbd028fd000-7fbd02900000 ---p 00000000 00:00 0 
7fbd02900000-7fbd029fe000 rw-p 00000000 00:00 0 
7fbd029fe000-7fbd02a01000 ---p 00000000 00:00 0 
7fbd02a01000-7fbd02aff000 rw-p 00000000 00:00 0 
7fbd02aff000-7fbd02b02000 ---p 00000000 00:00 0 
7fbd02b02000-7fbd02e00000 rw-p 00000000 00:00 0 
7fbd02e00000-7fbd03000000 rw-p 00000000 00:00 0 
7fbd03000000-7fbd03200000 rw-p 00000000 00:00 0 
7fbd03200000-7fbd03400000 rw-p 00000000 00:00 0 
7fbd03400000-7fbd03600000 rw-p 00000000 00:00 0 
7fbd03600000-7fbd03800000 rw-p 00000000 00:00 0 
7fbd03800000-7fbd03a00000 rw-p 00000000 00:00 0 
7fbd03a00000-7fbd03c00000 rw-p 00000000 00:00 0 
7fbd03c00000-7fbd03e00000 rw-p 00000000 00:00 0 
7fbd03e00000-7fbd04000000 rw-p 00000000 00:00 0 
7fbd04000000-7fbd050fd000 rw-p 00000000 00:00 0 
7fbd050fd000-7fbd08000000 ---p 00000000 00:00 0 
7fbd08000000-7fbd080a2000 rw-p 00000000 00:00 0 
7fbd080a2000-7fbd0c000000 ---p 00000000 00:00 0 
7fbd0c000000-7fbd0c5de000 rw-p 00000000 00:00 0 
7fbd0c5de000-7fbd10000000 ---p 00000000 00:00 0 
7fbd10000000-7fbd1008d000 rw-p 00000000 00:00 0 
7fbd1008d000-7fbd14000000 ---p 00000000 00:00 0 
7fbd14000000-7fbd1538a000 rw-p 00000000 00:00 0 
7fbd1538a000-7fbd18000000 ---p 00000000 00:00 0 
7fbd18000000-7fbd18037000 rw-p 00000000 00:00 0 
7fbd18037000-7fbd1c000000 ---p 00000000 00:00 0 
7fbd1c000000-7fbd1c042000 rw-p 00000000 00:00 0 
7fbd1c042000-7fbd20000000 ---p 00000000 00:00 0 
7fbd20002000-7fbd20039000 r--s 004ca000 00:2c 831193                     /tmp/sbt_b4f6ac4f/target/f2e496f2/scala-library-2.12.3.jar
7fbd2003e000-7fbd2003f000 r--s 00006000 00:2c 831190                     /tmp/sbt_b4f6ac4f/job-1/target/bf6b009d/recocido-simulado_2.12-1.0.jar (deleted)
7fbd20041000-7fbd20044000 ---p 00000000 00:00 0 
7fbd20044000-7fbd20342000 rw-p 00000000 00:00 0 
7fbd20342000-7fbd20542000 rw-p 00000000 00:00 0 
7fbd20542000-7fbd20742000 rw-p 00000000 00:00 0 
7fbd20742000-7fbd20746000 r--s 0065a000 fd:02 2491891                    /home/rgarcia/.ivy2/cache/org.xerial/sqlite-jdbc/jars/sqlite-jdbc-3.21.0.1.jar
7fbd2074d000-7fbd20755000 r--s 000a5000 fd:02 2624608                    /home/rgarcia/.ivy2/cache/org.scalactic/scalactic_2.12/bundles/scalactic_2.12-3.0.4.jar
7fbd20758000-7fbd20759000 r--s 00000000 fd:02 3015572                    /home/rgarcia/.ivy2/cache/org.typelevel/cats-jvm_2.12/jars/cats-jvm_2.12-0.9.0.jar
7fbd20759000-7fbd2075c000 r--s 00031000 fd:02 3015565                    /home/rgarcia/.ivy2/cache/org.typelevel/cats-free_2.12/jars/cats-free_2.12-0.9.0.jar
7fbd2075d000-7fbd20763000 r--s 00085000 fd:02 3015561                    /home/rgarcia/.ivy2/cache/org.typelevel/cats-laws_2.12/jars/cats-laws_2.12-0.9.0.jar
7fbd2076a000-7fbd20783000 r--s 0027a000 fd:02 3015553                    /home/rgarcia/.ivy2/cache/org.typelevel/cats-core_2.12/jars/cats-core_2.12-0.9.0.jar
7fbd2078a000-7fbd2078b000 r--s 00002000 fd:02 3015573                    /home/rgarcia/.ivy2/cache/org.typelevel/catalysts-macros_2.12/jars/catalysts-macros_2.12-0.0.5.jar
7fbd20790000-7fbd20791000 r--s 00000000 fd:02 3015569                    /home/rgarcia/.ivy2/cache/org.typelevel/catalysts-platform_2.12/jars/catalysts-platform_2.12-0.0.5.jar
7fbd20795000-7fbd20797000 r--s 00005000 fd:02 3015567                    /home/rgarcia/.ivy2/cache/org.typelevel/discipline_2.12/jars/discipline_2.12-0.7.2.jar
7fbd2079a000-7fbd2079c000 r--s 00002000 fd:02 1705887                    /home/rgarcia/.ivy2/cache/org.scala-sbt/test-interface/jars/test-interface-1.0.jar
7fbd2079f000-7fbd207a5000 r--s 000a7000 fd:02 3015563                    /home/rgarcia/.ivy2/cache/org.scalacheck/scalacheck_2.12/jars/scalacheck_2.12-1.13.4.jar
7fbd207ab000-7fbd207ad000 r--s 0000b000 fd:02 3015579                    /home/rgarcia/.ivy2/cache/org.typelevel/cats-kernel-laws_2.12/jars/cats-kernel-laws_2.12-0.9.0.jar
7fbd207b2000-7fbd207c4000 r--s 003fa000 fd:02 3015558                    /home/rgarcia/.ivy2/cache/org.typelevel/cats-kernel_2.12/jars/cats-kernel_2.12-0.9.0.jar
7fbd207c7000-7fbd207c9000 r--s 00007000 fd:02 3015555                    /home/rgarcia/.ivy2/cache/org.typelevel/machinist_2.12/jars/machinist_2.12-0.6.1.jar
7fbd207d0000-7fbd207d1000 r--s 00000000 fd:02 3015559                    /home/rgarcia/.ivy2/cache/org.typelevel/macro-compat_2.12/jars/macro-compat_2.12-1.1.1.jar
7fbd207d3000-7fbd207d4000 r--s 00013000 fd:02 3015577                    /home/rgarcia/.ivy2/cache/com.github.mpilquist/simulacrum_2.12/jars/simulacrum_2.12-0.10.0.jar
7fbd207d5000-7fbd209d5000 rw-p 00000000 00:00 0 
7fbd209d5000-7fbd20bd5000 rw-p 00000000 00:00 0 
7fbd20bd5000-7fbd20dd5000 rw-p 00000000 00:00 0 
7fbd20dd5000-7fbd20fd5000 rw-p 00000000 00:00 0 
7fbd20fd5000-7fbd211d5000 rw-p 00000000 00:00 0 
7fbd211d5000-7fbd213d5000 rw-p 00000000 00:00 0 
7fbd213d5000-7fbd215d5000 rw-p 00000000 00:00 0 
7fbd215d5000-7fbd215f8000 r--s 00345000 fd:02 1706771                    /home/rgarcia/.ivy2/cache/org.scala-lang/scala-reflect/jars/scala-reflect-2.12.3.jar
7fbd215f8000-7fbd217f8000 rw-p 00000000 00:00 0 
7fbd217f8000-7fbd219f8000 rw-p 00000000 00:00 0 
7fbd219f8000-7fbd219fb000 ---p 00000000 00:00 0 
7fbd219fb000-7fbd21cf9000 rw-p 00000000 00:00 0 
7fbd21cf9000-7fbd21ef9000 rw-p 00000000 00:00 0 
7fbd21ef9000-7fbd220f9000 rw-p 00000000 00:00 0 
7fbd220f9000-7fbd222f9000 rw-p 00000000 00:00 0 
7fbd222f9000-7fbd224f9000 rw-p 00000000 00:00 0 
7fbd224f9000-7fbd226f9000 rw-p 00000000 00:00 0 
7fbd226f9000-7fbd228f9000 rw-p 00000000 00:00 0 
7fbd228f9000-7fbd22af9000 rw-p 00000000 00:00 0 
7fbd22af9000-7fbd22afc000 ---p 00000000 00:00 0 
7fbd22afc000-7fbd22dfa000 rw-p 00000000 00:00 0 
7fbd22dfa000-7fbd22dfd000 ---p 00000000 00:00 0 
7fbd22dfd000-7fbd22efb000 rw-p 00000000 00:00 0 
7fbd22efb000-7fbd22efe000 ---p 00000000 00:00 0 
7fbd22efe000-7fbd231fc000 rw-p 00000000 00:00 0 
7fbd231fc000-7fbd231ff000 ---p 00000000 00:00 0 
7fbd231ff000-7fbd232fd000 rw-p 00000000 00:00 0 
7fbd232fd000-7fbd23300000 ---p 00000000 00:00 0 
7fbd23300000-7fbd233fe000 rw-p 00000000 00:00 0 
7fbd233fe000-7fbd23401000 ---p 00000000 00:00 0 
7fbd23401000-7fbd234ff000 rw-p 00000000 00:00 0 
7fbd234ff000-7fbd23502000 ---p 00000000 00:00 0 
7fbd23502000-7fbd23800000 rw-p 00000000 00:00 0 
7fbd23800000-7fbd23a00000 rw-p 00000000 00:00 0 
7fbd23a00000-7fbd23c00000 rw-p 00000000 00:00 0 
7fbd23c00000-7fbd23e00000 rw-p 00000000 00:00 0 
7fbd23e00000-7fbd24000000 rw-p 00000000 00:00 0 
7fbd24000000-7fbd24080000 rw-p 00000000 00:00 0 
7fbd24080000-7fbd28000000 ---p 00000000 00:00 0 
7fbd28000000-7fbd2803d000 rw-p 00000000 00:00 0 
7fbd2803d000-7fbd2c000000 ---p 00000000 00:00 0 
7fbd2c000000-7fbd2c021000 rw-p 00000000 00:00 0 
7fbd2c021000-7fbd30000000 ---p 00000000 00:00 0 
7fbd30000000-7fbd30021000 rw-p 00000000 00:00 0 
7fbd30021000-7fbd34000000 ---p 00000000 00:00 0 
7fbd34000000-7fbd35684000 rw-p 00000000 00:00 0 
7fbd35684000-7fbd38000000 ---p 00000000 00:00 0 
7fbd38000000-7fbd38f96000 rw-p 00000000 00:00 0 
7fbd38f96000-7fbd3c000000 ---p 00000000 00:00 0 
7fbd3c000000-7fbd3c021000 rw-p 00000000 00:00 0 
7fbd3c021000-7fbd40000000 ---p 00000000 00:00 0 
7fbd40000000-7fbd4165c000 rw-p 00000000 00:00 0 
7fbd4165c000-7fbd44000000 ---p 00000000 00:00 0 
7fbd44000000-7fbd44021000 rw-p 00000000 00:00 0 
7fbd44021000-7fbd48000000 ---p 00000000 00:00 0 
7fbd48001000-7fbd48002000 r--s 00001000 fd:02 3015554                    /home/rgarcia/.ivy2/cache/org.typelevel/cats-macros_2.12/jars/cats-macros_2.12-0.9.0.jar
7fbd48008000-7fbd48009000 r--s 00000000 fd:02 3015576                    /home/rgarcia/.ivy2/cache/org.typelevel/cats_2.12/jars/cats_2.12-0.9.0.jar
7fbd4800e000-7fbd48012000 r--s 0003e000 fd:02 1705867                    /home/rgarcia/.ivy2/cache/jline/jline/jars/jline-2.14.4.jar
7fbd48018000-7fbd4801e000 r--s 00080000 fd:02 1705811                    /home/rgarcia/.ivy2/cache/org.scala-lang.modules/scala-xml_2.12/bundles/scala-xml_2.12-1.0.6.jar
7fbd48022000-7fbd48059000 r--s 004ca000 fd:02 1706770                    /home/rgarcia/.ivy2/cache/org.scala-lang/scala-library/jars/scala-library-2.12.3.jar
7fbd4805c000-7fbd480a8000 r--s 00914000 fd:02 1706772                    /home/rgarcia/.ivy2/cache/org.scala-lang/scala-compiler/jars/scala-compiler-2.12.3.jar
7fbd480af000-7fbd48128000 r--s 012bf000 fd:00 2129693                    /usr/lib/jvm/java-1.8.0-openjdk-1.8.0.161-5.b14.fc27.x86_64/lib/tools.jar
7fbd4812f000-7fbd4832f000 rw-p 00000000 00:00 0 
7fbd4832f000-7fbd4852f000 rw-p 00000000 00:00 0 
7fbd4852f000-7fbd4872f000 rw-p 00000000 00:00 0 
7fbd4872f000-7fbd4892f000 rw-p 00000000 00:00 0 
7fbd4892f000-7fbd48b2f000 rw-p 00000000 00:00 0 
7fbd48b2f000-7fbd48d2f000 rw-p 00000000 00:00 0 
7fbd48d2f000-7fbd48f2f000 rw-p 00000000 00:00 0 
7fbd48f2f000-7fbd48f32000 ---p 00000000 00:00 0 
7fbd48f32000-7fbd49230000 rw-p 00000000 00:00 0 
7fbd49230000-7fbd49430000 rw-p 00000000 00:00 0 
7fbd49430000-7fbd4ffff000 r--p 00000000 fd:00 787093                     /usr/lib/locale/locale-archive
7fbd50000000-7fbd50021000 rw-p 00000000 00:00 0 
7fbd50021000-7fbd54000000 ---p 00000000 00:00 0 
7fbd54000000-7fbd54021000 rw-p 00000000 00:00 0 
7fbd54021000-7fbd58000000 ---p 00000000 00:00 0 
7fbd58000000-7fbd5802a000 rw-p 00000000 00:00 0 
7fbd5802a000-7fbd5c000000 ---p 00000000 00:00 0 
7fbd5c000000-7fbd5c021000 rw-p 00000000 00:00 0 
7fbd5c021000-7fbd60000000 ---p 00000000 00:00 0 
7fbd60000000-7fbd60021000 rw-p 00000000 00:00 0 
7fbd60021000-7fbd64000000 ---p 00000000 00:00 0 
7fbd64000000-7fbd64021000 rw-p 00000000 00:00 0 
7fbd64021000-7fbd68000000 ---p 00000000 00:00 0 
7fbd68001000-7fbd68004000 r--s 00031000 fd:02 2753631                    /home/rgarcia/.sbt/boot/scala-2.12.4/org.scala-sbt/sbt/1.0.3/org.scala-sbt-compiler-bridge_2.12-1.0.3-bin_2.12.3__52.0/org.scala-sbt-compiler-bridge_2.12-1.0.3-bin_2.12.3__52.0.jar
7fbd6800a000-7fbd6800b000 r--s 00002000 fd:00 2129377                    /usr/lib/jvm/java-1.8.0-openjdk-1.8.0.161-5.b14.fc27.x86_64/jre/lib/ext/dnsns.jar
7fbd6800f000-7fbd6802a000 r--s 003b7000 fd:00 2129495                    /usr/lib/jvm/java-1.8.0-openjdk-1.8.0.161-5.b14.fc27.x86_64/jre/lib/ext/cldrdata.jar
7fbd6802b000-7fbd68031000 r--s 00043000 fd:00 2129366                    /usr/lib/jvm/java-1.8.0-openjdk-1.8.0.161-5.b14.fc27.x86_64/jre/lib/ext/sunjce_provider.jar
7fbd68034000-7fbd6803f000 r--s 0011c000 fd:00 2129372                    /usr/lib/jvm/java-1.8.0-openjdk-1.8.0.161-5.b14.fc27.x86_64/jre/lib/ext/localedata.jar
7fbd6803f000-7fbd68040000 r--s 00007000 fd:00 2129367                    /usr/lib/jvm/java-1.8.0-openjdk-1.8.0.161-5.b14.fc27.x86_64/jre/lib/ext/sunec.jar
7fbd68047000-7fbd6804a000 r--s 0003f000 fd:00 2129373                    /usr/lib/jvm/java-1.8.0-openjdk-1.8.0.161-5.b14.fc27.x86_64/jre/lib/ext/sunpkcs11.jar
7fbd6804b000-7fbd6804c000 r--s 0000b000 fd:00 2129376                    /usr/lib/jvm/java-1.8.0-openjdk-1.8.0.161-5.b14.fc27.x86_64/jre/lib/ext/jaccess.jar
7fbd68051000-7fbd68057000 r--s 00309000 fd:00 2129344                    /usr/lib/jvm/java-1.8.0-openjdk-1.8.0.161-5.b14.fc27.x86_64/jre/lib/charsets.jar
7fbd68059000-7fbd6805b000 r--s 00019000 fd:00 2129506                    /usr/lib/jvm/java-1.8.0-openjdk-1.8.0.161-5.b14.fc27.x86_64/jre/lib/jce.jar
7fbd6805e000-7fbd68071000 r--s 00346000 fd:00 2129349                    /usr/lib/jvm/java-1.8.0-openjdk-1.8.0.161-5.b14.fc27.x86_64/jre/lib/resources.jar
7fbd68072000-7fbd68074000 r--s 00012000 fd:00 2129368                    /usr/lib/jvm/java-1.8.0-openjdk-1.8.0.161-5.b14.fc27.x86_64/jre/lib/ext/zipfs.jar
7fbd68075000-7fbd68078000 ---p 00000000 00:00 0 
7fbd68078000-7fbd680ae000 rw-p 00000000 00:00 0 
7fbd680ae000-7fbd680b3000 r--s 000b6000 fd:00 2129508                    /usr/lib/jvm/java-1.8.0-openjdk-1.8.0.161-5.b14.fc27.x86_64/jre/lib/jsse.jar
7fbd680b6000-7fbd680d1000 r--s 001d6000 fd:00 2129370                    /usr/lib/jvm/java-1.8.0-openjdk-1.8.0.161-5.b14.fc27.x86_64/jre/lib/ext/nashorn.jar
7fbd680d8000-7fbd680e0000 r-xp 00000000 fd:00 2129471                    /usr/lib/jvm/java-1.8.0-openjdk-1.8.0.161-5.b14.fc27.x86_64/jre/lib/amd64/libmanagement.so
7fbd680e0000-7fbd682e0000 ---p 00008000 fd:00 2129471                    /usr/lib/jvm/java-1.8.0-openjdk-1.8.0.161-5.b14.fc27.x86_64/jre/lib/amd64/libmanagement.so
7fbd682e0000-7fbd682e1000 r--p 00008000 fd:00 2129471                    /usr/lib/jvm/java-1.8.0-openjdk-1.8.0.161-5.b14.fc27.x86_64/jre/lib/amd64/libmanagement.so
7fbd682e1000-7fbd682e2000 rw-p 00009000 fd:00 2129471                    /usr/lib/jvm/java-1.8.0-openjdk-1.8.0.161-5.b14.fc27.x86_64/jre/lib/amd64/libmanagement.so
7fbd682e3000-7fbd682e4000 r--s 00003000 fd:02 1706721                    /home/rgarcia/.sbt/boot/scala-2.12.4/org.scala-sbt/sbt/1.0.3/zinc-compile_2.12-1.0.3.jar
7fbd682e9000-7fbd682ea000 r--s 00001000 fd:02 1706734                    /home/rgarcia/.sbt/boot/scala-2.12.4/org.scala-sbt/sbt/1.0.3/sjson-new-murmurhash_2.12-0.8.0.jar
7fbd682ed000-7fbd682fa000 r--s 001ad000 fd:02 1706709                    /home/rgarcia/.sbt/boot/scala-2.12.4/org.scala-sbt/sbt/1.0.3/zinc-persist_2.12-1.0.3.jar
7fbd682fd000-7fbd682ff000 r--s 0002d000 fd:02 1706680                    /home/rgarcia/.sbt/boot/scala-2.12.4/org.scala-sbt/sbt/1.0.3/util-cache_2.12-1.0.2.jar
7fbd68304000-7fbd68504000 rw-p 00000000 00:00 0 
7fbd68504000-7fbd68704000 rw-p 00000000 00:00 0 
7fbd68704000-7fbd68707000 r--s 0003c000 fd:02 1706699                    /home/rgarcia/.sbt/boot/scala-2.12.4/org.scala-sbt/sbt/1.0.3/completion_2.12-1.0.3.jar
7fbd6870e000-7fbd68710000 r--s 0000e000 fd:02 1706743                    /home/rgarcia/.sbt/boot/scala-2.12.4/org.scala-sbt/sbt/1.0.3/fastparse-utils_2.12-0.4.2.jar
7fbd68715000-7fbd68718000 r--s 0002d000 fd:02 1706730                    /home/rgarcia/.sbt/boot/scala-2.12.4/org.scala-sbt/sbt/1.0.3/testing_2.12-1.0.3.jar
7fbd6871b000-7fbd6871c000 r--s 00003000 fd:02 1706731                    /home/rgarcia/.sbt/boot/scala-2.12.4/org.scala-sbt/sbt/1.0.3/util-position_2.12-1.0.2.jar
7fbd6871c000-7fbd6871e000 r--s 00024000 fd:02 1706715                    /home/rgarcia/.sbt/boot/scala-2.12.4/org.scala-sbt/sbt/1.0.3/zinc-apiinfo_2.12-1.0.3.jar
7fbd68720000-7fbd68726000 r--s 00080000 fd:02 1706684                    /home/rgarcia/.sbt/boot/scala-2.12.4/org.scala-sbt/sbt/1.0.3/scala-xml_2.12-1.0.6.jar
7fbd6872c000-7fbd6872d000 r--s 0000c000 fd:02 1706728                    /home/rgarcia/.sbt/boot/scala-2.12.4/org.scala-sbt/sbt/1.0.3/zinc-classfile_2.12-1.0.3.jar
7fbd68730000-7fbd68732000 r--s 00008000 fd:02 1706740                    /home/rgarcia/.sbt/boot/scala-2.12.4/org.scala-sbt/sbt/1.0.3/sjson-new-scalajson_2.12-0.8.0.jar
7fbd68739000-7fbd6873b000 r--s 00019000 fd:02 1706687                    /home/rgarcia/.sbt/boot/scala-2.12.4/org.scala-sbt/sbt/1.0.3/protocol_2.12-1.0.3.jar
7fbd68741000-7fbd68743000 r--s 00019000 fd:02 1706733                    /home/rgarcia/.sbt/boot/scala-2.12.4/org.scala-sbt/sbt/1.0.3/task-system_2.12-1.0.3.jar
7fbd68746000-7fbd68747000 r--s 0000e000 fd:02 1706739                    /home/rgarcia/.sbt/boot/scala-2.12.4/org.scala-sbt/sbt/1.0.3/sbt-1.0.3.jar
7fbd68748000-7fbd68749000 r--s 00000000 fd:02 1706714                    /home/rgarcia/.sbt/boot/scala-2.12.4/org.scala-sbt/sbt/1.0.3/reactive-streams-1.0.0.jar
7fbd6874d000-7fbd6874e000 r--s 00005000 fd:02 1706698                    /home/rgarcia/.sbt/boot/scala-2.12.4/org.scala-sbt/sbt/1.0.3/log4j-slf4j-impl-2.8.1.jar
7fbd68751000-7fbd68951000 rw-p 00000000 00:00 0 
7fbd68951000-7fbd6895b000 r--s 00169000 fd:02 1706683                    /home/rgarcia/.sbt/boot/scala-2.12.4/org.scala-sbt/sbt/1.0.3/main_2.12-1.0.3.jar
7fbd6895b000-7fbd6895c000 r--s 0000b000 fd:02 1706678                    /home/rgarcia/.sbt/boot/scala-2.12.4/org.scala-sbt/sbt/1.0.3/zinc-ivy-integration_2.12-1.0.3.jar
7fbd68960000-7fbd68962000 r--s 00010000 fd:02 1706746                    /home/rgarcia/.sbt/boot/scala-2.12.4/org.scala-sbt/sbt/1.0.3/run_2.12-1.0.3.jar
7fbd68967000-7fbd6896b000 r--s 00047000 fd:02 1706737                    /home/rgarcia/.sbt/boot/scala-2.12.4/org.scala-sbt/sbt/1.0.3/fastparse_2.12-0.4.2.jar
7fbd68972000-7fbd68975000 r--s 00022000 fd:02 1706711                    /home/rgarcia/.sbt/boot/scala-2.12.4/org.scala-sbt/sbt/1.0.3/sbinary_2.12-0.4.4.jar
7fbd6897b000-7fbd68981000 r--s 0005b000 fd:02 1706713                    /home/rgarcia/.sbt/boot/scala-2.12.4/org.scala-sbt/sbt/1.0.3/okhttp-3.7.0.jar
7fbd68983000-7fbd68988000 r--s 000bb000 fd:02 1706706                    /home/rgarcia/.sbt/boot/scala-2.12.4/org.scala-sbt/sbt/1.0.3/sjson-new-core_2.12-0.8.0.jar
7fbd6898a000-7fbd6898c000 r--s 00002000 fd:02 1706742                    /home/rgarcia/.sbt/boot/scala-2.12.4/org.scala-sbt/sbt/1.0.3/util-control_2.12-1.0.2.jar
7fbd6898f000-7fbd68990000 r--s 00007000 fd:02 1706719                    /home/rgarcia/.sbt/boot/scala-2.12.4/org.scala-sbt/sbt/1.0.3/okhttp-urlconnection-3.7.0.jar
7fbd68997000-7fbd68999000 r--s 0000f000 fd:02 1706732                    /home/rgarcia/.sbt/boot/scala-2.12.4/org.scala-sbt/sbt/1.0.3/shaded-scalajson_2.12-1.0.0-M4.jar
7fbd6899f000-7fbd689a1000 r--s 00007000 fd:02 1706725                    /home/rgarcia/.sbt/boot/scala-2.12.4/org.scala-sbt/sbt/1.0.3/util-tracking_2.12-1.0.2.jar
7fbd689a8000-7fbd689a9000 r--s 00000000 fd:02 1706707                    /home/rgarcia/.sbt/boot/scala-2.12.4/org.scala-sbt/sbt/1.0.3/template-resolver-0.1.jar
7fbd689a9000-7fbd689ab000 r--s 00011000 fd:02 1706700                    /home/rgarcia/.sbt/boot/scala-2.12.4/org.scala-sbt/sbt/1.0.3/jawn-parser_2.12-0.10.4.jar
7fbd689b2000-7fbd689b5000 r--s 00012000 fd:02 1706701                    /home/rgarcia/.sbt/boot/scala-2.12.4/org.scala-sbt/sbt/1.0.3/disruptor-3.3.6.jar
7fbd689b9000-7fbd689bb000 r--s 00019000 fd:02 1706692                    /home/rgarcia/.sbt/boot/scala-2.12.4/org.scala-sbt/sbt/1.0.3/sourcecode_2.12-0.1.3.jar
7fbd689c1000-7fbd689c4000 r--s 00039000 fd:02 1706695                    /home/rgarcia/.sbt/boot/scala-2.12.4/org.scala-sbt/sbt/1.0.3/util-logging_2.12-1.0.2.jar
7fbd689ca000-7fbd689cb000 r--s 00002000 fd:02 1706702                    /home/rgarcia/.sbt/boot/scala-2.12.4/org.scala-sbt/sbt/1.0.3/launcher-interface-1.0.0.jar
7fbd689d1000-7fbd689d3000 r--s 00009000 fd:02 1706736                    /home/rgarcia/.sbt/boot/scala-2.12.4/org.scala-sbt/sbt/1.0.3/slf4j-api-1.7.25.jar
7fbd689d3000-7fbd689d8000 r--s 00033000 fd:02 1706688                    /home/rgarcia/.sbt/boot/scala-2.12.4/org.scala-sbt/sbt/1.0.3/log4j-api-2.8.1.jar
7fbd689dc000-7fbd689e0000 r--s 00034000 fd:02 1706685                    /home/rgarcia/.sbt/boot/scala-2.12.4/org.scala-sbt/sbt/1.0.3/jsch-0.1.46.jar
7fbd689e3000-7fbd689e7000 r--s 00013000 fd:02 1706723                    /home/rgarcia/.sbt/boot/scala-2.12.4/org.scala-sbt/sbt/1.0.3/compiler-interface-1.0.3.jar
7fbd689e8000-7fbd689ec000 r--s 00030000 fd:02 1706710                    /home/rgarcia/.sbt/boot/scala-2.12.4/org.scala-sbt/sbt/1.0.3/scala-parser-combinators_2.12-1.0.5.jar
7fbd689ec000-7fbd689f1000 r--s 0004c000 fd:02 1706703                    /home/rgarcia/.sbt/boot/scala-2.12.4/org.scala-sbt/sbt/1.0.3/collections_2.12-1.0.3.jar
7fbd689f3000-7fbd689f4000 r--s 00003000 fd:02 1706745                    /home/rgarcia/.sbt/boot/scala-2.12.4/org.scala-sbt/sbt/1.0.3/util-relation_2.12-1.0.2.jar
7fbd689f5000-7fbd689ff000 r--s 000ad000 fd:02 1706690                    /home/rgarcia/.sbt/boot/scala-2.12.4/org.scala-sbt/sbt/1.0.3/librarymanagement-core_2.12-1.0.3.jar
7fbd68a03000-7fbd68a05000 r--s 0000b000 fd:02 1706744                    /home/rgarcia/.sbt/boot/scala-2.12.4/org.scala-sbt/sbt/1.0.3/logic_2.12-1.0.3.jar
7fbd68a05000-7fbd68a14000 r--s 0013d000 fd:02 1706681                    /home/rgarcia/.sbt/boot/scala-2.12.4/org.scala-sbt/sbt/1.0.3/protobuf-java-3.3.1.jar
7fbd68a1a000-7fbd68a1c000 r--s 00012000 fd:02 1706741                    /home/rgarcia/.sbt/boot/scala-2.12.4/org.scala-sbt/sbt/1.0.3/okio-1.12.0.jar
7fbd68a1e000-7fbd68a21000 r--s 00026000 fd:02 1706726                    /home/rgarcia/.sbt/boot/scala-2.12.4/org.scala-sbt/sbt/1.0.3/gigahorse-core_2.12-0.3.0.jar
7fbd68a28000-7fbd68a2a000 r--s 00010000 fd:02 1706708                    /home/rgarcia/.sbt/boot/scala-2.12.4/org.scala-sbt/sbt/1.0.3/zinc-classpath_2.12-1.0.3.jar
7fbd68a2a000-7fbd68a2c000 r--s 00012000 fd:02 1706693                    /home/rgarcia/.sbt/boot/scala-2.12.4/org.scala-sbt/sbt/1.0.3/core-macros_2.12-1.0.3.jar
7fbd68a31000-7fbd68a36000 r--s 00031000 fd:02 1706727                    /home/rgarcia/.sbt/boot/scala-2.12.4/org.scala-sbt/sbt/1.0.3/config-1.2.0.jar
7fbd68a36000-7fbd68a3b000 r--s 0004e000 fd:02 1706735                    /home/rgarcia/.sbt/boot/scala-2.12.4/org.scala-sbt/sbt/1.0.3/zinc-core_2.12-1.0.3.jar
7fbd68a42000-7fbd68a45000 r--s 0002a000 fd:02 1706716                    /home/rgarcia/.sbt/boot/scala-2.12.4/org.scala-sbt/sbt/1.0.3/io_2.12-1.0.2.jar
7fbd68a46000-7fbd68a4a000 r--s 0003e000 fd:02 1706720                    /home/rgarcia/.sbt/boot/scala-2.12.4/org.scala-sbt/sbt/1.0.3/jline-2.14.4.jar
7fbd68a4b000-7fbd68a4e000 r--s 00033000 fd:02 1706697                    /home/rgarcia/.sbt/boot/scala-2.12.4/org.scala-sbt/sbt/1.0.3/zinc-compile-core_2.12-1.0.3.jar
7fbd68a51000-7fbd68a59000 r--s 00091000 fd:02 1706694                    /home/rgarcia/.sbt/boot/scala-2.12.4/org.scala-sbt/sbt/1.0.3/main-settings_2.12-1.0.3.jar
7fbd68a5a000-7fbd68a7c000 r--s 0034a000 fd:02 1706689                    /home/rgarcia/.sbt/boot/scala-2.12.4/org.scala-sbt/sbt/1.0.3/scala-reflect-2.12.4.jar
7fbd68a83000-7fbd68a9f000 r--s 0013b000 fd:02 1706679                    /home/rgarcia/.sbt/boot/scala-2.12.4/org.scala-sbt/sbt/1.0.3/log4j-core-2.8.1.jar
7fbd68aa2000-7fbd68aa8000 r--s 00092000 fd:02 1706705                    /home/rgarcia/.sbt/boot/scala-2.12.4/org.scala-sbt/sbt/1.0.3/librarymanagement-ivy_2.12-1.0.3.jar
7fbd68aad000-7fbd68aaf000 r--s 0002d000 fd:02 1706717                    /home/rgarcia/.sbt/boot/scala-2.12.4/org.scala-sbt/sbt/1.0.3/command_2.12-1.0.3.jar
7fbd68ab2000-7fbd68ab4000 r--s 00002000 fd:02 1706724                    /home/rgarcia/.sbt/boot/scala-2.12.4/org.scala-sbt/sbt/1.0.3/test-interface-1.0.jar
7fbd68ab5000-7fbd68ab7000 r--s 0000d000 fd:02 1706729                    /home/rgarcia/.sbt/boot/scala-2.12.4/org.scala-sbt/sbt/1.0.3/zinc_2.12-1.0.3.jar
7fbd68ab7000-7fbd68ab9000 r--s 00007000 fd:02 1706722                    /home/rgarcia/.sbt/boot/scala-2.12.4/org.scala-sbt/sbt/1.0.3/lenses_2.12-0.4.12.jar
7fbd68ab9000-7fbd68ace000 r--s 00101000 fd:02 1706696                    /home/rgarcia/.sbt/boot/scala-2.12.4/org.scala-sbt/sbt/1.0.3/ivy-2.3.0-sbt-1b57d3bbc08ecf671169fd548918da18c91f77be.jar
7fbd68ad1000-7fbd68ad2000 r--s 00009000 fd:02 1706682                    /home/rgarcia/.sbt/boot/scala-2.12.4/org.scala-sbt/sbt/1.0.3/gigahorse-okhttp_2.12-0.3.0.jar
7fbd68ad6000-7fbd68ae3000 r--s 001a6000 fd:02 1706718                    /home/rgarcia/.sbt/boot/scala-2.12.4/org.scala-sbt/sbt/1.0.3/scalapb-runtime_2.12-0.6.0.jar
7fbd68ae8000-7fbd68ae9000 r--s 00000000 fd:02 1706691                    /home/rgarcia/.sbt/boot/scala-2.12.4/org.scala-sbt/sbt/1.0.3/util-interface-1.0.2.jar
7fbd68af0000-7fbd68af4000 r--s 00038000 fd:02 1706686                    /home/rgarcia/.sbt/boot/scala-2.12.4/org.scala-sbt/sbt/1.0.3/ssl-config-core_2.12-0.2.2.jar
7fbd68afa000-7fbd68afc000 r--s 00012000 fd:02 1706704                    /home/rgarcia/.sbt/boot/scala-2.12.4/org.scala-sbt/sbt/1.0.3/tasks_2.12-1.0.3.jar
7fbd68b01000-7fbd68b04000 r--s 00031000 fd:02 1706738                    /home/rgarcia/.sbt/boot/scala-2.12.4/org.scala-sbt/sbt/1.0.3/actions_2.12-1.0.3.jar
7fbd68b05000-7fbd68b06000 r--s 00005000 fd:02 1706712                    /home/rgarcia/.sbt/boot/scala-2.12.4/org.scala-sbt/sbt/1.0.3/test-agent-1.0.3.jar
7fbd68b0a000-7fbd68b42000 r--s 004ca000 fd:02 1706031                    /home/rgarcia/.sbt/boot/scala-2.12.4/lib/scala-library.jar
7fbd68b43000-7fbd68b8f000 r--s 0090b000 fd:02 1706033                    /home/rgarcia/.sbt/boot/scala-2.12.4/lib/scala-compiler.jar
7fbd68b90000-7fbd68b96000 r--s 00080000 fd:02 1706032                    /home/rgarcia/.sbt/boot/scala-2.12.4/lib/scala-xml_2.12.jar
7fbd68b9a000-7fbd68bbc000 r--s 0034a000 fd:02 1706034                    /home/rgarcia/.sbt/boot/scala-2.12.4/lib/scala-reflect.jar
7fbd68bc0000-7fbd68bd1000 r-xp 00000000 fd:00 2129474                    /usr/lib/jvm/java-1.8.0-openjdk-1.8.0.161-5.b14.fc27.x86_64/jre/lib/amd64/libnio.so
7fbd68bd1000-7fbd68dd1000 ---p 00011000 fd:00 2129474                    /usr/lib/jvm/java-1.8.0-openjdk-1.8.0.161-5.b14.fc27.x86_64/jre/lib/amd64/libnio.so
7fbd68dd1000-7fbd68dd2000 r--p 00011000 fd:00 2129474                    /usr/lib/jvm/java-1.8.0-openjdk-1.8.0.161-5.b14.fc27.x86_64/jre/lib/amd64/libnio.so
7fbd68dd2000-7fbd68dd3000 rw-p 00012000 fd:00 2129474                    /usr/lib/jvm/java-1.8.0-openjdk-1.8.0.161-5.b14.fc27.x86_64/jre/lib/amd64/libnio.so
7fbd68dd8000-7fbd68def000 r-xp 00000000 fd:00 2129473                    /usr/lib/jvm/java-1.8.0-openjdk-1.8.0.161-5.b14.fc27.x86_64/jre/lib/amd64/libnet.so
7fbd68def000-7fbd68fee000 ---p 00017000 fd:00 2129473                    /usr/lib/jvm/java-1.8.0-openjdk-1.8.0.161-5.b14.fc27.x86_64/jre/lib/amd64/libnet.so
7fbd68fee000-7fbd68fef000 r--p 00016000 fd:00 2129473                    /usr/lib/jvm/java-1.8.0-openjdk-1.8.0.161-5.b14.fc27.x86_64/jre/lib/amd64/libnet.so
7fbd68fef000-7fbd68ff0000 rw-p 00017000 fd:00 2129473                    /usr/lib/jvm/java-1.8.0-openjdk-1.8.0.161-5.b14.fc27.x86_64/jre/lib/amd64/libnet.so
7fbd68ff0000-7fbd68ff1000 ---p 00000000 00:00 0 
7fbd68ff1000-7fbd690f1000 rw-p 00000000 00:00 0 
7fbd690f1000-7fbd690f4000 ---p 00000000 00:00 0 
7fbd690f4000-7fbd691f2000 rw-p 00000000 00:00 0 
7fbd691f2000-7fbd691f3000 ---p 00000000 00:00 0 
7fbd691f3000-7fbd691f6000 ---p 00000000 00:00 0 
7fbd691f6000-7fbd692f3000 rw-p 00000000 00:00 0 
7fbd692f3000-7fbd692f4000 ---p 00000000 00:00 0 
7fbd692f4000-7fbd692f7000 ---p 00000000 00:00 0 
7fbd692f7000-7fbd693f4000 rw-p 00000000 00:00 0 
7fbd693f4000-7fbd693f5000 ---p 00000000 00:00 0 
7fbd693f5000-7fbd693f8000 ---p 00000000 00:00 0 
7fbd693f8000-7fbd694f5000 rw-p 00000000 00:00 0 
7fbd694f5000-7fbd694f8000 ---p 00000000 00:00 0 
7fbd694f8000-7fbd695f6000 rw-p 00000000 00:00 0 
7fbd695f6000-7fbd695f9000 ---p 00000000 00:00 0 
7fbd695f9000-7fbd696f7000 rw-p 00000000 00:00 0 
7fbd696f7000-7fbd696fa000 ---p 00000000 00:00 0 
7fbd696fa000-7fbd697f8000 rw-p 00000000 00:00 0 
7fbd697f8000-7fbd697f9000 ---p 00000000 00:00 0 
7fbd697f9000-7fbd6c000000 rw-p 00000000 00:00 0 
7fbd6c000000-7fbd6e970000 rwxp 00000000 00:00 0 
7fbd6e970000-7fbd74000000 ---p 00000000 00:00 0 
7fbd74000000-7fbd7634a000 rw-p 00000000 00:00 0 
7fbd7634a000-7fbd78000000 ---p 00000000 00:00 0 
7fbd78005000-7fbd78021000 r--s 0010d000 fd:00 2107695                    /usr/share/sbt/bin/sbt-launch.jar
7fbd78023000-7fbd780b9000 r--s 008db000 fd:00 1859226                    /usr/lib/jvm/openjfx/rt/lib/ext/jfxrt.jar
7fbd780bb000-7fbd78911000 rw-p 00000000 00:00 0 
7fbd78911000-7fbd78ae0000 r--s 04409000 fd:00 2129519                    /usr/lib/jvm/java-1.8.0-openjdk-1.8.0.161-5.b14.fc27.x86_64/jre/lib/rt.jar
7fbd78ae5000-7fbd794e5000 rw-p 00000000 00:00 0 
7fbd794e5000-7fbd794e6000 ---p 00000000 00:00 0 
7fbd794e6000-7fbd795e6000 rw-p 00000000 00:00 0 
7fbd795e6000-7fbd795e7000 ---p 00000000 00:00 0 
7fbd795e7000-7fbd796e7000 rw-p 00000000 00:00 0 
7fbd796e7000-7fbd796e8000 ---p 00000000 00:00 0 
7fbd796e8000-7fbd797e8000 rw-p 00000000 00:00 0 
7fbd797e8000-7fbd797e9000 ---p 00000000 00:00 0 
7fbd797e9000-7fbd79ce6000 rw-p 00000000 00:00 0 
7fbd79ce6000-7fbd79e40000 ---p 00000000 00:00 0 
7fbd79e40000-7fbd79e48000 r-xp 00000000 fd:00 2129481                    /usr/lib/jvm/java-1.8.0-openjdk-1.8.0.161-5.b14.fc27.x86_64/jre/lib/amd64/libzip.so
7fbd79e48000-7fbd7a047000 ---p 00008000 fd:00 2129481                    /usr/lib/jvm/java-1.8.0-openjdk-1.8.0.161-5.b14.fc27.x86_64/jre/lib/amd64/libzip.so
7fbd7a047000-7fbd7a048000 r--p 00007000 fd:00 2129481                    /usr/lib/jvm/java-1.8.0-openjdk-1.8.0.161-5.b14.fc27.x86_64/jre/lib/amd64/libzip.so
7fbd7a048000-7fbd7a049000 rw-p 00000000 00:00 0 
7fbd7a050000-7fbd7a05b000 r-xp 00000000 fd:00 791924                     /usr/lib64/libnss_files-2.26.so
7fbd7a05b000-7fbd7a25a000 ---p 0000b000 fd:00 791924                     /usr/lib64/libnss_files-2.26.so
7fbd7a25a000-7fbd7a25b000 r--p 0000a000 fd:00 791924                     /usr/lib64/libnss_files-2.26.so
7fbd7a25b000-7fbd7a25c000 rw-p 0000b000 fd:00 791924                     /usr/lib64/libnss_files-2.26.so
7fbd7a25c000-7fbd7a262000 rw-p 00000000 00:00 0 
7fbd7a268000-7fbd7a270000 r-xp 00000000 fd:00 790242                     /usr/lib64/libnss_sss.so.2
7fbd7a270000-7fbd7a46f000 ---p 00008000 fd:00 790242                     /usr/lib64/libnss_sss.so.2
7fbd7a46f000-7fbd7a470000 r--p 00007000 fd:00 790242                     /usr/lib64/libnss_sss.so.2
7fbd7a470000-7fbd7a471000 rw-p 00008000 fd:00 790242                     /usr/lib64/libnss_sss.so.2
7fbd7a478000-7fbd7a4a6000 r-xp 00000000 fd:00 2129463                    /usr/lib/jvm/java-1.8.0-openjdk-1.8.0.161-5.b14.fc27.x86_64/jre/lib/amd64/libjava.so
7fbd7a4a6000-7fbd7a6a6000 ---p 0002e000 fd:00 2129463                    /usr/lib/jvm/java-1.8.0-openjdk-1.8.0.161-5.b14.fc27.x86_64/jre/lib/amd64/libjava.so
7fbd7a6a6000-7fbd7a6a7000 r--p 0002e000 fd:00 2129463                    /usr/lib/jvm/java-1.8.0-openjdk-1.8.0.161-5.b14.fc27.x86_64/jre/lib/amd64/libjava.so
7fbd7a6a7000-7fbd7a6a8000 rw-p 0002f000 fd:00 2129463                    /usr/lib/jvm/java-1.8.0-openjdk-1.8.0.161-5.b14.fc27.x86_64/jre/lib/amd64/libjava.so
7fbd7a6a8000-7fbd7a6a9000 rw-p 00000000 00:00 0 
7fbd7a6b0000-7fbd7a6bd000 r-xp 00000000 fd:00 2129480                    /usr/lib/jvm/java-1.8.0-openjdk-1.8.0.161-5.b14.fc27.x86_64/jre/lib/amd64/libverify.so
7fbd7a6bd000-7fbd7a8bd000 ---p 0000d000 fd:00 2129480                    /usr/lib/jvm/java-1.8.0-openjdk-1.8.0.161-5.b14.fc27.x86_64/jre/lib/amd64/libverify.so
7fbd7a8bd000-7fbd7a8bf000 r--p 0000d000 fd:00 2129480                    /usr/lib/jvm/java-1.8.0-openjdk-1.8.0.161-5.b14.fc27.x86_64/jre/lib/amd64/libverify.so
7fbd7a8bf000-7fbd7a8c0000 rw-p 00000000 00:00 0 
7fbd7a8c0000-7fbd7a8c7000 r-xp 00000000 fd:00 791936                     /usr/lib64/librt-2.26.so
7fbd7a8c7000-7fbd7aac6000 ---p 00007000 fd:00 791936                     /usr/lib64/librt-2.26.so
7fbd7aac6000-7fbd7aac7000 r--p 00006000 fd:00 791936                     /usr/lib64/librt-2.26.so
7fbd7aac7000-7fbd7aac8000 rw-p 00007000 fd:00 791936                     /usr/lib64/librt-2.26.so
7fbd7aac8000-7fbd7aade000 r-xp 00000000 fd:00 794508                     /usr/lib64/libgcc_s-7-20180130.so.1
7fbd7aade000-7fbd7acdd000 ---p 00016000 fd:00 794508                     /usr/lib64/libgcc_s-7-20180130.so.1
7fbd7acdd000-7fbd7acde000 r--p 00015000 fd:00 794508                     /usr/lib64/libgcc_s-7-20180130.so.1
7fbd7acde000-7fbd7acdf000 rw-p 00016000 fd:00 794508                     /usr/lib64/libgcc_s-7-20180130.so.1
7fbd7ace0000-7fbd7ae34000 r-xp 00000000 fd:00 791904                     /usr/lib64/libm-2.26.so
7fbd7ae34000-7fbd7b033000 ---p 00154000 fd:00 791904                     /usr/lib64/libm-2.26.so
7fbd7b033000-7fbd7b034000 r--p 00153000 fd:00 791904                     /usr/lib64/libm-2.26.so
7fbd7b034000-7fbd7b035000 rw-p 00154000 fd:00 791904                     /usr/lib64/libm-2.26.so
7fbd7b038000-7fbd7b1b0000 r-xp 00000000 fd:00 794569                     /usr/lib64/libstdc++.so.6.0.24
7fbd7b1b0000-7fbd7b3b0000 ---p 00178000 fd:00 794569                     /usr/lib64/libstdc++.so.6.0.24
7fbd7b3b0000-7fbd7b3ba000 r--p 00178000 fd:00 794569                     /usr/lib64/libstdc++.so.6.0.24
7fbd7b3ba000-7fbd7b3bc000 rw-p 00182000 fd:00 794569                     /usr/lib64/libstdc++.so.6.0.24
7fbd7b3bc000-7fbd7b3bf000 rw-p 00000000 00:00 0 
7fbd7b3c0000-7fbd7c124000 r-xp 00000000 fd:00 2129485                    /usr/lib/jvm/java-1.8.0-openjdk-1.8.0.161-5.b14.fc27.x86_64/jre/lib/amd64/server/libjvm.so
7fbd7c124000-7fbd7c324000 ---p 00d64000 fd:00 2129485                    /usr/lib/jvm/java-1.8.0-openjdk-1.8.0.161-5.b14.fc27.x86_64/jre/lib/amd64/server/libjvm.so
7fbd7c324000-7fbd7c3c0000 r--p 00d64000 fd:00 2129485                    /usr/lib/jvm/java-1.8.0-openjdk-1.8.0.161-5.b14.fc27.x86_64/jre/lib/amd64/server/libjvm.so
7fbd7c3c0000-7fbd7c3e9000 rw-p 00e00000 fd:00 2129485                    /usr/lib/jvm/java-1.8.0-openjdk-1.8.0.161-5.b14.fc27.x86_64/jre/lib/amd64/server/libjvm.so
7fbd7c3e9000-7fbd7c419000 rw-p 00000000 00:00 0 
7fbd7c420000-7fbd7c5fa000 r-xp 00000000 fd:00 791892                     /usr/lib64/libc-2.26.so
7fbd7c5fa000-7fbd7c7f9000 ---p 001da000 fd:00 791892                     /usr/lib64/libc-2.26.so
7fbd7c7f9000-7fbd7c7fd000 r--p 001d9000 fd:00 791892                     /usr/lib64/libc-2.26.so
7fbd7c7fd000-7fbd7c7ff000 rw-p 001dd000 fd:00 791892                     /usr/lib64/libc-2.26.so
7fbd7c7ff000-7fbd7c803000 rw-p 00000000 00:00 0 
7fbd7c808000-7fbd7c80b000 r-xp 00000000 fd:00 791900                     /usr/lib64/libdl-2.26.so
7fbd7c80b000-7fbd7ca0a000 ---p 00003000 fd:00 791900                     /usr/lib64/libdl-2.26.so
7fbd7ca0a000-7fbd7ca0b000 r--p 00002000 fd:00 791900                     /usr/lib64/libdl-2.26.so
7fbd7ca0b000-7fbd7ca0c000 rw-p 00003000 fd:00 791900                     /usr/lib64/libdl-2.26.so
7fbd7ca10000-7fbd7ca1e000 r-xp 00000000 fd:00 2129450                    /usr/lib/jvm/java-1.8.0-openjdk-1.8.0.161-5.b14.fc27.x86_64/jre/lib/amd64/jli/libjli.so
7fbd7ca1e000-7fbd7cc1d000 ---p 0000e000 fd:00 2129450                    /usr/lib/jvm/java-1.8.0-openjdk-1.8.0.161-5.b14.fc27.x86_64/jre/lib/amd64/jli/libjli.so
7fbd7cc1d000-7fbd7cc1e000 r--p 0000d000 fd:00 2129450                    /usr/lib/jvm/java-1.8.0-openjdk-1.8.0.161-5.b14.fc27.x86_64/jre/lib/amd64/jli/libjli.so
7fbd7cc1e000-7fbd7cc1f000 rw-p 00000000 00:00 0 
7fbd7cc20000-7fbd7cc36000 r-xp 00000000 fd:00 798712                     /usr/lib64/libz.so.1.2.11
7fbd7cc36000-7fbd7ce35000 ---p 00016000 fd:00 798712                     /usr/lib64/libz.so.1.2.11
7fbd7ce35000-7fbd7ce36000 r--p 00015000 fd:00 798712                     /usr/lib64/libz.so.1.2.11
7fbd7ce36000-7fbd7ce37000 rw-p 00000000 00:00 0 
7fbd7ce38000-7fbd7ce52000 r-xp 00000000 fd:00 791928                     /usr/lib64/libpthread-2.26.so
7fbd7ce52000-7fbd7d051000 ---p 0001a000 fd:00 791928                     /usr/lib64/libpthread-2.26.so
7fbd7d051000-7fbd7d052000 r--p 00019000 fd:00 791928                     /usr/lib64/libpthread-2.26.so
7fbd7d052000-7fbd7d053000 rw-p 0001a000 fd:00 791928                     /usr/lib64/libpthread-2.26.so
7fbd7d053000-7fbd7d057000 rw-p 00000000 00:00 0 
7fbd7d058000-7fbd7d07f000 r-xp 00000000 fd:00 791874                     /usr/lib64/ld-2.26.so
7fbd7d086000-7fbd7d08a000 r--s 0003e000 fd:02 1706030                    /home/rgarcia/.sbt/boot/scala-2.12.4/lib/jline.jar
7fbd7d08b000-7fbd7d170000 rw-p 00000000 00:00 0 
7fbd7d170000-7fbd7d178000 rw-s 00000000 00:2c 655559                     /tmp/hsperfdata_rgarcia/4458
7fbd7d17c000-7fbd7d17d000 rw-p 00000000 00:00 0 
7fbd7d17d000-7fbd7d17e000 r--p 00000000 00:00 0 
7fbd7d17e000-7fbd7d17f000 ---p 00000000 00:00 0 
7fbd7d17f000-7fbd7d182000 ---p 00000000 00:00 0 
7fbd7d182000-7fbd7d27f000 rw-p 00000000 00:00 0 
7fbd7d27f000-7fbd7d280000 r--p 00027000 fd:00 791874                     /usr/lib64/ld-2.26.so
7fbd7d280000-7fbd7d281000 rw-p 00028000 fd:00 791874                     /usr/lib64/ld-2.26.so
7fbd7d281000-7fbd7d284000 rw-p 00000000 00:00 0 
7fbd7d284000-7fbd7d286000 rw-p 00000000 00:00 0 
7ffca7748000-7ffca7769000 rw-p 00000000 00:00 0                          [stack]
7ffca77e8000-7ffca77eb000 r--p 00000000 00:00 0                          [vvar]
7ffca77eb000-7ffca77ed000 r-xp 00000000 00:00 0                          [vdso]
ffffffffff600000-ffffffffff601000 r-xp 00000000 00:00 0                  [vsyscall]

VM Arguments:
jvm_args: -Xms1024m -Xmx1024m -XX:ReservedCodeCacheSize=128m -XX:MaxMetaspaceSize=256m 
java_command: /usr/share/sbt/bin/sbt-launch.jar
java_class_path (initial): /usr/share/sbt/bin/sbt-launch.jar
Launcher Type: SUN_STANDARD

Environment Variables:
PATH=/usr/lib64/qt-3.3/bin:/usr/local/bin:/usr/local/sbin:/usr/bin:/usr/sbin:/home/rgarcia/Documents/Carrera/SO/P1/src/utils:/home/rgarcia/.local/bin:/home/rgarcia/bin:/home/rgarcia/Documents/Carrera/SO/P1/src/utils
USERNAME=rgarcia
SHELL=/bin/bash
DISPLAY=:0

Signal Handlers:
SIGSEGV: [libjvm.so+0xb6a6a0], sa_mask[0]=11111111011111111101111111111110, sa_flags=SA_RESTART|SA_SIGINFO
SIGBUS: [libjvm.so+0xb6a6a0], sa_mask[0]=11111111011111111101111111111110, sa_flags=SA_RESTART|SA_SIGINFO
SIGFPE: [libjvm.so+0x91a540], sa_mask[0]=11111111011111111101111111111110, sa_flags=SA_RESTART|SA_SIGINFO
SIGPIPE: [libjvm.so+0x91a540], sa_mask[0]=11111111011111111101111111111110, sa_flags=SA_RESTART|SA_SIGINFO
SIGXFSZ: [libjvm.so+0x91a540], sa_mask[0]=11111111011111111101111111111110, sa_flags=SA_RESTART|SA_SIGINFO
SIGILL: [libjvm.so+0x91a540], sa_mask[0]=11111111011111111101111111111110, sa_flags=SA_RESTART|SA_SIGINFO
SIGUSR1: SIG_DFL, sa_mask[0]=00000000000000000000000000000000, sa_flags=none
SIGUSR2: [libjvm.so+0x91a3f0], sa_mask[0]=00000000000000000000000000000000, sa_flags=SA_RESTART|SA_SIGINFO
SIGHUP: [libjvm.so+0x91a8a0], sa_mask[0]=11111111011111111101111111111110, sa_flags=SA_RESTART|SA_SIGINFO
SIGINT: [libjvm.so+0x91a8a0], sa_mask[0]=11111111011111111101111111111110, sa_flags=SA_RESTART|SA_SIGINFO
SIGTERM: [libjvm.so+0x91a8a0], sa_mask[0]=11111111011111111101111111111110, sa_flags=SA_RESTART|SA_SIGINFO
SIGQUIT: [libjvm.so+0x91a8a0], sa_mask[0]=11111111011111111101111111111110, sa_flags=SA_RESTART|SA_SIGINFO


---------------  S Y S T E M  ---------------

OS:Fedora release 27 (Twenty Seven)

uname:Linux 4.15.6-300.fc27.x86_64 #1 SMP Mon Feb 26 18:43:03 UTC 2018 x86_64
libc:glibc 2.26 NPTL 2.26 
rlimit: STACK 8192k, CORE infinity, NPROC 28294, NOFILE 4096, AS infinity
load average:1.48 1.27 1.65

/proc/meminfo:
MemTotal:        7334552 kB
MemFree:          436128 kB
MemAvailable:    3275440 kB
Buffers:          272048 kB
Cached:          1643728 kB
SwapCached:            0 kB
Active:          3984644 kB
Inactive:        2446248 kB
Active(anon):    3342388 kB
Inactive(anon):   129568 kB
Active(file):     642256 kB
Inactive(file):  2316680 kB
Unevictable:         488 kB
Mlocked:             488 kB
SwapTotal:       7471100 kB
SwapFree:        7471100 kB
Dirty:               680 kB
Writeback:            12 kB
AnonPages:       4515808 kB
Mapped:           691228 kB
Shmem:            132312 kB
Slab:             257908 kB
SReclaimable:     184048 kB
SUnreclaim:        73860 kB
KernelStack:       19224 kB
PageTables:        86208 kB
NFS_Unstable:          0 kB
Bounce:                0 kB
WritebackTmp:          0 kB
CommitLimit:    11138376 kB
Committed_AS:   15622792 kB
VmallocTotal:   34359738367 kB
VmallocUsed:           0 kB
VmallocChunk:          0 kB
HardwareCorrupted:     0 kB
AnonHugePages:     12288 kB
ShmemHugePages:        0 kB
ShmemPmdMapped:        0 kB
CmaTotal:              0 kB
CmaFree:               0 kB
HugePages_Total:       0
HugePages_Free:        0
HugePages_Rsvd:        0
HugePages_Surp:        0
Hugepagesize:       2048 kB
DirectMap4k:      262908 kB
DirectMap2M:     6232064 kB
DirectMap1G:     2097152 kB


CPU:total 4 (initial active 4) (4 cores per cpu, 1 threads per core) family 21 model 16 stepping 1, cmov, cx8, fxsr, mmx, sse, sse2, sse3, ssse3, sse4.1, sse4.2, popcnt, avx, aes, clmul, mmxext, 3dnowpref, lzcnt, sse4a, tsc, tscinvbit, tscinv, bmi1

/proc/cpuinfo:
processor	: 0
vendor_id	: AuthenticAMD
cpu family	: 21
model		: 16
model name	: AMD A8-4555M APU with Radeon(tm) HD Graphics
stepping	: 1
microcode	: 0x6001119
cpu MHz		: 1596.938
cache size	: 2048 KB
physical id	: 0
siblings	: 4
core id		: 0
cpu cores	: 2
apicid		: 16
initial apicid	: 0
fpu		: yes
fpu_exception	: yes
cpuid level	: 13
wp		: yes
flags		: fpu vme de pse tsc msr pae mce cx8 apic sep mtrr pge mca cmov pat pse36 clflush mmx fxsr sse sse2 ht syscall nx mmxext fxsr_opt pdpe1gb rdtscp lm constant_tsc rep_good nopl nonstop_tsc cpuid extd_apicid aperfmperf pni pclmulqdq monitor ssse3 fma cx16 sse4_1 sse4_2 popcnt aes xsave avx f16c lahf_lm cmp_legacy svm extapic cr8_legacy abm sse4a misalignsse 3dnowprefetch osvw ibs xop skinit wdt lwp fma4 tce nodeid_msr tbm topoext perfctr_core perfctr_nb cpb hw_pstate vmmcall bmi1 arat npt lbrv svm_lock nrip_save tsc_scale vmcb_clean flushbyasid decodeassists pausefilter pfthreshold
bugs		: fxsave_leak sysret_ss_attrs null_seg spectre_v1 spectre_v2
bogomips	: 3193.87
TLB size	: 1536 4K pages
clflush size	: 64
cache_alignment	: 64
address sizes	: 48 bits physical, 48 bits virtual
power management: ts ttp tm 100mhzsteps hwpstate cpb eff_freq_ro

processor	: 1
vendor_id	: AuthenticAMD
cpu family	: 21
model		: 16
model name	: AMD A8-4555M APU with Radeon(tm) HD Graphics
stepping	: 1
microcode	: 0x6001119
cpu MHz		: 1596.920
cache size	: 2048 KB
physical id	: 0
siblings	: 4
core id		: 1
cpu cores	: 2
apicid		: 17
initial apicid	: 1
fpu		: yes
fpu_exception	: yes
cpuid level	: 13
wp		: yes
flags		: fpu vme de pse tsc msr pae mce cx8 apic sep mtrr pge mca cmov pat pse36 clflush mmx fxsr sse sse2 ht syscall nx mmxext fxsr_opt pdpe1gb rdtscp lm constant_tsc rep_good nopl nonstop_tsc cpuid extd_apicid aperfmperf pni pclmulqdq monitor ssse3 fma cx16 sse4_1 sse4_2 popcnt aes xsave avx f16c lahf_lm cmp_legacy svm extapic cr8_legacy abm sse4a misalignsse 3dnowprefetch osvw ibs xop skinit wdt lwp fma4 tce nodeid_msr tbm topoext perfctr_core perfctr_nb cpb hw_pstate vmmcall bmi1 arat npt lbrv svm_lock nrip_save tsc_scale vmcb_clean flushbyasid decodeassists pausefilter pfthreshold
bugs		: fxsave_leak sysret_ss_attrs null_seg spectre_v1 spectre_v2
bogomips	: 3193.87
TLB size	: 1536 4K pages
clflush size	: 64
cache_alignment	: 64
address sizes	: 48 bits physical, 48 bits virtual
power management: ts ttp tm 100mhzsteps hwpstate cpb eff_freq_ro

processor	: 2
vendor_id	: AuthenticAMD
cpu family	: 21
model		: 16
model name	: AMD A8-4555M APU with Radeon(tm) HD Graphics
stepping	: 1
microcode	: 0x6001119
cpu MHz		: 1596.924
cache size	: 2048 KB
physical id	: 0
siblings	: 4
core id		: 2
cpu cores	: 2
apicid		: 18
initial apicid	: 2
fpu		: yes
fpu_exception	: yes
cpuid level	: 13
wp		: yes
flags		: fpu vme de pse tsc msr pae mce cx8 apic sep mtrr pge mca cmov pat pse36 clflush mmx fxsr sse sse2 ht syscall nx mmxext fxsr_opt pdpe1gb rdtscp lm constant_tsc rep_good nopl nonstop_tsc cpuid extd_apicid aperfmperf pni pclmulqdq monitor ssse3 fma cx16 sse4_1 sse4_2 popcnt aes xsave avx f16c lahf_lm cmp_legacy svm extapic cr8_legacy abm sse4a misalignsse 3dnowprefetch osvw ibs xop skinit wdt lwp fma4 tce nodeid_msr tbm topoext perfctr_core perfctr_nb cpb hw_pstate vmmcall bmi1 arat npt lbrv svm_lock nrip_save tsc_scale vmcb_clean flushbyasid decodeassists pausefilter pfthreshold
bugs		: fxsave_leak sysret_ss_attrs null_seg spectre_v1 spectre_v2
bogomips	: 3193.87
TLB size	: 1536 4K pages
clflush size	: 64
cache_alignment	: 64
address sizes	: 48 bits physical, 48 bits virtual
power management: ts ttp tm 100mhzsteps hwpstate cpb eff_freq_ro

processor	: 3
vendor_id	: AuthenticAMD
cpu family	: 21
model		: 16
model name	: AMD A8-4555M APU with Radeon(tm) HD Graphics
stepping	: 1
microcode	: 0x6001119
cpu MHz		: 1596.930
cache size	: 2048 KB
physical id	: 0
siblings	: 4
core id		: 3
cpu cores	: 2
apicid		: 19
initial apicid	: 3
fpu		: yes
fpu_exception	: yes
cpuid level	: 13
wp		: yes
flags		: fpu vme de pse tsc msr pae mce cx8 apic sep mtrr pge mca cmov pat pse36 clflush mmx fxsr sse sse2 ht syscall nx mmxext fxsr_opt pdpe1gb rdtscp lm constant_tsc rep_good nopl nonstop_tsc cpuid extd_apicid aperfmperf pni pclmulqdq monitor ssse3 fma cx16 sse4_1 sse4_2 popcnt aes xsave avx f16c lahf_lm cmp_legacy svm extapic cr8_legacy abm sse4a misalignsse 3dnowprefetch osvw ibs xop skinit wdt lwp fma4 tce nodeid_msr tbm topoext perfctr_core perfctr_nb cpb hw_pstate vmmcall bmi1 arat npt lbrv svm_lock nrip_save tsc_scale vmcb_clean flushbyasid decodeassists pausefilter pfthreshold
bugs		: fxsave_leak sysret_ss_attrs null_seg spectre_v1 spectre_v2
bogomips	: 3193.87
TLB size	: 1536 4K pages
clflush size	: 64
cache_alignment	: 64
address sizes	: 48 bits physical, 48 bits virtual
power management: ts ttp tm 100mhzsteps hwpstate cpb eff_freq_ro



Memory: 4k page, physical 7334552k(434816k free), swap 7471100k(7471100k free)

vm_info: OpenJDK 64-Bit Server VM (25.161-b14) for linux-amd64 JRE (1.8.0_161-b14), built on Feb  6 2018 10:37:01 by "mockbuild" with gcc 7.3.1 20180130 (Red Hat 7.3.1-2)

time: Wed Mar  7 00:30:30 2018
elapsed time: 1112 seconds (0d 0h 18m 32s)

