#
# A fatal error has been detected by the Java Runtime Environment:
#
#  SIGSEGV (0xb) at pc=0x00007ff9c07e3030, pid=23092, tid=0x00007ff9c37ff700
#
# JRE version: OpenJDK Runtime Environment (8.0_161-b14) (build 1.8.0_161-b14)
# Java VM: OpenJDK 64-Bit Server VM (25.161-b14 mixed mode linux-amd64 compressed oops)
# Problematic frame:
# C  [sqlite-3.21.0.1-84c12117-3a6e-44b0-a378-ba7845af7a4f-libsqlitejdbc.so+0x13030]
#
# Core dump written. Default location: /home/rgarcia/Documents/Carrera/Heuristicas-de-Optimizacion-Combinatoria/proyecto1/recocido-simulado/core or core.23092
#
# If you would like to submit a bug report, please visit:
#   http://bugreport.java.com/bugreport/crash.jsp
# The crash happened outside the Java Virtual Machine in native code.
# See problematic frame for where to report the bug.
#

---------------  T H R E A D  ---------------

Current thread (0x00007ff9ddf0c980):  JavaThread "pool-5-thread-4-ScalaTest-running-SolutionTest" [_thread_in_native, id=23186, stack(0x00007ff9c36ff000,0x00007ff9c3800000)]

siginfo: si_signo: 11 (SIGSEGV), si_code: 1 (SEGV_MAPERR), si_addr: 0x0000000000000018

Registers:
RAX=0x0000000000000001, RBX=0x0000000000000000, RCX=0x0000000000000000, RDX=0x00007ff9c08035a0
RSP=0x00007ff9c37fc090, RBP=0x00007ff9706d3b88, RSI=0x0000000000000000, RDI=0x00007ff9706d3b88
R8 =0x00007ff9c0ad7ac0, R9 =0x0000000000000006, R10=0x00007ff9d338f86b, R11=0x00007ff9e1490e80
R12=0x0000000000000000, R13=0x0000000000000001, R14=0x0000000000000000, R15=0x00007ff9c08035a0
RIP=0x00007ff9c07e3030, EFLAGS=0x0000000000010246, CSGSFS=0x002b000000000033, ERR=0x0000000000000004
  TRAPNO=0x000000000000000e

Top of Stack: (sp=0x00007ff9c37fc090)
0x00007ff9c37fc090:   00007ff9c0ad7ac0 0000000000000000
0x00007ff9c37fc0a0:   00007ff9ddf0cbd8 0000000000000000
0x00007ff9c37fc0b0:   00007ff9c0ad7ac0 00007ff9c37fc1a0
0x00007ff9c37fc0c0:   00007ff9ddf0c980 00007ff9c07dc7d2
0x00007ff9c37fc0d0:   00007ff9c37fc168 00007ff9c0ad7ac0
0x00007ff9c37fc0e0:   00007ff9c37fc168 00007ff9d338f897
0x00007ff9c37fc0f0:   00007ff9c0ad7ac0 00007ff9c37fc1a0
0x00007ff9c37fc100:   00007ff9c37fc168 00007ff9d338f65b
0x00007ff9c37fc110:   00007ff9d338f619 0000000000000003
0x00007ff9c37fc120:   00000000f0ee1cc8 00007ff9c37fc118
0x00007ff9c37fc130:   00007ff9c0ad7ac0 00007ff9c37fc1a0
0x00007ff9c37fc140:   00007ff9c0b650c0 0000000000000000
0x00007ff9c37fc150:   00007ff9c0ad7ac0 0000000000000000
0x00007ff9c37fc160:   00007ff9c37fc188 00007ff9c37fc1f8
0x00007ff9c37fc170:   00007ff9d337fd80 0000000000000000
0x00007ff9c37fc180:   00007ff9d338911b 0000000000000000
0x00007ff9c37fc190:   00007ff9706d3b88 00007ff9d338b000
0x00007ff9c37fc1a0:   00000000f0ee1cc8 0000000000000003
0x00007ff9c37fc1b0:   00000000f0ee1cc8 00007ff9c37fc1a8
0x00007ff9c37fc1c0:   00007ff9c0ad7a03 00007ff9c37fc220
0x00007ff9c37fc1d0:   00007ff9c0b650c0 0000000000000000
0x00007ff9c37fc1e0:   00007ff9c0ad7a38 00007ff9c37fc188
0x00007ff9c37fc1f0:   00007ff9c37fc208 00007ff9c37fc288
0x00007ff9c37fc200:   00007ff9d337fd80 0000000000000000
0x00007ff9c37fc210:   00007ff9706d3b88 00007ff9ddf0c980
0x00007ff9c37fc220:   00000000f0ee1cc8 0000000000000000
0x00007ff9c37fc230:   00000000f123c500 0000000000000003
0x00007ff9c37fc240:   00000000f0ee1cc8 00007ff9c37fc238
0x00007ff9c37fc250:   00007ff9c0ad4ad2 00007ff9c37fc2b8
0x00007ff9c37fc260:   00007ff9c0b648d0 0000000000000000
0x00007ff9c37fc270:   00007ff9c0ad4b20 00007ff9c37fc208
0x00007ff9c37fc280:   00007ff9c37fc2a8 00007ff9c37fc308 

Instructions: (pc=0x00007ff9c07e3030)
0x00007ff9c07e3010:   74 24 f0 48 83 ec 38 49 89 d7 41 89 cc 4c 8b 37
0x00007ff9c07e3020:   e8 8b ff ff ff 39 d8 41 89 c5 7e 46 85 db 78 42
0x00007ff9c07e3030:   49 8b 7e 18 45 0f af e5 e8 b3 a9 ff ff 41 8d 3c
0x00007ff9c07e3040:   1c 48 63 ff 48 8d 04 fd 00 00 00 00 48 c1 e7 06 

Register to memory mapping:

RAX=0x0000000000000001 is an unknown value
RBX=0x0000000000000000 is an unknown value
RCX=0x0000000000000000 is an unknown value
RDX=0x00007ff9c08035a0: <offset 0x335a0> in /tmp/sqlite-3.21.0.1-84c12117-3a6e-44b0-a378-ba7845af7a4f-libsqlitejdbc.so at 0x00007ff9c07d0000
RSP=0x00007ff9c37fc090 is pointing into the stack for thread: 0x00007ff9ddf0c980
RBP=0x00007ff9706d3b88 is an unknown value
RSI=0x0000000000000000 is an unknown value
RDI=0x00007ff9706d3b88 is an unknown value
R8 ={method} {0x00007ff9c0ad7ac0} 'column_name_utf8' '(JI)[B' in 'org/sqlite/core/NativeDB'
R9 =0x0000000000000006 is an unknown value
R10=0x00007ff9d338f86b is at code_begin+1035 in an Interpreter codelet
method entry point (kind = native_synchronized)  [0x00007ff9d338f460, 0x00007ff9d338fe40]  2528 bytes
R11=0x00007ff9e1490e80: <offset 0x9d0e80> in /usr/lib/jvm/java-1.8.0-openjdk-1.8.0.161-5.b14.fc27.x86_64/jre/lib/amd64/server/libjvm.so at 0x00007ff9e0ac0000
R12=0x0000000000000000 is an unknown value
R13=0x0000000000000001 is an unknown value
R14=0x0000000000000000 is an unknown value
R15=0x00007ff9c08035a0: <offset 0x335a0> in /tmp/sqlite-3.21.0.1-84c12117-3a6e-44b0-a378-ba7845af7a4f-libsqlitejdbc.so at 0x00007ff9c07d0000


Stack: [0x00007ff9c36ff000,0x00007ff9c3800000],  sp=0x00007ff9c37fc090,  free space=1012k
Native frames: (J=compiled Java code, j=interpreted, Vv=VM code, C=native code)
C  [sqlite-3.21.0.1-84c12117-3a6e-44b0-a378-ba7845af7a4f-libsqlitejdbc.so+0x13030]

Java frames: (J=compiled Java code, j=interpreted, Vv=VM code)
j  org.sqlite.core.NativeDB.column_name_utf8(JI)[B+0
j  org.sqlite.core.NativeDB.column_name(JI)Ljava/lang/String;+3
j  org.sqlite.core.DB.column_names(J)[Ljava/lang/String;+26
j  org.sqlite.jdbc3.JDBC3Statement.getResultSet()Ljava/sql/ResultSet;+62
j  org.sqlite.jdbc3.JDBC3Statement.executeQuery(Ljava/lang/String;)Ljava/sql/ResultSet;+43
j  Connections.<init>([I)V+84
j  Solution.<init>([ILConnections;Lscala/util/Random;)V+45
j  Solution.<init>([ILscala/util/Random;)V+4
j  SolutionTest.$anonfun$new$1(LSolutionTest;)Lorg/scalatest/compatible/Assertion;+101
j  SolutionTest$$Lambda$2757.apply()Ljava/lang/Object;+4
j  org.scalatest.OutcomeOf.outcomeOf(Lscala/Function0;)Lorg/scalatest/Outcome;+1
j  org.scalatest.OutcomeOf.outcomeOf$(Lorg/scalatest/OutcomeOf;Lscala/Function0;)Lorg/scalatest/Outcome;+2
j  org.scalatest.OutcomeOf$.outcomeOf(Lscala/Function0;)Lorg/scalatest/Outcome;+2
j  org.scalatest.Transformer.apply()Lorg/scalatest/Outcome;+7
j  org.scalatest.Transformer.apply()Ljava/lang/Object;+1
j  org.scalatest.FunSuiteLike$$anon$1.apply()Lorg/scalatest/Outcome;+10
j  org.scalatest.TestSuite.withFixture(Lorg/scalatest/TestSuite$NoArgTest;)Lorg/scalatest/Outcome;+1
j  org.scalatest.TestSuite.withFixture$(Lorg/scalatest/TestSuite;Lorg/scalatest/TestSuite$NoArgTest;)Lorg/scalatest/Outcome;+2
j  org.scalatest.FunSuite.withFixture(Lorg/scalatest/TestSuite$NoArgTest;)Lorg/scalatest/Outcome;+2
j  org.scalatest.FunSuiteLike.invokeWithFixture$1(Lorg/scalatest/SuperEngine$TestLeaf;Ljava/lang/String;Lorg/scalatest/Args;)Lorg/scalatest/Outcome;+29
j  org.scalatest.FunSuiteLike.$anonfun$runTest$1(Lorg/scalatest/FunSuiteLike;Ljava/lang/String;Lorg/scalatest/Args;Lorg/scalatest/SuperEngine$TestLeaf;)Lorg/scalatest/Outcome;+4
j  org.scalatest.FunSuiteLike$$Lambda$2858.apply(Ljava/lang/Object;)Ljava/lang/Object;+16
j  org.scalatest.SuperEngine.runTestImpl(Lorg/scalatest/Suite;Ljava/lang/String;Lorg/scalatest/Args;ZLscala/Function1;)Lorg/scalatest/Status;+503
j  org.scalatest.FunSuiteLike.runTest(Ljava/lang/String;Lorg/scalatest/Args;)Lorg/scalatest/Status;+18
j  org.scalatest.FunSuiteLike.runTest$(Lorg/scalatest/FunSuiteLike;Ljava/lang/String;Lorg/scalatest/Args;)Lorg/scalatest/Status;+3
j  org.scalatest.FunSuite.runTest(Ljava/lang/String;Lorg/scalatest/Args;)Lorg/scalatest/Status;+3
j  org.scalatest.FunSuiteLike.$anonfun$runTests$1(Lorg/scalatest/FunSuiteLike;Ljava/lang/String;Lorg/scalatest/Args;)Lorg/scalatest/Status;+3
j  org.scalatest.FunSuiteLike$$Lambda$2819.apply(Ljava/lang/Object;Ljava/lang/Object;)Ljava/lang/Object;+12
j  org.scalatest.SuperEngine.$anonfun$runTestsInBranch$1(Lorg/scalatest/SuperEngine;Lorg/scalatest/Suite;Lorg/scalatest/SuperEngine$Branch;Lorg/scalatest/Args;ZLscala/Function2;Lscala/collection/mutable/ListBuffer;Lorg/scalatest/SuperEngine$Node;)Ljava/lang/Object;+229
j  org.scalatest.SuperEngine$$Lambda$2820.apply(Ljava/lang/Object;)Ljava/lang/Object;+32
j  scala.collection.immutable.List.foreach(Lscala/Function1;)V+14
j  org.scalatest.SuperEngine.traverseSubNodes$1(Lorg/scalatest/Suite;Lorg/scalatest/SuperEngine$Branch;Lorg/scalatest/Args;ZLscala/Function2;Lscala/collection/mutable/ListBuffer;)V+22
j  org.scalatest.SuperEngine.runTestsInBranch(Lorg/scalatest/Suite;Lorg/scalatest/SuperEngine$Branch;Lorg/scalatest/Args;ZLscala/Function2;)Lorg/scalatest/Status;+191
j  org.scalatest.SuperEngine.runTestsImpl(Lorg/scalatest/Suite;Lscala/Option;Lorg/scalatest/Args;Lorg/scalatest/Informer;ZLscala/Function2;)Lorg/scalatest/Status;+444
j  org.scalatest.FunSuiteLike.runTests(Lscala/Option;Lorg/scalatest/Args;)Lorg/scalatest/Status;+22
j  org.scalatest.FunSuiteLike.runTests$(Lorg/scalatest/FunSuiteLike;Lscala/Option;Lorg/scalatest/Args;)Lorg/scalatest/Status;+3
j  org.scalatest.FunSuite.runTests(Lscala/Option;Lorg/scalatest/Args;)Lorg/scalatest/Status;+3
j  org.scalatest.Suite.run(Lscala/Option;Lorg/scalatest/Args;)Lorg/scalatest/Status;+235
j  org.scalatest.Suite.run$(Lorg/scalatest/Suite;Lscala/Option;Lorg/scalatest/Args;)Lorg/scalatest/Status;+3
j  org.scalatest.FunSuite.org$scalatest$FunSuiteLike$$super$run(Lscala/Option;Lorg/scalatest/Args;)Lorg/scalatest/Status;+3
j  org.scalatest.FunSuiteLike.$anonfun$run$1(Lorg/scalatest/FunSuiteLike;Lscala/Option;Lorg/scalatest/Args;)Lorg/scalatest/Status;+3
j  org.scalatest.FunSuiteLike$$Lambda$2796.apply(Ljava/lang/Object;Ljava/lang/Object;)Ljava/lang/Object;+12
j  org.scalatest.SuperEngine.runImpl(Lorg/scalatest/Suite;Lscala/Option;Lorg/scalatest/Args;Lscala/Function2;)Lorg/scalatest/Status;+358
j  org.scalatest.FunSuiteLike.run(Lscala/Option;Lorg/scalatest/Args;)Lorg/scalatest/Status;+15
j  org.scalatest.FunSuiteLike.run$(Lorg/scalatest/FunSuiteLike;Lscala/Option;Lorg/scalatest/Args;)Lorg/scalatest/Status;+3
j  org.scalatest.FunSuite.run(Lscala/Option;Lorg/scalatest/Args;)Lorg/scalatest/Status;+3
j  org.scalatest.tools.Framework.org$scalatest$tools$Framework$$runSuite(Lsbt/testing/TaskDef;Ljava/lang/String;Lorg/scalatest/Suite;Ljava/lang/ClassLoader;Lorg/scalatest/Reporter;Lorg/scalatest/Tracker;Lsbt/testing/EventHandler;Lscala/collection/immutable/Set;Lscala/collection/immutable/Set;[Lsbt/testing/Selector;ZLorg/scalatest/ConfigMap;Lorg/scalatest/tools/Framework$SummaryCounter;Lscala/Option;Ljava/util/concurrent/LinkedBlockingQueue;[Lsbt/testing/Logger;ZZZZZZZZZZLjava/util/concurrent/ExecutorService;)[Lsbt/testing/Task;+645
j  org.scalatest.tools.Framework$ScalaTestTask.execute(Lsbt/testing/EventHandler;[Lsbt/testing/Logger;)[Lsbt/testing/Task;+333
j  sbt.TestRunner.runTest$1(Lsbt/testing/Task;Lsbt/TestDefinition;)Lscala/Tuple2;+82
j  sbt.TestRunner.run(Lsbt/testing/TaskDef;Lsbt/testing/Task;)Lscala/Tuple2;+60
j  sbt.TestFramework$$anon$2$$anonfun$$lessinit$greater$1.$anonfun$apply$1(Lsbt/TestFramework$$anon$2$$anonfun$$lessinit$greater$1;Lsbt/TestRunner;)Lscala/Tuple2;+9
j  sbt.TestFramework$$anon$2$$anonfun$$lessinit$greater$1$$Lambda$2710.apply()Ljava/lang/Object;+8
j  sbt.TestFramework$.sbt$TestFramework$$withContextLoader(Ljava/lang/ClassLoader;Lscala/Function0;)Ljava/lang/Object;+15
j  sbt.TestFramework$$anon$2$$anonfun$$lessinit$greater$1.apply(Lsbt/TestRunner;)Lscala/Tuple2;+14
j  sbt.TestFramework$$anon$2$$anonfun$$lessinit$greater$1.apply(Ljava/lang/Object;)Ljava/lang/Object;+5
j  sbt.TestFunction.apply()Lscala/Tuple2;+8
j  sbt.Tests$.$anonfun$toTask$1(Ljava/lang/String;Lsbt/TestFunction;)Lscala/Tuple2;+6
j  sbt.Tests$$$Lambda$2692.apply()Ljava/lang/Object;+8
j  sbt.std.Transform$$anon$3.$anonfun$apply$2(Lscala/Function0;Lscala/collection/Seq;)Lscala/util/Right;+7
j  sbt.std.Transform$$anon$3$$Lambda$1629.apply(Ljava/lang/Object;)Ljava/lang/Object;+8
j  sbt.std.Transform$$anon$4.work(Ljava/lang/Object;)Lscala/util/Either;+5
j  sbt.Execute.$anonfun$submit$2(Lsbt/Node;Ljava/lang/Object;)Lscala/util/Either;+2
j  sbt.Execute$$Lambda$1623.apply()Ljava/lang/Object;+8
J 7050 C1 sbt.internal.util.ErrorHandling$.wideConvert(Lscala/Function0;)Lscala/util/Either; (169 bytes) @ 0x00007ff9d4456c34 [0x00007ff9d4456a80+0x1b4]
j  sbt.Execute.work(Ljava/lang/Object;Lscala/Function0;Lsbt/CompletionService;)Lsbt/Completed;+14
j  sbt.Execute.$anonfun$submit$1(Lsbt/Execute;Ljava/lang/Object;Lsbt/CompletionService;Lsbt/Node;Ljava/lang/Object;)Lsbt/Completed;+11
j  sbt.Execute$$Lambda$1614.apply()Ljava/lang/Object;+20
j  sbt.ConcurrentRestrictions$$anon$4.$anonfun$submitValid$1(Lsbt/ConcurrentRestrictions$$anon$4;Ljava/lang/Object;Lscala/Function0;)Ljava/lang/Object;+1
j  sbt.ConcurrentRestrictions$$anon$4$$Lambda$1621.apply()Ljava/lang/Object;+12
j  sbt.CompletionService$$anon$2.call()Ljava/lang/Object;+4
J 5936 C1 java.util.concurrent.FutureTask.run()V (126 bytes) @ 0x00007ff9d426dd1c [0x00007ff9d426dc40+0xdc]
j  java.util.concurrent.Executors$RunnableAdapter.call()Ljava/lang/Object;+4
J 5936 C1 java.util.concurrent.FutureTask.run()V (126 bytes) @ 0x00007ff9d426dd1c [0x00007ff9d426dc40+0xdc]
j  java.util.concurrent.ThreadPoolExecutor.runWorker(Ljava/util/concurrent/ThreadPoolExecutor$Worker;)V+95
j  java.util.concurrent.ThreadPoolExecutor$Worker.run()V+5
j  java.lang.Thread.run()V+11
v  ~StubRoutines::call_stub

---------------  P R O C E S S  ---------------

Java Threads: ( => current thread )
  0x00007ff96d544df0 JavaThread "Timer-0" [_thread_blocked, id=23227, stack(0x00007ff9c0ebd000,0x00007ff9c0fbe000)]
  0x00007ff96d541290 JavaThread "ScalaTest-dispatcher" [_thread_blocked, id=23226, stack(0x00007ff9c0fbe000,0x00007ff9c10bf000)]
  0x00007ff97c0153a0 JavaThread "pool-5-thread-8" [_thread_blocked, id=23190, stack(0x00007ff9c1bf8000,0x00007ff9c1cf9000)]
  0x00007ff97c003a10 JavaThread "pool-5-thread-7" [_thread_blocked, id=23189, stack(0x00007ff9c1cf9000,0x00007ff9c1dfa000)]
  0x00007ff978025850 JavaThread "pool-5-thread-6" [_thread_blocked, id=23188, stack(0x00007ff9c30fb000,0x00007ff9c31fc000)]
  0x00007ff97801b000 JavaThread "pool-5-thread-5" [_thread_blocked, id=23187, stack(0x00007ff9c2dfa000,0x00007ff9c2efb000)]
=>0x00007ff9ddf0c980 JavaThread "pool-5-thread-4-ScalaTest-running-SolutionTest" [_thread_in_native, id=23186, stack(0x00007ff9c36ff000,0x00007ff9c3800000)]
  0x00007ff9ddf0c020 JavaThread "pool-5-thread-3-ScalaTest-running-DBConnectionTest" [_thread_in_Java, id=23185, stack(0x00007ff9c35fe000,0x00007ff9c36ff000)]
  0x00007ff9ddf0b720 JavaThread "pool-5-thread-2" [_thread_in_native, id=23184, stack(0x00007ff9c8022000,0x00007ff9c8123000)]
  0x00007ff9ddf0a9f0 JavaThread "pool-5-thread-1" [_thread_in_native, id=23183, stack(0x00007ff9c34fd000,0x00007ff9c35fe000)]
  0x00007ff9dd2559e0 JavaThread "sbt-socket-server" [_thread_in_native, id=23162, stack(0x00007ff9c31fc000,0x00007ff9c32fd000)]
  0x00007ff9dd606a70 JavaThread "process reaper" daemon [_thread_blocked, id=23128, stack(0x00007ff9c886d000,0x00007ff9c88a6000)]
  0x00007ff9de3787b0 JavaThread "Log4j2-TF-1-AsyncLogger[AsyncContext@5f2108b5]-1" daemon [_thread_blocked, id=23126, stack(0x00007ff9c92ad000,0x00007ff9c93ae000)]
  0x00007ff9dc1b7f70 JavaThread "Service Thread" daemon [_thread_blocked, id=23107, stack(0x00007ff9ca81b000,0x00007ff9ca91c000)]
  0x00007ff9dc191210 JavaThread "C1 CompilerThread2" daemon [_thread_blocked, id=23106, stack(0x00007ff9ca91d000,0x00007ff9caa1d000)]
  0x00007ff9dc01c3f0 JavaThread "C2 CompilerThread1" daemon [_thread_blocked, id=23105, stack(0x00007ff9caa1e000,0x00007ff9cab1e000)]
  0x00007ff9dc183130 JavaThread "C2 CompilerThread0" daemon [_thread_blocked, id=23104, stack(0x00007ff9cab1f000,0x00007ff9cac1f000)]
  0x00007ff9dc181770 JavaThread "Signal Dispatcher" daemon [_thread_blocked, id=23103, stack(0x00007ff9cac1f000,0x00007ff9cad20000)]
  0x00007ff9dc1580e0 JavaThread "Finalizer" daemon [_thread_blocked, id=23102, stack(0x00007ff9cad20000,0x00007ff9cae21000)]
  0x00007ff9dc154070 JavaThread "Reference Handler" daemon [_thread_blocked, id=23101, stack(0x00007ff9cae21000,0x00007ff9caf22000)]
  0x00007ff9dc00a6f0 JavaThread "main" [_thread_blocked, id=23094, stack(0x00007ff9e2854000,0x00007ff9e2954000)]

Other Threads:
  0x00007ff9dc14ab80 VMThread [stack: 0x00007ff9caf23000,0x00007ff9cb023000] [id=23100]
  0x00007ff9dc1b9e40 WatcherThread [stack: 0x00007ff9ca71b000,0x00007ff9ca81b000] [id=23108]

VM state:not at safepoint (normal execution)

VM Mutex/Monitor currently owned by a thread: None

Heap:
 PSYoungGen      total 305664K, used 142571K [0x00000000eab00000, 0x0000000100000000, 0x0000000100000000)
  eden space 262144K, 41% used [0x00000000eab00000,0x00000000f1442bf8,0x00000000fab00000)
  from space 43520K, 79% used [0x00000000fab00000,0x00000000fccf8200,0x00000000fd580000)
  to   space 43520K, 0% used [0x00000000fd580000,0x00000000fd580000,0x0000000100000000)
 ParOldGen       total 699392K, used 19008K [0x00000000c0000000, 0x00000000eab00000, 0x00000000eab00000)
  object space 699392K, 2% used [0x00000000c0000000,0x00000000c1290040,0x00000000eab00000)
 Metaspace       used 78725K, capacity 88410K, committed 88576K, reserved 1126400K
  class space    used 10872K, capacity 11448K, committed 11520K, reserved 1048576K

Card table byte_map: [0x00007ff9d2f77000,0x00007ff9d3178000] byte_map_base: 0x00007ff9d2977000

Marking Bits: (ParMarkBitMap*) 0x00007ff9e1afcb20
 Begin Bits: [0x00007ff9d0b73000, 0x00007ff9d1b73000)
 End Bits:   [0x00007ff9d1b73000, 0x00007ff9d2b73000)

Polling page: 0x00007ff9e297e000

CodeCache: size=131072Kb used=18776Kb max_used=18781Kb free=112295Kb
 bounds [0x00007ff9d3378000, 0x00007ff9d45e8000, 0x00007ff9db378000]
 total_blobs=7611 nmethods=6959 adapters=564
 compilation: enabled

Compilation events (10 events):
Event: 59.565 Thread 0x00007ff9dc191210 nmethod 8007 0x00007ff9d45e0a50 code [0x00007ff9d45e0ba0, 0x00007ff9d45e0cb0]
Event: 59.565 Thread 0x00007ff9dc191210 8008       1       scala.xml.Elem::scope (5 bytes)
Event: 59.566 Thread 0x00007ff9dc01c3f0 nmethod 8006 0x00007ff9d45e0750 code [0x00007ff9d45e08a0, 0x00007ff9d45e0958]
Event: 59.566 Thread 0x00007ff9dc183130 8011       4       scala.collection.mutable.StringBuilder::toString (8 bytes)
Event: 59.566 Thread 0x00007ff9dc191210 nmethod 8008 0x00007ff9d45e0490 code [0x00007ff9d45e05e0, 0x00007ff9d45e06f0]
Event: 59.566 Thread 0x00007ff9dc191210 8009       1       scala.xml.Elem::prefix (5 bytes)
Event: 59.567 Thread 0x00007ff9dc191210 nmethod 8009 0x00007ff9d45e01d0 code [0x00007ff9d45e0320, 0x00007ff9d45e0430]
Event: 59.567 Thread 0x00007ff9dc191210 8010       1       scala.xml.Elem::label (5 bytes)
Event: 59.567 Thread 0x00007ff9dc191210 nmethod 8010 0x00007ff9d45dff10 code [0x00007ff9d45e0060, 0x00007ff9d45e0170]
Event: 59.576 Thread 0x00007ff9dc183130 nmethod 8011 0x00007ff9d45df710 code [0x00007ff9d45df880, 0x00007ff9d45dfbf8]

GC Heap History (10 events):
Event: 17.965 GC heap before
{Heap before GC invocations=5 (full 2):
 PSYoungGen      total 305664K, used 243999K [0x00000000eab00000, 0x0000000100000000, 0x0000000100000000)
  eden space 262144K, 93% used [0x00000000eab00000,0x00000000f9947cc0,0x00000000fab00000)
  from space 43520K, 0% used [0x00000000fd580000,0x00000000fd580000,0x0000000100000000)
  to   space 43520K, 0% used [0x00000000fab00000,0x00000000fab00000,0x00000000fd580000)
 ParOldGen       total 699392K, used 18238K [0x00000000c0000000, 0x00000000eab00000, 0x00000000eab00000)
  object space 699392K, 2% used [0x00000000c0000000,0x00000000c11cf960,0x00000000eab00000)
 Metaspace       used 52034K, capacity 58728K, committed 58880K, reserved 1099776K
  class space    used 7523K, capacity 7915K, committed 7936K, reserved 1048576K
Event: 18.005 GC heap after
Heap after GC invocations=5 (full 2):
 PSYoungGen      total 305664K, used 17863K [0x00000000eab00000, 0x0000000100000000, 0x0000000100000000)
  eden space 262144K, 0% used [0x00000000eab00000,0x00000000eab00000,0x00000000fab00000)
  from space 43520K, 41% used [0x00000000fab00000,0x00000000fbc71f90,0x00000000fd580000)
  to   space 43520K, 0% used [0x00000000fd580000,0x00000000fd580000,0x0000000100000000)
 ParOldGen       total 699392K, used 18254K [0x00000000c0000000, 0x00000000eab00000, 0x00000000eab00000)
  object space 699392K, 2% used [0x00000000c0000000,0x00000000c11d3960,0x00000000eab00000)
 Metaspace       used 52034K, capacity 58728K, committed 58880K, reserved 1099776K
  class space    used 7523K, capacity 7915K, committed 7936K, reserved 1048576K
}
Event: 18.005 GC heap before
{Heap before GC invocations=6 (full 3):
 PSYoungGen      total 305664K, used 17863K [0x00000000eab00000, 0x0000000100000000, 0x0000000100000000)
  eden space 262144K, 0% used [0x00000000eab00000,0x00000000eab00000,0x00000000fab00000)
  from space 43520K, 41% used [0x00000000fab00000,0x00000000fbc71f90,0x00000000fd580000)
  to   space 43520K, 0% used [0x00000000fd580000,0x00000000fd580000,0x0000000100000000)
 ParOldGen       total 699392K, used 18254K [0x00000000c0000000, 0x00000000eab00000, 0x00000000eab00000)
  object space 699392K, 2% used [0x00000000c0000000,0x00000000c11d3960,0x00000000eab00000)
 Metaspace       used 52034K, capacity 58728K, committed 58880K, reserved 1099776K
  class space    used 7523K, capacity 7915K, committed 7936K, reserved 1048576K
Event: 18.330 GC heap after
Heap after GC invocations=6 (full 3):
 PSYoungGen      total 305664K, used 0K [0x00000000eab00000, 0x0000000100000000, 0x0000000100000000)
  eden space 262144K, 0% used [0x00000000eab00000,0x00000000eab00000,0x00000000fab00000)
  from space 43520K, 0% used [0x00000000fab00000,0x00000000fab00000,0x00000000fd580000)
  to   space 43520K, 0% used [0x00000000fd580000,0x00000000fd580000,0x0000000100000000)
 ParOldGen       total 699392K, used 27318K [0x00000000c0000000, 0x00000000eab00000, 0x00000000eab00000)
  object space 699392K, 3% used [0x00000000c0000000,0x00000000c1aada90,0x00000000eab00000)
 Metaspace       used 51868K, capacity 58396K, committed 58880K, reserved 1099776K
  class space    used 7466K, capacity 7848K, committed 7936K, reserved 1048576K
}
Event: 18.342 GC heap before
{Heap before GC invocations=7 (full 3):
 PSYoungGen      total 305664K, used 8234K [0x00000000eab00000, 0x0000000100000000, 0x0000000100000000)
  eden space 262144K, 3% used [0x00000000eab00000,0x00000000eb30ab88,0x00000000fab00000)
  from space 43520K, 0% used [0x00000000fab00000,0x00000000fab00000,0x00000000fd580000)
  to   space 43520K, 0% used [0x00000000fd580000,0x00000000fd580000,0x0000000100000000)
 ParOldGen       total 699392K, used 27318K [0x00000000c0000000, 0x00000000eab00000, 0x00000000eab00000)
  object space 699392K, 3% used [0x00000000c0000000,0x00000000c1aada90,0x00000000eab00000)
 Metaspace       used 51872K, capacity 58402K, committed 58880K, reserved 1099776K
  class space    used 7467K, capacity 7849K, committed 7936K, reserved 1048576K
Event: 18.346 GC heap after
Heap after GC invocations=7 (full 3):
 PSYoungGen      total 305664K, used 64K [0x00000000eab00000, 0x0000000100000000, 0x0000000100000000)
  eden space 262144K, 0% used [0x00000000eab00000,0x00000000eab00000,0x00000000fab00000)
  from space 43520K, 0% used [0x00000000fd580000,0x00000000fd590000,0x0000000100000000)
  to   space 43520K, 0% used [0x00000000fab00000,0x00000000fab00000,0x00000000fd580000)
 ParOldGen       total 699392K, used 27318K [0x00000000c0000000, 0x00000000eab00000, 0x00000000eab00000)
  object space 699392K, 3% used [0x00000000c0000000,0x00000000c1aada90,0x00000000eab00000)
 Metaspace       used 51872K, capacity 58402K, committed 58880K, reserved 1099776K
  class space    used 7467K, capacity 7849K, committed 7936K, reserved 1048576K
}
Event: 18.346 GC heap before
{Heap before GC invocations=8 (full 4):
 PSYoungGen      total 305664K, used 64K [0x00000000eab00000, 0x0000000100000000, 0x0000000100000000)
  eden space 262144K, 0% used [0x00000000eab00000,0x00000000eab00000,0x00000000fab00000)
  from space 43520K, 0% used [0x00000000fd580000,0x00000000fd590000,0x0000000100000000)
  to   space 43520K, 0% used [0x00000000fab00000,0x00000000fab00000,0x00000000fd580000)
 ParOldGen       total 699392K, used 27318K [0x00000000c0000000, 0x00000000eab00000, 0x00000000eab00000)
  object space 699392K, 3% used [0x00000000c0000000,0x00000000c1aada90,0x00000000eab00000)
 Metaspace       used 51872K, capacity 58402K, committed 58880K, reserved 1099776K
  class space    used 7467K, capacity 7849K, committed 7936K, reserved 1048576K
Event: 18.585 GC heap after
Heap after GC invocations=8 (full 4):
 PSYoungGen      total 305664K, used 0K [0x00000000eab00000, 0x0000000100000000, 0x0000000100000000)
  eden space 262144K, 0% used [0x00000000eab00000,0x00000000eab00000,0x00000000fab00000)
  from space 43520K, 0% used [0x00000000fd580000,0x00000000fd580000,0x0000000100000000)
  to   space 43520K, 0% used [0x00000000fab00000,0x00000000fab00000,0x00000000fd580000)
 ParOldGen       total 699392K, used 19000K [0x00000000c0000000, 0x00000000eab00000, 0x00000000eab00000)
  object space 699392K, 2% used [0x00000000c0000000,0x00000000c128e040,0x00000000eab00000)
 Metaspace       used 51872K, capacity 58402K, committed 58880K, reserved 1099776K
  class space    used 7467K, capacity 7849K, committed 7936K, reserved 1048576K
}
Event: 52.417 GC heap before
{Heap before GC invocations=9 (full 4):
 PSYoungGen      total 305664K, used 262144K [0x00000000eab00000, 0x0000000100000000, 0x0000000100000000)
  eden space 262144K, 100% used [0x00000000eab00000,0x00000000fab00000,0x00000000fab00000)
  from space 43520K, 0% used [0x00000000fd580000,0x00000000fd580000,0x0000000100000000)
  to   space 43520K, 0% used [0x00000000fab00000,0x00000000fab00000,0x00000000fd580000)
 ParOldGen       total 699392K, used 19000K [0x00000000c0000000, 0x00000000eab00000, 0x00000000eab00000)
  object space 699392K, 2% used [0x00000000c0000000,0x00000000c128e040,0x00000000eab00000)
 Metaspace       used 67597K, capacity 75784K, committed 75904K, reserved 1116160K
  class space    used 9042K, capacity 9492K, committed 9600K, reserved 1048576K
Event: 52.511 GC heap after
Heap after GC invocations=9 (full 4):
 PSYoungGen      total 305664K, used 34784K [0x00000000eab00000, 0x0000000100000000, 0x0000000100000000)
  eden space 262144K, 0% used [0x00000000eab00000,0x00000000eab00000,0x00000000fab00000)
  from space 43520K, 79% used [0x00000000fab00000,0x00000000fccf8200,0x00000000fd580000)
  to   space 43520K, 0% used [0x00000000fd580000,0x00000000fd580000,0x0000000100000000)
 ParOldGen       total 699392K, used 19008K [0x00000000c0000000, 0x00000000eab00000, 0x00000000eab00000)
  object space 699392K, 2% used [0x00000000c0000000,0x00000000c1290040,0x00000000eab00000)
 Metaspace       used 67597K, capacity 75784K, committed 75904K, reserved 1116160K
  class space    used 9042K, capacity 9492K, committed 9600K, reserved 1048576K
}

Deoptimization events (10 events):
Event: 58.874 Thread 0x00007ff978025850 Uncommon trap: reason=unstable_if action=reinterpret pc=0x00007ff9d44fbbec method=sjsonnew.support.scalajson.unsafe.JsonPrinter$.requiresEncoding(C)Z @ 39
Event: 59.016 Thread 0x00007ff9ddf0c980 Uncommon trap: reason=bimorphic action=maybe_recompile pc=0x00007ff9d3f603c0 method=java.util.regex.Pattern$CharProperty$1.isSatisfiedBy(I)Z @ 5
Event: 59.016 Thread 0x00007ff9ddf0c980 Uncommon trap: reason=bimorphic action=maybe_recompile pc=0x00007ff9d3f603c0 method=java.util.regex.Pattern$CharProperty$1.isSatisfiedBy(I)Z @ 5
Event: 59.017 Thread 0x00007ff9ddf0c980 Uncommon trap: reason=bimorphic action=maybe_recompile pc=0x00007ff9d3f603c0 method=java.util.regex.Pattern$CharProperty$1.isSatisfiedBy(I)Z @ 5
Event: 59.017 Thread 0x00007ff9ddf0c980 Uncommon trap: reason=bimorphic action=maybe_recompile pc=0x00007ff9d3f603c0 method=java.util.regex.Pattern$CharProperty$1.isSatisfiedBy(I)Z @ 5
Event: 59.193 Thread 0x00007ff9ddf0c980 Uncommon trap: reason=unstable_if action=reinterpret pc=0x00007ff9d45d50a0 method=org.sqlite.SQLiteJDBCLoader.contentsEquals(Ljava/io/InputStream;Ljava/io/InputStream;)Z @ 39
Event: 59.247 Thread 0x00007ff9ddf0b720 Uncommon trap: reason=class_check action=maybe_recompile pc=0x00007ff9d3601b8c method=scala.collection.SeqLike.isEmpty()Z @ 2
Event: 59.252 Thread 0x00007ff9ddf0b720 Uncommon trap: reason=class_check action=maybe_recompile pc=0x00007ff9d3601b8c method=scala.collection.SeqLike.isEmpty()Z @ 2
Event: 59.252 Thread 0x00007ff9ddf0b720 Uncommon trap: reason=class_check action=maybe_recompile pc=0x00007ff9d3601b8c method=scala.collection.SeqLike.isEmpty()Z @ 2
Event: 59.252 Thread 0x00007ff9ddf0b720 Uncommon trap: reason=class_check action=maybe_recompile pc=0x00007ff9d3601b8c method=scala.collection.SeqLike.isEmpty()Z @ 2

Classes redefined (0 events):
No events

Internal exceptions (10 events):
Event: 58.474 Thread 0x00007ff9ddf0c020 Exception <a 'java/lang/NoSuchMethodError': java.lang.Object.$anonfun$reverse$1$adapted(Lscala/runtime/ObjectRef;Ljava/lang/Object;)Ljava/lang/Object;> (0x00000000f09f2030) thrown at [/builddir/build/BUILD/java-1.8.0-openjdk-1.8.0.161-5.b14.fc27.x86_64/op
Event: 58.480 Thread 0x00007ff9ddf0b720 Exception <a 'java/lang/NoSuchMethodError': java.lang.Object.$anonfun$foldLeft$1$adapted(Lscala/Function2;Lscala/runtime/ObjectRef;Ljava/lang/Object;)Ljava/lang/Object;> (0x00000000f08df1d0) thrown at [/builddir/build/BUILD/java-1.8.0-openjdk-1.8.0.161-5.
Event: 58.480 Thread 0x00007ff9ddf0c020 Exception <a 'java/lang/NoSuchMethodError': java.lang.Object.$anonfun$foldLeft$1$adapted(Lscala/Function2;Lscala/runtime/ObjectRef;Ljava/lang/Object;)Ljava/lang/Object;> (0x00000000f0a04400) thrown at [/builddir/build/BUILD/java-1.8.0-openjdk-1.8.0.161-5.
Event: 58.729 Thread 0x00007ff9ddf0c020 Implicit null exception at 0x00007ff9d368f9b5 to 0x00007ff9d368fd3d
Event: 58.739 Thread 0x00007ff978025850 Exception <a 'java/lang/NoSuchMethodError': java.lang.Object.$anonfun$flatten$1(Lscala/Function1;Lscala/collection/mutable/Builder;Ljava/lang/Object;)Lscala/collection/mutable/Builder;> (0x00000000f0b631c8) thrown at [/builddir/build/BUILD/java-1.8.0-open
Event: 58.824 Thread 0x00007ff9ddf0b720 Exception <a 'java/lang/NoSuchMethodError': java.lang.Object.$anonfun$asScalaIteratorConverter$1(Lscala/collection/convert/DecorateAsScala;Ljava/util/Iterator;)Lscala/collection/Iterator;> (0x00000000f0dc3f78) thrown at [/builddir/build/BUILD/java-1.8.0-o
Event: 58.824 Thread 0x00007ff978025850 Exception <a 'java/lang/NoSuchMethodError': java.lang.Object.$anonfun$asScalaIteratorConverter$1(Lscala/collection/convert/DecorateAsScala;Ljava/util/Iterator;)Lscala/collection/Iterator;> (0x00000000f0b6d700) thrown at [/builddir/build/BUILD/java-1.8.0-o
Event: 58.868 Thread 0x00007ff978025850 Exception <a 'java/lang/NoSuchMethodError': java.lang.Object.$anonfun$span$1(Lscala/Function1;Lscala/collection/mutable/Builder;Lscala/collection/mutable/Builder;Lscala/runtime/BooleanRef;Ljava/lang/Object;)Lscala/collection/mutable/Builder;> (0x00000000f
Event: 59.117 Thread 0x00007ff9ddf0b720 Exception <a 'java/lang/NoSuchMethodError': java.lang.Object.$anonfun$sum$1(Lscala/math/Numeric;Ljava/lang/Object;Ljava/lang/Object;)Ljava/lang/Object;> (0x00000000f115aa40) thrown at [/builddir/build/BUILD/java-1.8.0-openjdk-1.8.0.161-5.b14.fc27.x86_64/o
Event: 59.373 Thread 0x00007ff9ddf0c980 Exception <a 'java/lang/NoSuchMethodError': java.lang.Object.$anonfun$format$1(Lscala/collection/immutable/StringLike;Ljava/lang/Object;)Ljava/lang/Object;> (0x00000000f1235878) thrown at [/builddir/build/BUILD/java-1.8.0-openjdk-1.8.0.161-5.b14.fc27.x86_

Events (10 events):
Event: 59.385 loading class java/nio/DirectByteBuffer$Deallocator
Event: 59.385 loading class java/nio/DirectByteBuffer$Deallocator done
Event: 59.385 loading class org/scalactic/Bool
Event: 59.385 loading class org/scalactic/Bool done
Event: 59.385 loading class sun/nio/ch/IOStatus
Event: 59.386 loading class sun/nio/ch/IOStatus done
Event: 59.387 loading class org/scalactic/SimpleMacroBool
Event: 59.387 loading class org/scalactic/SimpleMacroBool done
Event: 59.388 loading class org/scalactic/NotBool
Event: 59.388 loading class org/scalactic/NotBool done


Dynamic libraries:
c0000000-100b40000 rw-p 00000000 00:00 0 
100b40000-140000000 ---p 00000000 00:00 0 
55794514c000-55794514d000 r-xp 00000000 fd:00 2129437                    /usr/lib/jvm/java-1.8.0-openjdk-1.8.0.161-5.b14.fc27.x86_64/jre/bin/java
55794534c000-55794534d000 r--p 00000000 fd:00 2129437                    /usr/lib/jvm/java-1.8.0-openjdk-1.8.0.161-5.b14.fc27.x86_64/jre/bin/java
55794534d000-55794534e000 rw-p 00001000 fd:00 2129437                    /usr/lib/jvm/java-1.8.0-openjdk-1.8.0.161-5.b14.fc27.x86_64/jre/bin/java
55794555a000-55794557b000 rw-p 00000000 00:00 0                          [heap]
7ff950000000-7ff950021000 rw-p 00000000 00:00 0 
7ff950021000-7ff954000000 ---p 00000000 00:00 0 
7ff958000000-7ff958021000 rw-p 00000000 00:00 0 
7ff958021000-7ff95c000000 ---p 00000000 00:00 0 
7ff95c000000-7ff95c021000 rw-p 00000000 00:00 0 
7ff95c021000-7ff960000000 ---p 00000000 00:00 0 
7ff960000000-7ff96008c000 rw-p 00000000 00:00 0 
7ff96008c000-7ff964000000 ---p 00000000 00:00 0 
7ff964000000-7ff964021000 rw-p 00000000 00:00 0 
7ff964021000-7ff968000000 ---p 00000000 00:00 0 
7ff968000000-7ff9681ba000 rw-p 00000000 00:00 0 
7ff9681ba000-7ff96c000000 ---p 00000000 00:00 0 
7ff96c000000-7ff96d5e0000 rw-p 00000000 00:00 0 
7ff96d5e0000-7ff970000000 ---p 00000000 00:00 0 
7ff970000000-7ff97099e000 rw-p 00000000 00:00 0 
7ff97099e000-7ff974000000 ---p 00000000 00:00 0 
7ff974000000-7ff974595000 rw-p 00000000 00:00 0 
7ff974595000-7ff978000000 ---p 00000000 00:00 0 
7ff978000000-7ff978067000 rw-p 00000000 00:00 0 
7ff978067000-7ff97c000000 ---p 00000000 00:00 0 
7ff97c000000-7ff97c2ed000 rw-p 00000000 00:00 0 
7ff97c2ed000-7ff980000000 ---p 00000000 00:00 0 
7ff980000000-7ff98007d000 rw-p 00000000 00:00 0 
7ff98007d000-7ff984000000 ---p 00000000 00:00 0 
7ff984000000-7ff984021000 rw-p 00000000 00:00 0 
7ff984021000-7ff988000000 ---p 00000000 00:00 0 
7ff988000000-7ff988021000 rw-p 00000000 00:00 0 
7ff988021000-7ff98c000000 ---p 00000000 00:00 0 
7ff98c000000-7ff98c021000 rw-p 00000000 00:00 0 
7ff98c021000-7ff990000000 ---p 00000000 00:00 0 
7ff990000000-7ff991186000 rw-p 00000000 00:00 0 
7ff991186000-7ff994000000 ---p 00000000 00:00 0 
7ff994000000-7ff994e3f000 rw-p 00000000 00:00 0 
7ff994e3f000-7ff998000000 ---p 00000000 00:00 0 
7ff998000000-7ff999353000 rw-p 00000000 00:00 0 
7ff999353000-7ff99c000000 ---p 00000000 00:00 0 
7ff99d430000-7ff9a3fff000 r--p 00000000 fd:00 786824                     /usr/lib/locale/locale-archive
7ff9a4000000-7ff9a4021000 rw-p 00000000 00:00 0 
7ff9a4021000-7ff9a8000000 ---p 00000000 00:00 0 
7ff9a8000000-7ff9a8021000 rw-p 00000000 00:00 0 
7ff9a8021000-7ff9ac000000 ---p 00000000 00:00 0 
7ff9ac000000-7ff9ac021000 rw-p 00000000 00:00 0 
7ff9ac021000-7ff9b0000000 ---p 00000000 00:00 0 
7ff9b0000000-7ff9b0021000 rw-p 00000000 00:00 0 
7ff9b0021000-7ff9b4000000 ---p 00000000 00:00 0 
7ff9b4000000-7ff9b4021000 rw-p 00000000 00:00 0 
7ff9b4021000-7ff9b8000000 ---p 00000000 00:00 0 
7ff9bc000000-7ff9bc021000 rw-p 00000000 00:00 0 
7ff9bc021000-7ff9c0000000 ---p 00000000 00:00 0 
7ff9c07d0000-7ff9c08b5000 r-xp 00000000 00:2c 5995793                    /tmp/sqlite-3.21.0.1-84c12117-3a6e-44b0-a378-ba7845af7a4f-libsqlitejdbc.so
7ff9c08b5000-7ff9c0ab4000 ---p 000e5000 00:2c 5995793                    /tmp/sqlite-3.21.0.1-84c12117-3a6e-44b0-a378-ba7845af7a4f-libsqlitejdbc.so
7ff9c0ab4000-7ff9c0ab9000 rw-p 000e4000 00:2c 5995793                    /tmp/sqlite-3.21.0.1-84c12117-3a6e-44b0-a378-ba7845af7a4f-libsqlitejdbc.so
7ff9c0ab9000-7ff9c0aba000 rw-p 00000000 00:00 0 
7ff9c0abd000-7ff9c0bfd000 rw-p 00000000 00:00 0 
7ff9c0bfd000-7ff9c0cbd000 ---p 00000000 00:00 0 
7ff9c0cbd000-7ff9c0ebd000 rw-p 00000000 00:00 0 
7ff9c0ebd000-7ff9c0ec0000 ---p 00000000 00:00 0 
7ff9c0ec0000-7ff9c0fbe000 rw-p 00000000 00:00 0 
7ff9c0fbe000-7ff9c0fc1000 ---p 00000000 00:00 0 
7ff9c0fc1000-7ff9c12bf000 rw-p 00000000 00:00 0 
7ff9c12bf000-7ff9c14bf000 rw-p 00000000 00:00 0 
7ff9c14bf000-7ff9c16bf000 rw-p 00000000 00:00 0 
7ff9c16bf000-7ff9c16c2000 r--s 0002f000 fd:02 1705430                    /home/rgarcia/.ivy2/cache/org.scala-lang.modules/scala-parser-combinators_2.12/bundles/scala-parser-combinators_2.12-1.0.4.jar
7ff9c16c9000-7ff9c16ce000 r--s 00081000 fd:02 1706327                    /home/rgarcia/.ivy2/cache/org.scala-lang.modules/scala-xml_2.12/bundles/scala-xml_2.12-1.0.5.jar
7ff9c16d1000-7ff9c170c000 r--s 00671000 fd:02 2624607                    /home/rgarcia/.ivy2/cache/org.scalatest/scalatest_2.12/bundles/scalatest_2.12-3.0.4.jar
7ff9c1712000-7ff9c1716000 r--s 0065a000 fd:02 2491891                    /home/rgarcia/.ivy2/cache/org.xerial/sqlite-jdbc/jars/sqlite-jdbc-3.21.0.1.jar
7ff9c171d000-7ff9c1725000 r--s 000a5000 fd:02 2624608                    /home/rgarcia/.ivy2/cache/org.scalactic/scalactic_2.12/bundles/scalactic_2.12-3.0.4.jar
7ff9c1728000-7ff9c1729000 r--s 00000000 fd:02 3015572                    /home/rgarcia/.ivy2/cache/org.typelevel/cats-jvm_2.12/jars/cats-jvm_2.12-0.9.0.jar
7ff9c1729000-7ff9c172c000 r--s 00031000 fd:02 3015565                    /home/rgarcia/.ivy2/cache/org.typelevel/cats-free_2.12/jars/cats-free_2.12-0.9.0.jar
7ff9c172d000-7ff9c1733000 r--s 00085000 fd:02 3015561                    /home/rgarcia/.ivy2/cache/org.typelevel/cats-laws_2.12/jars/cats-laws_2.12-0.9.0.jar
7ff9c173a000-7ff9c1753000 r--s 0027a000 fd:02 3015553                    /home/rgarcia/.ivy2/cache/org.typelevel/cats-core_2.12/jars/cats-core_2.12-0.9.0.jar
7ff9c175a000-7ff9c175b000 r--s 00002000 fd:02 3015573                    /home/rgarcia/.ivy2/cache/org.typelevel/catalysts-macros_2.12/jars/catalysts-macros_2.12-0.0.5.jar
7ff9c175d000-7ff9c175f000 r--s 00005000 fd:02 3015567                    /home/rgarcia/.ivy2/cache/org.typelevel/discipline_2.12/jars/discipline_2.12-0.7.2.jar
7ff9c1762000-7ff9c1764000 r--s 00002000 fd:02 1705887                    /home/rgarcia/.ivy2/cache/org.scala-sbt/test-interface/jars/test-interface-1.0.jar
7ff9c1767000-7ff9c176d000 r--s 000a7000 fd:02 3015563                    /home/rgarcia/.ivy2/cache/org.scalacheck/scalacheck_2.12/jars/scalacheck_2.12-1.13.4.jar
7ff9c1773000-7ff9c1775000 r--s 0000b000 fd:02 3015579                    /home/rgarcia/.ivy2/cache/org.typelevel/cats-kernel-laws_2.12/jars/cats-kernel-laws_2.12-0.9.0.jar
7ff9c177a000-7ff9c178c000 r--s 003fa000 fd:02 3015558                    /home/rgarcia/.ivy2/cache/org.typelevel/cats-kernel_2.12/jars/cats-kernel_2.12-0.9.0.jar
7ff9c178f000-7ff9c1791000 r--s 00007000 fd:02 3015555                    /home/rgarcia/.ivy2/cache/org.typelevel/machinist_2.12/jars/machinist_2.12-0.6.1.jar
7ff9c1795000-7ff9c17b8000 r--s 00345000 fd:02 1706771                    /home/rgarcia/.ivy2/cache/org.scala-lang/scala-reflect/jars/scala-reflect-2.12.3.jar
7ff9c17ba000-7ff9c17f1000 r--s 004ca000 fd:02 1706770                    /home/rgarcia/.ivy2/cache/org.scala-lang/scala-library/jars/scala-library-2.12.3.jar
7ff9c17f8000-7ff9c19f8000 rw-p 00000000 00:00 0 
7ff9c19f8000-7ff9c1bf8000 rw-p 00000000 00:00 0 
7ff9c1bf8000-7ff9c1bfb000 ---p 00000000 00:00 0 
7ff9c1bfb000-7ff9c1cf9000 rw-p 00000000 00:00 0 
7ff9c1cf9000-7ff9c1cfc000 ---p 00000000 00:00 0 
7ff9c1cfc000-7ff9c1ffa000 rw-p 00000000 00:00 0 
7ff9c1ffa000-7ff9c21fa000 rw-p 00000000 00:00 0 
7ff9c21fa000-7ff9c23fa000 rw-p 00000000 00:00 0 
7ff9c23fa000-7ff9c25fa000 rw-p 00000000 00:00 0 
7ff9c25fa000-7ff9c27fa000 rw-p 00000000 00:00 0 
7ff9c27fa000-7ff9c29fa000 rw-p 00000000 00:00 0 
7ff9c29fa000-7ff9c2bfa000 rw-p 00000000 00:00 0 
7ff9c2bfa000-7ff9c2dfa000 rw-p 00000000 00:00 0 
7ff9c2dfa000-7ff9c2dfd000 ---p 00000000 00:00 0 
7ff9c2dfd000-7ff9c30fb000 rw-p 00000000 00:00 0 
7ff9c30fb000-7ff9c30fe000 ---p 00000000 00:00 0 
7ff9c30fe000-7ff9c31fc000 rw-p 00000000 00:00 0 
7ff9c31fc000-7ff9c31ff000 ---p 00000000 00:00 0 
7ff9c31ff000-7ff9c34fd000 rw-p 00000000 00:00 0 
7ff9c34fd000-7ff9c3500000 ---p 00000000 00:00 0 
7ff9c3500000-7ff9c35fe000 rw-p 00000000 00:00 0 
7ff9c35fe000-7ff9c3601000 ---p 00000000 00:00 0 
7ff9c3601000-7ff9c36ff000 rw-p 00000000 00:00 0 
7ff9c36ff000-7ff9c3702000 ---p 00000000 00:00 0 
7ff9c3702000-7ff9c3a00000 rw-p 00000000 00:00 0 
7ff9c3a00000-7ff9c3c00000 rw-p 00000000 00:00 0 
7ff9c3c00000-7ff9c3e00000 rw-p 00000000 00:00 0 
7ff9c3e00000-7ff9c4000000 rw-p 00000000 00:00 0 
7ff9c4000000-7ff9c4021000 rw-p 00000000 00:00 0 
7ff9c4021000-7ff9c8000000 ---p 00000000 00:00 0 
7ff9c8000000-7ff9c8001000 r--s 00000000 fd:02 3015569                    /home/rgarcia/.ivy2/cache/org.typelevel/catalysts-platform_2.12/jars/catalysts-platform_2.12-0.0.5.jar
7ff9c8008000-7ff9c8009000 r--s 00000000 fd:02 3015559                    /home/rgarcia/.ivy2/cache/org.typelevel/macro-compat_2.12/jars/macro-compat_2.12-1.1.1.jar
7ff9c800b000-7ff9c800c000 r--s 00013000 fd:02 3015577                    /home/rgarcia/.ivy2/cache/com.github.mpilquist/simulacrum_2.12/jars/simulacrum_2.12-0.10.0.jar
7ff9c8011000-7ff9c8012000 r--s 00001000 fd:02 3015554                    /home/rgarcia/.ivy2/cache/org.typelevel/cats-macros_2.12/jars/cats-macros_2.12-0.9.0.jar
7ff9c8018000-7ff9c8019000 r--s 00000000 fd:02 3015576                    /home/rgarcia/.ivy2/cache/org.typelevel/cats_2.12/jars/cats_2.12-0.9.0.jar
7ff9c801e000-7ff9c8022000 r--s 0003e000 fd:02 1705867                    /home/rgarcia/.ivy2/cache/jline/jline/jars/jline-2.14.4.jar
7ff9c8022000-7ff9c8025000 ---p 00000000 00:00 0 
7ff9c8025000-7ff9c8323000 rw-p 00000000 00:00 0 
7ff9c8323000-7ff9c8523000 rw-p 00000000 00:00 0 
7ff9c8523000-7ff9c8723000 rw-p 00000000 00:00 0 
7ff9c8728000-7ff9c872e000 r--s 00080000 fd:02 1705811                    /home/rgarcia/.ivy2/cache/org.scala-lang.modules/scala-xml_2.12/bundles/scala-xml_2.12-1.0.6.jar
7ff9c8734000-7ff9c8780000 r--s 00914000 fd:02 1706772                    /home/rgarcia/.ivy2/cache/org.scala-lang/scala-compiler/jars/scala-compiler-2.12.3.jar
7ff9c8782000-7ff9c8783000 r--s 00002000 fd:00 2129377                    /usr/lib/jvm/java-1.8.0-openjdk-1.8.0.161-5.b14.fc27.x86_64/jre/lib/ext/dnsns.jar
7ff9c8787000-7ff9c87a2000 r--s 003b7000 fd:00 2129495                    /usr/lib/jvm/java-1.8.0-openjdk-1.8.0.161-5.b14.fc27.x86_64/jre/lib/ext/cldrdata.jar
7ff9c87a3000-7ff9c87a9000 r--s 00043000 fd:00 2129366                    /usr/lib/jvm/java-1.8.0-openjdk-1.8.0.161-5.b14.fc27.x86_64/jre/lib/ext/sunjce_provider.jar
7ff9c87ac000-7ff9c87b7000 r--s 0011c000 fd:00 2129372                    /usr/lib/jvm/java-1.8.0-openjdk-1.8.0.161-5.b14.fc27.x86_64/jre/lib/ext/localedata.jar
7ff9c87b7000-7ff9c87b8000 r--s 00007000 fd:00 2129367                    /usr/lib/jvm/java-1.8.0-openjdk-1.8.0.161-5.b14.fc27.x86_64/jre/lib/ext/sunec.jar
7ff9c87bf000-7ff9c87c2000 r--s 0003f000 fd:00 2129373                    /usr/lib/jvm/java-1.8.0-openjdk-1.8.0.161-5.b14.fc27.x86_64/jre/lib/ext/sunpkcs11.jar
7ff9c87c3000-7ff9c87c4000 r--s 0000b000 fd:00 2129376                    /usr/lib/jvm/java-1.8.0-openjdk-1.8.0.161-5.b14.fc27.x86_64/jre/lib/ext/jaccess.jar
7ff9c87c9000-7ff9c87cf000 r--s 00309000 fd:00 2129344                    /usr/lib/jvm/java-1.8.0-openjdk-1.8.0.161-5.b14.fc27.x86_64/jre/lib/charsets.jar
7ff9c87d1000-7ff9c87d3000 r--s 00019000 fd:00 2129506                    /usr/lib/jvm/java-1.8.0-openjdk-1.8.0.161-5.b14.fc27.x86_64/jre/lib/jce.jar
7ff9c87d6000-7ff9c87e9000 r--s 00346000 fd:00 2129349                    /usr/lib/jvm/java-1.8.0-openjdk-1.8.0.161-5.b14.fc27.x86_64/jre/lib/resources.jar
7ff9c87ea000-7ff9c87ec000 r--s 00012000 fd:00 2129368                    /usr/lib/jvm/java-1.8.0-openjdk-1.8.0.161-5.b14.fc27.x86_64/jre/lib/ext/zipfs.jar
7ff9c87ef000-7ff9c8868000 r--s 012bf000 fd:00 2129693                    /usr/lib/jvm/java-1.8.0-openjdk-1.8.0.161-5.b14.fc27.x86_64/lib/tools.jar
7ff9c886d000-7ff9c8870000 ---p 00000000 00:00 0 
7ff9c8870000-7ff9c8aa6000 rw-p 00000000 00:00 0 
7ff9c8aa6000-7ff9c8aab000 r--s 000b6000 fd:00 2129508                    /usr/lib/jvm/java-1.8.0-openjdk-1.8.0.161-5.b14.fc27.x86_64/jre/lib/jsse.jar
7ff9c8aad000-7ff9c8cad000 rw-p 00000000 00:00 0 
7ff9c8cad000-7ff9c8ead000 rw-p 00000000 00:00 0 
7ff9c8ead000-7ff9c90ad000 rw-p 00000000 00:00 0 
7ff9c90ad000-7ff9c92ad000 rw-p 00000000 00:00 0 
7ff9c92ad000-7ff9c92b0000 ---p 00000000 00:00 0 
7ff9c92b0000-7ff9c95ae000 rw-p 00000000 00:00 0 
7ff9c95ae000-7ff9c97ae000 rw-p 00000000 00:00 0 
7ff9c97ae000-7ff9c97c9000 r--s 001d6000 fd:00 2129370                    /usr/lib/jvm/java-1.8.0-openjdk-1.8.0.161-5.b14.fc27.x86_64/jre/lib/ext/nashorn.jar
7ff9c97d0000-7ff9c97d8000 r-xp 00000000 fd:00 2129471                    /usr/lib/jvm/java-1.8.0-openjdk-1.8.0.161-5.b14.fc27.x86_64/jre/lib/amd64/libmanagement.so
7ff9c97d8000-7ff9c99d8000 ---p 00008000 fd:00 2129471                    /usr/lib/jvm/java-1.8.0-openjdk-1.8.0.161-5.b14.fc27.x86_64/jre/lib/amd64/libmanagement.so
7ff9c99d8000-7ff9c99d9000 r--p 00008000 fd:00 2129471                    /usr/lib/jvm/java-1.8.0-openjdk-1.8.0.161-5.b14.fc27.x86_64/jre/lib/amd64/libmanagement.so
7ff9c99d9000-7ff9c99da000 rw-p 00009000 fd:00 2129471                    /usr/lib/jvm/java-1.8.0-openjdk-1.8.0.161-5.b14.fc27.x86_64/jre/lib/amd64/libmanagement.so
7ff9c99db000-7ff9c99dc000 r--s 00003000 fd:02 1706721                    /home/rgarcia/.sbt/boot/scala-2.12.4/org.scala-sbt/sbt/1.0.3/zinc-compile_2.12-1.0.3.jar
7ff9c99e1000-7ff9c99e2000 r--s 00001000 fd:02 1706734                    /home/rgarcia/.sbt/boot/scala-2.12.4/org.scala-sbt/sbt/1.0.3/sjson-new-murmurhash_2.12-0.8.0.jar
7ff9c99e5000-7ff9c99f2000 r--s 001ad000 fd:02 1706709                    /home/rgarcia/.sbt/boot/scala-2.12.4/org.scala-sbt/sbt/1.0.3/zinc-persist_2.12-1.0.3.jar
7ff9c99f5000-7ff9c99f7000 r--s 0002d000 fd:02 1706680                    /home/rgarcia/.sbt/boot/scala-2.12.4/org.scala-sbt/sbt/1.0.3/util-cache_2.12-1.0.2.jar
7ff9c99fc000-7ff9c9bfc000 rw-p 00000000 00:00 0 
7ff9c9bfc000-7ff9c9dfc000 rw-p 00000000 00:00 0 
7ff9c9dfc000-7ff9c9dff000 r--s 0003c000 fd:02 1706699                    /home/rgarcia/.sbt/boot/scala-2.12.4/org.scala-sbt/sbt/1.0.3/completion_2.12-1.0.3.jar
7ff9c9e06000-7ff9c9e08000 r--s 0000e000 fd:02 1706743                    /home/rgarcia/.sbt/boot/scala-2.12.4/org.scala-sbt/sbt/1.0.3/fastparse-utils_2.12-0.4.2.jar
7ff9c9e0d000-7ff9c9e10000 r--s 0002d000 fd:02 1706730                    /home/rgarcia/.sbt/boot/scala-2.12.4/org.scala-sbt/sbt/1.0.3/testing_2.12-1.0.3.jar
7ff9c9e13000-7ff9c9e14000 r--s 00003000 fd:02 1706731                    /home/rgarcia/.sbt/boot/scala-2.12.4/org.scala-sbt/sbt/1.0.3/util-position_2.12-1.0.2.jar
7ff9c9e14000-7ff9c9e16000 r--s 00024000 fd:02 1706715                    /home/rgarcia/.sbt/boot/scala-2.12.4/org.scala-sbt/sbt/1.0.3/zinc-apiinfo_2.12-1.0.3.jar
7ff9c9e18000-7ff9c9e1e000 r--s 00080000 fd:02 1706684                    /home/rgarcia/.sbt/boot/scala-2.12.4/org.scala-sbt/sbt/1.0.3/scala-xml_2.12-1.0.6.jar
7ff9c9e24000-7ff9c9e25000 r--s 0000c000 fd:02 1706728                    /home/rgarcia/.sbt/boot/scala-2.12.4/org.scala-sbt/sbt/1.0.3/zinc-classfile_2.12-1.0.3.jar
7ff9c9e28000-7ff9c9e2a000 r--s 00008000 fd:02 1706740                    /home/rgarcia/.sbt/boot/scala-2.12.4/org.scala-sbt/sbt/1.0.3/sjson-new-scalajson_2.12-0.8.0.jar
7ff9c9e31000-7ff9c9e33000 r--s 00019000 fd:02 1706687                    /home/rgarcia/.sbt/boot/scala-2.12.4/org.scala-sbt/sbt/1.0.3/protocol_2.12-1.0.3.jar
7ff9c9e39000-7ff9c9e3b000 r--s 00019000 fd:02 1706733                    /home/rgarcia/.sbt/boot/scala-2.12.4/org.scala-sbt/sbt/1.0.3/task-system_2.12-1.0.3.jar
7ff9c9e3e000-7ff9c9e3f000 r--s 0000e000 fd:02 1706739                    /home/rgarcia/.sbt/boot/scala-2.12.4/org.scala-sbt/sbt/1.0.3/sbt-1.0.3.jar
7ff9c9e40000-7ff9c9e41000 r--s 00000000 fd:02 1706714                    /home/rgarcia/.sbt/boot/scala-2.12.4/org.scala-sbt/sbt/1.0.3/reactive-streams-1.0.0.jar
7ff9c9e45000-7ff9c9e46000 r--s 00005000 fd:02 1706698                    /home/rgarcia/.sbt/boot/scala-2.12.4/org.scala-sbt/sbt/1.0.3/log4j-slf4j-impl-2.8.1.jar
7ff9c9e49000-7ff9ca049000 rw-p 00000000 00:00 0 
7ff9ca049000-7ff9ca053000 r--s 00169000 fd:02 1706683                    /home/rgarcia/.sbt/boot/scala-2.12.4/org.scala-sbt/sbt/1.0.3/main_2.12-1.0.3.jar
7ff9ca053000-7ff9ca054000 r--s 0000b000 fd:02 1706678                    /home/rgarcia/.sbt/boot/scala-2.12.4/org.scala-sbt/sbt/1.0.3/zinc-ivy-integration_2.12-1.0.3.jar
7ff9ca058000-7ff9ca05a000 r--s 00010000 fd:02 1706746                    /home/rgarcia/.sbt/boot/scala-2.12.4/org.scala-sbt/sbt/1.0.3/run_2.12-1.0.3.jar
7ff9ca05f000-7ff9ca063000 r--s 00047000 fd:02 1706737                    /home/rgarcia/.sbt/boot/scala-2.12.4/org.scala-sbt/sbt/1.0.3/fastparse_2.12-0.4.2.jar
7ff9ca06a000-7ff9ca06d000 r--s 00022000 fd:02 1706711                    /home/rgarcia/.sbt/boot/scala-2.12.4/org.scala-sbt/sbt/1.0.3/sbinary_2.12-0.4.4.jar
7ff9ca073000-7ff9ca079000 r--s 0005b000 fd:02 1706713                    /home/rgarcia/.sbt/boot/scala-2.12.4/org.scala-sbt/sbt/1.0.3/okhttp-3.7.0.jar
7ff9ca07b000-7ff9ca080000 r--s 000bb000 fd:02 1706706                    /home/rgarcia/.sbt/boot/scala-2.12.4/org.scala-sbt/sbt/1.0.3/sjson-new-core_2.12-0.8.0.jar
7ff9ca082000-7ff9ca084000 r--s 00002000 fd:02 1706742                    /home/rgarcia/.sbt/boot/scala-2.12.4/org.scala-sbt/sbt/1.0.3/util-control_2.12-1.0.2.jar
7ff9ca087000-7ff9ca088000 r--s 00007000 fd:02 1706719                    /home/rgarcia/.sbt/boot/scala-2.12.4/org.scala-sbt/sbt/1.0.3/okhttp-urlconnection-3.7.0.jar
7ff9ca08f000-7ff9ca091000 r--s 0000f000 fd:02 1706732                    /home/rgarcia/.sbt/boot/scala-2.12.4/org.scala-sbt/sbt/1.0.3/shaded-scalajson_2.12-1.0.0-M4.jar
7ff9ca097000-7ff9ca099000 r--s 00007000 fd:02 1706725                    /home/rgarcia/.sbt/boot/scala-2.12.4/org.scala-sbt/sbt/1.0.3/util-tracking_2.12-1.0.2.jar
7ff9ca0a0000-7ff9ca0a1000 r--s 00000000 fd:02 1706707                    /home/rgarcia/.sbt/boot/scala-2.12.4/org.scala-sbt/sbt/1.0.3/template-resolver-0.1.jar
7ff9ca0a1000-7ff9ca0a3000 r--s 00011000 fd:02 1706700                    /home/rgarcia/.sbt/boot/scala-2.12.4/org.scala-sbt/sbt/1.0.3/jawn-parser_2.12-0.10.4.jar
7ff9ca0aa000-7ff9ca0ad000 r--s 00012000 fd:02 1706701                    /home/rgarcia/.sbt/boot/scala-2.12.4/org.scala-sbt/sbt/1.0.3/disruptor-3.3.6.jar
7ff9ca0b1000-7ff9ca0b3000 r--s 00019000 fd:02 1706692                    /home/rgarcia/.sbt/boot/scala-2.12.4/org.scala-sbt/sbt/1.0.3/sourcecode_2.12-0.1.3.jar
7ff9ca0b9000-7ff9ca0bc000 r--s 00039000 fd:02 1706695                    /home/rgarcia/.sbt/boot/scala-2.12.4/org.scala-sbt/sbt/1.0.3/util-logging_2.12-1.0.2.jar
7ff9ca0c2000-7ff9ca0c3000 r--s 00002000 fd:02 1706702                    /home/rgarcia/.sbt/boot/scala-2.12.4/org.scala-sbt/sbt/1.0.3/launcher-interface-1.0.0.jar
7ff9ca0c9000-7ff9ca0cb000 r--s 00009000 fd:02 1706736                    /home/rgarcia/.sbt/boot/scala-2.12.4/org.scala-sbt/sbt/1.0.3/slf4j-api-1.7.25.jar
7ff9ca0cb000-7ff9ca0d0000 r--s 00033000 fd:02 1706688                    /home/rgarcia/.sbt/boot/scala-2.12.4/org.scala-sbt/sbt/1.0.3/log4j-api-2.8.1.jar
7ff9ca0d4000-7ff9ca0d8000 r--s 00034000 fd:02 1706685                    /home/rgarcia/.sbt/boot/scala-2.12.4/org.scala-sbt/sbt/1.0.3/jsch-0.1.46.jar
7ff9ca0db000-7ff9ca0df000 r--s 00013000 fd:02 1706723                    /home/rgarcia/.sbt/boot/scala-2.12.4/org.scala-sbt/sbt/1.0.3/compiler-interface-1.0.3.jar
7ff9ca0e0000-7ff9ca0e4000 r--s 00030000 fd:02 1706710                    /home/rgarcia/.sbt/boot/scala-2.12.4/org.scala-sbt/sbt/1.0.3/scala-parser-combinators_2.12-1.0.5.jar
7ff9ca0e4000-7ff9ca0e9000 r--s 0004c000 fd:02 1706703                    /home/rgarcia/.sbt/boot/scala-2.12.4/org.scala-sbt/sbt/1.0.3/collections_2.12-1.0.3.jar
7ff9ca0eb000-7ff9ca0ec000 r--s 00003000 fd:02 1706745                    /home/rgarcia/.sbt/boot/scala-2.12.4/org.scala-sbt/sbt/1.0.3/util-relation_2.12-1.0.2.jar
7ff9ca0ed000-7ff9ca0f7000 r--s 000ad000 fd:02 1706690                    /home/rgarcia/.sbt/boot/scala-2.12.4/org.scala-sbt/sbt/1.0.3/librarymanagement-core_2.12-1.0.3.jar
7ff9ca0fb000-7ff9ca0fd000 r--s 0000b000 fd:02 1706744                    /home/rgarcia/.sbt/boot/scala-2.12.4/org.scala-sbt/sbt/1.0.3/logic_2.12-1.0.3.jar
7ff9ca0fd000-7ff9ca10c000 r--s 0013d000 fd:02 1706681                    /home/rgarcia/.sbt/boot/scala-2.12.4/org.scala-sbt/sbt/1.0.3/protobuf-java-3.3.1.jar
7ff9ca112000-7ff9ca114000 r--s 00012000 fd:02 1706741                    /home/rgarcia/.sbt/boot/scala-2.12.4/org.scala-sbt/sbt/1.0.3/okio-1.12.0.jar
7ff9ca116000-7ff9ca119000 r--s 00026000 fd:02 1706726                    /home/rgarcia/.sbt/boot/scala-2.12.4/org.scala-sbt/sbt/1.0.3/gigahorse-core_2.12-0.3.0.jar
7ff9ca120000-7ff9ca122000 r--s 00010000 fd:02 1706708                    /home/rgarcia/.sbt/boot/scala-2.12.4/org.scala-sbt/sbt/1.0.3/zinc-classpath_2.12-1.0.3.jar
7ff9ca122000-7ff9ca124000 r--s 00012000 fd:02 1706693                    /home/rgarcia/.sbt/boot/scala-2.12.4/org.scala-sbt/sbt/1.0.3/core-macros_2.12-1.0.3.jar
7ff9ca129000-7ff9ca12e000 r--s 00031000 fd:02 1706727                    /home/rgarcia/.sbt/boot/scala-2.12.4/org.scala-sbt/sbt/1.0.3/config-1.2.0.jar
7ff9ca12e000-7ff9ca133000 r--s 0004e000 fd:02 1706735                    /home/rgarcia/.sbt/boot/scala-2.12.4/org.scala-sbt/sbt/1.0.3/zinc-core_2.12-1.0.3.jar
7ff9ca13a000-7ff9ca13d000 r--s 0002a000 fd:02 1706716                    /home/rgarcia/.sbt/boot/scala-2.12.4/org.scala-sbt/sbt/1.0.3/io_2.12-1.0.2.jar
7ff9ca13e000-7ff9ca142000 r--s 0003e000 fd:02 1706720                    /home/rgarcia/.sbt/boot/scala-2.12.4/org.scala-sbt/sbt/1.0.3/jline-2.14.4.jar
7ff9ca143000-7ff9ca146000 r--s 00033000 fd:02 1706697                    /home/rgarcia/.sbt/boot/scala-2.12.4/org.scala-sbt/sbt/1.0.3/zinc-compile-core_2.12-1.0.3.jar
7ff9ca149000-7ff9ca151000 r--s 00091000 fd:02 1706694                    /home/rgarcia/.sbt/boot/scala-2.12.4/org.scala-sbt/sbt/1.0.3/main-settings_2.12-1.0.3.jar
7ff9ca152000-7ff9ca174000 r--s 0034a000 fd:02 1706689                    /home/rgarcia/.sbt/boot/scala-2.12.4/org.scala-sbt/sbt/1.0.3/scala-reflect-2.12.4.jar
7ff9ca17b000-7ff9ca197000 r--s 0013b000 fd:02 1706679                    /home/rgarcia/.sbt/boot/scala-2.12.4/org.scala-sbt/sbt/1.0.3/log4j-core-2.8.1.jar
7ff9ca19a000-7ff9ca1a0000 r--s 00092000 fd:02 1706705                    /home/rgarcia/.sbt/boot/scala-2.12.4/org.scala-sbt/sbt/1.0.3/librarymanagement-ivy_2.12-1.0.3.jar
7ff9ca1a5000-7ff9ca1a7000 r--s 0002d000 fd:02 1706717                    /home/rgarcia/.sbt/boot/scala-2.12.4/org.scala-sbt/sbt/1.0.3/command_2.12-1.0.3.jar
7ff9ca1aa000-7ff9ca1ac000 r--s 00002000 fd:02 1706724                    /home/rgarcia/.sbt/boot/scala-2.12.4/org.scala-sbt/sbt/1.0.3/test-interface-1.0.jar
7ff9ca1ad000-7ff9ca1af000 r--s 0000d000 fd:02 1706729                    /home/rgarcia/.sbt/boot/scala-2.12.4/org.scala-sbt/sbt/1.0.3/zinc_2.12-1.0.3.jar
7ff9ca1af000-7ff9ca1b1000 r--s 00007000 fd:02 1706722                    /home/rgarcia/.sbt/boot/scala-2.12.4/org.scala-sbt/sbt/1.0.3/lenses_2.12-0.4.12.jar
7ff9ca1b1000-7ff9ca1c6000 r--s 00101000 fd:02 1706696                    /home/rgarcia/.sbt/boot/scala-2.12.4/org.scala-sbt/sbt/1.0.3/ivy-2.3.0-sbt-1b57d3bbc08ecf671169fd548918da18c91f77be.jar
7ff9ca1c9000-7ff9ca1ca000 r--s 00009000 fd:02 1706682                    /home/rgarcia/.sbt/boot/scala-2.12.4/org.scala-sbt/sbt/1.0.3/gigahorse-okhttp_2.12-0.3.0.jar
7ff9ca1ce000-7ff9ca1db000 r--s 001a6000 fd:02 1706718                    /home/rgarcia/.sbt/boot/scala-2.12.4/org.scala-sbt/sbt/1.0.3/scalapb-runtime_2.12-0.6.0.jar
7ff9ca1e0000-7ff9ca1e1000 r--s 00000000 fd:02 1706691                    /home/rgarcia/.sbt/boot/scala-2.12.4/org.scala-sbt/sbt/1.0.3/util-interface-1.0.2.jar
7ff9ca1e8000-7ff9ca1ec000 r--s 00038000 fd:02 1706686                    /home/rgarcia/.sbt/boot/scala-2.12.4/org.scala-sbt/sbt/1.0.3/ssl-config-core_2.12-0.2.2.jar
7ff9ca1f2000-7ff9ca1f4000 r--s 00012000 fd:02 1706704                    /home/rgarcia/.sbt/boot/scala-2.12.4/org.scala-sbt/sbt/1.0.3/tasks_2.12-1.0.3.jar
7ff9ca1f9000-7ff9ca1fc000 r--s 00031000 fd:02 1706738                    /home/rgarcia/.sbt/boot/scala-2.12.4/org.scala-sbt/sbt/1.0.3/actions_2.12-1.0.3.jar
7ff9ca1fd000-7ff9ca1fe000 r--s 00005000 fd:02 1706712                    /home/rgarcia/.sbt/boot/scala-2.12.4/org.scala-sbt/sbt/1.0.3/test-agent-1.0.3.jar
7ff9ca203000-7ff9ca24f000 r--s 0090b000 fd:02 1706033                    /home/rgarcia/.sbt/boot/scala-2.12.4/lib/scala-compiler.jar
7ff9ca250000-7ff9ca261000 r-xp 00000000 fd:00 2129474                    /usr/lib/jvm/java-1.8.0-openjdk-1.8.0.161-5.b14.fc27.x86_64/jre/lib/amd64/libnio.so
7ff9ca261000-7ff9ca461000 ---p 00011000 fd:00 2129474                    /usr/lib/jvm/java-1.8.0-openjdk-1.8.0.161-5.b14.fc27.x86_64/jre/lib/amd64/libnio.so
7ff9ca461000-7ff9ca462000 r--p 00011000 fd:00 2129474                    /usr/lib/jvm/java-1.8.0-openjdk-1.8.0.161-5.b14.fc27.x86_64/jre/lib/amd64/libnio.so
7ff9ca462000-7ff9ca463000 rw-p 00012000 fd:00 2129474                    /usr/lib/jvm/java-1.8.0-openjdk-1.8.0.161-5.b14.fc27.x86_64/jre/lib/amd64/libnio.so
7ff9ca468000-7ff9ca47f000 r-xp 00000000 fd:00 2129473                    /usr/lib/jvm/java-1.8.0-openjdk-1.8.0.161-5.b14.fc27.x86_64/jre/lib/amd64/libnet.so
7ff9ca47f000-7ff9ca67e000 ---p 00017000 fd:00 2129473                    /usr/lib/jvm/java-1.8.0-openjdk-1.8.0.161-5.b14.fc27.x86_64/jre/lib/amd64/libnet.so
7ff9ca67e000-7ff9ca67f000 r--p 00016000 fd:00 2129473                    /usr/lib/jvm/java-1.8.0-openjdk-1.8.0.161-5.b14.fc27.x86_64/jre/lib/amd64/libnet.so
7ff9ca67f000-7ff9ca680000 rw-p 00017000 fd:00 2129473                    /usr/lib/jvm/java-1.8.0-openjdk-1.8.0.161-5.b14.fc27.x86_64/jre/lib/amd64/libnet.so
7ff9ca683000-7ff9ca719000 r--s 008db000 fd:00 1859226                    /usr/lib/jvm/openjfx/rt/lib/ext/jfxrt.jar
7ff9ca71a000-7ff9ca71b000 ---p 00000000 00:00 0 
7ff9ca71b000-7ff9ca81b000 rw-p 00000000 00:00 0 
7ff9ca81b000-7ff9ca81e000 ---p 00000000 00:00 0 
7ff9ca81e000-7ff9ca91c000 rw-p 00000000 00:00 0 
7ff9ca91c000-7ff9ca91d000 ---p 00000000 00:00 0 
7ff9ca91d000-7ff9ca920000 ---p 00000000 00:00 0 
7ff9ca920000-7ff9caa1d000 rw-p 00000000 00:00 0 
7ff9caa1d000-7ff9caa1e000 ---p 00000000 00:00 0 
7ff9caa1e000-7ff9caa21000 ---p 00000000 00:00 0 
7ff9caa21000-7ff9cab1e000 rw-p 00000000 00:00 0 
7ff9cab1e000-7ff9cab1f000 ---p 00000000 00:00 0 
7ff9cab1f000-7ff9cab22000 ---p 00000000 00:00 0 
7ff9cab22000-7ff9cac1f000 rw-p 00000000 00:00 0 
7ff9cac1f000-7ff9cac22000 ---p 00000000 00:00 0 
7ff9cac22000-7ff9cad20000 rw-p 00000000 00:00 0 
7ff9cad20000-7ff9cad23000 ---p 00000000 00:00 0 
7ff9cad23000-7ff9cae21000 rw-p 00000000 00:00 0 
7ff9cae21000-7ff9cae24000 ---p 00000000 00:00 0 
7ff9cae24000-7ff9caf22000 rw-p 00000000 00:00 0 
7ff9caf22000-7ff9caf23000 ---p 00000000 00:00 0 
7ff9caf23000-7ff9cbe31000 rw-p 00000000 00:00 0 
7ff9cbe31000-7ff9cc000000 r--s 04409000 fd:00 2129519                    /usr/lib/jvm/java-1.8.0-openjdk-1.8.0.161-5.b14.fc27.x86_64/jre/lib/rt.jar
7ff9cc000000-7ff9cc021000 rw-p 00000000 00:00 0 
7ff9cc021000-7ff9d0000000 ---p 00000000 00:00 0 
7ff9d0002000-7ff9d003a000 r--s 004ca000 fd:02 1706031                    /home/rgarcia/.sbt/boot/scala-2.12.4/lib/scala-library.jar
7ff9d0040000-7ff9d0046000 r--s 00080000 fd:02 1706032                    /home/rgarcia/.sbt/boot/scala-2.12.4/lib/scala-xml_2.12.jar
7ff9d004a000-7ff9d006c000 r--s 0034a000 fd:02 1706034                    /home/rgarcia/.sbt/boot/scala-2.12.4/lib/scala-reflect.jar
7ff9d006e000-7ff9d0072000 r--s 0003e000 fd:02 1706030                    /home/rgarcia/.sbt/boot/scala-2.12.4/lib/jline.jar
7ff9d0072000-7ff9d2b73000 rw-p 00000000 00:00 0 
7ff9d2b73000-7ff9d2b74000 ---p 00000000 00:00 0 
7ff9d2b74000-7ff9d2c74000 rw-p 00000000 00:00 0 
7ff9d2c74000-7ff9d2c75000 ---p 00000000 00:00 0 
7ff9d2c75000-7ff9d2d75000 rw-p 00000000 00:00 0 
7ff9d2d75000-7ff9d2d76000 ---p 00000000 00:00 0 
7ff9d2d76000-7ff9d2e76000 rw-p 00000000 00:00 0 
7ff9d2e76000-7ff9d2e77000 ---p 00000000 00:00 0 
7ff9d2e77000-7ff9d31c2000 rw-p 00000000 00:00 0 
7ff9d31c2000-7ff9d3378000 ---p 00000000 00:00 0 
7ff9d3378000-7ff9d45e8000 rwxp 00000000 00:00 0 
7ff9d45e8000-7ff9db378000 ---p 00000000 00:00 0 
7ff9db378000-7ff9db380000 r-xp 00000000 fd:00 2129481                    /usr/lib/jvm/java-1.8.0-openjdk-1.8.0.161-5.b14.fc27.x86_64/jre/lib/amd64/libzip.so
7ff9db380000-7ff9db57f000 ---p 00008000 fd:00 2129481                    /usr/lib/jvm/java-1.8.0-openjdk-1.8.0.161-5.b14.fc27.x86_64/jre/lib/amd64/libzip.so
7ff9db57f000-7ff9db580000 r--p 00007000 fd:00 2129481                    /usr/lib/jvm/java-1.8.0-openjdk-1.8.0.161-5.b14.fc27.x86_64/jre/lib/amd64/libzip.so
7ff9db580000-7ff9db581000 rw-p 00000000 00:00 0 
7ff9db588000-7ff9db593000 r-xp 00000000 fd:00 795469                     /usr/lib64/libnss_files-2.26.so
7ff9db593000-7ff9db792000 ---p 0000b000 fd:00 795469                     /usr/lib64/libnss_files-2.26.so
7ff9db792000-7ff9db793000 r--p 0000a000 fd:00 795469                     /usr/lib64/libnss_files-2.26.so
7ff9db793000-7ff9db794000 rw-p 0000b000 fd:00 795469                     /usr/lib64/libnss_files-2.26.so
7ff9db794000-7ff9db79a000 rw-p 00000000 00:00 0 
7ff9db7a0000-7ff9db7a8000 r-xp 00000000 fd:00 790242                     /usr/lib64/libnss_sss.so.2
7ff9db7a8000-7ff9db9a7000 ---p 00008000 fd:00 790242                     /usr/lib64/libnss_sss.so.2
7ff9db9a7000-7ff9db9a8000 r--p 00007000 fd:00 790242                     /usr/lib64/libnss_sss.so.2
7ff9db9a8000-7ff9db9a9000 rw-p 00008000 fd:00 790242                     /usr/lib64/libnss_sss.so.2
7ff9db9b0000-7ff9db9de000 r-xp 00000000 fd:00 2129463                    /usr/lib/jvm/java-1.8.0-openjdk-1.8.0.161-5.b14.fc27.x86_64/jre/lib/amd64/libjava.so
7ff9db9de000-7ff9dbbde000 ---p 0002e000 fd:00 2129463                    /usr/lib/jvm/java-1.8.0-openjdk-1.8.0.161-5.b14.fc27.x86_64/jre/lib/amd64/libjava.so
7ff9dbbde000-7ff9dbbdf000 r--p 0002e000 fd:00 2129463                    /usr/lib/jvm/java-1.8.0-openjdk-1.8.0.161-5.b14.fc27.x86_64/jre/lib/amd64/libjava.so
7ff9dbbdf000-7ff9dbbe0000 rw-p 0002f000 fd:00 2129463                    /usr/lib/jvm/java-1.8.0-openjdk-1.8.0.161-5.b14.fc27.x86_64/jre/lib/amd64/libjava.so
7ff9dbbe0000-7ff9dbbe1000 rw-p 00000000 00:00 0 
7ff9dbbe8000-7ff9dbbf5000 r-xp 00000000 fd:00 2129480                    /usr/lib/jvm/java-1.8.0-openjdk-1.8.0.161-5.b14.fc27.x86_64/jre/lib/amd64/libverify.so
7ff9dbbf5000-7ff9dbdf5000 ---p 0000d000 fd:00 2129480                    /usr/lib/jvm/java-1.8.0-openjdk-1.8.0.161-5.b14.fc27.x86_64/jre/lib/amd64/libverify.so
7ff9dbdf5000-7ff9dbdf7000 r--p 0000d000 fd:00 2129480                    /usr/lib/jvm/java-1.8.0-openjdk-1.8.0.161-5.b14.fc27.x86_64/jre/lib/amd64/libverify.so
7ff9dbdf7000-7ff9dbdf8000 rw-p 00000000 00:00 0 
7ff9dbdf8000-7ff9dbdff000 r-xp 00000000 fd:00 795660                     /usr/lib64/librt-2.26.so
7ff9dbdff000-7ff9dbffe000 ---p 00007000 fd:00 795660                     /usr/lib64/librt-2.26.so
7ff9dbffe000-7ff9dbfff000 r--p 00006000 fd:00 795660                     /usr/lib64/librt-2.26.so
7ff9dbfff000-7ff9dc000000 rw-p 00007000 fd:00 795660                     /usr/lib64/librt-2.26.so
7ff9dc000000-7ff9de5aa000 rw-p 00000000 00:00 0 
7ff9de5aa000-7ff9e0000000 ---p 00000000 00:00 0 
7ff9e0005000-7ff9e0021000 r--s 0010d000 fd:00 2107695                    /usr/share/sbt/bin/sbt-launch.jar
7ff9e0024000-7ff9e01c8000 rw-p 00000000 00:00 0 
7ff9e01c8000-7ff9e01de000 r-xp 00000000 fd:00 790932                     /usr/lib64/libgcc_s-7-20180303.so.1
7ff9e01de000-7ff9e03dd000 ---p 00016000 fd:00 790932                     /usr/lib64/libgcc_s-7-20180303.so.1
7ff9e03dd000-7ff9e03de000 r--p 00015000 fd:00 790932                     /usr/lib64/libgcc_s-7-20180303.so.1
7ff9e03de000-7ff9e03df000 rw-p 00016000 fd:00 790932                     /usr/lib64/libgcc_s-7-20180303.so.1
7ff9e03e0000-7ff9e0534000 r-xp 00000000 fd:00 794824                     /usr/lib64/libm-2.26.so
7ff9e0534000-7ff9e0733000 ---p 00154000 fd:00 794824                     /usr/lib64/libm-2.26.so
7ff9e0733000-7ff9e0734000 r--p 00153000 fd:00 794824                     /usr/lib64/libm-2.26.so
7ff9e0734000-7ff9e0735000 rw-p 00154000 fd:00 794824                     /usr/lib64/libm-2.26.so
7ff9e0738000-7ff9e08b0000 r-xp 00000000 fd:00 794510                     /usr/lib64/libstdc++.so.6.0.24
7ff9e08b0000-7ff9e0ab0000 ---p 00178000 fd:00 794510                     /usr/lib64/libstdc++.so.6.0.24
7ff9e0ab0000-7ff9e0aba000 r--p 00178000 fd:00 794510                     /usr/lib64/libstdc++.so.6.0.24
7ff9e0aba000-7ff9e0abc000 rw-p 00182000 fd:00 794510                     /usr/lib64/libstdc++.so.6.0.24
7ff9e0abc000-7ff9e0abf000 rw-p 00000000 00:00 0 
7ff9e0ac0000-7ff9e1824000 r-xp 00000000 fd:00 2129485                    /usr/lib/jvm/java-1.8.0-openjdk-1.8.0.161-5.b14.fc27.x86_64/jre/lib/amd64/server/libjvm.so
7ff9e1824000-7ff9e1a24000 ---p 00d64000 fd:00 2129485                    /usr/lib/jvm/java-1.8.0-openjdk-1.8.0.161-5.b14.fc27.x86_64/jre/lib/amd64/server/libjvm.so
7ff9e1a24000-7ff9e1ac0000 r--p 00d64000 fd:00 2129485                    /usr/lib/jvm/java-1.8.0-openjdk-1.8.0.161-5.b14.fc27.x86_64/jre/lib/amd64/server/libjvm.so
7ff9e1ac0000-7ff9e1ae9000 rw-p 00e00000 fd:00 2129485                    /usr/lib/jvm/java-1.8.0-openjdk-1.8.0.161-5.b14.fc27.x86_64/jre/lib/amd64/server/libjvm.so
7ff9e1ae9000-7ff9e1b19000 rw-p 00000000 00:00 0 
7ff9e1b20000-7ff9e1cfa000 r-xp 00000000 fd:00 790357                     /usr/lib64/libc-2.26.so
7ff9e1cfa000-7ff9e1ef9000 ---p 001da000 fd:00 790357                     /usr/lib64/libc-2.26.so
7ff9e1ef9000-7ff9e1efd000 r--p 001d9000 fd:00 790357                     /usr/lib64/libc-2.26.so
7ff9e1efd000-7ff9e1eff000 rw-p 001dd000 fd:00 790357                     /usr/lib64/libc-2.26.so
7ff9e1eff000-7ff9e1f03000 rw-p 00000000 00:00 0 
7ff9e1f08000-7ff9e1f0b000 r-xp 00000000 fd:00 791898                     /usr/lib64/libdl-2.26.so
7ff9e1f0b000-7ff9e210a000 ---p 00003000 fd:00 791898                     /usr/lib64/libdl-2.26.so
7ff9e210a000-7ff9e210b000 r--p 00002000 fd:00 791898                     /usr/lib64/libdl-2.26.so
7ff9e210b000-7ff9e210c000 rw-p 00003000 fd:00 791898                     /usr/lib64/libdl-2.26.so
7ff9e2110000-7ff9e211e000 r-xp 00000000 fd:00 2129450                    /usr/lib/jvm/java-1.8.0-openjdk-1.8.0.161-5.b14.fc27.x86_64/jre/lib/amd64/jli/libjli.so
7ff9e211e000-7ff9e231d000 ---p 0000e000 fd:00 2129450                    /usr/lib/jvm/java-1.8.0-openjdk-1.8.0.161-5.b14.fc27.x86_64/jre/lib/amd64/jli/libjli.so
7ff9e231d000-7ff9e231e000 r--p 0000d000 fd:00 2129450                    /usr/lib/jvm/java-1.8.0-openjdk-1.8.0.161-5.b14.fc27.x86_64/jre/lib/amd64/jli/libjli.so
7ff9e231e000-7ff9e231f000 rw-p 00000000 00:00 0 
7ff9e2320000-7ff9e2336000 r-xp 00000000 fd:00 798712                     /usr/lib64/libz.so.1.2.11
7ff9e2336000-7ff9e2535000 ---p 00016000 fd:00 798712                     /usr/lib64/libz.so.1.2.11
7ff9e2535000-7ff9e2536000 r--p 00015000 fd:00 798712                     /usr/lib64/libz.so.1.2.11
7ff9e2536000-7ff9e2537000 rw-p 00000000 00:00 0 
7ff9e2538000-7ff9e2552000 r-xp 00000000 fd:00 795485                     /usr/lib64/libpthread-2.26.so
7ff9e2552000-7ff9e2751000 ---p 0001a000 fd:00 795485                     /usr/lib64/libpthread-2.26.so
7ff9e2751000-7ff9e2752000 r--p 00019000 fd:00 795485                     /usr/lib64/libpthread-2.26.so
7ff9e2752000-7ff9e2753000 rw-p 0001a000 fd:00 795485                     /usr/lib64/libpthread-2.26.so
7ff9e2753000-7ff9e2757000 rw-p 00000000 00:00 0 
7ff9e2758000-7ff9e277f000 r-xp 00000000 fd:00 804394                     /usr/lib64/ld-2.26.so
7ff9e2782000-7ff9e2853000 rw-p 00000000 00:00 0 
7ff9e2853000-7ff9e2854000 ---p 00000000 00:00 0 
7ff9e2854000-7ff9e2857000 ---p 00000000 00:00 0 
7ff9e2857000-7ff9e2958000 rw-p 00000000 00:00 0 
7ff9e295c000-7ff9e2970000 rw-p 00000000 00:00 0 
7ff9e2970000-7ff9e2978000 rw-s 00000000 00:2c 5977346                    /tmp/hsperfdata_rgarcia/23092
7ff9e297d000-7ff9e297e000 rw-p 00000000 00:00 0 
7ff9e297e000-7ff9e297f000 r--p 00000000 00:00 0 
7ff9e297f000-7ff9e2980000 r--p 00027000 fd:00 804394                     /usr/lib64/ld-2.26.so
7ff9e2980000-7ff9e2981000 rw-p 00028000 fd:00 804394                     /usr/lib64/ld-2.26.so
7ff9e2981000-7ff9e2982000 rw-p 00000000 00:00 0 
7fffe11bb000-7fffe11dc000 rw-p 00000000 00:00 0                          [stack]
7fffe11e0000-7fffe11e3000 r--p 00000000 00:00 0                          [vvar]
7fffe11e3000-7fffe11e5000 r-xp 00000000 00:00 0                          [vdso]
ffffffffff600000-ffffffffff601000 r-xp 00000000 00:00 0                  [vsyscall]

VM Arguments:
jvm_args: -Xms1024m -Xmx1024m -XX:ReservedCodeCacheSize=128m -XX:MaxMetaspaceSize=256m 
java_command: /usr/share/sbt/bin/sbt-launch.jar
java_class_path (initial): /usr/share/sbt/bin/sbt-launch.jar
Launcher Type: SUN_STANDARD

Environment Variables:
PATH=/usr/lib64/qt-3.3/bin:/usr/local/bin:/usr/local/sbin:/usr/bin:/usr/sbin:/home/rgarcia/Documents/Carrera/SO/P1/src/utils:/home/rgarcia/.local/bin:/home/rgarcia/bin:/home/rgarcia/Documents/Carrera/SO/P1/src/utils
USERNAME=rgarcia
SHELL=/bin/bash
DISPLAY=:0

Signal Handlers:
SIGSEGV: [libjvm.so+0xb6a6a0], sa_mask[0]=11111111011111111101111111111110, sa_flags=SA_RESTART|SA_SIGINFO
SIGBUS: [libjvm.so+0xb6a6a0], sa_mask[0]=11111111011111111101111111111110, sa_flags=SA_RESTART|SA_SIGINFO
SIGFPE: [libjvm.so+0x91a540], sa_mask[0]=11111111011111111101111111111110, sa_flags=SA_RESTART|SA_SIGINFO
SIGPIPE: [libjvm.so+0x91a540], sa_mask[0]=11111111011111111101111111111110, sa_flags=SA_RESTART|SA_SIGINFO
SIGXFSZ: [libjvm.so+0x91a540], sa_mask[0]=11111111011111111101111111111110, sa_flags=SA_RESTART|SA_SIGINFO
SIGILL: [libjvm.so+0x91a540], sa_mask[0]=11111111011111111101111111111110, sa_flags=SA_RESTART|SA_SIGINFO
SIGUSR1: SIG_DFL, sa_mask[0]=00000000000000000000000000000000, sa_flags=none
SIGUSR2: [libjvm.so+0x91a3f0], sa_mask[0]=00000000000000000000000000000000, sa_flags=SA_RESTART|SA_SIGINFO
SIGHUP: [libjvm.so+0x91a8a0], sa_mask[0]=11111111011111111101111111111110, sa_flags=SA_RESTART|SA_SIGINFO
SIGINT: [libjvm.so+0x91a8a0], sa_mask[0]=11111111011111111101111111111110, sa_flags=SA_RESTART|SA_SIGINFO
SIGTERM: [libjvm.so+0x91a8a0], sa_mask[0]=11111111011111111101111111111110, sa_flags=SA_RESTART|SA_SIGINFO
SIGQUIT: [libjvm.so+0x91a8a0], sa_mask[0]=11111111011111111101111111111110, sa_flags=SA_RESTART|SA_SIGINFO


---------------  S Y S T E M  ---------------

OS:Fedora release 27 (Twenty Seven)

uname:Linux 4.15.6-300.fc27.x86_64 #1 SMP Mon Feb 26 18:43:03 UTC 2018 x86_64
libc:glibc 2.26 NPTL 2.26 
rlimit: STACK 8192k, CORE infinity, NPROC 28294, NOFILE 4096, AS infinity
load average:6.51 3.53 2.49

/proc/meminfo:
MemTotal:        7334548 kB
MemFree:          784628 kB
MemAvailable:    2181856 kB
Buffers:           13448 kB
Cached:          1564748 kB
SwapCached:            0 kB
Active:          4103432 kB
Inactive:        2055868 kB
Active(anon):    3882052 kB
Inactive(anon):   709156 kB
Active(file):     221380 kB
Inactive(file):  1346712 kB
Unevictable:         488 kB
Mlocked:             488 kB
SwapTotal:       7471100 kB
SwapFree:        7471100 kB
Dirty:            421312 kB
Writeback:        139504 kB
AnonPages:       4581668 kB
Mapped:           444452 kB
Shmem:            288268 kB
Slab:             177828 kB
SReclaimable:      96684 kB
SUnreclaim:        81144 kB
KernelStack:       21248 kB
PageTables:        97068 kB
NFS_Unstable:          0 kB
Bounce:                0 kB
WritebackTmp:          0 kB
CommitLimit:    11138372 kB
Committed_AS:   21949440 kB
VmallocTotal:   34359738367 kB
VmallocUsed:           0 kB
VmallocChunk:          0 kB
HardwareCorrupted:     0 kB
AnonHugePages:     12288 kB
ShmemHugePages:        0 kB
ShmemPmdMapped:        0 kB
CmaTotal:              0 kB
CmaFree:               0 kB
HugePages_Total:       0
HugePages_Free:        0
HugePages_Rsvd:        0
HugePages_Surp:        0
Hugepagesize:       2048 kB
DirectMap4k:      367356 kB
DirectMap2M:     7176192 kB
DirectMap1G:     1048576 kB


CPU:total 4 (initial active 4) (4 cores per cpu, 1 threads per core) family 21 model 16 stepping 1, cmov, cx8, fxsr, mmx, sse, sse2, sse3, ssse3, sse4.1, sse4.2, popcnt, avx, aes, clmul, mmxext, 3dnowpref, lzcnt, sse4a, tsc, tscinvbit, tscinv, bmi1

/proc/cpuinfo:
processor	: 0
vendor_id	: AuthenticAMD
cpu family	: 21
model		: 16
model name	: AMD A8-4555M APU with Radeon(tm) HD Graphics
stepping	: 1
microcode	: 0x6001119
cpu MHz		: 1356.264
cache size	: 2048 KB
physical id	: 0
siblings	: 4
core id		: 0
cpu cores	: 2
apicid		: 16
initial apicid	: 0
fpu		: yes
fpu_exception	: yes
cpuid level	: 13
wp		: yes
flags		: fpu vme de pse tsc msr pae mce cx8 apic sep mtrr pge mca cmov pat pse36 clflush mmx fxsr sse sse2 ht syscall nx mmxext fxsr_opt pdpe1gb rdtscp lm constant_tsc rep_good nopl nonstop_tsc cpuid extd_apicid aperfmperf pni pclmulqdq monitor ssse3 fma cx16 sse4_1 sse4_2 popcnt aes xsave avx f16c lahf_lm cmp_legacy svm extapic cr8_legacy abm sse4a misalignsse 3dnowprefetch osvw ibs xop skinit wdt lwp fma4 tce nodeid_msr tbm topoext perfctr_core perfctr_nb cpb hw_pstate vmmcall bmi1 arat npt lbrv svm_lock nrip_save tsc_scale vmcb_clean flushbyasid decodeassists pausefilter pfthreshold
bugs		: fxsave_leak sysret_ss_attrs null_seg spectre_v1 spectre_v2
bogomips	: 3194.15
TLB size	: 1536 4K pages
clflush size	: 64
cache_alignment	: 64
address sizes	: 48 bits physical, 48 bits virtual
power management: ts ttp tm 100mhzsteps hwpstate cpb eff_freq_ro

processor	: 1
vendor_id	: AuthenticAMD
cpu family	: 21
model		: 16
model name	: AMD A8-4555M APU with Radeon(tm) HD Graphics
stepping	: 1
microcode	: 0x6001119
cpu MHz		: 1388.557
cache size	: 2048 KB
physical id	: 0
siblings	: 4
core id		: 1
cpu cores	: 2
apicid		: 17
initial apicid	: 1
fpu		: yes
fpu_exception	: yes
cpuid level	: 13
wp		: yes
flags		: fpu vme de pse tsc msr pae mce cx8 apic sep mtrr pge mca cmov pat pse36 clflush mmx fxsr sse sse2 ht syscall nx mmxext fxsr_opt pdpe1gb rdtscp lm constant_tsc rep_good nopl nonstop_tsc cpuid extd_apicid aperfmperf pni pclmulqdq monitor ssse3 fma cx16 sse4_1 sse4_2 popcnt aes xsave avx f16c lahf_lm cmp_legacy svm extapic cr8_legacy abm sse4a misalignsse 3dnowprefetch osvw ibs xop skinit wdt lwp fma4 tce nodeid_msr tbm topoext perfctr_core perfctr_nb cpb hw_pstate vmmcall bmi1 arat npt lbrv svm_lock nrip_save tsc_scale vmcb_clean flushbyasid decodeassists pausefilter pfthreshold
bugs		: fxsave_leak sysret_ss_attrs null_seg spectre_v1 spectre_v2
bogomips	: 3194.15
TLB size	: 1536 4K pages
clflush size	: 64
cache_alignment	: 64
address sizes	: 48 bits physical, 48 bits virtual
power management: ts ttp tm 100mhzsteps hwpstate cpb eff_freq_ro

processor	: 2
vendor_id	: AuthenticAMD
cpu family	: 21
model		: 16
model name	: AMD A8-4555M APU with Radeon(tm) HD Graphics
stepping	: 1
microcode	: 0x6001119
cpu MHz		: 1141.331
cache size	: 2048 KB
physical id	: 0
siblings	: 4
core id		: 2
cpu cores	: 2
apicid		: 18
initial apicid	: 2
fpu		: yes
fpu_exception	: yes
cpuid level	: 13
wp		: yes
flags		: fpu vme de pse tsc msr pae mce cx8 apic sep mtrr pge mca cmov pat pse36 clflush mmx fxsr sse sse2 ht syscall nx mmxext fxsr_opt pdpe1gb rdtscp lm constant_tsc rep_good nopl nonstop_tsc cpuid extd_apicid aperfmperf pni pclmulqdq monitor ssse3 fma cx16 sse4_1 sse4_2 popcnt aes xsave avx f16c lahf_lm cmp_legacy svm extapic cr8_legacy abm sse4a misalignsse 3dnowprefetch osvw ibs xop skinit wdt lwp fma4 tce nodeid_msr tbm topoext perfctr_core perfctr_nb cpb hw_pstate vmmcall bmi1 arat npt lbrv svm_lock nrip_save tsc_scale vmcb_clean flushbyasid decodeassists pausefilter pfthreshold
bugs		: fxsave_leak sysret_ss_attrs null_seg spectre_v1 spectre_v2
bogomips	: 3194.15
TLB size	: 1536 4K pages
clflush size	: 64
cache_alignment	: 64
address sizes	: 48 bits physical, 48 bits virtual
power management: ts ttp tm 100mhzsteps hwpstate cpb eff_freq_ro

processor	: 3
vendor_id	: AuthenticAMD
cpu family	: 21
model		: 16
model name	: AMD A8-4555M APU with Radeon(tm) HD Graphics
stepping	: 1
microcode	: 0x6001119
cpu MHz		: 1145.457
cache size	: 2048 KB
physical id	: 0
siblings	: 4
core id		: 3
cpu cores	: 2
apicid		: 19
initial apicid	: 3
fpu		: yes
fpu_exception	: yes
cpuid level	: 13
wp		: yes
flags		: fpu vme de pse tsc msr pae mce cx8 apic sep mtrr pge mca cmov pat pse36 clflush mmx fxsr sse sse2 ht syscall nx mmxext fxsr_opt pdpe1gb rdtscp lm constant_tsc rep_good nopl nonstop_tsc cpuid extd_apicid aperfmperf pni pclmulqdq monitor ssse3 fma cx16 sse4_1 sse4_2 popcnt aes xsave avx f16c lahf_lm cmp_legacy svm extapic cr8_legacy abm sse4a misalignsse 3dnowprefetch osvw ibs xop skinit wdt lwp fma4 tce nodeid_msr tbm topoext perfctr_core perfctr_nb cpb hw_pstate vmmcall bmi1 arat npt lbrv svm_lock nrip_save tsc_scale vmcb_clean flushbyasid decodeassists pausefilter pfthreshold
bugs		: fxsave_leak sysret_ss_attrs null_seg spectre_v1 spectre_v2
bogomips	: 3194.15
TLB size	: 1536 4K pages
clflush size	: 64
cache_alignment	: 64
address sizes	: 48 bits physical, 48 bits virtual
power management: ts ttp tm 100mhzsteps hwpstate cpb eff_freq_ro



Memory: 4k page, physical 7334548k(784044k free), swap 7471100k(7471100k free)

vm_info: OpenJDK 64-Bit Server VM (25.161-b14) for linux-amd64 JRE (1.8.0_161-b14), built on Feb  6 2018 10:37:01 by "mockbuild" with gcc 7.3.1 20180130 (Red Hat 7.3.1-2)

time: Thu Mar  8 21:30:18 2018
elapsed time: 59 seconds (0d 0h 0m 59s)

