#
# A fatal error has been detected by the Java Runtime Environment:
#
#  SIGSEGV (0xb) at pc=0x00007ff64b433030, pid=22538, tid=0x00007ff6ac153700
#
# JRE version: OpenJDK Runtime Environment (8.0_161-b14) (build 1.8.0_161-b14)
# Java VM: OpenJDK 64-Bit Server VM (25.161-b14 mixed mode linux-amd64 compressed oops)
# Problematic frame:
# C  [sqlite-3.21.0.1-913a595f-59ce-47e3-af26-b6f879ede1ff-libsqlitejdbc.so+0x13030]
#
# Core dump written. Default location: /home/rgarcia/Documents/Carrera/Heuristicas-de-Optimizacion-Combinatoria/proyecto1/recocido-simulado/core or core.22538
#
# If you would like to submit a bug report, please visit:
#   http://bugreport.java.com/bugreport/crash.jsp
# The crash happened outside the Java Virtual Machine in native code.
# See problematic frame for where to report the bug.
#

---------------  T H R E A D  ---------------

Current thread (0x00007ff66801e1c0):  JavaThread "pool-11-thread-6-ScalaTest-running-SolutionTest" [_thread_in_native, id=22985, stack(0x00007ff6ac053000,0x00007ff6ac154000)]

siginfo: si_signo: 11 (SIGSEGV), si_code: 1 (SEGV_MAPERR), si_addr: 0x0000000000000018

Registers:
RAX=0x0000000000000001, RBX=0x0000000000000000, RCX=0x0000000000000000, RDX=0x00007ff64b4535a0
RSP=0x00007ff6ac150140, RBP=0x00007ff64c1226a8, RSI=0x0000000000000000, RDI=0x00007ff64c1226a8
R8 =0x00007ff64b81fed8, R9 =0x0000000000000006, R10=0x00007ff6c001786b, R11=0x00007ff6cdf58e80
R12=0x0000000000000000, R13=0x0000000000000001, R14=0x0000000000000000, R15=0x00007ff64b4535a0
RIP=0x00007ff64b433030, EFLAGS=0x0000000000010246, CSGSFS=0x002b000000000033, ERR=0x0000000000000004
  TRAPNO=0x000000000000000e

Top of Stack: (sp=0x00007ff6ac150140)
0x00007ff6ac150140:   00007ff64b81fed8 0000000000000000
0x00007ff6ac150150:   00007ff66801e418 0000000000000000
0x00007ff6ac150160:   00007ff64b81fed8 00007ff6ac150250
0x00007ff6ac150170:   00007ff66801e1c0 00007ff64b42c7d2
0x00007ff6ac150180:   00007ff6ac150218 00007ff64b81fed8
0x00007ff6ac150190:   00007ff6ac150218 00007ff6c0017897
0x00007ff6ac1501a0:   00007ff64b81fed8 00007ff6ac150250
0x00007ff6ac1501b0:   00007ff6ac150218 00007ff6c001765b
0x00007ff6ac1501c0:   00007ff6c0017619 0000000000000003
0x00007ff6ac1501d0:   00000000f317ea58 00007ff6ac1501c8
0x00007ff6ac1501e0:   00007ff64b81fed8 00007ff6ac150250
0x00007ff6ac1501f0:   00007ff64b870008 0000000000000000
0x00007ff6ac150200:   00007ff64b81fed8 0000000000000000
0x00007ff6ac150210:   00007ff6ac150238 00007ff6ac1502a8
0x00007ff6ac150220:   00007ff6c0007d80 0000000000000000
0x00007ff6ac150230:   00007ff6c001111b 0000000000000000
0x00007ff6ac150240:   00007ff64c1226a8 00007ff6c0013000
0x00007ff6ac150250:   00000000f317ea58 0000000000000003
0x00007ff6ac150260:   00000000f317ea58 00007ff6ac150258
0x00007ff6ac150270:   00007ff64b81fe1b 00007ff6ac1502d0
0x00007ff6ac150280:   00007ff64b870008 0000000000000000
0x00007ff6ac150290:   00007ff64b81fe50 00007ff6ac150238
0x00007ff6ac1502a0:   00007ff6ac1502b8 00007ff6ac150338
0x00007ff6ac1502b0:   00007ff6c0007d80 0000000000000000
0x00007ff6ac1502c0:   00007ff64c1226a8 00007ff66801e1c0
0x00007ff6ac1502d0:   00000000f317ea58 0000000000000000
0x00007ff6ac1502e0:   00000000f31e6750 0000000000000003
0x00007ff6ac1502f0:   00000000f317ea58 00007ff6ac1502e8
0x00007ff6ac150300:   00007ff64b81ceea 00007ff6ac150368
0x00007ff6ac150310:   00007ff64b86f818 0000000000000000
0x00007ff6ac150320:   00007ff64b81cf38 00007ff6ac1502b8
0x00007ff6ac150330:   00007ff6ac150358 00007ff6ac1503b8 

Instructions: (pc=0x00007ff64b433030)
0x00007ff64b433010:   74 24 f0 48 83 ec 38 49 89 d7 41 89 cc 4c 8b 37
0x00007ff64b433020:   e8 8b ff ff ff 39 d8 41 89 c5 7e 46 85 db 78 42
0x00007ff64b433030:   49 8b 7e 18 45 0f af e5 e8 b3 a9 ff ff 41 8d 3c
0x00007ff64b433040:   1c 48 63 ff 48 8d 04 fd 00 00 00 00 48 c1 e7 06 

Register to memory mapping:

RAX=0x0000000000000001 is an unknown value
RBX=0x0000000000000000 is an unknown value
RCX=0x0000000000000000 is an unknown value
RDX=0x00007ff64b4535a0: <offset 0x335a0> in /tmp/sqlite-3.21.0.1-913a595f-59ce-47e3-af26-b6f879ede1ff-libsqlitejdbc.so at 0x00007ff64b420000
RSP=0x00007ff6ac150140 is pointing into the stack for thread: 0x00007ff66801e1c0
RBP=0x00007ff64c1226a8 is an unknown value
RSI=0x0000000000000000 is an unknown value
RDI=0x00007ff64c1226a8 is an unknown value
R8 ={method} {0x00007ff64b81fed8} 'column_name_utf8' '(JI)[B' in 'org/sqlite/core/NativeDB'
R9 =0x0000000000000006 is an unknown value
R10=0x00007ff6c001786b is at code_begin+1035 in an Interpreter codelet
method entry point (kind = native_synchronized)  [0x00007ff6c0017460, 0x00007ff6c0017e40]  2528 bytes
R11=0x00007ff6cdf58e80: <offset 0x9d0e80> in /usr/lib/jvm/java-1.8.0-openjdk-1.8.0.161-5.b14.fc27.x86_64/jre/lib/amd64/server/libjvm.so at 0x00007ff6cd588000
R12=0x0000000000000000 is an unknown value
R13=0x0000000000000001 is an unknown value
R14=0x0000000000000000 is an unknown value
R15=0x00007ff64b4535a0: <offset 0x335a0> in /tmp/sqlite-3.21.0.1-913a595f-59ce-47e3-af26-b6f879ede1ff-libsqlitejdbc.so at 0x00007ff64b420000


Stack: [0x00007ff6ac053000,0x00007ff6ac154000],  sp=0x00007ff6ac150140,  free space=1012k
Native frames: (J=compiled Java code, j=interpreted, Vv=VM code, C=native code)
C  [sqlite-3.21.0.1-913a595f-59ce-47e3-af26-b6f879ede1ff-libsqlitejdbc.so+0x13030]

Java frames: (J=compiled Java code, j=interpreted, Vv=VM code)
j  org.sqlite.core.NativeDB.column_name_utf8(JI)[B+0
j  org.sqlite.core.NativeDB.column_name(JI)Ljava/lang/String;+3
j  org.sqlite.core.DB.column_names(J)[Ljava/lang/String;+26
j  org.sqlite.jdbc3.JDBC3Statement.getResultSet()Ljava/sql/ResultSet;+62
j  org.sqlite.jdbc3.JDBC3Statement.executeQuery(Ljava/lang/String;)Ljava/sql/ResultSet;+43
j  Connections.<init>([I)V+84
j  Solution.<init>([ILConnections;Lscala/util/Random;)V+45
j  Solution.<init>([ILscala/util/Random;)V+4
j  SolutionTest.$anonfun$new$1(LSolutionTest;)Lorg/scalatest/compatible/Assertion;+101
j  SolutionTest$$Lambda$4763.apply()Ljava/lang/Object;+4
j  org.scalatest.OutcomeOf.outcomeOf(Lscala/Function0;)Lorg/scalatest/Outcome;+1
j  org.scalatest.OutcomeOf.outcomeOf$(Lorg/scalatest/OutcomeOf;Lscala/Function0;)Lorg/scalatest/Outcome;+2
j  org.scalatest.OutcomeOf$.outcomeOf(Lscala/Function0;)Lorg/scalatest/Outcome;+2
j  org.scalatest.Transformer.apply()Lorg/scalatest/Outcome;+7
j  org.scalatest.Transformer.apply()Ljava/lang/Object;+1
j  org.scalatest.FunSuiteLike$$anon$1.apply()Lorg/scalatest/Outcome;+10
j  org.scalatest.TestSuite.withFixture(Lorg/scalatest/TestSuite$NoArgTest;)Lorg/scalatest/Outcome;+1
j  org.scalatest.TestSuite.withFixture$(Lorg/scalatest/TestSuite;Lorg/scalatest/TestSuite$NoArgTest;)Lorg/scalatest/Outcome;+2
j  org.scalatest.FunSuite.withFixture(Lorg/scalatest/TestSuite$NoArgTest;)Lorg/scalatest/Outcome;+2
j  org.scalatest.FunSuiteLike.invokeWithFixture$1(Lorg/scalatest/SuperEngine$TestLeaf;Ljava/lang/String;Lorg/scalatest/Args;)Lorg/scalatest/Outcome;+29
j  org.scalatest.FunSuiteLike.$anonfun$runTest$1(Lorg/scalatest/FunSuiteLike;Ljava/lang/String;Lorg/scalatest/Args;Lorg/scalatest/SuperEngine$TestLeaf;)Lorg/scalatest/Outcome;+4
j  org.scalatest.FunSuiteLike$$Lambda$4857.apply(Ljava/lang/Object;)Ljava/lang/Object;+16
j  org.scalatest.SuperEngine.runTestImpl(Lorg/scalatest/Suite;Ljava/lang/String;Lorg/scalatest/Args;ZLscala/Function1;)Lorg/scalatest/Status;+503
j  org.scalatest.FunSuiteLike.runTest(Ljava/lang/String;Lorg/scalatest/Args;)Lorg/scalatest/Status;+18
j  org.scalatest.FunSuiteLike.runTest$(Lorg/scalatest/FunSuiteLike;Ljava/lang/String;Lorg/scalatest/Args;)Lorg/scalatest/Status;+3
j  org.scalatest.FunSuite.runTest(Ljava/lang/String;Lorg/scalatest/Args;)Lorg/scalatest/Status;+3
j  org.scalatest.FunSuiteLike.$anonfun$runTests$1(Lorg/scalatest/FunSuiteLike;Ljava/lang/String;Lorg/scalatest/Args;)Lorg/scalatest/Status;+3
j  org.scalatest.FunSuiteLike$$Lambda$4818.apply(Ljava/lang/Object;Ljava/lang/Object;)Ljava/lang/Object;+12
j  org.scalatest.SuperEngine.$anonfun$runTestsInBranch$1(Lorg/scalatest/SuperEngine;Lorg/scalatest/Suite;Lorg/scalatest/SuperEngine$Branch;Lorg/scalatest/Args;ZLscala/Function2;Lscala/collection/mutable/ListBuffer;Lorg/scalatest/SuperEngine$Node;)Ljava/lang/Object;+229
j  org.scalatest.SuperEngine$$Lambda$4821.apply(Ljava/lang/Object;)Ljava/lang/Object;+32
J 10642 C2 scala.collection.immutable.List.foreach(Lscala/Function1;)V (32 bytes) @ 0x00007ff6c1a0fa74 [0x00007ff6c1a0f9c0+0xb4]
j  org.scalatest.SuperEngine.traverseSubNodes$1(Lorg/scalatest/Suite;Lorg/scalatest/SuperEngine$Branch;Lorg/scalatest/Args;ZLscala/Function2;Lscala/collection/mutable/ListBuffer;)V+22
j  org.scalatest.SuperEngine.runTestsInBranch(Lorg/scalatest/Suite;Lorg/scalatest/SuperEngine$Branch;Lorg/scalatest/Args;ZLscala/Function2;)Lorg/scalatest/Status;+191
j  org.scalatest.SuperEngine.runTestsImpl(Lorg/scalatest/Suite;Lscala/Option;Lorg/scalatest/Args;Lorg/scalatest/Informer;ZLscala/Function2;)Lorg/scalatest/Status;+444
j  org.scalatest.FunSuiteLike.runTests(Lscala/Option;Lorg/scalatest/Args;)Lorg/scalatest/Status;+22
j  org.scalatest.FunSuiteLike.runTests$(Lorg/scalatest/FunSuiteLike;Lscala/Option;Lorg/scalatest/Args;)Lorg/scalatest/Status;+3
j  org.scalatest.FunSuite.runTests(Lscala/Option;Lorg/scalatest/Args;)Lorg/scalatest/Status;+3
j  org.scalatest.Suite.run(Lscala/Option;Lorg/scalatest/Args;)Lorg/scalatest/Status;+235
j  org.scalatest.Suite.run$(Lorg/scalatest/Suite;Lscala/Option;Lorg/scalatest/Args;)Lorg/scalatest/Status;+3
j  org.scalatest.FunSuite.org$scalatest$FunSuiteLike$$super$run(Lscala/Option;Lorg/scalatest/Args;)Lorg/scalatest/Status;+3
j  org.scalatest.FunSuiteLike.$anonfun$run$1(Lorg/scalatest/FunSuiteLike;Lscala/Option;Lorg/scalatest/Args;)Lorg/scalatest/Status;+3
j  org.scalatest.FunSuiteLike$$Lambda$4792.apply(Ljava/lang/Object;Ljava/lang/Object;)Ljava/lang/Object;+12
j  org.scalatest.SuperEngine.runImpl(Lorg/scalatest/Suite;Lscala/Option;Lorg/scalatest/Args;Lscala/Function2;)Lorg/scalatest/Status;+358
j  org.scalatest.FunSuiteLike.run(Lscala/Option;Lorg/scalatest/Args;)Lorg/scalatest/Status;+15
j  org.scalatest.FunSuiteLike.run$(Lorg/scalatest/FunSuiteLike;Lscala/Option;Lorg/scalatest/Args;)Lorg/scalatest/Status;+3
j  org.scalatest.FunSuite.run(Lscala/Option;Lorg/scalatest/Args;)Lorg/scalatest/Status;+3
j  org.scalatest.tools.Framework.org$scalatest$tools$Framework$$runSuite(Lsbt/testing/TaskDef;Ljava/lang/String;Lorg/scalatest/Suite;Ljava/lang/ClassLoader;Lorg/scalatest/Reporter;Lorg/scalatest/Tracker;Lsbt/testing/EventHandler;Lscala/collection/immutable/Set;Lscala/collection/immutable/Set;[Lsbt/testing/Selector;ZLorg/scalatest/ConfigMap;Lorg/scalatest/tools/Framework$SummaryCounter;Lscala/Option;Ljava/util/concurrent/LinkedBlockingQueue;[Lsbt/testing/Logger;ZZZZZZZZZZLjava/util/concurrent/ExecutorService;)[Lsbt/testing/Task;+645
j  org.scalatest.tools.Framework$ScalaTestTask.execute(Lsbt/testing/EventHandler;[Lsbt/testing/Logger;)[Lsbt/testing/Task;+333
j  sbt.TestRunner.runTest$1(Lsbt/testing/Task;Lsbt/TestDefinition;)Lscala/Tuple2;+82
j  sbt.TestRunner.run(Lsbt/testing/TaskDef;Lsbt/testing/Task;)Lscala/Tuple2;+60
j  sbt.TestFramework$$anon$2$$anonfun$$lessinit$greater$1.$anonfun$apply$1(Lsbt/TestFramework$$anon$2$$anonfun$$lessinit$greater$1;Lsbt/TestRunner;)Lscala/Tuple2;+9
j  sbt.TestFramework$$anon$2$$anonfun$$lessinit$greater$1$$Lambda$4363.apply()Ljava/lang/Object;+8
j  sbt.TestFramework$.sbt$TestFramework$$withContextLoader(Ljava/lang/ClassLoader;Lscala/Function0;)Ljava/lang/Object;+15
j  sbt.TestFramework$$anon$2$$anonfun$$lessinit$greater$1.apply(Lsbt/TestRunner;)Lscala/Tuple2;+14
j  sbt.TestFramework$$anon$2$$anonfun$$lessinit$greater$1.apply(Ljava/lang/Object;)Ljava/lang/Object;+5
j  sbt.TestFunction.apply()Lscala/Tuple2;+8
j  sbt.Tests$.$anonfun$toTask$1(Ljava/lang/String;Lsbt/TestFunction;)Lscala/Tuple2;+6
j  sbt.Tests$$$Lambda$4347.apply()Ljava/lang/Object;+8
j  sbt.std.Transform$$anon$3.$anonfun$apply$2(Lscala/Function0;Lscala/collection/Seq;)Lscala/util/Right;+7
j  sbt.std.Transform$$anon$3$$Lambda$1607.apply(Ljava/lang/Object;)Ljava/lang/Object;+8
J 12514 C1 sbt.Execute$$Lambda$1618.apply()Ljava/lang/Object; (12 bytes) @ 0x00007ff6c1f0b9ac [0x00007ff6c1f0b7e0+0x1cc]
J 7022 C1 sbt.internal.util.ErrorHandling$.wideConvert(Lscala/Function0;)Lscala/util/Either; (169 bytes) @ 0x00007ff6c02cd134 [0x00007ff6c02ccf80+0x1b4]
J 12191 C1 sbt.Execute.work(Ljava/lang/Object;Lscala/Function0;Lsbt/CompletionService;)Lsbt/Completed; (69 bytes) @ 0x00007ff6c1e60a5c [0x00007ff6c1e608c0+0x19c]
J 11708 C1 sbt.Execute$$Lambda$1609.apply()Ljava/lang/Object; (24 bytes) @ 0x00007ff6c1cd4d74 [0x00007ff6c1cd47e0+0x594]
J 11707 C1 sbt.ConcurrentRestrictions$$anon$4$$Lambda$1616.apply()Ljava/lang/Object; (16 bytes) @ 0x00007ff6c1ccfbbc [0x00007ff6c1ccfa60+0x15c]
J 11706 C1 sbt.CompletionService$$anon$2.call()Ljava/lang/Object; (10 bytes) @ 0x00007ff6c1cd0284 [0x00007ff6c1cd0180+0x104]
J 5934 C1 java.util.concurrent.FutureTask.run()V (126 bytes) @ 0x00007ff6c052ae0c [0x00007ff6c052abc0+0x24c]
J 11705 C1 java.util.concurrent.Executors$RunnableAdapter.call()Ljava/lang/Object; (14 bytes) @ 0x00007ff6c1cd06cc [0x00007ff6c1cd05c0+0x10c]
J 5934 C1 java.util.concurrent.FutureTask.run()V (126 bytes) @ 0x00007ff6c052ae0c [0x00007ff6c052abc0+0x24c]
j  java.util.concurrent.ThreadPoolExecutor.runWorker(Ljava/util/concurrent/ThreadPoolExecutor$Worker;)V+95
j  java.util.concurrent.ThreadPoolExecutor$Worker.run()V+5
j  java.lang.Thread.run()V+11
v  ~StubRoutines::call_stub

---------------  P R O C E S S  ---------------

Java Threads: ( => current thread )
  0x00007ff66817ff20 JavaThread "Timer-1" [_thread_blocked, id=22988, stack(0x00007ff6ac255000,0x00007ff6ac356000)]
  0x00007ff66817f750 JavaThread "ScalaTest-dispatcher" [_thread_blocked, id=22987, stack(0x00007ff65bbfe000,0x00007ff65bcff000)]
  0x00007ff654207d20 JavaThread "pool-11-thread-7" [_thread_blocked, id=22986, stack(0x00007ff6ac9b6000,0x00007ff6acab7000)]
=>0x00007ff66801e1c0 JavaThread "pool-11-thread-6-ScalaTest-running-SolutionTest" [_thread_in_native, id=22985, stack(0x00007ff6ac053000,0x00007ff6ac154000)]
  0x00007ff6c8b77ff0 JavaThread "pool-11-thread-5" [_thread_blocked, id=22984, stack(0x00007ff690e2e000,0x00007ff690f2f000)]
  0x00007ff6c8b70e80 JavaThread "pool-11-thread-4" [_thread_blocked, id=22983, stack(0x00007ff6ac154000,0x00007ff6ac255000)]
  0x00007ff6c8f2f450 JavaThread "pool-11-thread-3" [_thread_blocked, id=22982, stack(0x00007ff65bcff000,0x00007ff65be00000)]
  0x00007ff6c8b72980 JavaThread "pool-11-thread-2" [_thread_blocked, id=22981, stack(0x00007ff658b07000,0x00007ff658c08000)]
  0x00007ff6c8b72e30 JavaThread "pool-11-thread-1" [_thread_blocked, id=22980, stack(0x00007ff6593f9000,0x00007ff6594fa000)]
  0x00007ff66c017d90 JavaThread "process reaper" daemon [_thread_blocked, id=22930, stack(0x00007ff6ad335000,0x00007ff6ad36e000)]
  0x00007ff6c89a6250 JavaThread "sbt-socket-server" [_thread_in_native, id=22603, stack(0x00007ff69112f000,0x00007ff691230000)]
  0x00007ff6ca27e4d0 JavaThread "Log4j2-TF-1-AsyncLogger[AsyncContext@5f2108b5]-1" daemon [_thread_blocked, id=22554, stack(0x00007ff6add75000,0x00007ff6ade76000)]
  0x00007ff6c819da80 JavaThread "Service Thread" daemon [_thread_blocked, id=22551, stack(0x00007ff6af2f3000,0x00007ff6af3f4000)]
  0x00007ff6c8191210 JavaThread "C1 CompilerThread2" daemon [_thread_blocked, id=22550, stack(0x00007ff6af3f5000,0x00007ff6af4f5000)]
  0x00007ff6c801c3f0 JavaThread "C2 CompilerThread1" daemon [_thread_blocked, id=22549, stack(0x00007ff6af4f6000,0x00007ff6af5f6000)]
  0x00007ff6c8183130 JavaThread "C2 CompilerThread0" daemon [_thread_blocked, id=22548, stack(0x00007ff6af5f7000,0x00007ff6af6f7000)]
  0x00007ff6c8181770 JavaThread "Signal Dispatcher" daemon [_thread_blocked, id=22547, stack(0x00007ff6af6f7000,0x00007ff6af7f8000)]
  0x00007ff6c81580e0 JavaThread "Finalizer" daemon [_thread_blocked, id=22546, stack(0x00007ff6af7f8000,0x00007ff6af8f9000)]
  0x00007ff6c8154070 JavaThread "Reference Handler" daemon [_thread_blocked, id=22545, stack(0x00007ff6af8f9000,0x00007ff6af9fa000)]
  0x00007ff6c800a6f0 JavaThread "main" [_thread_blocked, id=22539, stack(0x00007ff6cf31e000,0x00007ff6cf41e000)]

Other Threads:
  0x00007ff6c814ab80 VMThread [stack: 0x00007ff6af9fb000,0x00007ff6afafb000] [id=22544]
  0x00007ff6c819f910 WatcherThread [stack: 0x00007ff6af1f3000,0x00007ff6af2f3000] [id=22552]

VM state:not at safepoint (normal execution)

VM Mutex/Monitor currently owned by a thread: None

Heap:
 PSYoungGen      total 294912K, used 138755K [0x00000000eab00000, 0x0000000100000000, 0x0000000100000000)
  eden space 240640K, 57% used [0x00000000eab00000,0x00000000f3280ed0,0x00000000f9600000)
  from space 54272K, 0% used [0x00000000fcb00000,0x00000000fcb00000,0x0000000100000000)
  to   space 54272K, 0% used [0x00000000f9600000,0x00000000f9600000,0x00000000fcb00000)
 ParOldGen       total 699392K, used 69160K [0x00000000c0000000, 0x00000000eab00000, 0x00000000eab00000)
  object space 699392K, 9% used [0x00000000c0000000,0x00000000c438a108,0x00000000eab00000)
 Metaspace       used 119690K, capacity 135038K, committed 135296K, reserved 1167360K
  class space    used 15866K, capacity 16709K, committed 16768K, reserved 1048576K

Card table byte_map: [0x00007ff6bfbff000,0x00007ff6bfe00000] byte_map_base: 0x00007ff6bf5ff000

Marking Bits: (ParMarkBitMap*) 0x00007ff6ce5c4b20
 Begin Bits: [0x00007ff6bd6a5000, 0x00007ff6be6a5000)
 End Bits:   [0x00007ff6be6a5000, 0x00007ff6bf6a5000)

Polling page: 0x00007ff6cf44a000

CodeCache: size=131072Kb used=45331Kb max_used=45339Kb free=85740Kb
 bounds [0x00007ff6c0000000, 0x00007ff6c2c80000, 0x00007ff6c8000000]
 total_blobs=14769 nmethods=14067 adapters=612
 compilation: enabled

Compilation events (10 events):
Event: 492.939 Thread 0x00007ff6c8191210 17105       3       scala.xml.Null$::buildString (2 bytes)
Event: 492.939 Thread 0x00007ff6c8191210 nmethod 17105 0x00007ff6c2c6d090 code [0x00007ff6c2c6d1e0, 0x00007ff6c2c6d330]
Event: 492.939 Thread 0x00007ff6c8191210 17106       3       scala.xml.TopScope$::buildString (1 bytes)
Event: 492.939 Thread 0x00007ff6c8191210 nmethod 17106 0x00007ff6c2c6cd50 code [0x00007ff6c2c6cea0, 0x00007ff6c2c6cff0]
Event: 492.939 Thread 0x00007ff6c8183130 17107       4       scala.xml.Utility$::escape (193 bytes)
Event: 492.941 Thread 0x00007ff6c8191210 17108       3       scala.collection.TraversableViewLike::$init$ (1 bytes)
Event: 492.942 Thread 0x00007ff6c8191210 nmethod 17108 0x00007ff6c2c6ca50 code [0x00007ff6c2c6cba0, 0x00007ff6c2c6ccd0]
Event: 492.942 Thread 0x00007ff6c8191210 17109       3       scala.collection.IterableViewLike::$init$ (1 bytes)
Event: 492.942 Thread 0x00007ff6c8191210 nmethod 17109 0x00007ff6c2c74cd0 code [0x00007ff6c2c74e20, 0x00007ff6c2c74f50]
Event: 492.970 Thread 0x00007ff6c801c3f0 nmethod 17104 0x00007ff6c2c78490 code [0x00007ff6c2c786c0, 0x00007ff6c2c78ed0]

GC Heap History (10 events):
Event: 460.342 GC heap before
{Heap before GC invocations=19 (full 7):
 PSYoungGen      total 291328K, used 235520K [0x00000000eab00000, 0x0000000100000000, 0x0000000100000000)
  eden space 235520K, 100% used [0x00000000eab00000,0x00000000f9100000,0x00000000f9100000)
  from space 55808K, 0% used [0x00000000f9100000,0x00000000f9100000,0x00000000fc780000)
  to   space 57344K, 0% used [0x00000000fc800000,0x00000000fc800000,0x0000000100000000)
 ParOldGen       total 699392K, used 63366K [0x00000000c0000000, 0x00000000eab00000, 0x00000000eab00000)
  object space 699392K, 9% used [0x00000000c0000000,0x00000000c3de1838,0x00000000eab00000)
 Metaspace       used 115612K, capacity 130652K, committed 130816K, reserved 1163264K
  class space    used 15506K, capacity 16314K, committed 16384K, reserved 1048576K
Event: 460.371 GC heap after
Heap after GC invocations=19 (full 7):
 PSYoungGen      total 293888K, used 16173K [0x00000000eab00000, 0x0000000100000000, 0x0000000100000000)
  eden space 236544K, 0% used [0x00000000eab00000,0x00000000eab00000,0x00000000f9200000)
  from space 57344K, 28% used [0x00000000fc800000,0x00000000fd7cb6d8,0x0000000100000000)
  to   space 55296K, 0% used [0x00000000f9200000,0x00000000f9200000,0x00000000fc800000)
 ParOldGen       total 699392K, used 63374K [0x00000000c0000000, 0x00000000eab00000, 0x00000000eab00000)
  object space 699392K, 9% used [0x00000000c0000000,0x00000000c3de3838,0x00000000eab00000)
 Metaspace       used 115612K, capacity 130652K, committed 130816K, reserved 1163264K
  class space    used 15506K, capacity 16314K, committed 16384K, reserved 1048576K
}
Event: 461.408 GC heap before
{Heap before GC invocations=20 (full 7):
 PSYoungGen      total 293888K, used 56260K [0x00000000eab00000, 0x0000000100000000, 0x0000000100000000)
  eden space 236544K, 16% used [0x00000000eab00000,0x00000000ed225970,0x00000000f9200000)
  from space 57344K, 28% used [0x00000000fc800000,0x00000000fd7cb6d8,0x0000000100000000)
  to   space 55296K, 0% used [0x00000000f9200000,0x00000000f9200000,0x00000000fc800000)
 ParOldGen       total 699392K, used 63374K [0x00000000c0000000, 0x00000000eab00000, 0x00000000eab00000)
  object space 699392K, 9% used [0x00000000c0000000,0x00000000c3de3838,0x00000000eab00000)
 Metaspace       used 116134K, capacity 131348K, committed 131584K, reserved 1165312K
  class space    used 15542K, capacity 16374K, committed 16384K, reserved 1048576K
Event: 461.431 GC heap after
Heap after GC invocations=20 (full 7):
 PSYoungGen      total 291840K, used 9792K [0x00000000eab00000, 0x0000000100000000, 0x0000000100000000)
  eden space 236544K, 0% used [0x00000000eab00000,0x00000000eab00000,0x00000000f9200000)
  from space 55296K, 17% used [0x00000000f9200000,0x00000000f9b900b0,0x00000000fc800000)
  to   space 54272K, 0% used [0x00000000fcb00000,0x00000000fcb00000,0x0000000100000000)
 ParOldGen       total 699392K, used 63374K [0x00000000c0000000, 0x00000000eab00000, 0x00000000eab00000)
  object space 699392K, 9% used [0x00000000c0000000,0x00000000c3de3838,0x00000000eab00000)
 Metaspace       used 116134K, capacity 131348K, committed 131584K, reserved 1165312K
  class space    used 15542K, capacity 16374K, committed 16384K, reserved 1048576K
}
Event: 461.431 GC heap before
{Heap before GC invocations=21 (full 8):
 PSYoungGen      total 291840K, used 9792K [0x00000000eab00000, 0x0000000100000000, 0x0000000100000000)
  eden space 236544K, 0% used [0x00000000eab00000,0x00000000eab00000,0x00000000f9200000)
  from space 55296K, 17% used [0x00000000f9200000,0x00000000f9b900b0,0x00000000fc800000)
  to   space 54272K, 0% used [0x00000000fcb00000,0x00000000fcb00000,0x0000000100000000)
 ParOldGen       total 699392K, used 63374K [0x00000000c0000000, 0x00000000eab00000, 0x00000000eab00000)
  object space 699392K, 9% used [0x00000000c0000000,0x00000000c3de3838,0x00000000eab00000)
 Metaspace       used 116134K, capacity 131348K, committed 131584K, reserved 1165312K
  class space    used 15542K, capacity 16374K, committed 16384K, reserved 1048576K
Event: 462.253 GC heap after
Heap after GC invocations=21 (full 8):
 PSYoungGen      total 291840K, used 0K [0x00000000eab00000, 0x0000000100000000, 0x0000000100000000)
  eden space 236544K, 0% used [0x00000000eab00000,0x00000000eab00000,0x00000000f9200000)
  from space 55296K, 0% used [0x00000000f9200000,0x00000000f9200000,0x00000000fc800000)
  to   space 54272K, 0% used [0x00000000fcb00000,0x00000000fcb00000,0x0000000100000000)
 ParOldGen       total 699392K, used 70628K [0x00000000c0000000, 0x00000000eab00000, 0x00000000eab00000)
  object space 699392K, 10% used [0x00000000c0000000,0x00000000c44f9308,0x00000000eab00000)
 Metaspace       used 115633K, capacity 130340K, committed 131584K, reserved 1165312K
  class space    used 15396K, capacity 16194K, committed 16384K, reserved 1048576K
}
Event: 462.255 GC heap before
{Heap before GC invocations=22 (full 8):
 PSYoungGen      total 291840K, used 2048K [0x00000000eab00000, 0x0000000100000000, 0x0000000100000000)
  eden space 236544K, 0% used [0x00000000eab00000,0x00000000ead001e0,0x00000000f9200000)
  from space 55296K, 0% used [0x00000000f9200000,0x00000000f9200000,0x00000000fc800000)
  to   space 54272K, 0% used [0x00000000fcb00000,0x00000000fcb00000,0x0000000100000000)
 ParOldGen       total 699392K, used 70628K [0x00000000c0000000, 0x00000000eab00000, 0x00000000eab00000)
  object space 699392K, 10% used [0x00000000c0000000,0x00000000c44f9308,0x00000000eab00000)
 Metaspace       used 115633K, capacity 130340K, committed 131584K, reserved 1165312K
  class space    used 15396K, capacity 16194K, committed 16384K, reserved 1048576K
Event: 462.265 GC heap after
Heap after GC invocations=22 (full 8):
 PSYoungGen      total 294912K, used 32K [0x00000000eab00000, 0x0000000100000000, 0x0000000100000000)
  eden space 240640K, 0% used [0x00000000eab00000,0x00000000eab00000,0x00000000f9600000)
  from space 54272K, 0% used [0x00000000fcb00000,0x00000000fcb08000,0x0000000100000000)
  to   space 54272K, 0% used [0x00000000f9600000,0x00000000f9600000,0x00000000fcb00000)
 ParOldGen       total 699392K, used 70628K [0x00000000c0000000, 0x00000000eab00000, 0x00000000eab00000)
  object space 699392K, 10% used [0x00000000c0000000,0x00000000c44f9308,0x00000000eab00000)
 Metaspace       used 115633K, capacity 130340K, committed 131584K, reserved 1165312K
  class space    used 15396K, capacity 16194K, committed 16384K, reserved 1048576K
}
Event: 462.265 GC heap before
{Heap before GC invocations=23 (full 9):
 PSYoungGen      total 294912K, used 32K [0x00000000eab00000, 0x0000000100000000, 0x0000000100000000)
  eden space 240640K, 0% used [0x00000000eab00000,0x00000000eab00000,0x00000000f9600000)
  from space 54272K, 0% used [0x00000000fcb00000,0x00000000fcb08000,0x0000000100000000)
  to   space 54272K, 0% used [0x00000000f9600000,0x00000000f9600000,0x00000000fcb00000)
 ParOldGen       total 699392K, used 70628K [0x00000000c0000000, 0x00000000eab00000, 0x00000000eab00000)
  object space 699392K, 10% used [0x00000000c0000000,0x00000000c44f9308,0x00000000eab00000)
 Metaspace       used 115633K, capacity 130340K, committed 131584K, reserved 1165312K
  class space    used 15396K, capacity 16194K, committed 16384K, reserved 1048576K
Event: 462.597 GC heap after
Heap after GC invocations=23 (full 9):
 PSYoungGen      total 294912K, used 0K [0x00000000eab00000, 0x0000000100000000, 0x0000000100000000)
  eden space 240640K, 0% used [0x00000000eab00000,0x00000000eab00000,0x00000000f9600000)
  from space 54272K, 0% used [0x00000000fcb00000,0x00000000fcb00000,0x0000000100000000)
  to   space 54272K, 0% used [0x00000000f9600000,0x00000000f9600000,0x00000000fcb00000)
 ParOldGen       total 699392K, used 69160K [0x00000000c0000000, 0x00000000eab00000, 0x00000000eab00000)
  object space 699392K, 9% used [0x00000000c0000000,0x00000000c438a108,0x00000000eab00000)
 Metaspace       used 115633K, capacity 130340K, committed 131584K, reserved 1165312K
  class space    used 15396K, capacity 16194K, committed 16384K, reserved 1048576K
}

Deoptimization events (10 events):
Event: 491.419 Thread 0x00007ff6c8b72980 Uncommon trap: reason=class_check action=maybe_recompile pc=0x00007ff6c2a3b938 method=scala.tools.nsc.transform.Flatten$$anon$1.apply(Lscala/reflect/internal/Types$Type;)Lscala/reflect/internal/Types$Type; @ 59
Event: 491.464 Thread 0x00007ff6c8b72980 Uncommon trap: reason=class_check action=maybe_recompile pc=0x00007ff6c0b2f11c method=java.lang.reflect.Array.newInstance(Ljava/lang/Class;I)Ljava/lang/Object; @ 2
Event: 491.561 Thread 0x00007ff6c8b72980 Uncommon trap: reason=bimorphic action=maybe_recompile pc=0x00007ff6c26333cc method=scala.collection.immutable.HashSet$HashSet1.filter0(Lscala/Function1;ZI[Lscala/collection/immutable/HashSet;I)Lscala/collection/immutable/HashSet; @ 6
Event: 491.561 Thread 0x00007ff6c8b72980 Uncommon trap: reason=bimorphic action=maybe_recompile pc=0x00007ff6c157f6e4 method=scala.collection.immutable.HashSet$HashSet1.filter0(Lscala/Function1;ZI[Lscala/collection/immutable/HashSet;I)Lscala/collection/immutable/HashSet; @ 6
Event: 491.561 Thread 0x00007ff6c8b72980 Uncommon trap: reason=bimorphic action=maybe_recompile pc=0x00007ff6c157f6e4 method=scala.collection.immutable.HashSet$HashSet1.filter0(Lscala/Function1;ZI[Lscala/collection/immutable/HashSet;I)Lscala/collection/immutable/HashSet; @ 6
Event: 491.561 Thread 0x00007ff6c8b72980 Uncommon trap: reason=bimorphic action=maybe_recompile pc=0x00007ff6c2633380 method=scala.collection.immutable.HashSet$HashSet1.filter0(Lscala/Function1;ZI[Lscala/collection/immutable/HashSet;I)Lscala/collection/immutable/HashSet; @ 6
Event: 491.561 Thread 0x00007ff6c8b72980 Uncommon trap: reason=bimorphic action=maybe_recompile pc=0x00007ff6c157f6e4 method=scala.collection.immutable.HashSet$HashSet1.filter0(Lscala/Function1;ZI[Lscala/collection/immutable/HashSet;I)Lscala/collection/immutable/HashSet; @ 6
Event: 492.362 Thread 0x00007ff6c8b72980 Uncommon trap: reason=class_check action=maybe_recompile pc=0x00007ff6c0aba280 method=sbt.Scope.equals(Ljava/lang/Object;)Z @ 159
Event: 492.362 Thread 0x00007ff6c8b72980 Uncommon trap: reason=class_check action=maybe_recompile pc=0x00007ff6c0aba280 method=sbt.Scope.equals(Ljava/lang/Object;)Z @ 159
Event: 492.902 Thread 0x00007ff66801e1c0 Uncommon trap: reason=unstable_if action=reinterpret pc=0x00007ff6c2c62060 method=org.sqlite.SQLiteJDBCLoader.contentsEquals(Ljava/io/InputStream;Ljava/io/InputStream;)Z @ 39

Classes redefined (0 events):
No events

Internal exceptions (10 events):
Event: 492.437 Thread 0x00007ff6c8b72980 Exception <a 'java/lang/NoSuchMethodError': java.lang.Object.$anonfun$test$1()Ljava/lang/String;> (0x00000000f26b6368) thrown at [/builddir/build/BUILD/java-1.8.0-openjdk-1.8.0.161-5.b14.fc27.x86_64/openjdk/hotspot/src/share/vm/interpreter/linkResolver.cp
Event: 492.551 Thread 0x00007ff6c8b72e30 Exception <a 'java/lang/NoSuchMethodError': java.lang.Object.$anonfun$run$1(Lorg/scalatest/FunSuiteLike;Lscala/Option;Lorg/scalatest/Args;)Lorg/scalatest/Status;> (0x00000000f2a07c88) thrown at [/builddir/build/BUILD/java-1.8.0-openjdk-1.8.0.161-5.b14.fc2
Event: 492.551 Thread 0x00007ff6c8b77ff0 Exception <a 'java/lang/NoSuchMethodError': java.lang.Object.$anonfun$run$1(Lorg/scalatest/FunSuiteLike;Lscala/Option;Lorg/scalatest/Args;)Lorg/scalatest/Status;> (0x00000000f2aa4010) thrown at [/builddir/build/BUILD/java-1.8.0-openjdk-1.8.0.161-5.b14.fc2
Event: 492.565 Thread 0x00007ff6c8b77ff0 Exception <a 'java/lang/NoSuchMethodError': java.lang.Object.$anonfun$runNestedSuites$1(Lorg/scalatest/Args;Lorg/scalatest/Reporter;Lscala/collection/mutable/ListBuffer;Lorg/scalatest/Suite;)Ljava/lang/Object;> (0x00000000f2ad0fb0) thrown at [/builddir/bu
Event: 492.565 Thread 0x00007ff6c8b72980 Exception <a 'java/lang/NoSuchMethodError': java.lang.Object.$anonfun$runNestedSuites$1(Lorg/scalatest/Args;Lorg/scalatest/Reporter;Lscala/collection/mutable/ListBuffer;Lorg/scalatest/Suite;)Ljava/lang/Object;> (0x00000000f2715f58) thrown at [/builddir/bu
Event: 492.565 Thread 0x00007ff6c8b72e30 Exception <a 'java/lang/NoSuchMethodError': java.lang.Object.$anonfun$runNestedSuites$1(Lorg/scalatest/Args;Lorg/scalatest/Reporter;Lscala/collection/mutable/ListBuffer;Lorg/scalatest/Suite;)Ljava/lang/Object;> (0x00000000f2a5a180) thrown at [/builddir/bu
Event: 492.572 Thread 0x00007ff6c8b72980 Exception <a 'java/lang/NoSuchMethodError': java.lang.Object.$anonfun$runTests$1(Lorg/scalatest/FunSuiteLike;Ljava/lang/String;Lorg/scalatest/Args;)Lorg/scalatest/Status;> (0x00000000f273ddd0) thrown at [/builddir/build/BUILD/java-1.8.0-openjdk-1.8.0.161-
Event: 492.572 Thread 0x00007ff66801e1c0 Exception <a 'java/lang/NoSuchMethodError': java.lang.Object.$anonfun$runTests$1(Lorg/scalatest/FunSuiteLike;Ljava/lang/String;Lorg/scalatest/Args;)Lorg/scalatest/Status;> (0x00000000f28d4e58) thrown at [/builddir/build/BUILD/java-1.8.0-openjdk-1.8.0.161-
Event: 492.586 Thread 0x00007ff66801e1c0 Exception <a 'java/lang/NoSuchMethodError': java.lang.Object.$anonfun$runTest$1(Lorg/scalatest/FunSuiteLike;Ljava/lang/String;Lorg/scalatest/Args;Lorg/scalatest/SuperEngine$TestLeaf;)Lorg/scalatest/Outcome;> (0x00000000f2911c18) thrown at [/builddir/build
Event: 492.746 Thread 0x00007ff6c89a6250 Exception <a 'java/net/SocketTimeoutException': Accept timed out> (0x00000000eade8c98) thrown at [/builddir/build/BUILD/java-1.8.0-openjdk-1.8.0.161-5.b14.fc27.x86_64/openjdk/hotspot/src/share/vm/prims/jni.cpp, line 736]

Events (10 events):
Event: 492.912 loading class org/sqlite/jdbc3/JDBC3ResultSet
Event: 492.912 loading class org/sqlite/jdbc3/JDBC3ResultSet done
Event: 492.919 loading class org/scalactic/Bool$
Event: 492.919 loading class org/scalactic/Bool$ done
Event: 492.920 loading class org/scalactic/Bool
Event: 492.920 loading class org/scalactic/Bool done
Event: 492.922 loading class org/scalactic/SimpleMacroBool
Event: 492.922 loading class org/scalactic/SimpleMacroBool done
Event: 492.924 loading class org/scalactic/NotBool
Event: 492.924 loading class org/scalactic/NotBool done


Dynamic libraries:
c0000000-101060000 rw-p 00000000 00:00 0 
101060000-140000000 ---p 00000000 00:00 0 
560a20a28000-560a20a29000 r-xp 00000000 fd:00 2129437                    /usr/lib/jvm/java-1.8.0-openjdk-1.8.0.161-5.b14.fc27.x86_64/jre/bin/java
560a20c28000-560a20c29000 r--p 00000000 fd:00 2129437                    /usr/lib/jvm/java-1.8.0-openjdk-1.8.0.161-5.b14.fc27.x86_64/jre/bin/java
560a20c29000-560a20c2a000 rw-p 00001000 fd:00 2129437                    /usr/lib/jvm/java-1.8.0-openjdk-1.8.0.161-5.b14.fc27.x86_64/jre/bin/java
560a2193c000-560a2195d000 rw-p 00000000 00:00 0                          [heap]
7ff644000000-7ff644384000 rw-p 00000000 00:00 0 
7ff644384000-7ff648000000 ---p 00000000 00:00 0 
7ff64b420000-7ff64b505000 r-xp 00000000 00:2c 5974515                    /tmp/sqlite-3.21.0.1-913a595f-59ce-47e3-af26-b6f879ede1ff-libsqlitejdbc.so
7ff64b505000-7ff64b704000 ---p 000e5000 00:2c 5974515                    /tmp/sqlite-3.21.0.1-913a595f-59ce-47e3-af26-b6f879ede1ff-libsqlitejdbc.so
7ff64b704000-7ff64b709000 rw-p 000e4000 00:2c 5974515                    /tmp/sqlite-3.21.0.1-913a595f-59ce-47e3-af26-b6f879ede1ff-libsqlitejdbc.so
7ff64b709000-7ff64b70a000 rw-p 00000000 00:00 0 
7ff64b710000-7ff64b8d0000 rw-p 00000000 00:00 0 
7ff64b8d0000-7ff64b910000 ---p 00000000 00:00 0 
7ff64b910000-7ff64bb10000 rw-p 00000000 00:00 0 
7ff64bb10000-7ff64bbf5000 r-xp 00000000 00:2c 5919790                    /tmp/sqlite-3.21.0.1-63680c7c-b5a3-44ac-835d-55306ec70ccd-libsqlitejdbc.so
7ff64bbf5000-7ff64bdf4000 ---p 000e5000 00:2c 5919790                    /tmp/sqlite-3.21.0.1-63680c7c-b5a3-44ac-835d-55306ec70ccd-libsqlitejdbc.so
7ff64bdf4000-7ff64bdf9000 rw-p 000e4000 00:2c 5919790                    /tmp/sqlite-3.21.0.1-63680c7c-b5a3-44ac-835d-55306ec70ccd-libsqlitejdbc.so
7ff64bdf9000-7ff64bdfa000 rw-p 00000000 00:00 0 
7ff64be00000-7ff64c000000 rw-p 00000000 00:00 0 
7ff64c000000-7ff64e0b6000 rw-p 00000000 00:00 0 
7ff64e0b6000-7ff650000000 ---p 00000000 00:00 0 
7ff650000000-7ff6503e7000 rw-p 00000000 00:00 0 
7ff6503e7000-7ff654000000 ---p 00000000 00:00 0 
7ff654000000-7ff65453e000 rw-p 00000000 00:00 0 
7ff65453e000-7ff658000000 ---p 00000000 00:00 0 
7ff6581c7000-7ff6583c7000 rw-p 00000000 00:00 0 
7ff6583c7000-7ff6585c7000 rw-p 00000000 00:00 0 
7ff6585c7000-7ff6585ca000 r--s 0002f000 fd:02 1705430                    /home/rgarcia/.ivy2/cache/org.scala-lang.modules/scala-parser-combinators_2.12/bundles/scala-parser-combinators_2.12-1.0.4.jar
7ff6585d1000-7ff6585d6000 r--s 00081000 fd:02 1706327                    /home/rgarcia/.ivy2/cache/org.scala-lang.modules/scala-xml_2.12/bundles/scala-xml_2.12-1.0.5.jar
7ff6585d9000-7ff658614000 r--s 00671000 fd:02 2624607                    /home/rgarcia/.ivy2/cache/org.scalatest/scalatest_2.12/bundles/scalatest_2.12-3.0.4.jar
7ff658618000-7ff658818000 rw-p 00000000 00:00 0 
7ff658818000-7ff6588fd000 r-xp 00000000 00:2c 5911856                    /tmp/sqlite-3.21.0.1-85db1218-9166-422d-b131-6bfa7a61d1bc-libsqlitejdbc.so
7ff6588fd000-7ff658afc000 ---p 000e5000 00:2c 5911856                    /tmp/sqlite-3.21.0.1-85db1218-9166-422d-b131-6bfa7a61d1bc-libsqlitejdbc.so
7ff658afc000-7ff658b01000 rw-p 000e4000 00:2c 5911856                    /tmp/sqlite-3.21.0.1-85db1218-9166-422d-b131-6bfa7a61d1bc-libsqlitejdbc.so
7ff658b01000-7ff658b02000 rw-p 00000000 00:00 0 
7ff658b06000-7ff658b07000 r--s 00006000 00:2c 5911829                    /tmp/sbt_8207546f/job-2/target/00020f00/recocido-simulado_2.12-1.0.jar (deleted)
7ff658b07000-7ff658b0a000 ---p 00000000 00:00 0 
7ff658b0a000-7ff658e08000 rw-p 00000000 00:00 0 
7ff658e08000-7ff658eed000 r-xp 00000000 00:2c 5868427                    /tmp/sqlite-3.21.0.1-a952b555-3dd1-4789-8a90-07d57e2f090f-libsqlitejdbc.so
7ff658eed000-7ff6590ec000 ---p 000e5000 00:2c 5868427                    /tmp/sqlite-3.21.0.1-a952b555-3dd1-4789-8a90-07d57e2f090f-libsqlitejdbc.so
7ff6590ec000-7ff6590f1000 rw-p 000e4000 00:2c 5868427                    /tmp/sqlite-3.21.0.1-a952b555-3dd1-4789-8a90-07d57e2f090f-libsqlitejdbc.so
7ff6590f1000-7ff6592f2000 rw-p 00000000 00:00 0 
7ff6592f2000-7ff6592f6000 r--s 0065a000 00:2c 5868413                    /tmp/sbt_8207546f/target/81a0bcda/sqlite-jdbc-3.21.0.1.jar
7ff6592fd000-7ff659305000 r--s 000a5000 00:2c 5868411                    /tmp/sbt_8207546f/target/e75f0f9c/scalactic_2.12-3.0.4.jar
7ff659308000-7ff659309000 r--s 00000000 00:2c 5868409                    /tmp/sbt_8207546f/target/6cd39de8/cats-jvm_2.12-0.9.0.jar
7ff659309000-7ff65930c000 r--s 00031000 00:2c 5868407                    /tmp/sbt_8207546f/target/7f16e2ab/cats-free_2.12-0.9.0.jar
7ff65930d000-7ff659313000 r--s 00085000 00:2c 5868405                    /tmp/sbt_8207546f/target/5fdc758e/cats-laws_2.12-0.9.0.jar
7ff65931a000-7ff659333000 r--s 0027a000 00:2c 5868403                    /tmp/sbt_8207546f/target/267cebe0/cats-core_2.12-0.9.0.jar
7ff65933a000-7ff65933b000 r--s 00002000 00:2c 5868401                    /tmp/sbt_8207546f/target/fff255a5/catalysts-macros_2.12-0.0.5.jar
7ff659340000-7ff659341000 r--s 00000000 00:2c 5868399                    /tmp/sbt_8207546f/target/725a079a/catalysts-platform_2.12-0.0.5.jar
7ff659345000-7ff659347000 r--s 00005000 00:2c 5868397                    /tmp/sbt_8207546f/target/9368ffe6/discipline_2.12-0.7.2.jar
7ff65934a000-7ff65934c000 r--s 00002000 00:2c 5868395                    /tmp/sbt_8207546f/target/0a3f14d0/test-interface-1.0.jar
7ff65934f000-7ff659355000 r--s 000a7000 00:2c 5868393                    /tmp/sbt_8207546f/target/1982eef1/scalacheck_2.12-1.13.4.jar
7ff65935b000-7ff65935d000 r--s 0000b000 00:2c 5868391                    /tmp/sbt_8207546f/target/7d706787/cats-kernel-laws_2.12-0.9.0.jar
7ff659362000-7ff659374000 r--s 003fa000 00:2c 5868389                    /tmp/sbt_8207546f/target/24eae5d3/cats-kernel_2.12-0.9.0.jar
7ff659375000-7ff659398000 r--s 00345000 00:2c 5868387                    /tmp/sbt_8207546f/target/a017f8f6/scala-reflect-2.12.3.jar
7ff65939f000-7ff6593a1000 r--s 00007000 00:2c 5868385                    /tmp/sbt_8207546f/target/13f7388c/machinist_2.12-0.6.1.jar
7ff6593a8000-7ff6593a9000 r--s 00000000 00:2c 5868383                    /tmp/sbt_8207546f/target/ed809d26/macro-compat_2.12-1.1.1.jar
7ff6593ab000-7ff6593ac000 r--s 00013000 00:2c 5868381                    /tmp/sbt_8207546f/target/043c9efa/simulacrum_2.12-0.10.0.jar
7ff6593b1000-7ff6593b2000 r--s 00001000 00:2c 5868379                    /tmp/sbt_8207546f/target/4733f822/cats-macros_2.12-0.9.0.jar
7ff6593b8000-7ff6593b9000 r--s 00000000 00:2c 5868377                    /tmp/sbt_8207546f/target/cde2cf83/cats_2.12-0.9.0.jar
7ff6593ba000-7ff6593f1000 r--s 004ca000 00:2c 5868375                    /tmp/sbt_8207546f/target/f2e496f2/scala-library-2.12.3.jar
7ff6593f6000-7ff6593f7000 r--s 00006000 00:2c 5868372                    /tmp/sbt_8207546f/job-1/target/a676235a/recocido-simulado_2.12-1.0.jar (deleted)
7ff6593f9000-7ff6593fc000 ---p 00000000 00:00 0 
7ff6593fc000-7ff6596fa000 rw-p 00000000 00:00 0 
7ff6596fa000-7ff6598fa000 rw-p 00000000 00:00 0 
7ff6598fa000-7ff659afa000 rw-p 00000000 00:00 0 
7ff659afa000-7ff659cfa000 rw-p 00000000 00:00 0 
7ff659cfa000-7ff659efa000 rw-p 00000000 00:00 0 
7ff659efa000-7ff65a0fa000 rw-p 00000000 00:00 0 
7ff65a0fa000-7ff65a2fa000 rw-p 00000000 00:00 0 
7ff65a2fa000-7ff65a4fa000 rw-p 00000000 00:00 0 
7ff65a4fa000-7ff65a6fa000 rw-p 00000000 00:00 0 
7ff65a6fa000-7ff65a8fa000 rw-p 00000000 00:00 0 
7ff65a8fa000-7ff65a8fe000 r--s 0065a000 fd:02 2491891                    /home/rgarcia/.ivy2/cache/org.xerial/sqlite-jdbc/jars/sqlite-jdbc-3.21.0.1.jar
7ff65a905000-7ff65a90d000 r--s 000a5000 fd:02 2624608                    /home/rgarcia/.ivy2/cache/org.scalactic/scalactic_2.12/bundles/scalactic_2.12-3.0.4.jar
7ff65a910000-7ff65a911000 r--s 00000000 fd:02 3015572                    /home/rgarcia/.ivy2/cache/org.typelevel/cats-jvm_2.12/jars/cats-jvm_2.12-0.9.0.jar
7ff65a911000-7ff65a914000 r--s 00031000 fd:02 3015565                    /home/rgarcia/.ivy2/cache/org.typelevel/cats-free_2.12/jars/cats-free_2.12-0.9.0.jar
7ff65a915000-7ff65a91b000 r--s 00085000 fd:02 3015561                    /home/rgarcia/.ivy2/cache/org.typelevel/cats-laws_2.12/jars/cats-laws_2.12-0.9.0.jar
7ff65a922000-7ff65a93b000 r--s 0027a000 fd:02 3015553                    /home/rgarcia/.ivy2/cache/org.typelevel/cats-core_2.12/jars/cats-core_2.12-0.9.0.jar
7ff65a942000-7ff65a943000 r--s 00002000 fd:02 3015573                    /home/rgarcia/.ivy2/cache/org.typelevel/catalysts-macros_2.12/jars/catalysts-macros_2.12-0.0.5.jar
7ff65a948000-7ff65a949000 r--s 00000000 fd:02 3015569                    /home/rgarcia/.ivy2/cache/org.typelevel/catalysts-platform_2.12/jars/catalysts-platform_2.12-0.0.5.jar
7ff65a94d000-7ff65a94f000 r--s 00005000 fd:02 3015567                    /home/rgarcia/.ivy2/cache/org.typelevel/discipline_2.12/jars/discipline_2.12-0.7.2.jar
7ff65a94f000-7ff65a955000 r--s 000a7000 fd:02 3015563                    /home/rgarcia/.ivy2/cache/org.scalacheck/scalacheck_2.12/jars/scalacheck_2.12-1.13.4.jar
7ff65a95a000-7ff65a96c000 r--s 003fa000 fd:02 3015558                    /home/rgarcia/.ivy2/cache/org.typelevel/cats-kernel_2.12/jars/cats-kernel_2.12-0.9.0.jar
7ff65a972000-7ff65ab72000 rw-p 00000000 00:00 0 
7ff65ab72000-7ff65ad72000 rw-p 00000000 00:00 0 
7ff65ad72000-7ff65af72000 rw-p 00000000 00:00 0 
7ff65af72000-7ff65b172000 rw-p 00000000 00:00 0 
7ff65b172000-7ff65b372000 rw-p 00000000 00:00 0 
7ff65b372000-7ff65b572000 rw-p 00000000 00:00 0 
7ff65b572000-7ff65b772000 rw-p 00000000 00:00 0 
7ff65b772000-7ff65b7a9000 r--s 004ca000 fd:02 1706770                    /home/rgarcia/.ivy2/cache/org.scala-lang/scala-library/jars/scala-library-2.12.3.jar
7ff65b7ac000-7ff65b7f8000 r--s 00914000 fd:02 1706772                    /home/rgarcia/.ivy2/cache/org.scala-lang/scala-compiler/jars/scala-compiler-2.12.3.jar
7ff65b7fe000-7ff65b9fe000 rw-p 00000000 00:00 0 
7ff65b9fe000-7ff65bbfe000 rw-p 00000000 00:00 0 
7ff65bbfe000-7ff65bc01000 ---p 00000000 00:00 0 
7ff65bc01000-7ff65bcff000 rw-p 00000000 00:00 0 
7ff65bcff000-7ff65bd02000 ---p 00000000 00:00 0 
7ff65bd02000-7ff65c000000 rw-p 00000000 00:00 0 
7ff65c000000-7ff65dee7000 rw-p 00000000 00:00 0 
7ff65dee7000-7ff660000000 ---p 00000000 00:00 0 
7ff660000000-7ff660021000 rw-p 00000000 00:00 0 
7ff660021000-7ff664000000 ---p 00000000 00:00 0 
7ff664000000-7ff664874000 rw-p 00000000 00:00 0 
7ff664874000-7ff668000000 ---p 00000000 00:00 0 
7ff668000000-7ff66819f000 rw-p 00000000 00:00 0 
7ff66819f000-7ff66c000000 ---p 00000000 00:00 0 
7ff66c000000-7ff66c063000 rw-p 00000000 00:00 0 
7ff66c063000-7ff670000000 ---p 00000000 00:00 0 
7ff670000000-7ff6700a3000 rw-p 00000000 00:00 0 
7ff6700a3000-7ff674000000 ---p 00000000 00:00 0 
7ff674000000-7ff67407e000 rw-p 00000000 00:00 0 
7ff67407e000-7ff678000000 ---p 00000000 00:00 0 
7ff678000000-7ff678021000 rw-p 00000000 00:00 0 
7ff678021000-7ff67c000000 ---p 00000000 00:00 0 
7ff67c000000-7ff67c021000 rw-p 00000000 00:00 0 
7ff67c021000-7ff680000000 ---p 00000000 00:00 0 
7ff680000000-7ff680021000 rw-p 00000000 00:00 0 
7ff680021000-7ff684000000 ---p 00000000 00:00 0 
7ff684000000-7ff685607000 rw-p 00000000 00:00 0 
7ff685607000-7ff688000000 ---p 00000000 00:00 0 
7ff688000000-7ff6892df000 rw-p 00000000 00:00 0 
7ff6892df000-7ff68c000000 ---p 00000000 00:00 0 
7ff68c000000-7ff68c021000 rw-p 00000000 00:00 0 
7ff68c021000-7ff690000000 ---p 00000000 00:00 0 
7ff690002000-7ff690004000 r--s 00002000 fd:02 1705887                    /home/rgarcia/.ivy2/cache/org.scala-sbt/test-interface/jars/test-interface-1.0.jar
7ff69000b000-7ff69000d000 r--s 0000b000 fd:02 3015579                    /home/rgarcia/.ivy2/cache/org.typelevel/cats-kernel-laws_2.12/jars/cats-kernel-laws_2.12-0.9.0.jar
7ff69000f000-7ff690011000 r--s 00007000 fd:02 3015555                    /home/rgarcia/.ivy2/cache/org.typelevel/machinist_2.12/jars/machinist_2.12-0.6.1.jar
7ff690018000-7ff690019000 r--s 00000000 fd:02 3015559                    /home/rgarcia/.ivy2/cache/org.typelevel/macro-compat_2.12/jars/macro-compat_2.12-1.1.1.jar
7ff69001b000-7ff69001c000 r--s 00013000 fd:02 3015577                    /home/rgarcia/.ivy2/cache/com.github.mpilquist/simulacrum_2.12/jars/simulacrum_2.12-0.10.0.jar
7ff690021000-7ff690022000 r--s 00001000 fd:02 3015554                    /home/rgarcia/.ivy2/cache/org.typelevel/cats-macros_2.12/jars/cats-macros_2.12-0.9.0.jar
7ff690028000-7ff690029000 r--s 00000000 fd:02 3015576                    /home/rgarcia/.ivy2/cache/org.typelevel/cats_2.12/jars/cats_2.12-0.9.0.jar
7ff69002e000-7ff69022e000 rw-p 00000000 00:00 0 
7ff69022e000-7ff69042e000 rw-p 00000000 00:00 0 
7ff69042e000-7ff69062e000 rw-p 00000000 00:00 0 
7ff69062e000-7ff69082e000 rw-p 00000000 00:00 0 
7ff69082e000-7ff690a2e000 rw-p 00000000 00:00 0 
7ff690a2e000-7ff690c2e000 rw-p 00000000 00:00 0 
7ff690c2e000-7ff690e2e000 rw-p 00000000 00:00 0 
7ff690e2e000-7ff690e31000 ---p 00000000 00:00 0 
7ff690e31000-7ff69112f000 rw-p 00000000 00:00 0 
7ff69112f000-7ff691132000 ---p 00000000 00:00 0 
7ff691132000-7ff691430000 rw-p 00000000 00:00 0 
7ff691430000-7ff697fff000 r--p 00000000 fd:00 786824                     /usr/lib/locale/locale-archive
7ff698000000-7ff698021000 rw-p 00000000 00:00 0 
7ff698021000-7ff69c000000 ---p 00000000 00:00 0 
7ff69c000000-7ff69d5af000 rw-p 00000000 00:00 0 
7ff69d5af000-7ff6a0000000 ---p 00000000 00:00 0 
7ff6a0000000-7ff6a01ec000 rw-p 00000000 00:00 0 
7ff6a01ec000-7ff6a4000000 ---p 00000000 00:00 0 
7ff6a4000000-7ff6a4021000 rw-p 00000000 00:00 0 
7ff6a4021000-7ff6a8000000 ---p 00000000 00:00 0 
7ff6a8000000-7ff6a8021000 rw-p 00000000 00:00 0 
7ff6a8021000-7ff6ac000000 ---p 00000000 00:00 0 
7ff6ac006000-7ff6ac00a000 r--s 0003e000 fd:02 1705867                    /home/rgarcia/.ivy2/cache/jline/jline/jars/jline-2.14.4.jar
7ff6ac00d000-7ff6ac030000 r--s 00345000 fd:02 1706771                    /home/rgarcia/.ivy2/cache/org.scala-lang/scala-reflect/jars/scala-reflect-2.12.3.jar
7ff6ac037000-7ff6ac052000 r--s 003b7000 fd:00 2129495                    /usr/lib/jvm/java-1.8.0-openjdk-1.8.0.161-5.b14.fc27.x86_64/jre/lib/ext/cldrdata.jar
7ff6ac053000-7ff6ac056000 ---p 00000000 00:00 0 
7ff6ac056000-7ff6ac154000 rw-p 00000000 00:00 0 
7ff6ac154000-7ff6ac157000 ---p 00000000 00:00 0 
7ff6ac157000-7ff6ac255000 rw-p 00000000 00:00 0 
7ff6ac255000-7ff6ac258000 ---p 00000000 00:00 0 
7ff6ac258000-7ff6ac556000 rw-p 00000000 00:00 0 
7ff6ac556000-7ff6ac756000 rw-p 00000000 00:00 0 
7ff6ac756000-7ff6ac956000 rw-p 00000000 00:00 0 
7ff6ac959000-7ff6ac95c000 r--s 00031000 fd:02 2753631                    /home/rgarcia/.sbt/boot/scala-2.12.4/org.scala-sbt/sbt/1.0.3/org.scala-sbt-compiler-bridge_2.12-1.0.3-bin_2.12.3__52.0/org.scala-sbt-compiler-bridge_2.12-1.0.3-bin_2.12.3__52.0.jar
7ff6ac960000-7ff6ac966000 r--s 00080000 fd:02 1705811                    /home/rgarcia/.ivy2/cache/org.scala-lang.modules/scala-xml_2.12/bundles/scala-xml_2.12-1.0.6.jar
7ff6ac96a000-7ff6ac96b000 r--s 00002000 fd:00 2129377                    /usr/lib/jvm/java-1.8.0-openjdk-1.8.0.161-5.b14.fc27.x86_64/jre/lib/ext/dnsns.jar
7ff6ac96b000-7ff6ac971000 r--s 00043000 fd:00 2129366                    /usr/lib/jvm/java-1.8.0-openjdk-1.8.0.161-5.b14.fc27.x86_64/jre/lib/ext/sunjce_provider.jar
7ff6ac974000-7ff6ac97f000 r--s 0011c000 fd:00 2129372                    /usr/lib/jvm/java-1.8.0-openjdk-1.8.0.161-5.b14.fc27.x86_64/jre/lib/ext/localedata.jar
7ff6ac97f000-7ff6ac980000 r--s 00007000 fd:00 2129367                    /usr/lib/jvm/java-1.8.0-openjdk-1.8.0.161-5.b14.fc27.x86_64/jre/lib/ext/sunec.jar
7ff6ac987000-7ff6ac98a000 r--s 0003f000 fd:00 2129373                    /usr/lib/jvm/java-1.8.0-openjdk-1.8.0.161-5.b14.fc27.x86_64/jre/lib/ext/sunpkcs11.jar
7ff6ac98b000-7ff6ac98c000 r--s 0000b000 fd:00 2129376                    /usr/lib/jvm/java-1.8.0-openjdk-1.8.0.161-5.b14.fc27.x86_64/jre/lib/ext/jaccess.jar
7ff6ac991000-7ff6ac997000 r--s 00309000 fd:00 2129344                    /usr/lib/jvm/java-1.8.0-openjdk-1.8.0.161-5.b14.fc27.x86_64/jre/lib/charsets.jar
7ff6ac999000-7ff6ac99b000 r--s 00019000 fd:00 2129506                    /usr/lib/jvm/java-1.8.0-openjdk-1.8.0.161-5.b14.fc27.x86_64/jre/lib/jce.jar
7ff6ac99e000-7ff6ac9b1000 r--s 00346000 fd:00 2129349                    /usr/lib/jvm/java-1.8.0-openjdk-1.8.0.161-5.b14.fc27.x86_64/jre/lib/resources.jar
7ff6ac9b2000-7ff6ac9b4000 r--s 00012000 fd:00 2129368                    /usr/lib/jvm/java-1.8.0-openjdk-1.8.0.161-5.b14.fc27.x86_64/jre/lib/ext/zipfs.jar
7ff6ac9b6000-7ff6ac9b9000 ---p 00000000 00:00 0 
7ff6ac9b9000-7ff6acab7000 rw-p 00000000 00:00 0 
7ff6acab7000-7ff6acb30000 r--s 012bf000 fd:00 2129693                    /usr/lib/jvm/java-1.8.0-openjdk-1.8.0.161-5.b14.fc27.x86_64/lib/tools.jar
7ff6acb35000-7ff6acd35000 rw-p 00000000 00:00 0 
7ff6acd35000-7ff6acf35000 rw-p 00000000 00:00 0 
7ff6acf35000-7ff6ad135000 rw-p 00000000 00:00 0 
7ff6ad135000-7ff6ad335000 rw-p 00000000 00:00 0 
7ff6ad335000-7ff6ad338000 ---p 00000000 00:00 0 
7ff6ad338000-7ff6ad56e000 rw-p 00000000 00:00 0 
7ff6ad56e000-7ff6ad573000 r--s 000b6000 fd:00 2129508                    /usr/lib/jvm/java-1.8.0-openjdk-1.8.0.161-5.b14.fc27.x86_64/jre/lib/jsse.jar
7ff6ad575000-7ff6ad775000 rw-p 00000000 00:00 0 
7ff6ad775000-7ff6ad975000 rw-p 00000000 00:00 0 
7ff6ad975000-7ff6adb75000 rw-p 00000000 00:00 0 
7ff6adb75000-7ff6add75000 rw-p 00000000 00:00 0 
7ff6add75000-7ff6add78000 ---p 00000000 00:00 0 
7ff6add78000-7ff6ae076000 rw-p 00000000 00:00 0 
7ff6ae076000-7ff6ae276000 rw-p 00000000 00:00 0 
7ff6ae276000-7ff6ae291000 r--s 001d6000 fd:00 2129370                    /usr/lib/jvm/java-1.8.0-openjdk-1.8.0.161-5.b14.fc27.x86_64/jre/lib/ext/nashorn.jar
7ff6ae298000-7ff6ae2a0000 r-xp 00000000 fd:00 2129471                    /usr/lib/jvm/java-1.8.0-openjdk-1.8.0.161-5.b14.fc27.x86_64/jre/lib/amd64/libmanagement.so
7ff6ae2a0000-7ff6ae4a0000 ---p 00008000 fd:00 2129471                    /usr/lib/jvm/java-1.8.0-openjdk-1.8.0.161-5.b14.fc27.x86_64/jre/lib/amd64/libmanagement.so
7ff6ae4a0000-7ff6ae4a1000 r--p 00008000 fd:00 2129471                    /usr/lib/jvm/java-1.8.0-openjdk-1.8.0.161-5.b14.fc27.x86_64/jre/lib/amd64/libmanagement.so
7ff6ae4a1000-7ff6ae4a2000 rw-p 00009000 fd:00 2129471                    /usr/lib/jvm/java-1.8.0-openjdk-1.8.0.161-5.b14.fc27.x86_64/jre/lib/amd64/libmanagement.so
7ff6ae4a3000-7ff6ae4a4000 r--s 00003000 fd:02 1706721                    /home/rgarcia/.sbt/boot/scala-2.12.4/org.scala-sbt/sbt/1.0.3/zinc-compile_2.12-1.0.3.jar
7ff6ae4a9000-7ff6ae4aa000 r--s 00001000 fd:02 1706734                    /home/rgarcia/.sbt/boot/scala-2.12.4/org.scala-sbt/sbt/1.0.3/sjson-new-murmurhash_2.12-0.8.0.jar
7ff6ae4ad000-7ff6ae4ba000 r--s 001ad000 fd:02 1706709                    /home/rgarcia/.sbt/boot/scala-2.12.4/org.scala-sbt/sbt/1.0.3/zinc-persist_2.12-1.0.3.jar
7ff6ae4bd000-7ff6ae4bf000 r--s 0002d000 fd:02 1706680                    /home/rgarcia/.sbt/boot/scala-2.12.4/org.scala-sbt/sbt/1.0.3/util-cache_2.12-1.0.2.jar
7ff6ae4c4000-7ff6ae6c4000 rw-p 00000000 00:00 0 
7ff6ae6c4000-7ff6ae8c4000 rw-p 00000000 00:00 0 
7ff6ae8c4000-7ff6ae8c7000 r--s 0003c000 fd:02 1706699                    /home/rgarcia/.sbt/boot/scala-2.12.4/org.scala-sbt/sbt/1.0.3/completion_2.12-1.0.3.jar
7ff6ae8ce000-7ff6ae8d0000 r--s 0000e000 fd:02 1706743                    /home/rgarcia/.sbt/boot/scala-2.12.4/org.scala-sbt/sbt/1.0.3/fastparse-utils_2.12-0.4.2.jar
7ff6ae8d5000-7ff6ae8d8000 r--s 0002d000 fd:02 1706730                    /home/rgarcia/.sbt/boot/scala-2.12.4/org.scala-sbt/sbt/1.0.3/testing_2.12-1.0.3.jar
7ff6ae8db000-7ff6ae8dc000 r--s 00003000 fd:02 1706731                    /home/rgarcia/.sbt/boot/scala-2.12.4/org.scala-sbt/sbt/1.0.3/util-position_2.12-1.0.2.jar
7ff6ae8dc000-7ff6ae8de000 r--s 00024000 fd:02 1706715                    /home/rgarcia/.sbt/boot/scala-2.12.4/org.scala-sbt/sbt/1.0.3/zinc-apiinfo_2.12-1.0.3.jar
7ff6ae8e0000-7ff6ae8e6000 r--s 00080000 fd:02 1706684                    /home/rgarcia/.sbt/boot/scala-2.12.4/org.scala-sbt/sbt/1.0.3/scala-xml_2.12-1.0.6.jar
7ff6ae8ec000-7ff6ae8ed000 r--s 0000c000 fd:02 1706728                    /home/rgarcia/.sbt/boot/scala-2.12.4/org.scala-sbt/sbt/1.0.3/zinc-classfile_2.12-1.0.3.jar
7ff6ae8f0000-7ff6ae8f2000 r--s 00008000 fd:02 1706740                    /home/rgarcia/.sbt/boot/scala-2.12.4/org.scala-sbt/sbt/1.0.3/sjson-new-scalajson_2.12-0.8.0.jar
7ff6ae8f9000-7ff6ae8fb000 r--s 00019000 fd:02 1706687                    /home/rgarcia/.sbt/boot/scala-2.12.4/org.scala-sbt/sbt/1.0.3/protocol_2.12-1.0.3.jar
7ff6ae901000-7ff6ae903000 r--s 00019000 fd:02 1706733                    /home/rgarcia/.sbt/boot/scala-2.12.4/org.scala-sbt/sbt/1.0.3/task-system_2.12-1.0.3.jar
7ff6ae906000-7ff6ae907000 r--s 0000e000 fd:02 1706739                    /home/rgarcia/.sbt/boot/scala-2.12.4/org.scala-sbt/sbt/1.0.3/sbt-1.0.3.jar
7ff6ae908000-7ff6ae909000 r--s 00000000 fd:02 1706714                    /home/rgarcia/.sbt/boot/scala-2.12.4/org.scala-sbt/sbt/1.0.3/reactive-streams-1.0.0.jar
7ff6ae90d000-7ff6ae90e000 r--s 00005000 fd:02 1706698                    /home/rgarcia/.sbt/boot/scala-2.12.4/org.scala-sbt/sbt/1.0.3/log4j-slf4j-impl-2.8.1.jar
7ff6ae911000-7ff6aeb11000 rw-p 00000000 00:00 0 
7ff6aeb11000-7ff6aeb1b000 r--s 00169000 fd:02 1706683                    /home/rgarcia/.sbt/boot/scala-2.12.4/org.scala-sbt/sbt/1.0.3/main_2.12-1.0.3.jar
7ff6aeb1b000-7ff6aeb1c000 r--s 0000b000 fd:02 1706678                    /home/rgarcia/.sbt/boot/scala-2.12.4/org.scala-sbt/sbt/1.0.3/zinc-ivy-integration_2.12-1.0.3.jar
7ff6aeb20000-7ff6aeb22000 r--s 00010000 fd:02 1706746                    /home/rgarcia/.sbt/boot/scala-2.12.4/org.scala-sbt/sbt/1.0.3/run_2.12-1.0.3.jar
7ff6aeb27000-7ff6aeb2b000 r--s 00047000 fd:02 1706737                    /home/rgarcia/.sbt/boot/scala-2.12.4/org.scala-sbt/sbt/1.0.3/fastparse_2.12-0.4.2.jar
7ff6aeb32000-7ff6aeb35000 r--s 00022000 fd:02 1706711                    /home/rgarcia/.sbt/boot/scala-2.12.4/org.scala-sbt/sbt/1.0.3/sbinary_2.12-0.4.4.jar
7ff6aeb3b000-7ff6aeb41000 r--s 0005b000 fd:02 1706713                    /home/rgarcia/.sbt/boot/scala-2.12.4/org.scala-sbt/sbt/1.0.3/okhttp-3.7.0.jar
7ff6aeb43000-7ff6aeb48000 r--s 000bb000 fd:02 1706706                    /home/rgarcia/.sbt/boot/scala-2.12.4/org.scala-sbt/sbt/1.0.3/sjson-new-core_2.12-0.8.0.jar
7ff6aeb4a000-7ff6aeb4c000 r--s 00002000 fd:02 1706742                    /home/rgarcia/.sbt/boot/scala-2.12.4/org.scala-sbt/sbt/1.0.3/util-control_2.12-1.0.2.jar
7ff6aeb4f000-7ff6aeb50000 r--s 00007000 fd:02 1706719                    /home/rgarcia/.sbt/boot/scala-2.12.4/org.scala-sbt/sbt/1.0.3/okhttp-urlconnection-3.7.0.jar
7ff6aeb57000-7ff6aeb59000 r--s 0000f000 fd:02 1706732                    /home/rgarcia/.sbt/boot/scala-2.12.4/org.scala-sbt/sbt/1.0.3/shaded-scalajson_2.12-1.0.0-M4.jar
7ff6aeb5f000-7ff6aeb61000 r--s 00007000 fd:02 1706725                    /home/rgarcia/.sbt/boot/scala-2.12.4/org.scala-sbt/sbt/1.0.3/util-tracking_2.12-1.0.2.jar
7ff6aeb68000-7ff6aeb69000 r--s 00000000 fd:02 1706707                    /home/rgarcia/.sbt/boot/scala-2.12.4/org.scala-sbt/sbt/1.0.3/template-resolver-0.1.jar
7ff6aeb69000-7ff6aeb6b000 r--s 00011000 fd:02 1706700                    /home/rgarcia/.sbt/boot/scala-2.12.4/org.scala-sbt/sbt/1.0.3/jawn-parser_2.12-0.10.4.jar
7ff6aeb72000-7ff6aeb75000 r--s 00012000 fd:02 1706701                    /home/rgarcia/.sbt/boot/scala-2.12.4/org.scala-sbt/sbt/1.0.3/disruptor-3.3.6.jar
7ff6aeb79000-7ff6aeb7b000 r--s 00019000 fd:02 1706692                    /home/rgarcia/.sbt/boot/scala-2.12.4/org.scala-sbt/sbt/1.0.3/sourcecode_2.12-0.1.3.jar
7ff6aeb81000-7ff6aeb84000 r--s 00039000 fd:02 1706695                    /home/rgarcia/.sbt/boot/scala-2.12.4/org.scala-sbt/sbt/1.0.3/util-logging_2.12-1.0.2.jar
7ff6aeb8a000-7ff6aeb8b000 r--s 00002000 fd:02 1706702                    /home/rgarcia/.sbt/boot/scala-2.12.4/org.scala-sbt/sbt/1.0.3/launcher-interface-1.0.0.jar
7ff6aeb91000-7ff6aeb93000 r--s 00009000 fd:02 1706736                    /home/rgarcia/.sbt/boot/scala-2.12.4/org.scala-sbt/sbt/1.0.3/slf4j-api-1.7.25.jar
7ff6aeb93000-7ff6aeb98000 r--s 00033000 fd:02 1706688                    /home/rgarcia/.sbt/boot/scala-2.12.4/org.scala-sbt/sbt/1.0.3/log4j-api-2.8.1.jar
7ff6aeb9c000-7ff6aeba0000 r--s 00034000 fd:02 1706685                    /home/rgarcia/.sbt/boot/scala-2.12.4/org.scala-sbt/sbt/1.0.3/jsch-0.1.46.jar
7ff6aeba3000-7ff6aeba7000 r--s 00013000 fd:02 1706723                    /home/rgarcia/.sbt/boot/scala-2.12.4/org.scala-sbt/sbt/1.0.3/compiler-interface-1.0.3.jar
7ff6aeba8000-7ff6aebac000 r--s 00030000 fd:02 1706710                    /home/rgarcia/.sbt/boot/scala-2.12.4/org.scala-sbt/sbt/1.0.3/scala-parser-combinators_2.12-1.0.5.jar
7ff6aebac000-7ff6aebb1000 r--s 0004c000 fd:02 1706703                    /home/rgarcia/.sbt/boot/scala-2.12.4/org.scala-sbt/sbt/1.0.3/collections_2.12-1.0.3.jar
7ff6aebb3000-7ff6aebb4000 r--s 00003000 fd:02 1706745                    /home/rgarcia/.sbt/boot/scala-2.12.4/org.scala-sbt/sbt/1.0.3/util-relation_2.12-1.0.2.jar
7ff6aebb5000-7ff6aebbf000 r--s 000ad000 fd:02 1706690                    /home/rgarcia/.sbt/boot/scala-2.12.4/org.scala-sbt/sbt/1.0.3/librarymanagement-core_2.12-1.0.3.jar
7ff6aebc3000-7ff6aebc5000 r--s 0000b000 fd:02 1706744                    /home/rgarcia/.sbt/boot/scala-2.12.4/org.scala-sbt/sbt/1.0.3/logic_2.12-1.0.3.jar
7ff6aebc5000-7ff6aebd4000 r--s 0013d000 fd:02 1706681                    /home/rgarcia/.sbt/boot/scala-2.12.4/org.scala-sbt/sbt/1.0.3/protobuf-java-3.3.1.jar
7ff6aebda000-7ff6aebdc000 r--s 00012000 fd:02 1706741                    /home/rgarcia/.sbt/boot/scala-2.12.4/org.scala-sbt/sbt/1.0.3/okio-1.12.0.jar
7ff6aebde000-7ff6aebe1000 r--s 00026000 fd:02 1706726                    /home/rgarcia/.sbt/boot/scala-2.12.4/org.scala-sbt/sbt/1.0.3/gigahorse-core_2.12-0.3.0.jar
7ff6aebe8000-7ff6aebea000 r--s 00010000 fd:02 1706708                    /home/rgarcia/.sbt/boot/scala-2.12.4/org.scala-sbt/sbt/1.0.3/zinc-classpath_2.12-1.0.3.jar
7ff6aebea000-7ff6aebec000 r--s 00012000 fd:02 1706693                    /home/rgarcia/.sbt/boot/scala-2.12.4/org.scala-sbt/sbt/1.0.3/core-macros_2.12-1.0.3.jar
7ff6aebf1000-7ff6aebf6000 r--s 00031000 fd:02 1706727                    /home/rgarcia/.sbt/boot/scala-2.12.4/org.scala-sbt/sbt/1.0.3/config-1.2.0.jar
7ff6aebf6000-7ff6aebfb000 r--s 0004e000 fd:02 1706735                    /home/rgarcia/.sbt/boot/scala-2.12.4/org.scala-sbt/sbt/1.0.3/zinc-core_2.12-1.0.3.jar
7ff6aec02000-7ff6aec05000 r--s 0002a000 fd:02 1706716                    /home/rgarcia/.sbt/boot/scala-2.12.4/org.scala-sbt/sbt/1.0.3/io_2.12-1.0.2.jar
7ff6aec06000-7ff6aec0a000 r--s 0003e000 fd:02 1706720                    /home/rgarcia/.sbt/boot/scala-2.12.4/org.scala-sbt/sbt/1.0.3/jline-2.14.4.jar
7ff6aec0b000-7ff6aec0e000 r--s 00033000 fd:02 1706697                    /home/rgarcia/.sbt/boot/scala-2.12.4/org.scala-sbt/sbt/1.0.3/zinc-compile-core_2.12-1.0.3.jar
7ff6aec11000-7ff6aec19000 r--s 00091000 fd:02 1706694                    /home/rgarcia/.sbt/boot/scala-2.12.4/org.scala-sbt/sbt/1.0.3/main-settings_2.12-1.0.3.jar
7ff6aec1a000-7ff6aec3c000 r--s 0034a000 fd:02 1706689                    /home/rgarcia/.sbt/boot/scala-2.12.4/org.scala-sbt/sbt/1.0.3/scala-reflect-2.12.4.jar
7ff6aec43000-7ff6aec5f000 r--s 0013b000 fd:02 1706679                    /home/rgarcia/.sbt/boot/scala-2.12.4/org.scala-sbt/sbt/1.0.3/log4j-core-2.8.1.jar
7ff6aec62000-7ff6aec68000 r--s 00092000 fd:02 1706705                    /home/rgarcia/.sbt/boot/scala-2.12.4/org.scala-sbt/sbt/1.0.3/librarymanagement-ivy_2.12-1.0.3.jar
7ff6aec6d000-7ff6aec6f000 r--s 0002d000 fd:02 1706717                    /home/rgarcia/.sbt/boot/scala-2.12.4/org.scala-sbt/sbt/1.0.3/command_2.12-1.0.3.jar
7ff6aec72000-7ff6aec74000 r--s 00002000 fd:02 1706724                    /home/rgarcia/.sbt/boot/scala-2.12.4/org.scala-sbt/sbt/1.0.3/test-interface-1.0.jar
7ff6aec75000-7ff6aec77000 r--s 0000d000 fd:02 1706729                    /home/rgarcia/.sbt/boot/scala-2.12.4/org.scala-sbt/sbt/1.0.3/zinc_2.12-1.0.3.jar
7ff6aec77000-7ff6aec79000 r--s 00007000 fd:02 1706722                    /home/rgarcia/.sbt/boot/scala-2.12.4/org.scala-sbt/sbt/1.0.3/lenses_2.12-0.4.12.jar
7ff6aec79000-7ff6aec8e000 r--s 00101000 fd:02 1706696                    /home/rgarcia/.sbt/boot/scala-2.12.4/org.scala-sbt/sbt/1.0.3/ivy-2.3.0-sbt-1b57d3bbc08ecf671169fd548918da18c91f77be.jar
7ff6aec8e000-7ff6aec9b000 r--s 001a6000 fd:02 1706718                    /home/rgarcia/.sbt/boot/scala-2.12.4/org.scala-sbt/sbt/1.0.3/scalapb-runtime_2.12-0.6.0.jar
7ff6aeca2000-7ff6aecda000 r--s 004ca000 fd:02 1706031                    /home/rgarcia/.sbt/boot/scala-2.12.4/lib/scala-library.jar
7ff6aecdb000-7ff6aed27000 r--s 0090b000 fd:02 1706033                    /home/rgarcia/.sbt/boot/scala-2.12.4/lib/scala-compiler.jar
7ff6aed28000-7ff6aed39000 r-xp 00000000 fd:00 2129474                    /usr/lib/jvm/java-1.8.0-openjdk-1.8.0.161-5.b14.fc27.x86_64/jre/lib/amd64/libnio.so
7ff6aed39000-7ff6aef39000 ---p 00011000 fd:00 2129474                    /usr/lib/jvm/java-1.8.0-openjdk-1.8.0.161-5.b14.fc27.x86_64/jre/lib/amd64/libnio.so
7ff6aef39000-7ff6aef3a000 r--p 00011000 fd:00 2129474                    /usr/lib/jvm/java-1.8.0-openjdk-1.8.0.161-5.b14.fc27.x86_64/jre/lib/amd64/libnio.so
7ff6aef3a000-7ff6aef3b000 rw-p 00012000 fd:00 2129474                    /usr/lib/jvm/java-1.8.0-openjdk-1.8.0.161-5.b14.fc27.x86_64/jre/lib/amd64/libnio.so
7ff6aef40000-7ff6aef57000 r-xp 00000000 fd:00 2129473                    /usr/lib/jvm/java-1.8.0-openjdk-1.8.0.161-5.b14.fc27.x86_64/jre/lib/amd64/libnet.so
7ff6aef57000-7ff6af156000 ---p 00017000 fd:00 2129473                    /usr/lib/jvm/java-1.8.0-openjdk-1.8.0.161-5.b14.fc27.x86_64/jre/lib/amd64/libnet.so
7ff6af156000-7ff6af157000 r--p 00016000 fd:00 2129473                    /usr/lib/jvm/java-1.8.0-openjdk-1.8.0.161-5.b14.fc27.x86_64/jre/lib/amd64/libnet.so
7ff6af157000-7ff6af158000 rw-p 00017000 fd:00 2129473                    /usr/lib/jvm/java-1.8.0-openjdk-1.8.0.161-5.b14.fc27.x86_64/jre/lib/amd64/libnet.so
7ff6af15b000-7ff6af1f1000 r--s 008db000 fd:00 1859226                    /usr/lib/jvm/openjfx/rt/lib/ext/jfxrt.jar
7ff6af1f2000-7ff6af1f3000 ---p 00000000 00:00 0 
7ff6af1f3000-7ff6af2f3000 rw-p 00000000 00:00 0 
7ff6af2f3000-7ff6af2f6000 ---p 00000000 00:00 0 
7ff6af2f6000-7ff6af3f4000 rw-p 00000000 00:00 0 
7ff6af3f4000-7ff6af3f5000 ---p 00000000 00:00 0 
7ff6af3f5000-7ff6af3f8000 ---p 00000000 00:00 0 
7ff6af3f8000-7ff6af4f5000 rw-p 00000000 00:00 0 
7ff6af4f5000-7ff6af4f6000 ---p 00000000 00:00 0 
7ff6af4f6000-7ff6af4f9000 ---p 00000000 00:00 0 
7ff6af4f9000-7ff6af5f6000 rw-p 00000000 00:00 0 
7ff6af5f6000-7ff6af5f7000 ---p 00000000 00:00 0 
7ff6af5f7000-7ff6af5fa000 ---p 00000000 00:00 0 
7ff6af5fa000-7ff6af6f7000 rw-p 00000000 00:00 0 
7ff6af6f7000-7ff6af6fa000 ---p 00000000 00:00 0 
7ff6af6fa000-7ff6af7f8000 rw-p 00000000 00:00 0 
7ff6af7f8000-7ff6af7fb000 ---p 00000000 00:00 0 
7ff6af7fb000-7ff6af8f9000 rw-p 00000000 00:00 0 
7ff6af8f9000-7ff6af8fc000 ---p 00000000 00:00 0 
7ff6af8fc000-7ff6af9fa000 rw-p 00000000 00:00 0 
7ff6af9fa000-7ff6af9fb000 ---p 00000000 00:00 0 
7ff6af9fb000-7ff6b0000000 rw-p 00000000 00:00 0 
7ff6b0000000-7ff6b0021000 rw-p 00000000 00:00 0 
7ff6b0021000-7ff6b4000000 ---p 00000000 00:00 0 
7ff6b4000000-7ff6b4025000 rw-p 00000000 00:00 0 
7ff6b4025000-7ff6b8000000 ---p 00000000 00:00 0 
7ff6b8000000-7ff6b8021000 rw-p 00000000 00:00 0 
7ff6b8021000-7ff6bc000000 ---p 00000000 00:00 0 
7ff6bc001000-7ff6bc002000 r--s 00009000 fd:02 1706682                    /home/rgarcia/.sbt/boot/scala-2.12.4/org.scala-sbt/sbt/1.0.3/gigahorse-okhttp_2.12-0.3.0.jar
7ff6bc008000-7ff6bc009000 r--s 00000000 fd:02 1706691                    /home/rgarcia/.sbt/boot/scala-2.12.4/org.scala-sbt/sbt/1.0.3/util-interface-1.0.2.jar
7ff6bc010000-7ff6bc014000 r--s 00038000 fd:02 1706686                    /home/rgarcia/.sbt/boot/scala-2.12.4/org.scala-sbt/sbt/1.0.3/ssl-config-core_2.12-0.2.2.jar
7ff6bc01a000-7ff6bc01c000 r--s 00012000 fd:02 1706704                    /home/rgarcia/.sbt/boot/scala-2.12.4/org.scala-sbt/sbt/1.0.3/tasks_2.12-1.0.3.jar
7ff6bc021000-7ff6bc024000 r--s 00031000 fd:02 1706738                    /home/rgarcia/.sbt/boot/scala-2.12.4/org.scala-sbt/sbt/1.0.3/actions_2.12-1.0.3.jar
7ff6bc028000-7ff6bc02e000 r--s 00080000 fd:02 1706032                    /home/rgarcia/.sbt/boot/scala-2.12.4/lib/scala-xml_2.12.jar
7ff6bc032000-7ff6bc054000 r--s 0034a000 fd:02 1706034                    /home/rgarcia/.sbt/boot/scala-2.12.4/lib/scala-reflect.jar
7ff6bc056000-7ff6bc05a000 r--s 0003e000 fd:02 1706030                    /home/rgarcia/.sbt/boot/scala-2.12.4/lib/jline.jar
7ff6bc05d000-7ff6bc079000 r--s 0010d000 fd:00 2107695                    /usr/share/sbt/bin/sbt-launch.jar
7ff6bc079000-7ff6bcad1000 rw-p 00000000 00:00 0 
7ff6bcad1000-7ff6bcca0000 r--s 04409000 fd:00 2129519                    /usr/lib/jvm/java-1.8.0-openjdk-1.8.0.161-5.b14.fc27.x86_64/jre/lib/rt.jar
7ff6bcca5000-7ff6bf6a5000 rw-p 00000000 00:00 0 
7ff6bf6a5000-7ff6bf6a6000 ---p 00000000 00:00 0 
7ff6bf6a6000-7ff6bf7a6000 rw-p 00000000 00:00 0 
7ff6bf7a6000-7ff6bf7a7000 ---p 00000000 00:00 0 
7ff6bf7a7000-7ff6bf8a7000 rw-p 00000000 00:00 0 
7ff6bf8a7000-7ff6bf8a8000 ---p 00000000 00:00 0 
7ff6bf8a8000-7ff6bf9a8000 rw-p 00000000 00:00 0 
7ff6bf9a8000-7ff6bf9a9000 ---p 00000000 00:00 0 
7ff6bf9a9000-7ff6bfeb2000 rw-p 00000000 00:00 0 
7ff6bfeb2000-7ff6c0000000 ---p 00000000 00:00 0 
7ff6c0000000-7ff6c2c80000 rwxp 00000000 00:00 0 
7ff6c2c80000-7ff6c8000000 ---p 00000000 00:00 0 
7ff6c8000000-7ff6ca4bb000 rw-p 00000000 00:00 0 
7ff6ca4bb000-7ff6cc000000 ---p 00000000 00:00 0 
7ff6cc005000-7ff6cc006000 r--s 00005000 fd:02 1706712                    /home/rgarcia/.sbt/boot/scala-2.12.4/org.scala-sbt/sbt/1.0.3/test-agent-1.0.3.jar
7ff6cc008000-7ff6cc010000 r-xp 00000000 fd:00 2129481                    /usr/lib/jvm/java-1.8.0-openjdk-1.8.0.161-5.b14.fc27.x86_64/jre/lib/amd64/libzip.so
7ff6cc010000-7ff6cc20f000 ---p 00008000 fd:00 2129481                    /usr/lib/jvm/java-1.8.0-openjdk-1.8.0.161-5.b14.fc27.x86_64/jre/lib/amd64/libzip.so
7ff6cc20f000-7ff6cc210000 r--p 00007000 fd:00 2129481                    /usr/lib/jvm/java-1.8.0-openjdk-1.8.0.161-5.b14.fc27.x86_64/jre/lib/amd64/libzip.so
7ff6cc210000-7ff6cc211000 rw-p 00000000 00:00 0 
7ff6cc218000-7ff6cc223000 r-xp 00000000 fd:00 795469                     /usr/lib64/libnss_files-2.26.so
7ff6cc223000-7ff6cc422000 ---p 0000b000 fd:00 795469                     /usr/lib64/libnss_files-2.26.so
7ff6cc422000-7ff6cc423000 r--p 0000a000 fd:00 795469                     /usr/lib64/libnss_files-2.26.so
7ff6cc423000-7ff6cc424000 rw-p 0000b000 fd:00 795469                     /usr/lib64/libnss_files-2.26.so
7ff6cc424000-7ff6cc42a000 rw-p 00000000 00:00 0 
7ff6cc430000-7ff6cc438000 r-xp 00000000 fd:00 790242                     /usr/lib64/libnss_sss.so.2
7ff6cc438000-7ff6cc637000 ---p 00008000 fd:00 790242                     /usr/lib64/libnss_sss.so.2
7ff6cc637000-7ff6cc638000 r--p 00007000 fd:00 790242                     /usr/lib64/libnss_sss.so.2
7ff6cc638000-7ff6cc639000 rw-p 00008000 fd:00 790242                     /usr/lib64/libnss_sss.so.2
7ff6cc640000-7ff6cc66e000 r-xp 00000000 fd:00 2129463                    /usr/lib/jvm/java-1.8.0-openjdk-1.8.0.161-5.b14.fc27.x86_64/jre/lib/amd64/libjava.so
7ff6cc66e000-7ff6cc86e000 ---p 0002e000 fd:00 2129463                    /usr/lib/jvm/java-1.8.0-openjdk-1.8.0.161-5.b14.fc27.x86_64/jre/lib/amd64/libjava.so
7ff6cc86e000-7ff6cc86f000 r--p 0002e000 fd:00 2129463                    /usr/lib/jvm/java-1.8.0-openjdk-1.8.0.161-5.b14.fc27.x86_64/jre/lib/amd64/libjava.so
7ff6cc86f000-7ff6cc870000 rw-p 0002f000 fd:00 2129463                    /usr/lib/jvm/java-1.8.0-openjdk-1.8.0.161-5.b14.fc27.x86_64/jre/lib/amd64/libjava.so
7ff6cc870000-7ff6cc871000 rw-p 00000000 00:00 0 
7ff6cc878000-7ff6cc885000 r-xp 00000000 fd:00 2129480                    /usr/lib/jvm/java-1.8.0-openjdk-1.8.0.161-5.b14.fc27.x86_64/jre/lib/amd64/libverify.so
7ff6cc885000-7ff6cca85000 ---p 0000d000 fd:00 2129480                    /usr/lib/jvm/java-1.8.0-openjdk-1.8.0.161-5.b14.fc27.x86_64/jre/lib/amd64/libverify.so
7ff6cca85000-7ff6cca87000 r--p 0000d000 fd:00 2129480                    /usr/lib/jvm/java-1.8.0-openjdk-1.8.0.161-5.b14.fc27.x86_64/jre/lib/amd64/libverify.so
7ff6cca87000-7ff6cca88000 rw-p 00000000 00:00 0 
7ff6cca88000-7ff6cca8f000 r-xp 00000000 fd:00 795660                     /usr/lib64/librt-2.26.so
7ff6cca8f000-7ff6ccc8e000 ---p 00007000 fd:00 795660                     /usr/lib64/librt-2.26.so
7ff6ccc8e000-7ff6ccc8f000 r--p 00006000 fd:00 795660                     /usr/lib64/librt-2.26.so
7ff6ccc8f000-7ff6ccc90000 rw-p 00007000 fd:00 795660                     /usr/lib64/librt-2.26.so
7ff6ccc90000-7ff6ccca6000 r-xp 00000000 fd:00 790932                     /usr/lib64/libgcc_s-7-20180303.so.1
7ff6ccca6000-7ff6ccea5000 ---p 00016000 fd:00 790932                     /usr/lib64/libgcc_s-7-20180303.so.1
7ff6ccea5000-7ff6ccea6000 r--p 00015000 fd:00 790932                     /usr/lib64/libgcc_s-7-20180303.so.1
7ff6ccea6000-7ff6ccea7000 rw-p 00016000 fd:00 790932                     /usr/lib64/libgcc_s-7-20180303.so.1
7ff6ccea8000-7ff6ccffc000 r-xp 00000000 fd:00 794824                     /usr/lib64/libm-2.26.so
7ff6ccffc000-7ff6cd1fb000 ---p 00154000 fd:00 794824                     /usr/lib64/libm-2.26.so
7ff6cd1fb000-7ff6cd1fc000 r--p 00153000 fd:00 794824                     /usr/lib64/libm-2.26.so
7ff6cd1fc000-7ff6cd1fd000 rw-p 00154000 fd:00 794824                     /usr/lib64/libm-2.26.so
7ff6cd200000-7ff6cd378000 r-xp 00000000 fd:00 794510                     /usr/lib64/libstdc++.so.6.0.24
7ff6cd378000-7ff6cd578000 ---p 00178000 fd:00 794510                     /usr/lib64/libstdc++.so.6.0.24
7ff6cd578000-7ff6cd582000 r--p 00178000 fd:00 794510                     /usr/lib64/libstdc++.so.6.0.24
7ff6cd582000-7ff6cd584000 rw-p 00182000 fd:00 794510                     /usr/lib64/libstdc++.so.6.0.24
7ff6cd584000-7ff6cd587000 rw-p 00000000 00:00 0 
7ff6cd588000-7ff6ce2ec000 r-xp 00000000 fd:00 2129485                    /usr/lib/jvm/java-1.8.0-openjdk-1.8.0.161-5.b14.fc27.x86_64/jre/lib/amd64/server/libjvm.so
7ff6ce2ec000-7ff6ce4ec000 ---p 00d64000 fd:00 2129485                    /usr/lib/jvm/java-1.8.0-openjdk-1.8.0.161-5.b14.fc27.x86_64/jre/lib/amd64/server/libjvm.so
7ff6ce4ec000-7ff6ce588000 r--p 00d64000 fd:00 2129485                    /usr/lib/jvm/java-1.8.0-openjdk-1.8.0.161-5.b14.fc27.x86_64/jre/lib/amd64/server/libjvm.so
7ff6ce588000-7ff6ce5b1000 rw-p 00e00000 fd:00 2129485                    /usr/lib/jvm/java-1.8.0-openjdk-1.8.0.161-5.b14.fc27.x86_64/jre/lib/amd64/server/libjvm.so
7ff6ce5b1000-7ff6ce5e1000 rw-p 00000000 00:00 0 
7ff6ce5e8000-7ff6ce7c2000 r-xp 00000000 fd:00 790357                     /usr/lib64/libc-2.26.so
7ff6ce7c2000-7ff6ce9c1000 ---p 001da000 fd:00 790357                     /usr/lib64/libc-2.26.so
7ff6ce9c1000-7ff6ce9c5000 r--p 001d9000 fd:00 790357                     /usr/lib64/libc-2.26.so
7ff6ce9c5000-7ff6ce9c7000 rw-p 001dd000 fd:00 790357                     /usr/lib64/libc-2.26.so
7ff6ce9c7000-7ff6ce9cb000 rw-p 00000000 00:00 0 
7ff6ce9d0000-7ff6ce9d3000 r-xp 00000000 fd:00 791898                     /usr/lib64/libdl-2.26.so
7ff6ce9d3000-7ff6cebd2000 ---p 00003000 fd:00 791898                     /usr/lib64/libdl-2.26.so
7ff6cebd2000-7ff6cebd3000 r--p 00002000 fd:00 791898                     /usr/lib64/libdl-2.26.so
7ff6cebd3000-7ff6cebd4000 rw-p 00003000 fd:00 791898                     /usr/lib64/libdl-2.26.so
7ff6cebd8000-7ff6cebe6000 r-xp 00000000 fd:00 2129450                    /usr/lib/jvm/java-1.8.0-openjdk-1.8.0.161-5.b14.fc27.x86_64/jre/lib/amd64/jli/libjli.so
7ff6cebe6000-7ff6cede5000 ---p 0000e000 fd:00 2129450                    /usr/lib/jvm/java-1.8.0-openjdk-1.8.0.161-5.b14.fc27.x86_64/jre/lib/amd64/jli/libjli.so
7ff6cede5000-7ff6cede6000 r--p 0000d000 fd:00 2129450                    /usr/lib/jvm/java-1.8.0-openjdk-1.8.0.161-5.b14.fc27.x86_64/jre/lib/amd64/jli/libjli.so
7ff6cede6000-7ff6cede7000 rw-p 00000000 00:00 0 
7ff6cede8000-7ff6cedfe000 r-xp 00000000 fd:00 798712                     /usr/lib64/libz.so.1.2.11
7ff6cedfe000-7ff6ceffd000 ---p 00016000 fd:00 798712                     /usr/lib64/libz.so.1.2.11
7ff6ceffd000-7ff6ceffe000 r--p 00015000 fd:00 798712                     /usr/lib64/libz.so.1.2.11
7ff6ceffe000-7ff6cefff000 rw-p 00000000 00:00 0 
7ff6cf000000-7ff6cf01a000 r-xp 00000000 fd:00 795485                     /usr/lib64/libpthread-2.26.so
7ff6cf01a000-7ff6cf219000 ---p 0001a000 fd:00 795485                     /usr/lib64/libpthread-2.26.so
7ff6cf219000-7ff6cf21a000 r--p 00019000 fd:00 795485                     /usr/lib64/libpthread-2.26.so
7ff6cf21a000-7ff6cf21b000 rw-p 0001a000 fd:00 795485                     /usr/lib64/libpthread-2.26.so
7ff6cf21b000-7ff6cf21f000 rw-p 00000000 00:00 0 
7ff6cf220000-7ff6cf247000 r-xp 00000000 fd:00 804394                     /usr/lib64/ld-2.26.so
7ff6cf24c000-7ff6cf31d000 rw-p 00000000 00:00 0 
7ff6cf31d000-7ff6cf31e000 ---p 00000000 00:00 0 
7ff6cf31e000-7ff6cf321000 ---p 00000000 00:00 0 
7ff6cf321000-7ff6cf420000 rw-p 00000000 00:00 0 
7ff6cf424000-7ff6cf438000 rw-p 00000000 00:00 0 
7ff6cf438000-7ff6cf440000 rw-s 00000000 00:2c 5858582                    /tmp/hsperfdata_rgarcia/22538
7ff6cf446000-7ff6cf447000 rw-p 00000000 00:00 0 
7ff6cf447000-7ff6cf448000 r--p 00027000 fd:00 804394                     /usr/lib64/ld-2.26.so
7ff6cf448000-7ff6cf449000 rw-p 00028000 fd:00 804394                     /usr/lib64/ld-2.26.so
7ff6cf449000-7ff6cf44a000 rw-p 00000000 00:00 0 
7ff6cf44a000-7ff6cf44b000 r--p 00000000 00:00 0 
7ff6cf44b000-7ff6cf44d000 rw-p 00000000 00:00 0 
7ffe43450000-7ffe43471000 rw-p 00000000 00:00 0                          [stack]
7ffe43488000-7ffe4348b000 r--p 00000000 00:00 0                          [vvar]
7ffe4348b000-7ffe4348d000 r-xp 00000000 00:00 0                          [vdso]
ffffffffff600000-ffffffffff601000 r-xp 00000000 00:00 0                  [vsyscall]

VM Arguments:
jvm_args: -Xms1024m -Xmx1024m -XX:ReservedCodeCacheSize=128m -XX:MaxMetaspaceSize=256m 
java_command: /usr/share/sbt/bin/sbt-launch.jar
java_class_path (initial): /usr/share/sbt/bin/sbt-launch.jar
Launcher Type: SUN_STANDARD

Environment Variables:
PATH=/usr/lib64/qt-3.3/bin:/usr/local/bin:/usr/local/sbin:/usr/bin:/usr/sbin:/home/rgarcia/Documents/Carrera/SO/P1/src/utils:/home/rgarcia/.local/bin:/home/rgarcia/bin:/home/rgarcia/Documents/Carrera/SO/P1/src/utils
USERNAME=rgarcia
SHELL=/bin/bash
DISPLAY=:0

Signal Handlers:
SIGSEGV: [libjvm.so+0xb6a6a0], sa_mask[0]=11111111011111111101111111111110, sa_flags=SA_RESTART|SA_SIGINFO
SIGBUS: [libjvm.so+0xb6a6a0], sa_mask[0]=11111111011111111101111111111110, sa_flags=SA_RESTART|SA_SIGINFO
SIGFPE: [libjvm.so+0x91a540], sa_mask[0]=11111111011111111101111111111110, sa_flags=SA_RESTART|SA_SIGINFO
SIGPIPE: [libjvm.so+0x91a540], sa_mask[0]=11111111011111111101111111111110, sa_flags=SA_RESTART|SA_SIGINFO
SIGXFSZ: [libjvm.so+0x91a540], sa_mask[0]=11111111011111111101111111111110, sa_flags=SA_RESTART|SA_SIGINFO
SIGILL: [libjvm.so+0x91a540], sa_mask[0]=11111111011111111101111111111110, sa_flags=SA_RESTART|SA_SIGINFO
SIGUSR1: SIG_DFL, sa_mask[0]=00000000000000000000000000000000, sa_flags=none
SIGUSR2: [libjvm.so+0x91a3f0], sa_mask[0]=00000000000000000000000000000000, sa_flags=SA_RESTART|SA_SIGINFO
SIGHUP: [libjvm.so+0x91a8a0], sa_mask[0]=11111111011111111101111111111110, sa_flags=SA_RESTART|SA_SIGINFO
SIGINT: [libjvm.so+0x91a8a0], sa_mask[0]=11111111011111111101111111111110, sa_flags=SA_RESTART|SA_SIGINFO
SIGTERM: [libjvm.so+0x91a8a0], sa_mask[0]=11111111011111111101111111111110, sa_flags=SA_RESTART|SA_SIGINFO
SIGQUIT: [libjvm.so+0x91a8a0], sa_mask[0]=11111111011111111101111111111110, sa_flags=SA_RESTART|SA_SIGINFO


---------------  S Y S T E M  ---------------

OS:Fedora release 27 (Twenty Seven)

uname:Linux 4.15.6-300.fc27.x86_64 #1 SMP Mon Feb 26 18:43:03 UTC 2018 x86_64
libc:glibc 2.26 NPTL 2.26 
rlimit: STACK 8192k, CORE infinity, NPROC 28294, NOFILE 4096, AS infinity
load average:0.79 1.34 1.71

/proc/meminfo:
MemTotal:        7334548 kB
MemFree:          361580 kB
MemAvailable:    2039900 kB
Buffers:          108556 kB
Cached:          1386020 kB
SwapCached:            0 kB
Active:          5080260 kB
Inactive:        1478552 kB
Active(anon):    4090860 kB
Inactive(anon):   629700 kB
Active(file):     989400 kB
Inactive(file):   848852 kB
Unevictable:         488 kB
Mlocked:             488 kB
SwapTotal:       7471100 kB
SwapFree:        7471100 kB
Dirty:               604 kB
Writeback:             0 kB
AnonPages:       5064996 kB
Mapped:           747172 kB
Shmem:            280304 kB
Slab:             199708 kB
SReclaimable:     118548 kB
SUnreclaim:        81160 kB
KernelStack:       21216 kB
PageTables:        97348 kB
NFS_Unstable:          0 kB
Bounce:                0 kB
WritebackTmp:          0 kB
CommitLimit:    11138372 kB
Committed_AS:   21960996 kB
VmallocTotal:   34359738367 kB
VmallocUsed:           0 kB
VmallocChunk:          0 kB
HardwareCorrupted:     0 kB
AnonHugePages:     12288 kB
ShmemHugePages:        0 kB
ShmemPmdMapped:        0 kB
CmaTotal:              0 kB
CmaFree:               0 kB
HugePages_Total:       0
HugePages_Free:        0
HugePages_Rsvd:        0
HugePages_Surp:        0
Hugepagesize:       2048 kB
DirectMap4k:      367356 kB
DirectMap2M:     7176192 kB
DirectMap1G:     1048576 kB


CPU:total 4 (initial active 4) (4 cores per cpu, 1 threads per core) family 21 model 16 stepping 1, cmov, cx8, fxsr, mmx, sse, sse2, sse3, ssse3, sse4.1, sse4.2, popcnt, avx, aes, clmul, mmxext, 3dnowpref, lzcnt, sse4a, tsc, tscinvbit, tscinv, bmi1

/proc/cpuinfo:
processor	: 0
vendor_id	: AuthenticAMD
cpu family	: 21
model		: 16
model name	: AMD A8-4555M APU with Radeon(tm) HD Graphics
stepping	: 1
microcode	: 0x6001119
cpu MHz		: 1099.656
cache size	: 2048 KB
physical id	: 0
siblings	: 4
core id		: 0
cpu cores	: 2
apicid		: 16
initial apicid	: 0
fpu		: yes
fpu_exception	: yes
cpuid level	: 13
wp		: yes
flags		: fpu vme de pse tsc msr pae mce cx8 apic sep mtrr pge mca cmov pat pse36 clflush mmx fxsr sse sse2 ht syscall nx mmxext fxsr_opt pdpe1gb rdtscp lm constant_tsc rep_good nopl nonstop_tsc cpuid extd_apicid aperfmperf pni pclmulqdq monitor ssse3 fma cx16 sse4_1 sse4_2 popcnt aes xsave avx f16c lahf_lm cmp_legacy svm extapic cr8_legacy abm sse4a misalignsse 3dnowprefetch osvw ibs xop skinit wdt lwp fma4 tce nodeid_msr tbm topoext perfctr_core perfctr_nb cpb hw_pstate vmmcall bmi1 arat npt lbrv svm_lock nrip_save tsc_scale vmcb_clean flushbyasid decodeassists pausefilter pfthreshold
bugs		: fxsave_leak sysret_ss_attrs null_seg spectre_v1 spectre_v2
bogomips	: 3194.15
TLB size	: 1536 4K pages
clflush size	: 64
cache_alignment	: 64
address sizes	: 48 bits physical, 48 bits virtual
power management: ts ttp tm 100mhzsteps hwpstate cpb eff_freq_ro

processor	: 1
vendor_id	: AuthenticAMD
cpu family	: 21
model		: 16
model name	: AMD A8-4555M APU with Radeon(tm) HD Graphics
stepping	: 1
microcode	: 0x6001119
cpu MHz		: 1151.536
cache size	: 2048 KB
physical id	: 0
siblings	: 4
core id		: 1
cpu cores	: 2
apicid		: 17
initial apicid	: 1
fpu		: yes
fpu_exception	: yes
cpuid level	: 13
wp		: yes
flags		: fpu vme de pse tsc msr pae mce cx8 apic sep mtrr pge mca cmov pat pse36 clflush mmx fxsr sse sse2 ht syscall nx mmxext fxsr_opt pdpe1gb rdtscp lm constant_tsc rep_good nopl nonstop_tsc cpuid extd_apicid aperfmperf pni pclmulqdq monitor ssse3 fma cx16 sse4_1 sse4_2 popcnt aes xsave avx f16c lahf_lm cmp_legacy svm extapic cr8_legacy abm sse4a misalignsse 3dnowprefetch osvw ibs xop skinit wdt lwp fma4 tce nodeid_msr tbm topoext perfctr_core perfctr_nb cpb hw_pstate vmmcall bmi1 arat npt lbrv svm_lock nrip_save tsc_scale vmcb_clean flushbyasid decodeassists pausefilter pfthreshold
bugs		: fxsave_leak sysret_ss_attrs null_seg spectre_v1 spectre_v2
bogomips	: 3194.15
TLB size	: 1536 4K pages
clflush size	: 64
cache_alignment	: 64
address sizes	: 48 bits physical, 48 bits virtual
power management: ts ttp tm 100mhzsteps hwpstate cpb eff_freq_ro

processor	: 2
vendor_id	: AuthenticAMD
cpu family	: 21
model		: 16
model name	: AMD A8-4555M APU with Radeon(tm) HD Graphics
stepping	: 1
microcode	: 0x6001119
cpu MHz		: 1095.981
cache size	: 2048 KB
physical id	: 0
siblings	: 4
core id		: 2
cpu cores	: 2
apicid		: 18
initial apicid	: 2
fpu		: yes
fpu_exception	: yes
cpuid level	: 13
wp		: yes
flags		: fpu vme de pse tsc msr pae mce cx8 apic sep mtrr pge mca cmov pat pse36 clflush mmx fxsr sse sse2 ht syscall nx mmxext fxsr_opt pdpe1gb rdtscp lm constant_tsc rep_good nopl nonstop_tsc cpuid extd_apicid aperfmperf pni pclmulqdq monitor ssse3 fma cx16 sse4_1 sse4_2 popcnt aes xsave avx f16c lahf_lm cmp_legacy svm extapic cr8_legacy abm sse4a misalignsse 3dnowprefetch osvw ibs xop skinit wdt lwp fma4 tce nodeid_msr tbm topoext perfctr_core perfctr_nb cpb hw_pstate vmmcall bmi1 arat npt lbrv svm_lock nrip_save tsc_scale vmcb_clean flushbyasid decodeassists pausefilter pfthreshold
bugs		: fxsave_leak sysret_ss_attrs null_seg spectre_v1 spectre_v2
bogomips	: 3194.15
TLB size	: 1536 4K pages
clflush size	: 64
cache_alignment	: 64
address sizes	: 48 bits physical, 48 bits virtual
power management: ts ttp tm 100mhzsteps hwpstate cpb eff_freq_ro

processor	: 3
vendor_id	: AuthenticAMD
cpu family	: 21
model		: 16
model name	: AMD A8-4555M APU with Radeon(tm) HD Graphics
stepping	: 1
microcode	: 0x6001119
cpu MHz		: 1111.765
cache size	: 2048 KB
physical id	: 0
siblings	: 4
core id		: 3
cpu cores	: 2
apicid		: 19
initial apicid	: 3
fpu		: yes
fpu_exception	: yes
cpuid level	: 13
wp		: yes
flags		: fpu vme de pse tsc msr pae mce cx8 apic sep mtrr pge mca cmov pat pse36 clflush mmx fxsr sse sse2 ht syscall nx mmxext fxsr_opt pdpe1gb rdtscp lm constant_tsc rep_good nopl nonstop_tsc cpuid extd_apicid aperfmperf pni pclmulqdq monitor ssse3 fma cx16 sse4_1 sse4_2 popcnt aes xsave avx f16c lahf_lm cmp_legacy svm extapic cr8_legacy abm sse4a misalignsse 3dnowprefetch osvw ibs xop skinit wdt lwp fma4 tce nodeid_msr tbm topoext perfctr_core perfctr_nb cpb hw_pstate vmmcall bmi1 arat npt lbrv svm_lock nrip_save tsc_scale vmcb_clean flushbyasid decodeassists pausefilter pfthreshold
bugs		: fxsave_leak sysret_ss_attrs null_seg spectre_v1 spectre_v2
bogomips	: 3194.15
TLB size	: 1536 4K pages
clflush size	: 64
cache_alignment	: 64
address sizes	: 48 bits physical, 48 bits virtual
power management: ts ttp tm 100mhzsteps hwpstate cpb eff_freq_ro



Memory: 4k page, physical 7334548k(361456k free), swap 7471100k(7471100k free)

vm_info: OpenJDK 64-Bit Server VM (25.161-b14) for linux-amd64 JRE (1.8.0_161-b14), built on Feb  6 2018 10:37:01 by "mockbuild" with gcc 7.3.1 20180130 (Red Hat 7.3.1-2)

time: Thu Mar  8 21:28:57 2018
elapsed time: 493 seconds (0d 0h 8m 13s)

