#
# A fatal error has been detected by the Java Runtime Environment:
#
#  SIGSEGV (0xb) at pc=0x00007fc679064a2b, pid=23408, tid=0x00007fc679d1e700
#
# JRE version: OpenJDK Runtime Environment (8.0_161-b14) (build 1.8.0_161-b14)
# Java VM: OpenJDK 64-Bit Server VM (25.161-b14 mixed mode linux-amd64 compressed oops)
# Problematic frame:
# C  [sqlite-3.21.0.1-82f14d1a-118e-4104-a564-3728d8f50ccb-libsqlitejdbc.so+0x24a2b]
#
# Core dump written. Default location: /home/rgarcia/Documents/Carrera/Heuristicas-de-Optimizacion-Combinatoria/proyecto1/recocido-simulado/core or core.23408
#
# If you would like to submit a bug report, please visit:
#   http://bugreport.java.com/bugreport/crash.jsp
# The crash happened outside the Java Virtual Machine in native code.
# See problematic frame for where to report the bug.
#

---------------  T H R E A D  ---------------

Current thread (0x00007fc6f18056e0):  JavaThread "pool-16-thread-2-ScalaTest-running-SolutionTest" [_thread_in_native, id=24093, stack(0x00007fc679c1e000,0x00007fc679d1f000)]

siginfo: si_signo: 11 (SIGSEGV), si_code: 1 (SEGV_MAPERR), si_addr: 0x0000000000000018

Registers:
RAX=0x0000000000000000, RBX=0x00007fc67004fe88, RCX=0x0000000000000000, RDX=0x00007fc67004fe88
RSP=0x00007fc679d1b310, RBP=0x0000000000000000, RSI=0x0000000000000000, RDI=0x00007fc67004fe88
R8 =0x00007fc67934ba98, R9 =0x0000000000000006, R10=0x00007fc6e801786b, R11=0x00007fc6f8018e80
R12=0x00007fc67004fe88, R13=0x00007fc67934ba98, R14=0x00007fc679d1b3f8, R15=0x00007fc6f18056e0
RIP=0x00007fc679064a2b, EFLAGS=0x0000000000010206, CSGSFS=0x002b000000000033, ERR=0x0000000000000004
  TRAPNO=0x000000000000000e

Top of Stack: (sp=0x00007fc679d1b310)
0x00007fc679d1b310:   00007fc679d1b350 00007fc67934ba98
0x00007fc679d1b320:   00007fc679d1b3c0 00007fc679064b36
0x00007fc679d1b330:   00007fc679d1b3c0 00007fc67934ba98
0x00007fc679d1b340:   0000000000000000 00007fc6e8017897
0x00007fc679d1b350:   00007fc679d1b3c0 00007fc6e801764d
0x00007fc679d1b360:   00007fc679d1b3c0 00007fc6e8017619
0x00007fc679d1b370:   0000000000000003 00000000f31f7388
0x00007fc679d1b380:   00007fc679d1b370 00007fc67934ba98
0x00007fc679d1b390:   00007fc679d1b3f8 00007fc67939e938
0x00007fc679d1b3a0:   0000000000000000 00007fc67934ba98
0x00007fc679d1b3b0:   0000000000000000 00007fc679d1b3e0
0x00007fc679d1b3c0:   00007fc679d1b440 00007fc6e8007a40
0x00007fc679d1b3d0:   0000000000000000 00007fc6e8011116
0x00007fc679d1b3e0:   0000000000000000 00007fc67004fe88
0x00007fc679d1b3f0:   00000000f3329b00 00000000f31f7388
0x00007fc679d1b400:   00007fc679d1b400 00007fc6793b77b8
0x00007fc679d1b410:   00007fc679d1b458 00007fc6793bbe00
0x00007fc679d1b420:   0000000000000000 00007fc6793b7800
0x00007fc679d1b430:   00007fc679d1b3e0 00007fc679d1b450
0x00007fc679d1b440:   00007fc679d1b4a8 00007fc6e8007cf5
0x00007fc679d1b450:   0000000000000001 00000000f3329b60
0x00007fc679d1b460:   00000000f2db4458 00007fc679d1b468
0x00007fc679d1b470:   00007fc6793761fa 00007fc679d1b530
0x00007fc679d1b480:   00007fc6793764b0 0000000000000000
0x00007fc679d1b490:   00007fc6793763c8 00007fc679d1b450
0x00007fc679d1b4a0:   00007fc679d1b528 00007fc679d1b588
0x00007fc679d1b4b0:   00007fc6e8007ffd 0000000000000000
0x00007fc679d1b4c0:   0000000000000000 0000000000000000
0x00007fc679d1b4d0:   0000000000000000 0000000000000000
0x00007fc679d1b4e0:   0000000000000000 0000000000000000
0x00007fc679d1b4f0:   0000000000000000 0000000000000000
0x00007fc679d1b500:   00000000f3329b60 00000000f3327fe8 

Instructions: (pc=0x00007fc679064a2b)
0x00007fc679064a0b:   0f 1f 44 00 00 48 89 5c 24 f0 48 89 6c 24 f8 48
0x00007fc679064a1b:   83 ec 18 48 85 ff 48 89 fb 89 f5 74 6c 48 8b 07
0x00007fc679064a2b:   48 8b 78 18 e8 bc 8f fe ff 48 8b 8b 88 00 00 00
0x00007fc679064a3b:   48 85 c9 74 34 0f b7 83 bc 00 00 00 39 e8 7e 29 

Register to memory mapping:

RAX=0x0000000000000000 is an unknown value
RBX=0x00007fc67004fe88 is an unknown value
RCX=0x0000000000000000 is an unknown value
RDX=0x00007fc67004fe88 is an unknown value
RSP=0x00007fc679d1b310 is pointing into the stack for thread: 0x00007fc6f18056e0
RBP=0x0000000000000000 is an unknown value
RSI=0x0000000000000000 is an unknown value
RDI=0x00007fc67004fe88 is an unknown value
R8 ={method} {0x00007fc67934ba98} 'column_type' '(JI)I' in 'org/sqlite/core/NativeDB'
R9 =0x0000000000000006 is an unknown value
R10=0x00007fc6e801786b is at code_begin+1035 in an Interpreter codelet
method entry point (kind = native_synchronized)  [0x00007fc6e8017460, 0x00007fc6e8017e40]  2528 bytes
R11=0x00007fc6f8018e80: <offset 0x9d0e80> in /usr/lib/jvm/java-1.8.0-openjdk-1.8.0.161-5.b14.fc27.x86_64/jre/lib/amd64/server/libjvm.so at 0x00007fc6f7648000
R12=0x00007fc67004fe88 is an unknown value
R13={method} {0x00007fc67934ba98} 'column_type' '(JI)I' in 'org/sqlite/core/NativeDB'
R14=0x00007fc679d1b3f8 is pointing into the stack for thread: 0x00007fc6f18056e0
R15=0x00007fc6f18056e0 is a thread


Stack: [0x00007fc679c1e000,0x00007fc679d1f000],  sp=0x00007fc679d1b310,  free space=1012k
Native frames: (J=compiled Java code, j=interpreted, Vv=VM code, C=native code)
C  [sqlite-3.21.0.1-82f14d1a-118e-4104-a564-3728d8f50ccb-libsqlitejdbc.so+0x24a2b]

Java frames: (J=compiled Java code, j=interpreted, Vv=VM code)
j  org.sqlite.core.NativeDB.column_type(JI)I+0
j  org.sqlite.jdbc3.JDBC3ResultSet.getDouble(I)D+16
j  Connections.<init>([I)V+106
j  Solution.<init>([ILConnections;Lscala/util/Random;)V+45
j  Solution.<init>([ILscala/util/Random;)V+4
j  SolutionTest.$anonfun$new$1(LSolutionTest;)Lorg/scalatest/compatible/Assertion;+101
j  SolutionTest$$Lambda$4980.apply()Ljava/lang/Object;+4
j  org.scalatest.OutcomeOf.outcomeOf(Lscala/Function0;)Lorg/scalatest/Outcome;+1
j  org.scalatest.OutcomeOf.outcomeOf$(Lorg/scalatest/OutcomeOf;Lscala/Function0;)Lorg/scalatest/Outcome;+2
j  org.scalatest.OutcomeOf$.outcomeOf(Lscala/Function0;)Lorg/scalatest/Outcome;+2
j  org.scalatest.Transformer.apply()Lorg/scalatest/Outcome;+7
j  org.scalatest.Transformer.apply()Ljava/lang/Object;+1
j  org.scalatest.FunSuiteLike$$anon$1.apply()Lorg/scalatest/Outcome;+10
j  org.scalatest.TestSuite.withFixture(Lorg/scalatest/TestSuite$NoArgTest;)Lorg/scalatest/Outcome;+1
j  org.scalatest.TestSuite.withFixture$(Lorg/scalatest/TestSuite;Lorg/scalatest/TestSuite$NoArgTest;)Lorg/scalatest/Outcome;+2
j  org.scalatest.FunSuite.withFixture(Lorg/scalatest/TestSuite$NoArgTest;)Lorg/scalatest/Outcome;+2
j  org.scalatest.FunSuiteLike.invokeWithFixture$1(Lorg/scalatest/SuperEngine$TestLeaf;Ljava/lang/String;Lorg/scalatest/Args;)Lorg/scalatest/Outcome;+29
j  org.scalatest.FunSuiteLike.$anonfun$runTest$1(Lorg/scalatest/FunSuiteLike;Ljava/lang/String;Lorg/scalatest/Args;Lorg/scalatest/SuperEngine$TestLeaf;)Lorg/scalatest/Outcome;+4
j  org.scalatest.FunSuiteLike$$Lambda$5074.apply(Ljava/lang/Object;)Ljava/lang/Object;+16
j  org.scalatest.SuperEngine.runTestImpl(Lorg/scalatest/Suite;Ljava/lang/String;Lorg/scalatest/Args;ZLscala/Function1;)Lorg/scalatest/Status;+503
j  org.scalatest.FunSuiteLike.runTest(Ljava/lang/String;Lorg/scalatest/Args;)Lorg/scalatest/Status;+18
j  org.scalatest.FunSuiteLike.runTest$(Lorg/scalatest/FunSuiteLike;Ljava/lang/String;Lorg/scalatest/Args;)Lorg/scalatest/Status;+3
j  org.scalatest.FunSuite.runTest(Ljava/lang/String;Lorg/scalatest/Args;)Lorg/scalatest/Status;+3
j  org.scalatest.FunSuiteLike.$anonfun$runTests$1(Lorg/scalatest/FunSuiteLike;Ljava/lang/String;Lorg/scalatest/Args;)Lorg/scalatest/Status;+3
j  org.scalatest.FunSuiteLike$$Lambda$5024.apply(Ljava/lang/Object;Ljava/lang/Object;)Ljava/lang/Object;+12
j  org.scalatest.SuperEngine.$anonfun$runTestsInBranch$1(Lorg/scalatest/SuperEngine;Lorg/scalatest/Suite;Lorg/scalatest/SuperEngine$Branch;Lorg/scalatest/Args;ZLscala/Function2;Lscala/collection/mutable/ListBuffer;Lorg/scalatest/SuperEngine$Node;)Ljava/lang/Object;+229
j  org.scalatest.SuperEngine$$Lambda$5026.apply(Ljava/lang/Object;)Ljava/lang/Object;+32
J 10378 C2 scala.collection.immutable.List.foreach(Lscala/Function1;)V (32 bytes) @ 0x00007fc6e995a674 [0x00007fc6e995a5c0+0xb4]
j  org.scalatest.SuperEngine.traverseSubNodes$1(Lorg/scalatest/Suite;Lorg/scalatest/SuperEngine$Branch;Lorg/scalatest/Args;ZLscala/Function2;Lscala/collection/mutable/ListBuffer;)V+22
j  org.scalatest.SuperEngine.runTestsInBranch(Lorg/scalatest/Suite;Lorg/scalatest/SuperEngine$Branch;Lorg/scalatest/Args;ZLscala/Function2;)Lorg/scalatest/Status;+191
j  org.scalatest.SuperEngine.runTestsImpl(Lorg/scalatest/Suite;Lscala/Option;Lorg/scalatest/Args;Lorg/scalatest/Informer;ZLscala/Function2;)Lorg/scalatest/Status;+444
j  org.scalatest.FunSuiteLike.runTests(Lscala/Option;Lorg/scalatest/Args;)Lorg/scalatest/Status;+22
j  org.scalatest.FunSuiteLike.runTests$(Lorg/scalatest/FunSuiteLike;Lscala/Option;Lorg/scalatest/Args;)Lorg/scalatest/Status;+3
j  org.scalatest.FunSuite.runTests(Lscala/Option;Lorg/scalatest/Args;)Lorg/scalatest/Status;+3
j  org.scalatest.Suite.run(Lscala/Option;Lorg/scalatest/Args;)Lorg/scalatest/Status;+235
j  org.scalatest.Suite.run$(Lorg/scalatest/Suite;Lscala/Option;Lorg/scalatest/Args;)Lorg/scalatest/Status;+3
j  org.scalatest.FunSuite.org$scalatest$FunSuiteLike$$super$run(Lscala/Option;Lorg/scalatest/Args;)Lorg/scalatest/Status;+3
j  org.scalatest.FunSuiteLike.$anonfun$run$1(Lorg/scalatest/FunSuiteLike;Lscala/Option;Lorg/scalatest/Args;)Lorg/scalatest/Status;+3
j  org.scalatest.FunSuiteLike$$Lambda$5001.apply(Ljava/lang/Object;Ljava/lang/Object;)Ljava/lang/Object;+12
j  org.scalatest.SuperEngine.runImpl(Lorg/scalatest/Suite;Lscala/Option;Lorg/scalatest/Args;Lscala/Function2;)Lorg/scalatest/Status;+358
j  org.scalatest.FunSuiteLike.run(Lscala/Option;Lorg/scalatest/Args;)Lorg/scalatest/Status;+15
j  org.scalatest.FunSuiteLike.run$(Lorg/scalatest/FunSuiteLike;Lscala/Option;Lorg/scalatest/Args;)Lorg/scalatest/Status;+3
j  org.scalatest.FunSuite.run(Lscala/Option;Lorg/scalatest/Args;)Lorg/scalatest/Status;+3
j  org.scalatest.tools.Framework.org$scalatest$tools$Framework$$runSuite(Lsbt/testing/TaskDef;Ljava/lang/String;Lorg/scalatest/Suite;Ljava/lang/ClassLoader;Lorg/scalatest/Reporter;Lorg/scalatest/Tracker;Lsbt/testing/EventHandler;Lscala/collection/immutable/Set;Lscala/collection/immutable/Set;[Lsbt/testing/Selector;ZLorg/scalatest/ConfigMap;Lorg/scalatest/tools/Framework$SummaryCounter;Lscala/Option;Ljava/util/concurrent/LinkedBlockingQueue;[Lsbt/testing/Logger;ZZZZZZZZZZLjava/util/concurrent/ExecutorService;)[Lsbt/testing/Task;+645
j  org.scalatest.tools.Framework$ScalaTestTask.execute(Lsbt/testing/EventHandler;[Lsbt/testing/Logger;)[Lsbt/testing/Task;+333
j  sbt.TestRunner.runTest$1(Lsbt/testing/Task;Lsbt/TestDefinition;)Lscala/Tuple2;+82
j  sbt.TestRunner.run(Lsbt/testing/TaskDef;Lsbt/testing/Task;)Lscala/Tuple2;+60
j  sbt.TestFramework$$anon$2$$anonfun$$lessinit$greater$1.$anonfun$apply$1(Lsbt/TestFramework$$anon$2$$anonfun$$lessinit$greater$1;Lsbt/TestRunner;)Lscala/Tuple2;+9
j  sbt.TestFramework$$anon$2$$anonfun$$lessinit$greater$1$$Lambda$4163.apply()Ljava/lang/Object;+8
j  sbt.TestFramework$.sbt$TestFramework$$withContextLoader(Ljava/lang/ClassLoader;Lscala/Function0;)Ljava/lang/Object;+15
j  sbt.TestFramework$$anon$2$$anonfun$$lessinit$greater$1.apply(Lsbt/TestRunner;)Lscala/Tuple2;+14
j  sbt.TestFramework$$anon$2$$anonfun$$lessinit$greater$1.apply(Ljava/lang/Object;)Ljava/lang/Object;+5
j  sbt.TestFunction.apply()Lscala/Tuple2;+8
j  sbt.Tests$.$anonfun$toTask$1(Ljava/lang/String;Lsbt/TestFunction;)Lscala/Tuple2;+6
j  sbt.Tests$$$Lambda$4147.apply()Ljava/lang/Object;+8
J 17392 C1 sbt.std.Transform$$anon$3$$Lambda$1601.apply(Ljava/lang/Object;)Ljava/lang/Object; (12 bytes) @ 0x00007fc6e96a48f4 [0x00007fc6e96a4600+0x2f4]
J 11553 C1 sbt.Execute$$Lambda$1612.apply()Ljava/lang/Object; (12 bytes) @ 0x00007fc6e967a7e4 [0x00007fc6e967a740+0xa4]
J 7082 C1 sbt.internal.util.ErrorHandling$.wideConvert(Lscala/Function0;)Lscala/util/Either; (169 bytes) @ 0x00007fc6e9105f74 [0x00007fc6e9105dc0+0x1b4]
J 11551 C1 sbt.Execute.work(Ljava/lang/Object;Lscala/Function0;Lsbt/CompletionService;)Lsbt/Completed; (69 bytes) @ 0x00007fc6e967b044 [0x00007fc6e967af80+0xc4]
J 11547 C1 sbt.Execute$$Lambda$1603.apply()Ljava/lang/Object; (24 bytes) @ 0x00007fc6e967ca34 [0x00007fc6e967c940+0xf4]
J 11373 C1 sbt.ConcurrentRestrictions$$anon$4$$Lambda$1610.apply()Ljava/lang/Object; (16 bytes) @ 0x00007fc6e9368f7c [0x00007fc6e9368e20+0x15c]
J 11372 C1 sbt.CompletionService$$anon$2.call()Ljava/lang/Object; (10 bytes) @ 0x00007fc6e935c7c4 [0x00007fc6e935c6c0+0x104]
J 5914 C1 java.util.concurrent.FutureTask.run()V (126 bytes) @ 0x00007fc6e8f3bd4c [0x00007fc6e8f3bb00+0x24c]
J 11371 C1 java.util.concurrent.Executors$RunnableAdapter.call()Ljava/lang/Object; (14 bytes) @ 0x00007fc6e893804c [0x00007fc6e8937f40+0x10c]
J 5914 C1 java.util.concurrent.FutureTask.run()V (126 bytes) @ 0x00007fc6e8f3bd4c [0x00007fc6e8f3bb00+0x24c]
j  java.util.concurrent.ThreadPoolExecutor.runWorker(Ljava/util/concurrent/ThreadPoolExecutor$Worker;)V+95
j  java.util.concurrent.ThreadPoolExecutor$Worker.run()V+5
j  java.lang.Thread.run()V+11
v  ~StubRoutines::call_stub

---------------  P R O C E S S  ---------------

Java Threads: ( => current thread )
  0x00007fc67001b6b0 JavaThread "Timer-3" [_thread_blocked, id=24101, stack(0x00007fc679d1f000,0x00007fc679e20000)]
  0x00007fc67001a260 JavaThread "ScalaTest-dispatcher" [_thread_blocked, id=24100, stack(0x00007fc6de244000,0x00007fc6de345000)]
  0x00007fc690b94f10 JavaThread "pool-16-thread-8" [_thread_blocked, id=24099, stack(0x00007fc6b8066000,0x00007fc6b8167000)]
  0x00007fc690b94ad0 JavaThread "pool-16-thread-7" [_thread_blocked, id=24098, stack(0x00007fc6ddd41000,0x00007fc6dde42000)]
  0x00007fc690b1cee0 JavaThread "pool-16-thread-6" [_thread_blocked, id=24097, stack(0x00007fc6de446000,0x00007fc6de547000)]
  0x00007fc690a60c10 JavaThread "pool-16-thread-5-ScalaTest-running-DBConnectionTest" [_thread_in_Java, id=24096, stack(0x00007fc6de345000,0x00007fc6de446000)]
  0x00007fc6f0b08c90 JavaThread "pool-16-thread-4" [_thread_blocked, id=24095, stack(0x00007fc6dc9f9000,0x00007fc6dcafa000)]
  0x00007fc6f0c0e080 JavaThread "pool-16-thread-3" [_thread_blocked, id=24094, stack(0x00007fc6de143000,0x00007fc6de244000)]
=>0x00007fc6f18056e0 JavaThread "pool-16-thread-2-ScalaTest-running-SolutionTest" [_thread_in_native, id=24093, stack(0x00007fc679c1e000,0x00007fc679d1f000)]
  0x00007fc6f0b0a6c0 JavaThread "pool-16-thread-1" [_thread_blocked, id=24092, stack(0x00007fc6dc8f8000,0x00007fc6dc9f9000)]
  0x00007fc68c00b740 JavaThread "process reaper" daemon [_thread_blocked, id=23854, stack(0x00007fc6df3c7000,0x00007fc6df400000)]
  0x00007fc6f0e23a10 JavaThread "sbt-socket-server" [_thread_in_native, id=23586, stack(0x00007fc6dde42000,0x00007fc6ddf43000)]
  0x00007fc6f083b390 JavaThread "Log4j2-TF-1-AsyncLogger[AsyncContext@5f2108b5]-1" daemon [_thread_blocked, id=23456, stack(0x00007fc6e4035000,0x00007fc6e4136000)]
  0x00007fc6f019da80 JavaThread "Service Thread" daemon [_thread_blocked, id=23421, stack(0x00007fc6e53f4000,0x00007fc6e54f5000)]
  0x00007fc6f0191210 JavaThread "C1 CompilerThread2" daemon [_thread_blocked, id=23420, stack(0x00007fc6e54f6000,0x00007fc6e55f6000)]
  0x00007fc6f001c3f0 JavaThread "C2 CompilerThread1" daemon [_thread_blocked, id=23419, stack(0x00007fc6e55f7000,0x00007fc6e56f7000)]
  0x00007fc6f0183130 JavaThread "C2 CompilerThread0" daemon [_thread_blocked, id=23418, stack(0x00007fc6e56f8000,0x00007fc6e57f8000)]
  0x00007fc6f0181770 JavaThread "Signal Dispatcher" daemon [_thread_blocked, id=23417, stack(0x00007fc6e57f8000,0x00007fc6e58f9000)]
  0x00007fc6f01580e0 JavaThread "Finalizer" daemon [_thread_blocked, id=23416, stack(0x00007fc6e58f9000,0x00007fc6e59fa000)]
  0x00007fc6f0154070 JavaThread "Reference Handler" daemon [_thread_blocked, id=23415, stack(0x00007fc6e59fa000,0x00007fc6e5afb000)]
  0x00007fc6f000a6f0 JavaThread "main" [_thread_blocked, id=23409, stack(0x00007fc6f93de000,0x00007fc6f94de000)]

Other Threads:
  0x00007fc6f014ab80 VMThread [stack: 0x00007fc6e5afc000,0x00007fc6e5bfc000] [id=23414]
  0x00007fc6f019f910 WatcherThread [stack: 0x00007fc6e52f4000,0x00007fc6e53f4000] [id=23422]

VM state:not at safepoint (normal execution)

VM Mutex/Monitor currently owned by a thread: None

Heap:
 PSYoungGen      total 305152K, used 140283K [0x00000000eab00000, 0x0000000100000000, 0x0000000100000000)
  eden space 260608K, 53% used [0x00000000eab00000,0x00000000f33fec70,0x00000000fa980000)
  from space 44544K, 0% used [0x00000000fd480000,0x00000000fd480000,0x0000000100000000)
  to   space 44032K, 0% used [0x00000000fa980000,0x00000000fa980000,0x00000000fd480000)
 ParOldGen       total 699392K, used 70304K [0x00000000c0000000, 0x00000000eab00000, 0x00000000eab00000)
  object space 699392K, 10% used [0x00000000c0000000,0x00000000c44a8028,0x00000000eab00000)
 Metaspace       used 124895K, capacity 140564K, committed 140800K, reserved 1173504K
  class space    used 16206K, capacity 17084K, committed 17152K, reserved 1048576K

Card table byte_map: [0x00007fc6f5cc7000,0x00007fc6f5ec8000] byte_map_base: 0x00007fc6f56c7000

Marking Bits: (ParMarkBitMap*) 0x00007fc6f8684b20
 Begin Bits: [0x00007fc6e6000000, 0x00007fc6e7000000)
 End Bits:   [0x00007fc6e7000000, 0x00007fc6e8000000)

Polling page: 0x00007fc6f950a000

CodeCache: size=131072Kb used=47346Kb max_used=47359Kb free=83725Kb
 bounds [0x00007fc6e8000000, 0x00007fc6eaeb0000, 0x00007fc6f0000000]
 total_blobs=15404 nmethods=14718 adapters=596
 compilation: enabled

Compilation events (10 events):
Event: 344.822 Thread 0x00007fc6f0183130 17809       4       java.io.File::exists (43 bytes)
Event: 344.841 Thread 0x00007fc6f0191210 17810       1       java.net.JarURLConnection::getEntryName (5 bytes)
Event: 344.841 Thread 0x00007fc6f0191210 nmethod 17810 0x00007fc6e9449ed0 code [0x00007fc6e944a020, 0x00007fc6e944a130]
Event: 344.851 Thread 0x00007fc6f0183130 nmethod 17809 0x00007fc6e8958910 code [0x00007fc6e8958ae0, 0x00007fc6e8959248]
Event: 344.854 Thread 0x00007fc6f0191210 17811 %     3       org.sqlite.SQLiteJDBCLoader::contentsEquals @ 37 (78 bytes)
Event: 344.857 Thread 0x00007fc6f0191210 nmethod 17811% 0x00007fc6e94ee050 code [0x00007fc6e94ee260, 0x00007fc6e94eecf8]
Event: 344.858 Thread 0x00007fc6f0191210 17812       3       org.sqlite.SQLiteJDBCLoader::contentsEquals (78 bytes)
Event: 344.859 Thread 0x00007fc6f0191210 nmethod 17812 0x00007fc6e8125350 code [0x00007fc6e8125560, 0x00007fc6e8125f78]
Event: 344.862 Thread 0x00007fc6f001c3f0 17813 %     4       org.sqlite.SQLiteJDBCLoader::contentsEquals @ 37 (78 bytes)
Event: 344.875 Thread 0x00007fc6f001c3f0 nmethod 17813% 0x00007fc6e8d0d5d0 code [0x00007fc6e8d0d760, 0x00007fc6e8d0df98]

GC Heap History (10 events):
Event: 304.726 GC heap before
{Heap before GC invocations=21 (full 9):
 PSYoungGen      total 299008K, used 250368K [0x00000000eab00000, 0x0000000100000000, 0x0000000100000000)
  eden space 250368K, 100% used [0x00000000eab00000,0x00000000f9f80000,0x00000000f9f80000)
  from space 48640K, 0% used [0x00000000f9f80000,0x00000000f9f80000,0x00000000fcf00000)
  to   space 48640K, 0% used [0x00000000fd080000,0x00000000fd080000,0x0000000100000000)
 ParOldGen       total 699392K, used 70556K [0x00000000c0000000, 0x00000000eab00000, 0x00000000eab00000)
  object space 699392K, 10% used [0x00000000c0000000,0x00000000c44e73c0,0x00000000eab00000)
 Metaspace       used 116642K, capacity 131264K, committed 131456K, reserved 1165312K
  class space    used 15382K, capacity 16183K, committed 16256K, reserved 1048576K
Event: 304.744 GC heap after
Heap after GC invocations=21 (full 9):
 PSYoungGen      total 302592K, used 10326K [0x00000000eab00000, 0x0000000100000000, 0x0000000100000000)
  eden space 253952K, 0% used [0x00000000eab00000,0x00000000eab00000,0x00000000fa300000)
  from space 48640K, 21% used [0x00000000fd080000,0x00000000fda95898,0x0000000100000000)
  to   space 46592K, 0% used [0x00000000fa300000,0x00000000fa300000,0x00000000fd080000)
 ParOldGen       total 699392K, used 70564K [0x00000000c0000000, 0x00000000eab00000, 0x00000000eab00000)
  object space 699392K, 10% used [0x00000000c0000000,0x00000000c44e93c0,0x00000000eab00000)
 Metaspace       used 116642K, capacity 131264K, committed 131456K, reserved 1165312K
  class space    used 15382K, capacity 16183K, committed 16256K, reserved 1048576K
}
Event: 329.308 GC heap before
{Heap before GC invocations=22 (full 9):
 PSYoungGen      total 302592K, used 227363K [0x00000000eab00000, 0x0000000100000000, 0x0000000100000000)
  eden space 253952K, 85% used [0x00000000eab00000,0x00000000f7ef3430,0x00000000fa300000)
  from space 48640K, 21% used [0x00000000fd080000,0x00000000fda95898,0x0000000100000000)
  to   space 46592K, 0% used [0x00000000fa300000,0x00000000fa300000,0x00000000fd080000)
 ParOldGen       total 699392K, used 70564K [0x00000000c0000000, 0x00000000eab00000, 0x00000000eab00000)
  object space 699392K, 10% used [0x00000000c0000000,0x00000000c44e93c0,0x00000000eab00000)
 Metaspace       used 121287K, capacity 136682K, committed 136832K, reserved 1169408K
  class space    used 15889K, capacity 16721K, committed 16768K, reserved 1048576K
Event: 329.327 GC heap after
Heap after GC invocations=22 (full 9):
 PSYoungGen      total 300544K, used 11105K [0x00000000eab00000, 0x0000000100000000, 0x0000000100000000)
  eden space 253952K, 0% used [0x00000000eab00000,0x00000000eab00000,0x00000000fa300000)
  from space 46592K, 23% used [0x00000000fa300000,0x00000000fadd87d8,0x00000000fd080000)
  to   space 44544K, 0% used [0x00000000fd480000,0x00000000fd480000,0x0000000100000000)
 ParOldGen       total 699392K, used 70572K [0x00000000c0000000, 0x00000000eab00000, 0x00000000eab00000)
  object space 699392K, 10% used [0x00000000c0000000,0x00000000c44eb3c0,0x00000000eab00000)
 Metaspace       used 121287K, capacity 136682K, committed 136832K, reserved 1169408K
  class space    used 15889K, capacity 16721K, committed 16768K, reserved 1048576K
}
Event: 329.327 GC heap before
{Heap before GC invocations=23 (full 10):
 PSYoungGen      total 300544K, used 11105K [0x00000000eab00000, 0x0000000100000000, 0x0000000100000000)
  eden space 253952K, 0% used [0x00000000eab00000,0x00000000eab00000,0x00000000fa300000)
  from space 46592K, 23% used [0x00000000fa300000,0x00000000fadd87d8,0x00000000fd080000)
  to   space 44544K, 0% used [0x00000000fd480000,0x00000000fd480000,0x0000000100000000)
 ParOldGen       total 699392K, used 70572K [0x00000000c0000000, 0x00000000eab00000, 0x00000000eab00000)
  object space 699392K, 10% used [0x00000000c0000000,0x00000000c44eb3c0,0x00000000eab00000)
 Metaspace       used 121287K, capacity 136682K, committed 136832K, reserved 1169408K
  class space    used 15889K, capacity 16721K, committed 16768K, reserved 1048576K
Event: 330.137 GC heap after
Heap after GC invocations=23 (full 10):
 PSYoungGen      total 300544K, used 0K [0x00000000eab00000, 0x0000000100000000, 0x0000000100000000)
  eden space 253952K, 0% used [0x00000000eab00000,0x00000000eab00000,0x00000000fa300000)
  from space 46592K, 0% used [0x00000000fa300000,0x00000000fa300000,0x00000000fd080000)
  to   space 44544K, 0% used [0x00000000fd480000,0x00000000fd480000,0x0000000100000000)
 ParOldGen       total 699392K, used 76724K [0x00000000c0000000, 0x00000000eab00000, 0x00000000eab00000)
  object space 699392K, 10% used [0x00000000c0000000,0x00000000c4aed130,0x00000000eab00000)
 Metaspace       used 120859K, capacity 135814K, committed 136832K, reserved 1169408K
  class space    used 15745K, capacity 16548K, committed 16768K, reserved 1048576K
}
Event: 330.143 GC heap before
{Heap before GC invocations=24 (full 10):
 PSYoungGen      total 300544K, used 4047K [0x00000000eab00000, 0x0000000100000000, 0x0000000100000000)
  eden space 253952K, 1% used [0x00000000eab00000,0x00000000eaef3ef8,0x00000000fa300000)
  from space 46592K, 0% used [0x00000000fa300000,0x00000000fa300000,0x00000000fd080000)
  to   space 44544K, 0% used [0x00000000fd480000,0x00000000fd480000,0x0000000100000000)
 ParOldGen       total 699392K, used 76724K [0x00000000c0000000, 0x00000000eab00000, 0x00000000eab00000)
  object space 699392K, 10% used [0x00000000c0000000,0x00000000c4aed130,0x00000000eab00000)
 Metaspace       used 120860K, capacity 135846K, committed 136832K, reserved 1169408K
  class space    used 15746K, capacity 16580K, committed 16768K, reserved 1048576K
Event: 330.149 GC heap after
Heap after GC invocations=24 (full 10):
 PSYoungGen      total 305152K, used 128K [0x00000000eab00000, 0x0000000100000000, 0x0000000100000000)
  eden space 260608K, 0% used [0x00000000eab00000,0x00000000eab00000,0x00000000fa980000)
  from space 44544K, 0% used [0x00000000fd480000,0x00000000fd4a0000,0x0000000100000000)
  to   space 44032K, 0% used [0x00000000fa980000,0x00000000fa980000,0x00000000fd480000)
 ParOldGen       total 699392K, used 76724K [0x00000000c0000000, 0x00000000eab00000, 0x00000000eab00000)
  object space 699392K, 10% used [0x00000000c0000000,0x00000000c4aed130,0x00000000eab00000)
 Metaspace       used 120860K, capacity 135846K, committed 136832K, reserved 1169408K
  class space    used 15746K, capacity 16580K, committed 16768K, reserved 1048576K
}
Event: 330.149 GC heap before
{Heap before GC invocations=25 (full 11):
 PSYoungGen      total 305152K, used 128K [0x00000000eab00000, 0x0000000100000000, 0x0000000100000000)
  eden space 260608K, 0% used [0x00000000eab00000,0x00000000eab00000,0x00000000fa980000)
  from space 44544K, 0% used [0x00000000fd480000,0x00000000fd4a0000,0x0000000100000000)
  to   space 44032K, 0% used [0x00000000fa980000,0x00000000fa980000,0x00000000fd480000)
 ParOldGen       total 699392K, used 76724K [0x00000000c0000000, 0x00000000eab00000, 0x00000000eab00000)
  object space 699392K, 10% used [0x00000000c0000000,0x00000000c4aed130,0x00000000eab00000)
 Metaspace       used 120860K, capacity 135846K, committed 136832K, reserved 1169408K
  class space    used 15746K, capacity 16580K, committed 16768K, reserved 1048576K
Event: 330.501 GC heap after
Heap after GC invocations=25 (full 11):
 PSYoungGen      total 305152K, used 0K [0x00000000eab00000, 0x0000000100000000, 0x0000000100000000)
  eden space 260608K, 0% used [0x00000000eab00000,0x00000000eab00000,0x00000000fa980000)
  from space 44544K, 0% used [0x00000000fd480000,0x00000000fd480000,0x0000000100000000)
  to   space 44032K, 0% used [0x00000000fa980000,0x00000000fa980000,0x00000000fd480000)
 ParOldGen       total 699392K, used 70304K [0x00000000c0000000, 0x00000000eab00000, 0x00000000eab00000)
  object space 699392K, 10% used [0x00000000c0000000,0x00000000c44a8028,0x00000000eab00000)
 Metaspace       used 120860K, capacity 135846K, committed 136832K, reserved 1169408K
  class space    used 15746K, capacity 16580K, committed 16768K, reserved 1048576K
}

Deoptimization events (10 events):
Event: 309.149 Thread 0x00007fc68c0ddf00 Uncommon trap: reason=class_check action=maybe_recompile pc=0x00007fc6e8c9c890 method=scala.collection.mutable.ResizableArray.ensureSize(I)V @ 1
Event: 309.149 Thread 0x00007fc68c0ddf00 Uncommon trap: reason=class_check action=maybe_recompile pc=0x00007fc6e8c9c890 method=scala.collection.mutable.ResizableArray.ensureSize(I)V @ 1
Event: 309.149 Thread 0x00007fc68c0ddf00 Uncommon trap: reason=class_check action=maybe_recompile pc=0x00007fc6e8c9c890 method=scala.collection.mutable.ResizableArray.ensureSize(I)V @ 1
Event: 309.150 Thread 0x00007fc68c0ddf00 Uncommon trap: reason=class_check action=maybe_recompile pc=0x00007fc6e8c9c890 method=scala.collection.mutable.ResizableArray.ensureSize(I)V @ 1
Event: 309.184 Thread 0x00007fc68c0ddf00 Uncommon trap: reason=class_check action=maybe_recompile pc=0x00007fc6e89a9e18 method=scala.collection.TraversableOnce.mkString()Ljava/lang/String; @ 4
Event: 329.212 Thread 0x00007fc6802bf3c0 Uncommon trap: reason=class_check action=maybe_recompile pc=0x00007fc6ea076d98 method=scala.reflect.internal.tpe.FindMembers$FindMemberBase.isNewMember(Lscala/reflect/internal/Symbols$Symbol;Lscala/reflect/internal/Symbols$Symbol;)Z @ 6
Event: 341.963 Thread 0x00007fc6f18056e0 Uncommon trap: reason=speculate_class_check action=maybe_recompile pc=0x00007fc6ead97a30 method=sjsonnew.Unbuilder.endObject()V @ 33
Event: 343.498 Thread 0x00007fc690a60c10 Uncommon trap: reason=bimorphic action=maybe_recompile pc=0x00007fc6e9cf4ac4 method=scala.reflect.internal.Symbols$ClassSymbol.$anonfun$companionModule0$1(Lscala/reflect/internal/Symbols$ClassSymbol;Lscala/reflect/internal/Symbols$Symbol;)Z @ 1
Event: 344.477 Thread 0x00007fc6f0b08c90 Uncommon trap: reason=unstable_if action=reinterpret pc=0x00007fc6e8213148 method=java.util.concurrent.locks.ReentrantLock$Sync.nonfairTryAcquire(I)Z @ 34
Event: 344.981 Thread 0x00007fc690a60c10 Uncommon trap: reason=unstable_if action=reinterpret pc=0x00007fc6e8d0dd20 method=org.sqlite.SQLiteJDBCLoader.contentsEquals(Ljava/io/InputStream;Ljava/io/InputStream;)Z @ 39

Classes redefined (0 events):
No events

Internal exceptions (10 events):
Event: 344.552 Thread 0x00007fc6f0b08c90 Exception <a 'java/lang/NoSuchMethodError': java.lang.Object.$anonfun$test$1()Ljava/lang/String;> (0x00000000f26b35f0) thrown at [/builddir/build/BUILD/java-1.8.0-openjdk-1.8.0.161-5.b14.fc27.x86_64/openjdk/hotspot/src/share/vm/interpreter/linkResolver.cp
Event: 344.672 Thread 0x00007fc6f0b08c90 Exception <a 'java/lang/NoSuchMethodError': java.lang.Object.$anonfun$run$1(Lorg/scalatest/FunSuiteLike;Lscala/Option;Lorg/scalatest/Args;)Lorg/scalatest/Status;> (0x00000000f2a717e8) thrown at [/builddir/build/BUILD/java-1.8.0-openjdk-1.8.0.161-5.b14.fc2
Event: 344.672 Thread 0x00007fc690a60c10 Exception <a 'java/lang/NoSuchMethodError': java.lang.Object.$anonfun$run$1(Lorg/scalatest/FunSuiteLike;Lscala/Option;Lorg/scalatest/Args;)Lorg/scalatest/Status;> (0x00000000f288a738) thrown at [/builddir/build/BUILD/java-1.8.0-openjdk-1.8.0.161-5.b14.fc2
Event: 344.672 Thread 0x00007fc6f18056e0 Exception <a 'java/lang/NoSuchMethodError': java.lang.Object.$anonfun$run$1(Lorg/scalatest/FunSuiteLike;Lscala/Option;Lorg/scalatest/Args;)Lorg/scalatest/Status;> (0x00000000f25f9248) thrown at [/builddir/build/BUILD/java-1.8.0-openjdk-1.8.0.161-5.b14.fc2
Event: 344.672 Thread 0x00007fc690b94ad0 Exception <a 'java/lang/NoSuchMethodError': java.lang.Object.$anonfun$run$1(Lorg/scalatest/FunSuiteLike;Lscala/Option;Lorg/scalatest/Args;)Lorg/scalatest/Status;> (0x00000000f27ec128) thrown at [/builddir/build/BUILD/java-1.8.0-openjdk-1.8.0.161-5.b14.fc2
Event: 344.687 Thread 0x00007fc690b94ad0 Exception <a 'java/lang/NoSuchMethodError': java.lang.Object.$anonfun$runNestedSuites$1(Lorg/scalatest/Args;Lorg/scalatest/Reporter;Lscala/collection/mutable/ListBuffer;Lorg/scalatest/Suite;)Ljava/lang/Object;> (0x00000000f2ac47b8) thrown at [/builddir/bu
Event: 344.687 Thread 0x00007fc690a60c10 Exception <a 'java/lang/NoSuchMethodError': java.lang.Object.$anonfun$runNestedSuites$1(Lorg/scalatest/Args;Lorg/scalatest/Reporter;Lscala/collection/mutable/ListBuffer;Lorg/scalatest/Suite;)Ljava/lang/Object;> (0x00000000f28c04f8) thrown at [/builddir/bu
Event: 344.687 Thread 0x00007fc6f0b08c90 Exception <a 'java/lang/NoSuchMethodError': java.lang.Object.$anonfun$runNestedSuites$1(Lorg/scalatest/Args;Lorg/scalatest/Reporter;Lscala/collection/mutable/ListBuffer;Lorg/scalatest/Suite;)Ljava/lang/Object;> (0x00000000f2b9ace0) thrown at [/builddir/bu
Event: 344.693 Thread 0x00007fc6f0b08c90 Exception <a 'java/lang/NoSuchMethodError': java.lang.Object.$anonfun$runTests$1(Lorg/scalatest/FunSuiteLike;Ljava/lang/String;Lorg/scalatest/Args;)Lorg/scalatest/Status;> (0x00000000f2ba7f50) thrown at [/builddir/build/BUILD/java-1.8.0-openjdk-1.8.0.161-
Event: 344.707 Thread 0x00007fc6f0b08c90 Exception <a 'java/lang/NoSuchMethodError': java.lang.Object.$anonfun$runTest$1(Lorg/scalatest/FunSuiteLike;Ljava/lang/String;Lorg/scalatest/Args;Lorg/scalatest/SuperEngine$TestLeaf;)Lorg/scalatest/Outcome;> (0x00000000f2be9df0) thrown at [/builddir/build

Events (10 events):
Event: 344.988 loading class org/sqlite/core/CoreResultSet
Event: 344.988 loading class org/sqlite/core/CoreResultSet done
Event: 344.989 loading class org/sqlite/jdbc4/JDBC4ResultSet
Event: 344.989 loading class org/sqlite/jdbc4/JDBC4ResultSet done
Event: 344.990 loading class org/sqlite/jdbc3/JDBC3ResultSet
Event: 344.990 loading class org/sqlite/jdbc3/JDBC3ResultSet done
Event: 344.998 loading class org/sqlite/SQLiteErrorCode
Event: 344.998 loading class org/sqlite/SQLiteErrorCode done
Event: 345.001 loading class org/scalactic/NotBool
Event: 345.001 loading class org/scalactic/NotBool done


Dynamic libraries:
c0000000-1010c0000 rw-p 00000000 00:00 0 
1010c0000-140000000 ---p 00000000 00:00 0 
55a796c4b000-55a796c4c000 r-xp 00000000 fd:00 2129437                    /usr/lib/jvm/java-1.8.0-openjdk-1.8.0.161-5.b14.fc27.x86_64/jre/bin/java
55a796e4b000-55a796e4c000 r--p 00000000 fd:00 2129437                    /usr/lib/jvm/java-1.8.0-openjdk-1.8.0.161-5.b14.fc27.x86_64/jre/bin/java
55a796e4c000-55a796e4d000 rw-p 00001000 fd:00 2129437                    /usr/lib/jvm/java-1.8.0-openjdk-1.8.0.161-5.b14.fc27.x86_64/jre/bin/java
55a79796f000-55a797990000 rw-p 00000000 00:00 0                          [heap]
7fc66c000000-7fc66c021000 rw-p 00000000 00:00 0 
7fc66c021000-7fc670000000 ---p 00000000 00:00 0 
7fc670000000-7fc6700ef000 rw-p 00000000 00:00 0 
7fc6700ef000-7fc674000000 ---p 00000000 00:00 0 
7fc674000000-7fc674021000 rw-p 00000000 00:00 0 
7fc674021000-7fc678000000 ---p 00000000 00:00 0 
7fc679040000-7fc679125000 r-xp 00000000 00:2c 6100590                    /tmp/sqlite-3.21.0.1-82f14d1a-118e-4104-a564-3728d8f50ccb-libsqlitejdbc.so
7fc679125000-7fc679324000 ---p 000e5000 00:2c 6100590                    /tmp/sqlite-3.21.0.1-82f14d1a-118e-4104-a564-3728d8f50ccb-libsqlitejdbc.so
7fc679324000-7fc679329000 rw-p 000e4000 00:2c 6100590                    /tmp/sqlite-3.21.0.1-82f14d1a-118e-4104-a564-3728d8f50ccb-libsqlitejdbc.so
7fc679329000-7fc67932a000 rw-p 00000000 00:00 0 
7fc679330000-7fc6793f0000 rw-p 00000000 00:00 0 
7fc6793f0000-7fc679530000 ---p 00000000 00:00 0 
7fc679530000-7fc679730000 rw-p 00000000 00:00 0 
7fc679730000-7fc679815000 r-xp 00000000 00:2c 6092012                    /tmp/sqlite-3.21.0.1-3202b1d3-5bad-42a2-ae55-b4e3a0063e3c-libsqlitejdbc.so
7fc679815000-7fc679a14000 ---p 000e5000 00:2c 6092012                    /tmp/sqlite-3.21.0.1-3202b1d3-5bad-42a2-ae55-b4e3a0063e3c-libsqlitejdbc.so
7fc679a14000-7fc679a19000 rw-p 000e4000 00:2c 6092012                    /tmp/sqlite-3.21.0.1-3202b1d3-5bad-42a2-ae55-b4e3a0063e3c-libsqlitejdbc.so
7fc679a19000-7fc679a1a000 rw-p 00000000 00:00 0 
7fc679a1e000-7fc679c1e000 rw-p 00000000 00:00 0 
7fc679c1e000-7fc679c21000 ---p 00000000 00:00 0 
7fc679c21000-7fc679d1f000 rw-p 00000000 00:00 0 
7fc679d1f000-7fc679d22000 ---p 00000000 00:00 0 
7fc679d22000-7fc67a020000 rw-p 00000000 00:00 0 
7fc67a020000-7fc67a105000 r-xp 00000000 00:2c 6078738                    /tmp/sqlite-3.21.0.1-70d4fcd8-c2ac-4f51-a20d-d6219bcc1916-libsqlitejdbc.so
7fc67a105000-7fc67a304000 ---p 000e5000 00:2c 6078738                    /tmp/sqlite-3.21.0.1-70d4fcd8-c2ac-4f51-a20d-d6219bcc1916-libsqlitejdbc.so
7fc67a304000-7fc67a309000 rw-p 000e4000 00:2c 6078738                    /tmp/sqlite-3.21.0.1-70d4fcd8-c2ac-4f51-a20d-d6219bcc1916-libsqlitejdbc.so
7fc67a309000-7fc67a30a000 rw-p 00000000 00:00 0 
7fc67a310000-7fc67a510000 rw-p 00000000 00:00 0 
7fc67a510000-7fc67a710000 rw-p 00000000 00:00 0 
7fc67a710000-7fc67a910000 rw-p 00000000 00:00 0 
7fc67a910000-7fc67a9f5000 r-xp 00000000 00:2c 6054644                    /tmp/sqlite-3.21.0.1-3d56bd36-1b49-4834-9120-f6e8f1570783-libsqlitejdbc.so
7fc67a9f5000-7fc67abf4000 ---p 000e5000 00:2c 6054644                    /tmp/sqlite-3.21.0.1-3d56bd36-1b49-4834-9120-f6e8f1570783-libsqlitejdbc.so
7fc67abf4000-7fc67abf9000 rw-p 000e4000 00:2c 6054644                    /tmp/sqlite-3.21.0.1-3d56bd36-1b49-4834-9120-f6e8f1570783-libsqlitejdbc.so
7fc67abf9000-7fc67abfa000 rw-p 00000000 00:00 0 
7fc67ac00000-7fc67ae00000 rw-p 00000000 00:00 0 
7fc67ae00000-7fc67b000000 rw-p 00000000 00:00 0 
7fc67b000000-7fc67b200000 rw-p 00000000 00:00 0 
7fc67b200000-7fc67b400000 rw-p 00000000 00:00 0 
7fc67b400000-7fc67b600000 rw-p 00000000 00:00 0 
7fc67b600000-7fc67b800000 rw-p 00000000 00:00 0 
7fc67b800000-7fc67ba00000 rw-p 00000000 00:00 0 
7fc67ba00000-7fc67bc00000 rw-p 00000000 00:00 0 
7fc67bc00000-7fc67be00000 rw-p 00000000 00:00 0 
7fc67be00000-7fc67c000000 rw-p 00000000 00:00 0 
7fc67c000000-7fc67c0b3000 rw-p 00000000 00:00 0 
7fc67c0b3000-7fc680000000 ---p 00000000 00:00 0 
7fc680000000-7fc6802ca000 rw-p 00000000 00:00 0 
7fc6802ca000-7fc684000000 ---p 00000000 00:00 0 
7fc684000000-7fc684113000 rw-p 00000000 00:00 0 
7fc684113000-7fc688000000 ---p 00000000 00:00 0 
7fc688000000-7fc688158000 rw-p 00000000 00:00 0 
7fc688158000-7fc68c000000 ---p 00000000 00:00 0 
7fc68c000000-7fc68d3c0000 rw-p 00000000 00:00 0 
7fc68d3c0000-7fc690000000 ---p 00000000 00:00 0 
7fc690000000-7fc691be6000 rw-p 00000000 00:00 0 
7fc691be6000-7fc694000000 ---p 00000000 00:00 0 
7fc694000000-7fc694109000 rw-p 00000000 00:00 0 
7fc694109000-7fc698000000 ---p 00000000 00:00 0 
7fc698000000-7fc698151000 rw-p 00000000 00:00 0 
7fc698151000-7fc69c000000 ---p 00000000 00:00 0 
7fc69c000000-7fc69c0f5000 rw-p 00000000 00:00 0 
7fc69c0f5000-7fc6a0000000 ---p 00000000 00:00 0 
7fc6a0000000-7fc6a0021000 rw-p 00000000 00:00 0 
7fc6a0021000-7fc6a4000000 ---p 00000000 00:00 0 
7fc6a4000000-7fc6a4021000 rw-p 00000000 00:00 0 
7fc6a4021000-7fc6a8000000 ---p 00000000 00:00 0 
7fc6a8000000-7fc6a8021000 rw-p 00000000 00:00 0 
7fc6a8021000-7fc6ac000000 ---p 00000000 00:00 0 
7fc6ac000000-7fc6addfb000 rw-p 00000000 00:00 0 
7fc6addfb000-7fc6b0000000 ---p 00000000 00:00 0 
7fc6b0000000-7fc6b162e000 rw-p 00000000 00:00 0 
7fc6b162e000-7fc6b4000000 ---p 00000000 00:00 0 
7fc6b4000000-7fc6b4021000 rw-p 00000000 00:00 0 
7fc6b4021000-7fc6b8000000 ---p 00000000 00:00 0 
7fc6b8066000-7fc6b8069000 ---p 00000000 00:00 0 
7fc6b8069000-7fc6b8167000 rw-p 00000000 00:00 0 
7fc6b8167000-7fc6b816a000 r--s 0002f000 fd:02 1705430                    /home/rgarcia/.ivy2/cache/org.scala-lang.modules/scala-parser-combinators_2.12/bundles/scala-parser-combinators_2.12-1.0.4.jar
7fc6b8171000-7fc6b8176000 r--s 00081000 fd:02 1706327                    /home/rgarcia/.ivy2/cache/org.scala-lang.modules/scala-xml_2.12/bundles/scala-xml_2.12-1.0.5.jar
7fc6b8179000-7fc6b81b4000 r--s 00671000 fd:02 2624607                    /home/rgarcia/.ivy2/cache/org.scalatest/scalatest_2.12/bundles/scalatest_2.12-3.0.4.jar
7fc6b81ba000-7fc6b83ba000 rw-p 00000000 00:00 0 
7fc6b83ba000-7fc6b85ba000 rw-p 00000000 00:00 0 
7fc6b85ba000-7fc6b87ba000 rw-p 00000000 00:00 0 
7fc6b87ba000-7fc6b89ba000 rw-p 00000000 00:00 0 
7fc6b89ba000-7fc6b89be000 r--s 0065a000 fd:02 2491891                    /home/rgarcia/.ivy2/cache/org.xerial/sqlite-jdbc/jars/sqlite-jdbc-3.21.0.1.jar
7fc6b89c5000-7fc6b89cd000 r--s 000a5000 fd:02 2624608                    /home/rgarcia/.ivy2/cache/org.scalactic/scalactic_2.12/bundles/scalactic_2.12-3.0.4.jar
7fc6b89d0000-7fc6b89d1000 r--s 00000000 fd:02 3015572                    /home/rgarcia/.ivy2/cache/org.typelevel/cats-jvm_2.12/jars/cats-jvm_2.12-0.9.0.jar
7fc6b89d1000-7fc6b89d4000 r--s 00031000 fd:02 3015565                    /home/rgarcia/.ivy2/cache/org.typelevel/cats-free_2.12/jars/cats-free_2.12-0.9.0.jar
7fc6b89d5000-7fc6b89db000 r--s 00085000 fd:02 3015561                    /home/rgarcia/.ivy2/cache/org.typelevel/cats-laws_2.12/jars/cats-laws_2.12-0.9.0.jar
7fc6b89e2000-7fc6b89fb000 r--s 0027a000 fd:02 3015553                    /home/rgarcia/.ivy2/cache/org.typelevel/cats-core_2.12/jars/cats-core_2.12-0.9.0.jar
7fc6b8a02000-7fc6b8a03000 r--s 00002000 fd:02 3015573                    /home/rgarcia/.ivy2/cache/org.typelevel/catalysts-macros_2.12/jars/catalysts-macros_2.12-0.0.5.jar
7fc6b8a08000-7fc6b8a09000 r--s 00000000 fd:02 3015569                    /home/rgarcia/.ivy2/cache/org.typelevel/catalysts-platform_2.12/jars/catalysts-platform_2.12-0.0.5.jar
7fc6b8a0d000-7fc6b8a0f000 r--s 00005000 fd:02 3015567                    /home/rgarcia/.ivy2/cache/org.typelevel/discipline_2.12/jars/discipline_2.12-0.7.2.jar
7fc6b8a12000-7fc6b8a14000 r--s 00002000 fd:02 1705887                    /home/rgarcia/.ivy2/cache/org.scala-sbt/test-interface/jars/test-interface-1.0.jar
7fc6b8a1a000-7fc6b8a2c000 r--s 003fa000 fd:02 3015558                    /home/rgarcia/.ivy2/cache/org.typelevel/cats-kernel_2.12/jars/cats-kernel_2.12-0.9.0.jar
7fc6b8a30000-7fc6b8c30000 rw-p 00000000 00:00 0 
7fc6b8c30000-7fc6b8e30000 rw-p 00000000 00:00 0 
7fc6b8e30000-7fc6b9030000 rw-p 00000000 00:00 0 
7fc6b9030000-7fc6b9230000 rw-p 00000000 00:00 0 
7fc6b9230000-7fc6b9430000 rw-p 00000000 00:00 0 
7fc6b9430000-7fc6bffff000 r--p 00000000 fd:00 786824                     /usr/lib/locale/locale-archive
7fc6c0000000-7fc6c0021000 rw-p 00000000 00:00 0 
7fc6c0021000-7fc6c4000000 ---p 00000000 00:00 0 
7fc6c4000000-7fc6c5c77000 rw-p 00000000 00:00 0 
7fc6c5c77000-7fc6c8000000 ---p 00000000 00:00 0 
7fc6c8000000-7fc6c8083000 rw-p 00000000 00:00 0 
7fc6c8083000-7fc6cc000000 ---p 00000000 00:00 0 
7fc6cc000000-7fc6cc021000 rw-p 00000000 00:00 0 
7fc6cc021000-7fc6d0000000 ---p 00000000 00:00 0 
7fc6d0000000-7fc6d0021000 rw-p 00000000 00:00 0 
7fc6d0021000-7fc6d4000000 ---p 00000000 00:00 0 
7fc6d4000000-7fc6d4021000 rw-p 00000000 00:00 0 
7fc6d4021000-7fc6d8000000 ---p 00000000 00:00 0 
7fc6d8000000-7fc6d8021000 rw-p 00000000 00:00 0 
7fc6d8021000-7fc6dc000000 ---p 00000000 00:00 0 
7fc6dc007000-7fc6dc00d000 r--s 000a7000 fd:02 3015563                    /home/rgarcia/.ivy2/cache/org.scalacheck/scalacheck_2.12/jars/scalacheck_2.12-1.13.4.jar
7fc6dc013000-7fc6dc015000 r--s 0000b000 fd:02 3015579                    /home/rgarcia/.ivy2/cache/org.typelevel/cats-kernel-laws_2.12/jars/cats-kernel-laws_2.12-0.9.0.jar
7fc6dc017000-7fc6dc019000 r--s 00007000 fd:02 3015555                    /home/rgarcia/.ivy2/cache/org.typelevel/machinist_2.12/jars/machinist_2.12-0.6.1.jar
7fc6dc020000-7fc6dc021000 r--s 00000000 fd:02 3015559                    /home/rgarcia/.ivy2/cache/org.typelevel/macro-compat_2.12/jars/macro-compat_2.12-1.1.1.jar
7fc6dc023000-7fc6dc024000 r--s 00013000 fd:02 3015577                    /home/rgarcia/.ivy2/cache/com.github.mpilquist/simulacrum_2.12/jars/simulacrum_2.12-0.10.0.jar
7fc6dc029000-7fc6dc02a000 r--s 00001000 fd:02 3015554                    /home/rgarcia/.ivy2/cache/org.typelevel/cats-macros_2.12/jars/cats-macros_2.12-0.9.0.jar
7fc6dc030000-7fc6dc031000 r--s 00000000 fd:02 3015576                    /home/rgarcia/.ivy2/cache/org.typelevel/cats_2.12/jars/cats_2.12-0.9.0.jar
7fc6dc031000-7fc6dc231000 rw-p 00000000 00:00 0 
7fc6dc231000-7fc6dc431000 rw-p 00000000 00:00 0 
7fc6dc431000-7fc6dc434000 r--s 00031000 fd:02 2753631                    /home/rgarcia/.sbt/boot/scala-2.12.4/org.scala-sbt/sbt/1.0.3/org.scala-sbt-compiler-bridge_2.12-1.0.3-bin_2.12.3__52.0/org.scala-sbt-compiler-bridge_2.12-1.0.3-bin_2.12.3__52.0.jar
7fc6dc436000-7fc6dc43a000 r--s 0003e000 fd:02 1705867                    /home/rgarcia/.ivy2/cache/jline/jline/jars/jline-2.14.4.jar
7fc6dc440000-7fc6dc446000 r--s 00080000 fd:02 1705811                    /home/rgarcia/.ivy2/cache/org.scala-lang.modules/scala-xml_2.12/bundles/scala-xml_2.12-1.0.6.jar
7fc6dc44d000-7fc6dc470000 r--s 00345000 fd:02 1706771                    /home/rgarcia/.ivy2/cache/org.scala-lang/scala-reflect/jars/scala-reflect-2.12.3.jar
7fc6dc472000-7fc6dc4a9000 r--s 004ca000 fd:02 1706770                    /home/rgarcia/.ivy2/cache/org.scala-lang/scala-library/jars/scala-library-2.12.3.jar
7fc6dc4ac000-7fc6dc4f8000 r--s 00914000 fd:02 1706772                    /home/rgarcia/.ivy2/cache/org.scala-lang/scala-compiler/jars/scala-compiler-2.12.3.jar
7fc6dc4f8000-7fc6dc6f8000 rw-p 00000000 00:00 0 
7fc6dc6f8000-7fc6dc8f8000 rw-p 00000000 00:00 0 
7fc6dc8f8000-7fc6dc8fb000 ---p 00000000 00:00 0 
7fc6dc8fb000-7fc6dc9f9000 rw-p 00000000 00:00 0 
7fc6dc9f9000-7fc6dc9fc000 ---p 00000000 00:00 0 
7fc6dc9fc000-7fc6dccfa000 rw-p 00000000 00:00 0 
7fc6dccfa000-7fc6dcefa000 rw-p 00000000 00:00 0 
7fc6dcefa000-7fc6dd0fa000 rw-p 00000000 00:00 0 
7fc6dd0fa000-7fc6dd2fa000 rw-p 00000000 00:00 0 
7fc6dd2fa000-7fc6dd2fb000 r--s 00002000 fd:00 2129377                    /usr/lib/jvm/java-1.8.0-openjdk-1.8.0.161-5.b14.fc27.x86_64/jre/lib/ext/dnsns.jar
7fc6dd2ff000-7fc6dd31a000 r--s 003b7000 fd:00 2129495                    /usr/lib/jvm/java-1.8.0-openjdk-1.8.0.161-5.b14.fc27.x86_64/jre/lib/ext/cldrdata.jar
7fc6dd31b000-7fc6dd321000 r--s 00043000 fd:00 2129366                    /usr/lib/jvm/java-1.8.0-openjdk-1.8.0.161-5.b14.fc27.x86_64/jre/lib/ext/sunjce_provider.jar
7fc6dd324000-7fc6dd32f000 r--s 0011c000 fd:00 2129372                    /usr/lib/jvm/java-1.8.0-openjdk-1.8.0.161-5.b14.fc27.x86_64/jre/lib/ext/localedata.jar
7fc6dd32f000-7fc6dd330000 r--s 00007000 fd:00 2129367                    /usr/lib/jvm/java-1.8.0-openjdk-1.8.0.161-5.b14.fc27.x86_64/jre/lib/ext/sunec.jar
7fc6dd337000-7fc6dd33a000 r--s 0003f000 fd:00 2129373                    /usr/lib/jvm/java-1.8.0-openjdk-1.8.0.161-5.b14.fc27.x86_64/jre/lib/ext/sunpkcs11.jar
7fc6dd341000-7fc6dd541000 rw-p 00000000 00:00 0 
7fc6dd541000-7fc6dd741000 rw-p 00000000 00:00 0 
7fc6dd741000-7fc6dd941000 rw-p 00000000 00:00 0 
7fc6dd941000-7fc6ddb41000 rw-p 00000000 00:00 0 
7fc6ddb41000-7fc6ddd41000 rw-p 00000000 00:00 0 
7fc6ddd41000-7fc6ddd44000 ---p 00000000 00:00 0 
7fc6ddd44000-7fc6dde42000 rw-p 00000000 00:00 0 
7fc6dde42000-7fc6dde45000 ---p 00000000 00:00 0 
7fc6dde45000-7fc6de143000 rw-p 00000000 00:00 0 
7fc6de143000-7fc6de146000 ---p 00000000 00:00 0 
7fc6de146000-7fc6de244000 rw-p 00000000 00:00 0 
7fc6de244000-7fc6de247000 ---p 00000000 00:00 0 
7fc6de247000-7fc6de345000 rw-p 00000000 00:00 0 
7fc6de345000-7fc6de348000 ---p 00000000 00:00 0 
7fc6de348000-7fc6de446000 rw-p 00000000 00:00 0 
7fc6de446000-7fc6de449000 ---p 00000000 00:00 0 
7fc6de449000-7fc6de747000 rw-p 00000000 00:00 0 
7fc6de747000-7fc6de947000 rw-p 00000000 00:00 0 
7fc6de947000-7fc6deb47000 rw-p 00000000 00:00 0 
7fc6deb47000-7fc6debc0000 r--s 012bf000 fd:00 2129693                    /usr/lib/jvm/java-1.8.0-openjdk-1.8.0.161-5.b14.fc27.x86_64/lib/tools.jar
7fc6debc7000-7fc6dedc7000 rw-p 00000000 00:00 0 
7fc6dedc7000-7fc6defc7000 rw-p 00000000 00:00 0 
7fc6defc7000-7fc6df1c7000 rw-p 00000000 00:00 0 
7fc6df1c7000-7fc6df3c7000 rw-p 00000000 00:00 0 
7fc6df3c7000-7fc6df3ca000 ---p 00000000 00:00 0 
7fc6df3ca000-7fc6df600000 rw-p 00000000 00:00 0 
7fc6df600000-7fc6df800000 rw-p 00000000 00:00 0 
7fc6df800000-7fc6dfa00000 rw-p 00000000 00:00 0 
7fc6dfa00000-7fc6dfc00000 rw-p 00000000 00:00 0 
7fc6dfc00000-7fc6dfe00000 rw-p 00000000 00:00 0 
7fc6dfe00000-7fc6e0000000 rw-p 00000000 00:00 0 
7fc6e0000000-7fc6e0021000 rw-p 00000000 00:00 0 
7fc6e0021000-7fc6e4000000 ---p 00000000 00:00 0 
7fc6e4003000-7fc6e4004000 r--s 0000b000 fd:00 2129376                    /usr/lib/jvm/java-1.8.0-openjdk-1.8.0.161-5.b14.fc27.x86_64/jre/lib/ext/jaccess.jar
7fc6e4009000-7fc6e400f000 r--s 00309000 fd:00 2129344                    /usr/lib/jvm/java-1.8.0-openjdk-1.8.0.161-5.b14.fc27.x86_64/jre/lib/charsets.jar
7fc6e4011000-7fc6e4013000 r--s 00019000 fd:00 2129506                    /usr/lib/jvm/java-1.8.0-openjdk-1.8.0.161-5.b14.fc27.x86_64/jre/lib/jce.jar
7fc6e4016000-7fc6e4029000 r--s 00346000 fd:00 2129349                    /usr/lib/jvm/java-1.8.0-openjdk-1.8.0.161-5.b14.fc27.x86_64/jre/lib/resources.jar
7fc6e402a000-7fc6e402c000 r--s 00012000 fd:00 2129368                    /usr/lib/jvm/java-1.8.0-openjdk-1.8.0.161-5.b14.fc27.x86_64/jre/lib/ext/zipfs.jar
7fc6e402e000-7fc6e4033000 r--s 000b6000 fd:00 2129508                    /usr/lib/jvm/java-1.8.0-openjdk-1.8.0.161-5.b14.fc27.x86_64/jre/lib/jsse.jar
7fc6e4035000-7fc6e4038000 ---p 00000000 00:00 0 
7fc6e4038000-7fc6e4336000 rw-p 00000000 00:00 0 
7fc6e4336000-7fc6e4351000 r--s 001d6000 fd:00 2129370                    /usr/lib/jvm/java-1.8.0-openjdk-1.8.0.161-5.b14.fc27.x86_64/jre/lib/ext/nashorn.jar
7fc6e4358000-7fc6e4360000 r-xp 00000000 fd:00 2129471                    /usr/lib/jvm/java-1.8.0-openjdk-1.8.0.161-5.b14.fc27.x86_64/jre/lib/amd64/libmanagement.so
7fc6e4360000-7fc6e4560000 ---p 00008000 fd:00 2129471                    /usr/lib/jvm/java-1.8.0-openjdk-1.8.0.161-5.b14.fc27.x86_64/jre/lib/amd64/libmanagement.so
7fc6e4560000-7fc6e4561000 r--p 00008000 fd:00 2129471                    /usr/lib/jvm/java-1.8.0-openjdk-1.8.0.161-5.b14.fc27.x86_64/jre/lib/amd64/libmanagement.so
7fc6e4561000-7fc6e4562000 rw-p 00009000 fd:00 2129471                    /usr/lib/jvm/java-1.8.0-openjdk-1.8.0.161-5.b14.fc27.x86_64/jre/lib/amd64/libmanagement.so
7fc6e4563000-7fc6e4564000 r--s 00003000 fd:02 1706721                    /home/rgarcia/.sbt/boot/scala-2.12.4/org.scala-sbt/sbt/1.0.3/zinc-compile_2.12-1.0.3.jar
7fc6e4569000-7fc6e456a000 r--s 00001000 fd:02 1706734                    /home/rgarcia/.sbt/boot/scala-2.12.4/org.scala-sbt/sbt/1.0.3/sjson-new-murmurhash_2.12-0.8.0.jar
7fc6e456d000-7fc6e457a000 r--s 001ad000 fd:02 1706709                    /home/rgarcia/.sbt/boot/scala-2.12.4/org.scala-sbt/sbt/1.0.3/zinc-persist_2.12-1.0.3.jar
7fc6e457d000-7fc6e457f000 r--s 0002d000 fd:02 1706680                    /home/rgarcia/.sbt/boot/scala-2.12.4/org.scala-sbt/sbt/1.0.3/util-cache_2.12-1.0.2.jar
7fc6e4584000-7fc6e4784000 rw-p 00000000 00:00 0 
7fc6e4784000-7fc6e4984000 rw-p 00000000 00:00 0 
7fc6e4984000-7fc6e4987000 r--s 0003c000 fd:02 1706699                    /home/rgarcia/.sbt/boot/scala-2.12.4/org.scala-sbt/sbt/1.0.3/completion_2.12-1.0.3.jar
7fc6e498e000-7fc6e4990000 r--s 0000e000 fd:02 1706743                    /home/rgarcia/.sbt/boot/scala-2.12.4/org.scala-sbt/sbt/1.0.3/fastparse-utils_2.12-0.4.2.jar
7fc6e4995000-7fc6e4998000 r--s 0002d000 fd:02 1706730                    /home/rgarcia/.sbt/boot/scala-2.12.4/org.scala-sbt/sbt/1.0.3/testing_2.12-1.0.3.jar
7fc6e499b000-7fc6e499c000 r--s 00003000 fd:02 1706731                    /home/rgarcia/.sbt/boot/scala-2.12.4/org.scala-sbt/sbt/1.0.3/util-position_2.12-1.0.2.jar
7fc6e499c000-7fc6e499e000 r--s 00024000 fd:02 1706715                    /home/rgarcia/.sbt/boot/scala-2.12.4/org.scala-sbt/sbt/1.0.3/zinc-apiinfo_2.12-1.0.3.jar
7fc6e49a0000-7fc6e49a6000 r--s 00080000 fd:02 1706684                    /home/rgarcia/.sbt/boot/scala-2.12.4/org.scala-sbt/sbt/1.0.3/scala-xml_2.12-1.0.6.jar
7fc6e49ac000-7fc6e49ad000 r--s 0000c000 fd:02 1706728                    /home/rgarcia/.sbt/boot/scala-2.12.4/org.scala-sbt/sbt/1.0.3/zinc-classfile_2.12-1.0.3.jar
7fc6e49b0000-7fc6e49b2000 r--s 00008000 fd:02 1706740                    /home/rgarcia/.sbt/boot/scala-2.12.4/org.scala-sbt/sbt/1.0.3/sjson-new-scalajson_2.12-0.8.0.jar
7fc6e49b9000-7fc6e49bb000 r--s 00019000 fd:02 1706687                    /home/rgarcia/.sbt/boot/scala-2.12.4/org.scala-sbt/sbt/1.0.3/protocol_2.12-1.0.3.jar
7fc6e49c1000-7fc6e49c3000 r--s 00019000 fd:02 1706733                    /home/rgarcia/.sbt/boot/scala-2.12.4/org.scala-sbt/sbt/1.0.3/task-system_2.12-1.0.3.jar
7fc6e49c6000-7fc6e49c7000 r--s 0000e000 fd:02 1706739                    /home/rgarcia/.sbt/boot/scala-2.12.4/org.scala-sbt/sbt/1.0.3/sbt-1.0.3.jar
7fc6e49c8000-7fc6e49c9000 r--s 00000000 fd:02 1706714                    /home/rgarcia/.sbt/boot/scala-2.12.4/org.scala-sbt/sbt/1.0.3/reactive-streams-1.0.0.jar
7fc6e49cd000-7fc6e49ce000 r--s 00005000 fd:02 1706698                    /home/rgarcia/.sbt/boot/scala-2.12.4/org.scala-sbt/sbt/1.0.3/log4j-slf4j-impl-2.8.1.jar
7fc6e49d1000-7fc6e4bd1000 rw-p 00000000 00:00 0 
7fc6e4bd1000-7fc6e4bdb000 r--s 00169000 fd:02 1706683                    /home/rgarcia/.sbt/boot/scala-2.12.4/org.scala-sbt/sbt/1.0.3/main_2.12-1.0.3.jar
7fc6e4bdb000-7fc6e4bdc000 r--s 0000b000 fd:02 1706678                    /home/rgarcia/.sbt/boot/scala-2.12.4/org.scala-sbt/sbt/1.0.3/zinc-ivy-integration_2.12-1.0.3.jar
7fc6e4be0000-7fc6e4be2000 r--s 00010000 fd:02 1706746                    /home/rgarcia/.sbt/boot/scala-2.12.4/org.scala-sbt/sbt/1.0.3/run_2.12-1.0.3.jar
7fc6e4be7000-7fc6e4beb000 r--s 00047000 fd:02 1706737                    /home/rgarcia/.sbt/boot/scala-2.12.4/org.scala-sbt/sbt/1.0.3/fastparse_2.12-0.4.2.jar
7fc6e4bf2000-7fc6e4bf5000 r--s 00022000 fd:02 1706711                    /home/rgarcia/.sbt/boot/scala-2.12.4/org.scala-sbt/sbt/1.0.3/sbinary_2.12-0.4.4.jar
7fc6e4bfb000-7fc6e4c01000 r--s 0005b000 fd:02 1706713                    /home/rgarcia/.sbt/boot/scala-2.12.4/org.scala-sbt/sbt/1.0.3/okhttp-3.7.0.jar
7fc6e4c03000-7fc6e4c08000 r--s 000bb000 fd:02 1706706                    /home/rgarcia/.sbt/boot/scala-2.12.4/org.scala-sbt/sbt/1.0.3/sjson-new-core_2.12-0.8.0.jar
7fc6e4c0a000-7fc6e4c0c000 r--s 00002000 fd:02 1706742                    /home/rgarcia/.sbt/boot/scala-2.12.4/org.scala-sbt/sbt/1.0.3/util-control_2.12-1.0.2.jar
7fc6e4c0f000-7fc6e4c10000 r--s 00007000 fd:02 1706719                    /home/rgarcia/.sbt/boot/scala-2.12.4/org.scala-sbt/sbt/1.0.3/okhttp-urlconnection-3.7.0.jar
7fc6e4c17000-7fc6e4c19000 r--s 0000f000 fd:02 1706732                    /home/rgarcia/.sbt/boot/scala-2.12.4/org.scala-sbt/sbt/1.0.3/shaded-scalajson_2.12-1.0.0-M4.jar
7fc6e4c1f000-7fc6e4c21000 r--s 00007000 fd:02 1706725                    /home/rgarcia/.sbt/boot/scala-2.12.4/org.scala-sbt/sbt/1.0.3/util-tracking_2.12-1.0.2.jar
7fc6e4c28000-7fc6e4c29000 r--s 00000000 fd:02 1706707                    /home/rgarcia/.sbt/boot/scala-2.12.4/org.scala-sbt/sbt/1.0.3/template-resolver-0.1.jar
7fc6e4c29000-7fc6e4c2b000 r--s 00011000 fd:02 1706700                    /home/rgarcia/.sbt/boot/scala-2.12.4/org.scala-sbt/sbt/1.0.3/jawn-parser_2.12-0.10.4.jar
7fc6e4c32000-7fc6e4c35000 r--s 00012000 fd:02 1706701                    /home/rgarcia/.sbt/boot/scala-2.12.4/org.scala-sbt/sbt/1.0.3/disruptor-3.3.6.jar
7fc6e4c39000-7fc6e4c3b000 r--s 00019000 fd:02 1706692                    /home/rgarcia/.sbt/boot/scala-2.12.4/org.scala-sbt/sbt/1.0.3/sourcecode_2.12-0.1.3.jar
7fc6e4c41000-7fc6e4c44000 r--s 00039000 fd:02 1706695                    /home/rgarcia/.sbt/boot/scala-2.12.4/org.scala-sbt/sbt/1.0.3/util-logging_2.12-1.0.2.jar
7fc6e4c4a000-7fc6e4c4b000 r--s 00002000 fd:02 1706702                    /home/rgarcia/.sbt/boot/scala-2.12.4/org.scala-sbt/sbt/1.0.3/launcher-interface-1.0.0.jar
7fc6e4c51000-7fc6e4c53000 r--s 00009000 fd:02 1706736                    /home/rgarcia/.sbt/boot/scala-2.12.4/org.scala-sbt/sbt/1.0.3/slf4j-api-1.7.25.jar
7fc6e4c53000-7fc6e4c58000 r--s 00033000 fd:02 1706688                    /home/rgarcia/.sbt/boot/scala-2.12.4/org.scala-sbt/sbt/1.0.3/log4j-api-2.8.1.jar
7fc6e4c5c000-7fc6e4c60000 r--s 00034000 fd:02 1706685                    /home/rgarcia/.sbt/boot/scala-2.12.4/org.scala-sbt/sbt/1.0.3/jsch-0.1.46.jar
7fc6e4c63000-7fc6e4c67000 r--s 00013000 fd:02 1706723                    /home/rgarcia/.sbt/boot/scala-2.12.4/org.scala-sbt/sbt/1.0.3/compiler-interface-1.0.3.jar
7fc6e4c68000-7fc6e4c6c000 r--s 00030000 fd:02 1706710                    /home/rgarcia/.sbt/boot/scala-2.12.4/org.scala-sbt/sbt/1.0.3/scala-parser-combinators_2.12-1.0.5.jar
7fc6e4c6c000-7fc6e4c71000 r--s 0004c000 fd:02 1706703                    /home/rgarcia/.sbt/boot/scala-2.12.4/org.scala-sbt/sbt/1.0.3/collections_2.12-1.0.3.jar
7fc6e4c73000-7fc6e4c74000 r--s 00003000 fd:02 1706745                    /home/rgarcia/.sbt/boot/scala-2.12.4/org.scala-sbt/sbt/1.0.3/util-relation_2.12-1.0.2.jar
7fc6e4c75000-7fc6e4c7f000 r--s 000ad000 fd:02 1706690                    /home/rgarcia/.sbt/boot/scala-2.12.4/org.scala-sbt/sbt/1.0.3/librarymanagement-core_2.12-1.0.3.jar
7fc6e4c83000-7fc6e4c85000 r--s 0000b000 fd:02 1706744                    /home/rgarcia/.sbt/boot/scala-2.12.4/org.scala-sbt/sbt/1.0.3/logic_2.12-1.0.3.jar
7fc6e4c85000-7fc6e4c94000 r--s 0013d000 fd:02 1706681                    /home/rgarcia/.sbt/boot/scala-2.12.4/org.scala-sbt/sbt/1.0.3/protobuf-java-3.3.1.jar
7fc6e4c9a000-7fc6e4c9c000 r--s 00012000 fd:02 1706741                    /home/rgarcia/.sbt/boot/scala-2.12.4/org.scala-sbt/sbt/1.0.3/okio-1.12.0.jar
7fc6e4c9e000-7fc6e4ca1000 r--s 00026000 fd:02 1706726                    /home/rgarcia/.sbt/boot/scala-2.12.4/org.scala-sbt/sbt/1.0.3/gigahorse-core_2.12-0.3.0.jar
7fc6e4ca8000-7fc6e4caa000 r--s 00010000 fd:02 1706708                    /home/rgarcia/.sbt/boot/scala-2.12.4/org.scala-sbt/sbt/1.0.3/zinc-classpath_2.12-1.0.3.jar
7fc6e4caa000-7fc6e4cac000 r--s 00012000 fd:02 1706693                    /home/rgarcia/.sbt/boot/scala-2.12.4/org.scala-sbt/sbt/1.0.3/core-macros_2.12-1.0.3.jar
7fc6e4cb1000-7fc6e4cb6000 r--s 00031000 fd:02 1706727                    /home/rgarcia/.sbt/boot/scala-2.12.4/org.scala-sbt/sbt/1.0.3/config-1.2.0.jar
7fc6e4cb6000-7fc6e4cbb000 r--s 0004e000 fd:02 1706735                    /home/rgarcia/.sbt/boot/scala-2.12.4/org.scala-sbt/sbt/1.0.3/zinc-core_2.12-1.0.3.jar
7fc6e4cc2000-7fc6e4cc5000 r--s 0002a000 fd:02 1706716                    /home/rgarcia/.sbt/boot/scala-2.12.4/org.scala-sbt/sbt/1.0.3/io_2.12-1.0.2.jar
7fc6e4cc6000-7fc6e4cca000 r--s 0003e000 fd:02 1706720                    /home/rgarcia/.sbt/boot/scala-2.12.4/org.scala-sbt/sbt/1.0.3/jline-2.14.4.jar
7fc6e4ccb000-7fc6e4cce000 r--s 00033000 fd:02 1706697                    /home/rgarcia/.sbt/boot/scala-2.12.4/org.scala-sbt/sbt/1.0.3/zinc-compile-core_2.12-1.0.3.jar
7fc6e4cd1000-7fc6e4cd9000 r--s 00091000 fd:02 1706694                    /home/rgarcia/.sbt/boot/scala-2.12.4/org.scala-sbt/sbt/1.0.3/main-settings_2.12-1.0.3.jar
7fc6e4cda000-7fc6e4cfc000 r--s 0034a000 fd:02 1706689                    /home/rgarcia/.sbt/boot/scala-2.12.4/org.scala-sbt/sbt/1.0.3/scala-reflect-2.12.4.jar
7fc6e4d03000-7fc6e4d1f000 r--s 0013b000 fd:02 1706679                    /home/rgarcia/.sbt/boot/scala-2.12.4/org.scala-sbt/sbt/1.0.3/log4j-core-2.8.1.jar
7fc6e4d22000-7fc6e4d28000 r--s 00092000 fd:02 1706705                    /home/rgarcia/.sbt/boot/scala-2.12.4/org.scala-sbt/sbt/1.0.3/librarymanagement-ivy_2.12-1.0.3.jar
7fc6e4d2d000-7fc6e4d2f000 r--s 0002d000 fd:02 1706717                    /home/rgarcia/.sbt/boot/scala-2.12.4/org.scala-sbt/sbt/1.0.3/command_2.12-1.0.3.jar
7fc6e4d32000-7fc6e4d34000 r--s 00002000 fd:02 1706724                    /home/rgarcia/.sbt/boot/scala-2.12.4/org.scala-sbt/sbt/1.0.3/test-interface-1.0.jar
7fc6e4d35000-7fc6e4d37000 r--s 0000d000 fd:02 1706729                    /home/rgarcia/.sbt/boot/scala-2.12.4/org.scala-sbt/sbt/1.0.3/zinc_2.12-1.0.3.jar
7fc6e4d37000-7fc6e4d39000 r--s 00007000 fd:02 1706722                    /home/rgarcia/.sbt/boot/scala-2.12.4/org.scala-sbt/sbt/1.0.3/lenses_2.12-0.4.12.jar
7fc6e4d39000-7fc6e4d4e000 r--s 00101000 fd:02 1706696                    /home/rgarcia/.sbt/boot/scala-2.12.4/org.scala-sbt/sbt/1.0.3/ivy-2.3.0-sbt-1b57d3bbc08ecf671169fd548918da18c91f77be.jar
7fc6e4d51000-7fc6e4d52000 r--s 00009000 fd:02 1706682                    /home/rgarcia/.sbt/boot/scala-2.12.4/org.scala-sbt/sbt/1.0.3/gigahorse-okhttp_2.12-0.3.0.jar
7fc6e4d56000-7fc6e4d63000 r--s 001a6000 fd:02 1706718                    /home/rgarcia/.sbt/boot/scala-2.12.4/org.scala-sbt/sbt/1.0.3/scalapb-runtime_2.12-0.6.0.jar
7fc6e4d68000-7fc6e4d69000 r--s 00000000 fd:02 1706691                    /home/rgarcia/.sbt/boot/scala-2.12.4/org.scala-sbt/sbt/1.0.3/util-interface-1.0.2.jar
7fc6e4d70000-7fc6e4d74000 r--s 00038000 fd:02 1706686                    /home/rgarcia/.sbt/boot/scala-2.12.4/org.scala-sbt/sbt/1.0.3/ssl-config-core_2.12-0.2.2.jar
7fc6e4d7a000-7fc6e4db2000 r--s 004ca000 fd:02 1706031                    /home/rgarcia/.sbt/boot/scala-2.12.4/lib/scala-library.jar
7fc6e4db3000-7fc6e4dff000 r--s 0090b000 fd:02 1706033                    /home/rgarcia/.sbt/boot/scala-2.12.4/lib/scala-compiler.jar
7fc6e4e02000-7fc6e4e24000 r--s 0034a000 fd:02 1706034                    /home/rgarcia/.sbt/boot/scala-2.12.4/lib/scala-reflect.jar
7fc6e4e28000-7fc6e4e39000 r-xp 00000000 fd:00 2129474                    /usr/lib/jvm/java-1.8.0-openjdk-1.8.0.161-5.b14.fc27.x86_64/jre/lib/amd64/libnio.so
7fc6e4e39000-7fc6e5039000 ---p 00011000 fd:00 2129474                    /usr/lib/jvm/java-1.8.0-openjdk-1.8.0.161-5.b14.fc27.x86_64/jre/lib/amd64/libnio.so
7fc6e5039000-7fc6e503a000 r--p 00011000 fd:00 2129474                    /usr/lib/jvm/java-1.8.0-openjdk-1.8.0.161-5.b14.fc27.x86_64/jre/lib/amd64/libnio.so
7fc6e503a000-7fc6e503b000 rw-p 00012000 fd:00 2129474                    /usr/lib/jvm/java-1.8.0-openjdk-1.8.0.161-5.b14.fc27.x86_64/jre/lib/amd64/libnio.so
7fc6e5040000-7fc6e5057000 r-xp 00000000 fd:00 2129473                    /usr/lib/jvm/java-1.8.0-openjdk-1.8.0.161-5.b14.fc27.x86_64/jre/lib/amd64/libnet.so
7fc6e5057000-7fc6e5256000 ---p 00017000 fd:00 2129473                    /usr/lib/jvm/java-1.8.0-openjdk-1.8.0.161-5.b14.fc27.x86_64/jre/lib/amd64/libnet.so
7fc6e5256000-7fc6e5257000 r--p 00016000 fd:00 2129473                    /usr/lib/jvm/java-1.8.0-openjdk-1.8.0.161-5.b14.fc27.x86_64/jre/lib/amd64/libnet.so
7fc6e5257000-7fc6e5258000 rw-p 00017000 fd:00 2129473                    /usr/lib/jvm/java-1.8.0-openjdk-1.8.0.161-5.b14.fc27.x86_64/jre/lib/amd64/libnet.so
7fc6e525b000-7fc6e52f1000 r--s 008db000 fd:00 1859226                    /usr/lib/jvm/openjfx/rt/lib/ext/jfxrt.jar
7fc6e52f3000-7fc6e52f4000 ---p 00000000 00:00 0 
7fc6e52f4000-7fc6e53f4000 rw-p 00000000 00:00 0 
7fc6e53f4000-7fc6e53f7000 ---p 00000000 00:00 0 
7fc6e53f7000-7fc6e54f5000 rw-p 00000000 00:00 0 
7fc6e54f5000-7fc6e54f6000 ---p 00000000 00:00 0 
7fc6e54f6000-7fc6e54f9000 ---p 00000000 00:00 0 
7fc6e54f9000-7fc6e55f6000 rw-p 00000000 00:00 0 
7fc6e55f6000-7fc6e55f7000 ---p 00000000 00:00 0 
7fc6e55f7000-7fc6e55fa000 ---p 00000000 00:00 0 
7fc6e55fa000-7fc6e56f7000 rw-p 00000000 00:00 0 
7fc6e56f7000-7fc6e56f8000 ---p 00000000 00:00 0 
7fc6e56f8000-7fc6e56fb000 ---p 00000000 00:00 0 
7fc6e56fb000-7fc6e57f8000 rw-p 00000000 00:00 0 
7fc6e57f8000-7fc6e57fb000 ---p 00000000 00:00 0 
7fc6e57fb000-7fc6e58f9000 rw-p 00000000 00:00 0 
7fc6e58f9000-7fc6e58fc000 ---p 00000000 00:00 0 
7fc6e58fc000-7fc6e59fa000 rw-p 00000000 00:00 0 
7fc6e59fa000-7fc6e59fd000 ---p 00000000 00:00 0 
7fc6e59fd000-7fc6e5afb000 rw-p 00000000 00:00 0 
7fc6e5afb000-7fc6e5afc000 ---p 00000000 00:00 0 
7fc6e5afc000-7fc6e8000000 rw-p 00000000 00:00 0 
7fc6e8000000-7fc6eaeb0000 rwxp 00000000 00:00 0 
7fc6eaeb0000-7fc6f0000000 ---p 00000000 00:00 0 
7fc6f0000000-7fc6f2501000 rw-p 00000000 00:00 0 
7fc6f2501000-7fc6f4000000 ---p 00000000 00:00 0 
7fc6f4002000-7fc6f4004000 r--s 00012000 fd:02 1706704                    /home/rgarcia/.sbt/boot/scala-2.12.4/org.scala-sbt/sbt/1.0.3/tasks_2.12-1.0.3.jar
7fc6f4009000-7fc6f400c000 r--s 00031000 fd:02 1706738                    /home/rgarcia/.sbt/boot/scala-2.12.4/org.scala-sbt/sbt/1.0.3/actions_2.12-1.0.3.jar
7fc6f400d000-7fc6f400e000 r--s 00005000 fd:02 1706712                    /home/rgarcia/.sbt/boot/scala-2.12.4/org.scala-sbt/sbt/1.0.3/test-agent-1.0.3.jar
7fc6f4010000-7fc6f4016000 r--s 00080000 fd:02 1706032                    /home/rgarcia/.sbt/boot/scala-2.12.4/lib/scala-xml_2.12.jar
7fc6f4016000-7fc6f401a000 r--s 0003e000 fd:02 1706030                    /home/rgarcia/.sbt/boot/scala-2.12.4/lib/jline.jar
7fc6f401d000-7fc6f4039000 r--s 0010d000 fd:00 2107695                    /usr/share/sbt/bin/sbt-launch.jar
7fc6f4040000-7fc6f4b99000 rw-p 00000000 00:00 0 
7fc6f4b99000-7fc6f4d68000 r--s 04409000 fd:00 2129519                    /usr/lib/jvm/java-1.8.0-openjdk-1.8.0.161-5.b14.fc27.x86_64/jre/lib/rt.jar
7fc6f4d6d000-7fc6f576d000 rw-p 00000000 00:00 0 
7fc6f576d000-7fc6f576e000 ---p 00000000 00:00 0 
7fc6f576e000-7fc6f586e000 rw-p 00000000 00:00 0 
7fc6f586e000-7fc6f586f000 ---p 00000000 00:00 0 
7fc6f586f000-7fc6f596f000 rw-p 00000000 00:00 0 
7fc6f596f000-7fc6f5970000 ---p 00000000 00:00 0 
7fc6f5970000-7fc6f5a70000 rw-p 00000000 00:00 0 
7fc6f5a70000-7fc6f5a71000 ---p 00000000 00:00 0 
7fc6f5a71000-7fc6f5f83000 rw-p 00000000 00:00 0 
7fc6f5f83000-7fc6f60c8000 ---p 00000000 00:00 0 
7fc6f60c8000-7fc6f60d0000 r-xp 00000000 fd:00 2129481                    /usr/lib/jvm/java-1.8.0-openjdk-1.8.0.161-5.b14.fc27.x86_64/jre/lib/amd64/libzip.so
7fc6f60d0000-7fc6f62cf000 ---p 00008000 fd:00 2129481                    /usr/lib/jvm/java-1.8.0-openjdk-1.8.0.161-5.b14.fc27.x86_64/jre/lib/amd64/libzip.so
7fc6f62cf000-7fc6f62d0000 r--p 00007000 fd:00 2129481                    /usr/lib/jvm/java-1.8.0-openjdk-1.8.0.161-5.b14.fc27.x86_64/jre/lib/amd64/libzip.so
7fc6f62d0000-7fc6f62d1000 rw-p 00000000 00:00 0 
7fc6f62d8000-7fc6f62e3000 r-xp 00000000 fd:00 795469                     /usr/lib64/libnss_files-2.26.so
7fc6f62e3000-7fc6f64e2000 ---p 0000b000 fd:00 795469                     /usr/lib64/libnss_files-2.26.so
7fc6f64e2000-7fc6f64e3000 r--p 0000a000 fd:00 795469                     /usr/lib64/libnss_files-2.26.so
7fc6f64e3000-7fc6f64e4000 rw-p 0000b000 fd:00 795469                     /usr/lib64/libnss_files-2.26.so
7fc6f64e4000-7fc6f64ea000 rw-p 00000000 00:00 0 
7fc6f64f0000-7fc6f64f8000 r-xp 00000000 fd:00 790242                     /usr/lib64/libnss_sss.so.2
7fc6f64f8000-7fc6f66f7000 ---p 00008000 fd:00 790242                     /usr/lib64/libnss_sss.so.2
7fc6f66f7000-7fc6f66f8000 r--p 00007000 fd:00 790242                     /usr/lib64/libnss_sss.so.2
7fc6f66f8000-7fc6f66f9000 rw-p 00008000 fd:00 790242                     /usr/lib64/libnss_sss.so.2
7fc6f6700000-7fc6f672e000 r-xp 00000000 fd:00 2129463                    /usr/lib/jvm/java-1.8.0-openjdk-1.8.0.161-5.b14.fc27.x86_64/jre/lib/amd64/libjava.so
7fc6f672e000-7fc6f692e000 ---p 0002e000 fd:00 2129463                    /usr/lib/jvm/java-1.8.0-openjdk-1.8.0.161-5.b14.fc27.x86_64/jre/lib/amd64/libjava.so
7fc6f692e000-7fc6f692f000 r--p 0002e000 fd:00 2129463                    /usr/lib/jvm/java-1.8.0-openjdk-1.8.0.161-5.b14.fc27.x86_64/jre/lib/amd64/libjava.so
7fc6f692f000-7fc6f6930000 rw-p 0002f000 fd:00 2129463                    /usr/lib/jvm/java-1.8.0-openjdk-1.8.0.161-5.b14.fc27.x86_64/jre/lib/amd64/libjava.so
7fc6f6930000-7fc6f6931000 rw-p 00000000 00:00 0 
7fc6f6938000-7fc6f6945000 r-xp 00000000 fd:00 2129480                    /usr/lib/jvm/java-1.8.0-openjdk-1.8.0.161-5.b14.fc27.x86_64/jre/lib/amd64/libverify.so
7fc6f6945000-7fc6f6b45000 ---p 0000d000 fd:00 2129480                    /usr/lib/jvm/java-1.8.0-openjdk-1.8.0.161-5.b14.fc27.x86_64/jre/lib/amd64/libverify.so
7fc6f6b45000-7fc6f6b47000 r--p 0000d000 fd:00 2129480                    /usr/lib/jvm/java-1.8.0-openjdk-1.8.0.161-5.b14.fc27.x86_64/jre/lib/amd64/libverify.so
7fc6f6b47000-7fc6f6b48000 rw-p 00000000 00:00 0 
7fc6f6b48000-7fc6f6b4f000 r-xp 00000000 fd:00 795660                     /usr/lib64/librt-2.26.so
7fc6f6b4f000-7fc6f6d4e000 ---p 00007000 fd:00 795660                     /usr/lib64/librt-2.26.so
7fc6f6d4e000-7fc6f6d4f000 r--p 00006000 fd:00 795660                     /usr/lib64/librt-2.26.so
7fc6f6d4f000-7fc6f6d50000 rw-p 00007000 fd:00 795660                     /usr/lib64/librt-2.26.so
7fc6f6d50000-7fc6f6d66000 r-xp 00000000 fd:00 790932                     /usr/lib64/libgcc_s-7-20180303.so.1
7fc6f6d66000-7fc6f6f65000 ---p 00016000 fd:00 790932                     /usr/lib64/libgcc_s-7-20180303.so.1
7fc6f6f65000-7fc6f6f66000 r--p 00015000 fd:00 790932                     /usr/lib64/libgcc_s-7-20180303.so.1
7fc6f6f66000-7fc6f6f67000 rw-p 00016000 fd:00 790932                     /usr/lib64/libgcc_s-7-20180303.so.1
7fc6f6f68000-7fc6f70bc000 r-xp 00000000 fd:00 794824                     /usr/lib64/libm-2.26.so
7fc6f70bc000-7fc6f72bb000 ---p 00154000 fd:00 794824                     /usr/lib64/libm-2.26.so
7fc6f72bb000-7fc6f72bc000 r--p 00153000 fd:00 794824                     /usr/lib64/libm-2.26.so
7fc6f72bc000-7fc6f72bd000 rw-p 00154000 fd:00 794824                     /usr/lib64/libm-2.26.so
7fc6f72c0000-7fc6f7438000 r-xp 00000000 fd:00 794510                     /usr/lib64/libstdc++.so.6.0.24
7fc6f7438000-7fc6f7638000 ---p 00178000 fd:00 794510                     /usr/lib64/libstdc++.so.6.0.24
7fc6f7638000-7fc6f7642000 r--p 00178000 fd:00 794510                     /usr/lib64/libstdc++.so.6.0.24
7fc6f7642000-7fc6f7644000 rw-p 00182000 fd:00 794510                     /usr/lib64/libstdc++.so.6.0.24
7fc6f7644000-7fc6f7647000 rw-p 00000000 00:00 0 
7fc6f7648000-7fc6f83ac000 r-xp 00000000 fd:00 2129485                    /usr/lib/jvm/java-1.8.0-openjdk-1.8.0.161-5.b14.fc27.x86_64/jre/lib/amd64/server/libjvm.so
7fc6f83ac000-7fc6f85ac000 ---p 00d64000 fd:00 2129485                    /usr/lib/jvm/java-1.8.0-openjdk-1.8.0.161-5.b14.fc27.x86_64/jre/lib/amd64/server/libjvm.so
7fc6f85ac000-7fc6f8648000 r--p 00d64000 fd:00 2129485                    /usr/lib/jvm/java-1.8.0-openjdk-1.8.0.161-5.b14.fc27.x86_64/jre/lib/amd64/server/libjvm.so
7fc6f8648000-7fc6f8671000 rw-p 00e00000 fd:00 2129485                    /usr/lib/jvm/java-1.8.0-openjdk-1.8.0.161-5.b14.fc27.x86_64/jre/lib/amd64/server/libjvm.so
7fc6f8671000-7fc6f86a1000 rw-p 00000000 00:00 0 
7fc6f86a8000-7fc6f8882000 r-xp 00000000 fd:00 790357                     /usr/lib64/libc-2.26.so
7fc6f8882000-7fc6f8a81000 ---p 001da000 fd:00 790357                     /usr/lib64/libc-2.26.so
7fc6f8a81000-7fc6f8a85000 r--p 001d9000 fd:00 790357                     /usr/lib64/libc-2.26.so
7fc6f8a85000-7fc6f8a87000 rw-p 001dd000 fd:00 790357                     /usr/lib64/libc-2.26.so
7fc6f8a87000-7fc6f8a8b000 rw-p 00000000 00:00 0 
7fc6f8a90000-7fc6f8a93000 r-xp 00000000 fd:00 791898                     /usr/lib64/libdl-2.26.so
7fc6f8a93000-7fc6f8c92000 ---p 00003000 fd:00 791898                     /usr/lib64/libdl-2.26.so
7fc6f8c92000-7fc6f8c93000 r--p 00002000 fd:00 791898                     /usr/lib64/libdl-2.26.so
7fc6f8c93000-7fc6f8c94000 rw-p 00003000 fd:00 791898                     /usr/lib64/libdl-2.26.so
7fc6f8c98000-7fc6f8ca6000 r-xp 00000000 fd:00 2129450                    /usr/lib/jvm/java-1.8.0-openjdk-1.8.0.161-5.b14.fc27.x86_64/jre/lib/amd64/jli/libjli.so
7fc6f8ca6000-7fc6f8ea5000 ---p 0000e000 fd:00 2129450                    /usr/lib/jvm/java-1.8.0-openjdk-1.8.0.161-5.b14.fc27.x86_64/jre/lib/amd64/jli/libjli.so
7fc6f8ea5000-7fc6f8ea6000 r--p 0000d000 fd:00 2129450                    /usr/lib/jvm/java-1.8.0-openjdk-1.8.0.161-5.b14.fc27.x86_64/jre/lib/amd64/jli/libjli.so
7fc6f8ea6000-7fc6f8ea7000 rw-p 00000000 00:00 0 
7fc6f8ea8000-7fc6f8ebe000 r-xp 00000000 fd:00 798712                     /usr/lib64/libz.so.1.2.11
7fc6f8ebe000-7fc6f90bd000 ---p 00016000 fd:00 798712                     /usr/lib64/libz.so.1.2.11
7fc6f90bd000-7fc6f90be000 r--p 00015000 fd:00 798712                     /usr/lib64/libz.so.1.2.11
7fc6f90be000-7fc6f90bf000 rw-p 00000000 00:00 0 
7fc6f90c0000-7fc6f90da000 r-xp 00000000 fd:00 795485                     /usr/lib64/libpthread-2.26.so
7fc6f90da000-7fc6f92d9000 ---p 0001a000 fd:00 795485                     /usr/lib64/libpthread-2.26.so
7fc6f92d9000-7fc6f92da000 r--p 00019000 fd:00 795485                     /usr/lib64/libpthread-2.26.so
7fc6f92da000-7fc6f92db000 rw-p 0001a000 fd:00 795485                     /usr/lib64/libpthread-2.26.so
7fc6f92db000-7fc6f92df000 rw-p 00000000 00:00 0 
7fc6f92e0000-7fc6f9307000 r-xp 00000000 fd:00 804394                     /usr/lib64/ld-2.26.so
7fc6f930c000-7fc6f93dd000 rw-p 00000000 00:00 0 
7fc6f93dd000-7fc6f93de000 ---p 00000000 00:00 0 
7fc6f93de000-7fc6f93e1000 ---p 00000000 00:00 0 
7fc6f93e1000-7fc6f94e0000 rw-p 00000000 00:00 0 
7fc6f94e4000-7fc6f94f8000 rw-p 00000000 00:00 0 
7fc6f94f8000-7fc6f9500000 rw-s 00000000 00:2c 6013316                    /tmp/hsperfdata_rgarcia/23408
7fc6f9506000-7fc6f9507000 rw-p 00000000 00:00 0 
7fc6f9507000-7fc6f9508000 r--p 00027000 fd:00 804394                     /usr/lib64/ld-2.26.so
7fc6f9508000-7fc6f9509000 rw-p 00028000 fd:00 804394                     /usr/lib64/ld-2.26.so
7fc6f9509000-7fc6f950a000 rw-p 00000000 00:00 0 
7fc6f950a000-7fc6f950b000 r--p 00000000 00:00 0 
7fc6f950b000-7fc6f950d000 rw-p 00000000 00:00 0 
7ffc9fd55000-7ffc9fd76000 rw-p 00000000 00:00 0                          [stack]
7ffc9fd98000-7ffc9fd9b000 r--p 00000000 00:00 0                          [vvar]
7ffc9fd9b000-7ffc9fd9d000 r-xp 00000000 00:00 0                          [vdso]
ffffffffff600000-ffffffffff601000 r-xp 00000000 00:00 0                  [vsyscall]

VM Arguments:
jvm_args: -Xms1024m -Xmx1024m -XX:ReservedCodeCacheSize=128m -XX:MaxMetaspaceSize=256m 
java_command: /usr/share/sbt/bin/sbt-launch.jar
java_class_path (initial): /usr/share/sbt/bin/sbt-launch.jar
Launcher Type: SUN_STANDARD

Environment Variables:
PATH=/usr/lib64/qt-3.3/bin:/usr/local/bin:/usr/local/sbin:/usr/bin:/usr/sbin:/home/rgarcia/Documents/Carrera/SO/P1/src/utils:/home/rgarcia/.local/bin:/home/rgarcia/bin:/home/rgarcia/Documents/Carrera/SO/P1/src/utils
USERNAME=rgarcia
SHELL=/bin/bash
DISPLAY=:0

Signal Handlers:
SIGSEGV: [libjvm.so+0xb6a6a0], sa_mask[0]=11111111011111111101111111111110, sa_flags=SA_RESTART|SA_SIGINFO
SIGBUS: [libjvm.so+0xb6a6a0], sa_mask[0]=11111111011111111101111111111110, sa_flags=SA_RESTART|SA_SIGINFO
SIGFPE: [libjvm.so+0x91a540], sa_mask[0]=11111111011111111101111111111110, sa_flags=SA_RESTART|SA_SIGINFO
SIGPIPE: [libjvm.so+0x91a540], sa_mask[0]=11111111011111111101111111111110, sa_flags=SA_RESTART|SA_SIGINFO
SIGXFSZ: [libjvm.so+0x91a540], sa_mask[0]=11111111011111111101111111111110, sa_flags=SA_RESTART|SA_SIGINFO
SIGILL: [libjvm.so+0x91a540], sa_mask[0]=11111111011111111101111111111110, sa_flags=SA_RESTART|SA_SIGINFO
SIGUSR1: SIG_DFL, sa_mask[0]=00000000000000000000000000000000, sa_flags=none
SIGUSR2: [libjvm.so+0x91a3f0], sa_mask[0]=00000000000000000000000000000000, sa_flags=SA_RESTART|SA_SIGINFO
SIGHUP: [libjvm.so+0x91a8a0], sa_mask[0]=11111111011111111101111111111110, sa_flags=SA_RESTART|SA_SIGINFO
SIGINT: [libjvm.so+0x91a8a0], sa_mask[0]=11111111011111111101111111111110, sa_flags=SA_RESTART|SA_SIGINFO
SIGTERM: [libjvm.so+0x91a8a0], sa_mask[0]=11111111011111111101111111111110, sa_flags=SA_RESTART|SA_SIGINFO
SIGQUIT: [libjvm.so+0x91a8a0], sa_mask[0]=11111111011111111101111111111110, sa_flags=SA_RESTART|SA_SIGINFO


---------------  S Y S T E M  ---------------

OS:Fedora release 27 (Twenty Seven)

uname:Linux 4.15.6-300.fc27.x86_64 #1 SMP Mon Feb 26 18:43:03 UTC 2018 x86_64
libc:glibc 2.26 NPTL 2.26 
rlimit: STACK 8192k, CORE infinity, NPROC 28294, NOFILE 4096, AS infinity
load average:2.34 5.12 4.36

/proc/meminfo:
MemTotal:        7334548 kB
MemFree:          188572 kB
MemAvailable:    1734984 kB
Buffers:           31708 kB
Cached:          1774472 kB
SwapCached:            0 kB
Active:          4785700 kB
Inactive:        1964036 kB
Active(anon):    4311452 kB
Inactive(anon):   723228 kB
Active(file):     474248 kB
Inactive(file):  1240808 kB
Unevictable:         488 kB
Mlocked:             488 kB
SwapTotal:       7471100 kB
SwapFree:        7471100 kB
Dirty:               540 kB
Writeback:             0 kB
AnonPages:       4944096 kB
Mapped:           442008 kB
Shmem:            290572 kB
Slab:             181884 kB
SReclaimable:     101128 kB
SUnreclaim:        80756 kB
KernelStack:       21184 kB
PageTables:        97876 kB
NFS_Unstable:          0 kB
Bounce:                0 kB
WritebackTmp:          0 kB
CommitLimit:    11138372 kB
Committed_AS:   22651644 kB
VmallocTotal:   34359738367 kB
VmallocUsed:           0 kB
VmallocChunk:          0 kB
HardwareCorrupted:     0 kB
AnonHugePages:     12288 kB
ShmemHugePages:        0 kB
ShmemPmdMapped:        0 kB
CmaTotal:              0 kB
CmaFree:               0 kB
HugePages_Total:       0
HugePages_Free:        0
HugePages_Rsvd:        0
HugePages_Surp:        0
Hugepagesize:       2048 kB
DirectMap4k:      367356 kB
DirectMap2M:     7176192 kB
DirectMap1G:     1048576 kB


CPU:total 4 (initial active 4) (4 cores per cpu, 1 threads per core) family 21 model 16 stepping 1, cmov, cx8, fxsr, mmx, sse, sse2, sse3, ssse3, sse4.1, sse4.2, popcnt, avx, aes, clmul, mmxext, 3dnowpref, lzcnt, sse4a, tsc, tscinvbit, tscinv, bmi1

/proc/cpuinfo:
processor	: 0
vendor_id	: AuthenticAMD
cpu family	: 21
model		: 16
model name	: AMD A8-4555M APU with Radeon(tm) HD Graphics
stepping	: 1
microcode	: 0x6001119
cpu MHz		: 1594.791
cache size	: 2048 KB
physical id	: 0
siblings	: 4
core id		: 0
cpu cores	: 2
apicid		: 16
initial apicid	: 0
fpu		: yes
fpu_exception	: yes
cpuid level	: 13
wp		: yes
flags		: fpu vme de pse tsc msr pae mce cx8 apic sep mtrr pge mca cmov pat pse36 clflush mmx fxsr sse sse2 ht syscall nx mmxext fxsr_opt pdpe1gb rdtscp lm constant_tsc rep_good nopl nonstop_tsc cpuid extd_apicid aperfmperf pni pclmulqdq monitor ssse3 fma cx16 sse4_1 sse4_2 popcnt aes xsave avx f16c lahf_lm cmp_legacy svm extapic cr8_legacy abm sse4a misalignsse 3dnowprefetch osvw ibs xop skinit wdt lwp fma4 tce nodeid_msr tbm topoext perfctr_core perfctr_nb cpb hw_pstate vmmcall bmi1 arat npt lbrv svm_lock nrip_save tsc_scale vmcb_clean flushbyasid decodeassists pausefilter pfthreshold
bugs		: fxsave_leak sysret_ss_attrs null_seg spectre_v1 spectre_v2
bogomips	: 3194.15
TLB size	: 1536 4K pages
clflush size	: 64
cache_alignment	: 64
address sizes	: 48 bits physical, 48 bits virtual
power management: ts ttp tm 100mhzsteps hwpstate cpb eff_freq_ro

processor	: 1
vendor_id	: AuthenticAMD
cpu family	: 21
model		: 16
model name	: AMD A8-4555M APU with Radeon(tm) HD Graphics
stepping	: 1
microcode	: 0x6001119
cpu MHz		: 1591.622
cache size	: 2048 KB
physical id	: 0
siblings	: 4
core id		: 1
cpu cores	: 2
apicid		: 17
initial apicid	: 1
fpu		: yes
fpu_exception	: yes
cpuid level	: 13
wp		: yes
flags		: fpu vme de pse tsc msr pae mce cx8 apic sep mtrr pge mca cmov pat pse36 clflush mmx fxsr sse sse2 ht syscall nx mmxext fxsr_opt pdpe1gb rdtscp lm constant_tsc rep_good nopl nonstop_tsc cpuid extd_apicid aperfmperf pni pclmulqdq monitor ssse3 fma cx16 sse4_1 sse4_2 popcnt aes xsave avx f16c lahf_lm cmp_legacy svm extapic cr8_legacy abm sse4a misalignsse 3dnowprefetch osvw ibs xop skinit wdt lwp fma4 tce nodeid_msr tbm topoext perfctr_core perfctr_nb cpb hw_pstate vmmcall bmi1 arat npt lbrv svm_lock nrip_save tsc_scale vmcb_clean flushbyasid decodeassists pausefilter pfthreshold
bugs		: fxsave_leak sysret_ss_attrs null_seg spectre_v1 spectre_v2
bogomips	: 3194.15
TLB size	: 1536 4K pages
clflush size	: 64
cache_alignment	: 64
address sizes	: 48 bits physical, 48 bits virtual
power management: ts ttp tm 100mhzsteps hwpstate cpb eff_freq_ro

processor	: 2
vendor_id	: AuthenticAMD
cpu family	: 21
model		: 16
model name	: AMD A8-4555M APU with Radeon(tm) HD Graphics
stepping	: 1
microcode	: 0x6001119
cpu MHz		: 1597.067
cache size	: 2048 KB
physical id	: 0
siblings	: 4
core id		: 2
cpu cores	: 2
apicid		: 18
initial apicid	: 2
fpu		: yes
fpu_exception	: yes
cpuid level	: 13
wp		: yes
flags		: fpu vme de pse tsc msr pae mce cx8 apic sep mtrr pge mca cmov pat pse36 clflush mmx fxsr sse sse2 ht syscall nx mmxext fxsr_opt pdpe1gb rdtscp lm constant_tsc rep_good nopl nonstop_tsc cpuid extd_apicid aperfmperf pni pclmulqdq monitor ssse3 fma cx16 sse4_1 sse4_2 popcnt aes xsave avx f16c lahf_lm cmp_legacy svm extapic cr8_legacy abm sse4a misalignsse 3dnowprefetch osvw ibs xop skinit wdt lwp fma4 tce nodeid_msr tbm topoext perfctr_core perfctr_nb cpb hw_pstate vmmcall bmi1 arat npt lbrv svm_lock nrip_save tsc_scale vmcb_clean flushbyasid decodeassists pausefilter pfthreshold
bugs		: fxsave_leak sysret_ss_attrs null_seg spectre_v1 spectre_v2
bogomips	: 3194.15
TLB size	: 1536 4K pages
clflush size	: 64
cache_alignment	: 64
address sizes	: 48 bits physical, 48 bits virtual
power management: ts ttp tm 100mhzsteps hwpstate cpb eff_freq_ro

processor	: 3
vendor_id	: AuthenticAMD
cpu family	: 21
model		: 16
model name	: AMD A8-4555M APU with Radeon(tm) HD Graphics
stepping	: 1
microcode	: 0x6001119
cpu MHz		: 1597.050
cache size	: 2048 KB
physical id	: 0
siblings	: 4
core id		: 3
cpu cores	: 2
apicid		: 19
initial apicid	: 3
fpu		: yes
fpu_exception	: yes
cpuid level	: 13
wp		: yes
flags		: fpu vme de pse tsc msr pae mce cx8 apic sep mtrr pge mca cmov pat pse36 clflush mmx fxsr sse sse2 ht syscall nx mmxext fxsr_opt pdpe1gb rdtscp lm constant_tsc rep_good nopl nonstop_tsc cpuid extd_apicid aperfmperf pni pclmulqdq monitor ssse3 fma cx16 sse4_1 sse4_2 popcnt aes xsave avx f16c lahf_lm cmp_legacy svm extapic cr8_legacy abm sse4a misalignsse 3dnowprefetch osvw ibs xop skinit wdt lwp fma4 tce nodeid_msr tbm topoext perfctr_core perfctr_nb cpb hw_pstate vmmcall bmi1 arat npt lbrv svm_lock nrip_save tsc_scale vmcb_clean flushbyasid decodeassists pausefilter pfthreshold
bugs		: fxsave_leak sysret_ss_attrs null_seg spectre_v1 spectre_v2
bogomips	: 3194.15
TLB size	: 1536 4K pages
clflush size	: 64
cache_alignment	: 64
address sizes	: 48 bits physical, 48 bits virtual
power management: ts ttp tm 100mhzsteps hwpstate cpb eff_freq_ro



Memory: 4k page, physical 7334548k(188448k free), swap 7471100k(7471100k free)

vm_info: OpenJDK 64-Bit Server VM (25.161-b14) for linux-amd64 JRE (1.8.0_161-b14), built on Feb  6 2018 10:37:01 by "mockbuild" with gcc 7.3.1 20180130 (Red Hat 7.3.1-2)

time: Thu Mar  8 21:37:29 2018
elapsed time: 345 seconds (0d 0h 5m 45s)

